Number of used processors (NPROC): 4.
Number of partitions for one processor (NPART): 4.
Total Physical Memory = 7.96 Gb, Available Physical Memory = 4.72 Gb
Mesh generation started:	18.12.2016	19:55:31
-----------------------------------------------------------------------
Allocating meshes:
	CPU count: 4
	MESH 0:
		Sub-meshes count: 4
-----------------------------------------------------------------------
Current CPU = 0 sec
-----------------------------------------------------------------------
Geometries initialization:

Geometry database loading ...OK
Number of geometries: 1
Geometry(0):
	Fluid..
	1 Body.
	1 Real body.
	Tolerance=9.48262e-006.
	9 Face(s).
		9 of b-spline type.
	548 Triangle(s).
	0 Face(s) that have no ref faces
	8 Plane surface(s).
	1 Cylinder surface(s).
	14 Edge(s).
		14 of b-spline type.
	Geometry reading: 0.002 s.
	3 Reference Face(s).
	536 Reference Triangles.
	GeometryRef reading: 0.000 s.
Last Geometry:
	Solid.
	Making hash and connectivity for geometry 0...
		CBodyGeom:
		Hash size: {8, 8, 18}.
		Mesh size: {8, 8, 18}.
		Hashing triangles...Ok.
		Making triangles connectivity...Ok. (0.005 s).
		Neighbour triangles: 100.00 % (good connect) - 0.00 % (bad connect). Min: 3. Max: 3.
		Done.
		CBodyGeomRef:
		Hashing triangles...Ok.
		Making triangles connectivity...Ok. (0.004 s).
		Neighbour triangles: Min: 2. Max: 2.
		Done.
	0.008 s.
Geometries reading and preparing has taken 0.011 s.

Mapped triangles:
Hashing geometries triangles
	Triangles num=548
	Triangles box={-0.0341361  ,0.0341361  ,-0.0341361  ,0.0341361  ,0.00168769  ,0.158312  }
		3d-hash size is 32856 bytes
		Making triangles connectivity...Ok. (0.004 s).
		Neighbour triangles: 100.00 % (good connect) - 0.00 % (bad connect). Min: 3. Max: 3.
Hashing peculiar surfaces triangles
	Triangles num=60
	Triangles box={-0.034  ,0.034  ,-0.034  ,0.034  ,0.002  ,0.002  }
		3d-hash size is 6236 bytes
	Triangles num=60
	Triangles box={-0.034  ,0.034  ,-0.034  ,0.034  ,0.158  ,0.158  }
		3d-hash size is 6236 bytes
Mapped triangles processed in 0.008 s.
-----------------------------------------------------------------------

Current CPU = 0 sec
Flow Simulation 2015  x64 / 3058 / MESHER ver. efd_14_1.3058_11.02.2015 

Project: C:\Users\PawlenkoMO\Desktop\SolidWorks_pawl\Rfvftd\Гепарди\16\1\1.xmlconfig
Computer name:	DESKTOP-IP0RCRF
Operating system:	 (Build 9200)

SOLIDWORKS 2015 SP3.0

-----------------------------------------------------------------------
Mesh dimensions:
				I[0 ]=8
				I[1 ]=8
				I[2 ]=18
Solver refinement level	I[47]=0

Comp. domain size:
				a[0  ]=-0.034068
				a[1  ]=0.034068
				a[2  ]=-0.034068
				a[3  ]=0.034068
				a[4  ]=0.001844
				a[5  ]=0.158156
Wall thickness		a[231]=0
Gap size			a[232]=1

Fluid calculated			1
Solid calculated			0
-----------------------------------------------------------------------
MESH: distribute base bricks among sub-meshes...
	Base bricks count               1152
	Sub-meshes  count               4
	Base bricks count per sub-mesh  288 (+0)
	Sub-mesh 0: 288 base brick(s), range [0, 7]-[0, 7]-[0, 4]
	Sub-mesh 1: 288 base brick(s), range [0, 7]-[0, 7]-[4, 8]
	Sub-mesh 2: 288 base brick(s), range [0, 7]-[0, 7]-[9, 13]
	Sub-mesh 3: 288 base brick(s), range [0, 7]-[0, 7]-[13, 17]
-----------------------------------------------------------------------
-----------------------------------------------------------------------
MESH: collecting ghosts in sub-meshes...
	Sub-mesh 0:
		Total  brick(s) 352
		Native brick(s) 288
		Inner  brick(s) 224
		Outer  brick(s) 64
		Ghost  brick(s) 64
	Sub-mesh 1:
		Total  brick(s) 416
		Native brick(s) 288
		Inner  brick(s) 160
		Outer  brick(s) 128
		Ghost  brick(s) 128
	Sub-mesh 2:
		Total  brick(s) 416
		Native brick(s) 288
		Inner  brick(s) 160
		Outer  brick(s) 128
		Ghost  brick(s) 128
	Sub-mesh 3:
		Total  brick(s) 352
		Native brick(s) 288
		Inner  brick(s) 224
		Outer  brick(s) 64
		Ghost  brick(s) 64
	Total brick(s) 1152
-----------------------------------------------------------------------
Setting regions...OK (0.000 s)
Base mesh info------------------
	2D flag  =0
	Period   =[0, 0, 0]
	Nx=8
		x[0]=-0.034068
		x[1]=-0.0255483
		x[2]=-0.0170313
		x[3]=-0.00851433
		x[4]=2.67485e-006
		x[5]=0.00851967
		x[6]=0.0170367
		x[7]=0.0255537
		x[8]=0.034068
	Ny=8
		y[0]=-0.034068
		y[1]=-0.0255487
		y[2]=-0.0170317
		y[3]=-0.00851469
		y[4]=2.31453e-006
		y[5]=0.00851931
		y[6]=0.0170363
		y[7]=0.0255533
		y[8]=0.034068
	Nz=18
		z[0]=0.001844
		z[1]=0.01053
		z[2]=0.019214
		z[3]=0.027898
		z[4]=0.036582
		z[5]=0.045266
		z[6]=0.05395
		z[7]=0.062634
		z[8]=0.071318
		z[9]=0.080002
		z[10]=0.088686
		z[11]=0.09737
		z[12]=0.106054
		z[13]=0.114738
		z[14]=0.123422
		z[15]=0.132106
		z[16]=0.14079
		z[17]=0.149474
		z[18]=0.158156
End of base mesh info---------
Input_mesh_settings--------------------------------
Settings 0----------------
	Scope: GLOBAL
	Type:	------MESHER_SETTINGS----------
	RefAllCells           =0
	RefFluidCells         =0
	RefPartCells          =0
	RefSolidCells         =0
	l_SSFR(Capture crit)  =1
	l_curv(Curvature crit)=0
	l_tol(Tolerance crit) =0
	UseChannelRef         =1
	  l_NCR               =1
	  N_gap               =5
	  Use d_NCR_min       =0
	  Use d_NCR_max       =0
	--END_OF_MESHER_SETTINGS-------
End of input mesh settings-------------------------

-----------------------------------------------------------------------
Building geometries:
Building geometry Fluid.0.(0)...

-----------------------------------------------------------------------
Refining by triangulation...
Refinement input: 1152 bricks
Refinement result: 1152 bricks (0.003 s)
Refinement input: 1152 bricks
Refinement result: 1152 bricks (0.000 s)
Collecting and processing rays...OK (0.023 s)
Capturing...OK (0.002 s)
Refining by triangulation takes 0.029 s
-----------------------------------------------------------------------

-----------------------------------------------------------------------
Refining peculiar surfaces...
0 surfaces refined
Refining peculiar surfaces takes 0 s
-----------------------------------------------------------------------
Collecting and processing rays...OK (0.008 s)
Capturing...OK (0.002 s)
Collecting and processing rays...OK (0.007 s)
Capturing...OK (0.000 s)
Collecting and processing rays...OK (0.002 s)
Capturing...OK (0.000 s)

-----------------------------------------------------------------------
Base mesh 1 Refining...
Refinement input: 1152 bricks
Refinement result: 1152 bricks (0.000 s)
Collecting and processing rays...OK (0.002 s)
Capturing...OK (0.000 s)
-----------------------------------------------------------------------
Refining channels...
FYI: CNarrowChannelRefiner::RefineChannels_PRLL: m_submesh_count=4
FYI: m_iteration_count = 0
FYI: level1 statistics:
     level1_cnt_plus[1]=0;		level1_cnt_minus[1]=0
     level1_cnt_plus[2]=0;		level1_cnt_minus[2]=0
     level1_cnt_plus[3]=0;		level1_cnt_minus[3]=0
     level1_cnt_plus[4]=0;		level1_cnt_minus[4]=0
     level1_cnt_plus[5]=0;		level1_cnt_minus[5]=0
     level1_cnt_plus[6]=0;		level1_cnt_minus[6]=0
     level1_cnt_plus[7]=0;		level1_cnt_minus[7]=0
     level1_cnt_plus[8]=0;		level1_cnt_minus[8]=0
     level1_cnt_plus[9]=0;		level1_cnt_minus[9]=0
FYI: level1 statistics:
     level1_cnt_plus[1]=0;		level1_cnt_minus[1]=0
     level1_cnt_plus[2]=0;		level1_cnt_minus[2]=0
     level1_cnt_plus[3]=0;		level1_cnt_minus[3]=0
     level1_cnt_plus[4]=0;		level1_cnt_minus[4]=0
     level1_cnt_plus[5]=0;		level1_cnt_minus[5]=0
     level1_cnt_plus[6]=0;		level1_cnt_minus[6]=0
     level1_cnt_plus[7]=0;		level1_cnt_minus[7]=0
     level1_cnt_plus[8]=0;		level1_cnt_minus[8]=0
     level1_cnt_plus[9]=0;		level1_cnt_minus[9]=0
	CNarrowChannelRefiner::ChannelsResolution            function_total                0      = 0.0288365 sec

-----------------------------------------------------------------------
U-shapes refinement...
Refinement input: 1152 bricks
Refinement result: 1152 bricks (0.001 s)
Collecting and processing rays...OK (0.006 s)
Capturing...OK (0.001 s)
-----------------------------------------------------------------------
Building geometry takes 0.093 s
Geometry Fluid.0.
Total		1152
Partial	568
Fluid		512
Solid		72
Bad		0

/-Ray Intersection---------------/ Time	0.014 s
Calls			423
CorrectRay Calls	0


Building geometries takes 0.093 s
-----------------------------------------------------------------------

-----------------------------------------------------------------------
PostBuilding geometries:
PostBuilding geometries takes 0 s
-----------------------------------------------------------------------
Defect ray count	0
FYI: CNarrowChannelRefiner::RedistributeLevel1_step_1: is finished
FYI: level1 statistics:
     level1_cnt_plus[1]=0;		level1_cnt_minus[1]=0
     level1_cnt_plus[2]=0;		level1_cnt_minus[2]=0
     level1_cnt_plus[3]=0;		level1_cnt_minus[3]=0
     level1_cnt_plus[4]=0;		level1_cnt_minus[4]=0
     level1_cnt_plus[5]=0;		level1_cnt_minus[5]=0
     level1_cnt_plus[6]=0;		level1_cnt_minus[6]=0
     level1_cnt_plus[7]=0;		level1_cnt_minus[7]=0
     level1_cnt_plus[8]=0;		level1_cnt_minus[8]=0
     level1_cnt_plus[9]=0;		level1_cnt_minus[9]=0
FYI: CNarrowChannelRefiner::RedistributeLevel1_step_2: is started
FYI: CNarrowChannelRefiner::RedistributeLevel1_step_2: is finished
FYI: level1 statistics:
     level1_cnt_plus[1]=0;		level1_cnt_minus[1]=0
     level1_cnt_plus[2]=0;		level1_cnt_minus[2]=0
     level1_cnt_plus[3]=0;		level1_cnt_minus[3]=0
     level1_cnt_plus[4]=0;		level1_cnt_minus[4]=0
     level1_cnt_plus[5]=0;		level1_cnt_minus[5]=0
     level1_cnt_plus[6]=0;		level1_cnt_minus[6]=0
     level1_cnt_plus[7]=0;		level1_cnt_minus[7]=0
     level1_cnt_plus[8]=0;		level1_cnt_minus[8]=0
     level1_cnt_plus[9]=0;		level1_cnt_minus[9]=0
FYI: CNarrowChannelRefiner::RedistributeLevel1_step_3: is started
FYI: CNarrowChannelRefiner::RedistributeLevel1_step_3: is finished
RedistributeLevel1 takes:
	CNarrowChannelRefiner::RedistributeLevel1            function_total                0      = 0.0119323 sec
FYI: level1 statistics:
     level1_cnt_plus[1]=0;		level1_cnt_minus[1]=0
     level1_cnt_plus[2]=0;		level1_cnt_minus[2]=0
     level1_cnt_plus[3]=0;		level1_cnt_minus[3]=0
     level1_cnt_plus[4]=0;		level1_cnt_minus[4]=0
     level1_cnt_plus[5]=0;		level1_cnt_minus[5]=0
     level1_cnt_plus[6]=0;		level1_cnt_minus[6]=0
     level1_cnt_plus[7]=0;		level1_cnt_minus[7]=0
     level1_cnt_plus[8]=0;		level1_cnt_minus[8]=0
     level1_cnt_plus[9]=0;		level1_cnt_minus[9]=0
-----------------------------------------------------------------------
BCF-Builder Iteration: 0
Memory Working Set Current = 17.61 Mb, Memory Working Set Peak = 18.36 Mb
Loading geometries triangulation & x-stacks...OK
	Sub-mesh 0:
		Total  brick(s) 352
		Native brick(s) 288
		Inner  brick(s) 224
		Outer  brick(s) 64
		Ghost  brick(s) 64
	Sub-mesh 1:
		Total  brick(s) 416
		Native brick(s) 288
		Inner  brick(s) 160
		Outer  brick(s) 128
		Ghost  brick(s) 128
	Sub-mesh 2:
		Total  brick(s) 416
		Native brick(s) 288
		Inner  brick(s) 160
		Outer  brick(s) 128
		Ghost  brick(s) 128
	Sub-mesh 3:
		Total  brick(s) 352
		Native brick(s) 288
		Inner  brick(s) 224
		Outer  brick(s) 64
		Ghost  brick(s) 64
	Total brick(s) 1152

-----------------------------------------------------------------------
MSH (Real Geometry) format constructor:
Getting submesh brick sets...OK (0.000 s)
Level 1
	Inner time 0.000 s
	Outer Time 0.002 s
	Level Time 0.002 s
Level 0
	Inner time 0.134 s
	Outer Time 0.073 s
	Level Time 0.208 s

Brick parser time info:
	0.181 s - time_Run
		0.007 s - time_ConstructPoints
			0.007 s - time_ConstructPointsAddFind2
		0.011 s - time_ConstructPointsAndConnectsFromNb
		0.006 s - time_AddRibConnects
		0.015 s - time_ConstructBrickFacets
			0.004 s - time_CalculateQpoints
				0.001 s - time_AddFacetPoint_GetFacesQpoint
					0.000 s - time_GetFacesQpoint_UShaped
						0.000 s - time_GetFacesQpoint2
					0.000 s - time_GetFacesQpoint_AddEdgesToList
					0.001 s - time_Edge_GetClosestPointOn
					0.000 s - time_Edge_NewtonMethod
					0.000 s - time_GetFacesQpoint_ManyFinds
				0.002 s - time_AddFacetPoint_AddQPoint
					0.002 s - time_PointReverseEvaluate
				0.000 s - time_AddFacetPoint_AddFind2
		0.000 s - time_RemoveOddConnects
		0.005 s - time_TestConnectivity
		0.000 s - time_ValidateXeps
		0.013 s - time_ConstructFaceAs
		0.004 s - time_ConstructCvs
		0.001 s - time_ConstructFaceWs
		0.002 s - time_RealGeomAddQPoints
		0.001 s - time_RealGeomAddNewFaces
		0.000 s - time_RealGeomInitOppositeGeomFaceInd
		0.007 s - time_RealGeomApproxCurveFaces
		0.000 s - time_Enum1
		0.000 s - time_Enum2
		0.000 s - time_RealGeomCheckInvalidConnects
		0.098 s - time_RealGeomParameters
			0.070 s - time_CalculateParametersOfCv
			0.024 s - time_CalculateParametersOfFace
				0.009 s - time_CalculateRR
				0.015 s - time_CalculateRefFaceData
				0.000 s - time_CalculateLambdaProjection
			0.003 s - time_SetFacesOrientation
Result:
	Bricks number:                        1152

	Memory usage:                         0.274 MB
	Memory usage (per brick):             0.244 KB
	Construction time:                    0.223 s

	Topology features:
	------------------
	- Successfully captured bricks        100.00 % (1152)
	- Normally captured bricks              0.00 % (0)
	- Badly captured bricks                 0.00 % (0)
	- Ribs corrected bricks                 0.00 % (0)
	- Points with geom-info (bricks)        0.00 % (0)
	- Points with closest-info (bricks)     0.00 % (0)
	- Triangulated by center (bricks)       0.00 % (0)
	- Facet w-faces mergings (bricks)       0.00 % (0)
	- To refine (bricks)                    0.00 % (0)

Memory Working Set Current = 18.45 Mb, Memory Working Set Peak = 25.71 Mb
-----------------------------------------------------------------------
-----------------------------------------------------------------------
MSH --> BCF format (Iteration 0)...
BCF collector...
	(0) Bcf collect time 0.010 s (538 avs, 242 fws)
	(1) Bcf collect time 0.010 s (598 avs, 182 fws)
	(3) Bcf collect time 0.012 s (538 avs, 242 fws)
	(2) Bcf collect time 0.008 s (598 avs, 182 fws)
	(2) Remove defect cvs time 0.000 s
	(3) Remove defect cvs time 0.000 s
	(1) Remove defect cvs time 0.001 s
	(0) Remove defect cvs time 0.001 s
Defect subdomain detector...
		1 subdomain(s) of gi=0 (real bodies = 1).
			Subdomain 0: 1080 av
		Get real subdoms time 0.000 s
		Mark defect subdomains by closed av...
		Mark by closed av time 0.000 s
		Mark defect subdomains by real bodies...
		0 defect subdomain(s) of gi=0.
	(3) Remove defect subdoms time 0.000 s
	(2) Remove defect subdoms time 0.000 s
	(1) Remove defect subdoms time 0.000 s
	(0) Remove defect subdoms time 0.000 s
Sub-mesh 0. NB-faces collector & conservator...
		Total                    0
		For bb-faces             0
Sub-mesh 1. NB-faces collector & conservator...
		Total                    0
		For bb-faces             0
Sub-mesh 2. NB-faces collector & conservator...
		Total                    0
		For bb-faces             0
Sub-mesh 3. NB-faces collector & conservator...
		Total                    0
		For bb-faces             0
	(3) Bcf calc time 0.001 s
	(0) Bcf calc time 0.001 s
	(2) Bcf calc time 0.001 s
	(1) Bcf calc time 0.001 s
Sub-mesh 0. FACE_W optimizer...
		Before optimization      584
		        fs               242
		        ff               0
		        ss               0
		After optimization       584
		        fs               242
		        ff               0
		        ss               0
Sub-mesh 1. FACE_W optimizer...
		Before optimization      584
		        fs               182
		        ff               0
		        ss               0
		After optimization       584
		        fs               182
		        ff               0
		        ss               0
Sub-mesh 2. FACE_W optimizer...
		Before optimization      584
		        fs               182
		        ff               0
		        ss               0
		After optimization       584
		        fs               182
		        ff               0
		        ss               0
Sub-mesh 3. FACE_W optimizer...
		Before optimization      584
		        fs               242
		        ff               0
		        ss               0
		After optimization       584
		        fs               242
		        ff               0
		        ss               0
-----------------------------------------------------------------------
-----------------------------------------------------------------------
Merging BCF...
Merging bricks trees...OK (0.00 s)
Merging av data...OK (0.00 s)
Merging a-faces data (fluid)...
	New a-face count   2892
	Bound a-face count 196 (6.78 %)
Merging a-faces data takes 0.00 s
Merging a-faces data (solid)...
	New a-face count   1344
	Bound a-face count 100 (7.44 %)
Merging a-faces data takes 0.00 s
Merging w-faces data...
	New w-face count   1384
	Bound w-face count 0 (0.00 %)
	Need fw-nb         752 (54.34 %)
Merging w-faces data takes 0.01 s
Merging BCF takes (0.01 s)
-----------------------------------------------------------------------

-----------------------------------------------------------------------
Geometrical diagonal nb-faces collector (cpu_num=4)...
	Time=0.003s.
-----------------------------------------------------------------------
Fluid Subdom Constructor: 1 subdom(s).
	Remove nb-fw from diff subdomains (fs)...
		Diff subdomains cases         0

-----------------------------------------------------------------------
BCF CHECKSUM DATA (Mesh 0):

FACE_A Area Sum:   G.Fluid        0.1881643801267567
FACE_A Area Sum:   G.Solid        0.0398650083532431
FACE_W Area Sum:                  0.0923281736039805
FACE_W Nb   Sum:                  8640
FACE_W min curvatures sum:        -16468.07824135
FACE_W max curvatures sum:        0.00000000
AV Max Disbalance: G.Fluid        1.91216e-015 (cid=264, avid=246)
AV Max Disbalance: G.Solid        2.41478e-015 (cid=201, avid=1217)
-----------------------------------------------------------------------


-----------------------------------------------------------------------
MESHER TOPOLOGY DATA (Mesh 0):

BRICKS: Total                 1152
BRICKS: 1-CV                  584
BRICKS: 2-CV                  568
BRICKS: Bad                   0

AV:     G.Total               1720
AV:     G.Fluid               1080
AV:     G.Solid               640

AV:     G.Fluid Thin Profile    0.00 % (0)
AV:     G.Solid Thin Profile    0.00 % (0)

AV:     G.Fluid Thin For Mega   0.00 % (0)
AV:     G.Solid Thin For Mega   0.00 % (0)

AV:     G.Fluid Non-Convex      3.15 % (34)
AV:     G.Solid Non-Convex      8.75 % (56)

FACE_A: G.Fluid          (af) 2892 (partially opened 1132)
FACE_A: G.Solid          (as) 1344 (partially opened 1132)

FACE_W: G.Total                 1384        Brick/Bound
FACE_W: G.Fluid/Solid    (fs_g) 680         0           
FACE_W: G.Fluid/Fluid    (ff_g) 0           0           
FACE_W: G.Solid/Solid    (ss_g) 0           0           
FACE_W: G.Fluid/External (fe_g) 0
FACE_W: G.Solid/External (se_g) 704

AV max fa count:                6
AV max fw count:                5
AV max fw poly count:           5

MEMORY: Total                   0.660 MB
MEMORY: Per Brick               0.587 KB
-----------------------------------------------------------------------

-----------------------------------------------------------------------
Mega-cv constructor for fluid...
	 0 av's is treated as thin
Relative size generator (threshold = 0.05)...OK
	 0 mega-cv's generated
	 0 mega-cv's removed
Convert clusters:
	 0 mega-cv's total
-----------------------------------------------------------------------
Mixing plane rotation regions: NO.
Sliding mesh rotation regions: NO.
Fluid/fluid faces: NO.
Current CPU = 0 sec

Nx=8
Ny=8
Nz=18
Max_RL=0
12. Saving initial mesh in: C:\Users\PawlenkoMO\Desktop\SolidWorks_pawl\Rfvftd\Гепарди\16\1\1.fld .
Storing results...
Estimated CPT size=0.318 MB.
OK
Memory Working Set Current = 20.76 Mb, Memory Working Set Peak = 25.71 Mb
Cleaning memory...
Free Geometry DB takes 0.001 s
Copying... OK

------------------------------------------------------------------------------------------------------------
CPU report:
Function                                             CPU           descriptor                    nproc     
------------------------------------------------------------------------------------------------------------
GetGeometryFromSW                                    0.026 sec   function_total               
GetGeometryFromSW                                    0.002 sec   InitGeometryTriangles        
CMesh::PrepareMappedTriangles                        0.008 sec   function_total               
SwapGeometries                                       0.000 sec   function_total               
CMesh::PreBuild                                      0.003 sec   function_total               
SetBrickRegion                                       0.000 sec   function_total               
CMesh::Build                                         0.095 sec   function_total               
CMesh::BuildGeometry                                 0.093 sec   function_total               
ActivateAllCellsParameters                           0.000 sec   function_total               
RefineByTriangles                                    0.029 sec   function_total               
CaptureRefined                                       0.055 sec   function_total               
GetMultiRaysIntersections                            0.010 sec   full                         
CRayCollector::CorrectRays2                          0.036 sec   full                         
CRayCollector::CorrectRays2                          0.018 sec   collect_undefined            
CRayCollector::CorrectRays2                          0.017 sec   stage_2                      
RefinePeculiarSurfaces                               0.011 sec   function_total               
CNarrowChannelRefiner::ChannelsResolution            0.029 sec   function_total               
CNarrowChannelRefiner::RefineChannels_PRLL           0.028 sec   function_total               
CNarrowChannelRefiner::GetMainNormals                0.016 sec   function_total               
CNarrowChannelRefiner::GetMainNormals                0.012 sec   function_total               
CNarrowChannelRefiner::GetMainNormals                0.006 sec   function_total               
CNarrowChannelRefiner::GetMainNormals                0.009 sec   function_total               
CNarrowChannelRefiner::facade_bricks_of_brick_dirv   0.004 sec   function_total               
CNarrowChannelRefiner::facade_bricks_of_brick_dirv   0.004 sec   function_total               
CNarrowChannelRefiner::facade_bricks_of_brick_dirv   0.002 sec   function_total               
CNarrowChannelRefiner::facade_bricks_of_brick_dirv   0.002 sec   function_total               
CNarrowChannelRefiner::next_brick_on_ray             0.003 sec   function_total               
CNarrowChannelRefiner::next_brick_on_ray             0.001 sec   function_total               
CNarrowChannelRefiner::next_brick_on_ray             0.001 sec   function_total               
CNarrowChannelRefiner::next_brick_on_ray             0.002 sec   function_total               
CNarrowChannelRefiner::RedistributeLevel1            0.012 sec   function_total               
CTPBuilder::build_bcf                                0.268 sec   function_total               
CTPBuilder::bcf_builder                              0.267 sec   function_total               
LoadTrianglesAndXSL                                  0.000 sec   function_total               
CTPBuilder::collect_msh_format                       0.224 sec   function_total               
CTPBuilder::Run                                      0.023 sec   bcf_collect                  
CTPBuilder::Run                                      0.018 sec   bcf_merge                    
CTPBuilder::build_bcf                                0.001 sec   collect_mega_cv              
CTPBuilder::build_bcf                                0.000 sec   convert_to_mmm               
Store_Res_2                                          0.017 sec   function_total               
Freemem_CPT                                          0.004 sec   function_total               
------------------------------------------------------------------------------------------------------------

Mesh generation normally finished at	18.12.2016	19:55:31
Mesher CPU = 0 sec
Mesher is finished at	18.12.2016	19:55:31
