Number of used processors (NPROC): 4.
Number of mesh partitions (NPART): 4.
Total Physical Memory = 7.96 Gb, Available Physical Memory = 4.68 Gb
Mesh generation started:	20.12.2016	14:22:49
-----------------------------------------------------------------------
Allocating meshes:
	CPU count: 4
	MESH 0:
		Sub-meshes count: 4
-----------------------------------------------------------------------
Current CPU = 0 sec
-----------------------------------------------------------------------
Geometries initialization:

Geometry database loading ...OK
-----------------------------------------------------------------------
Loading mesh settings (global/local)...
-----------------------------------------------------------------------
Number of geometries: 1
Geometry(0):
	Fluid..
	1 Body.
	1 Real body.
	Tolerance=3.6e-005.
	13 Face(s).
		13 of b-spline type.
	1076 Triangle(s).
	0 Face(s) that have no ref faces
	10 Plane surface(s).
	3 Cylinder surface(s).
	18 Edge(s).
		18 of b-spline type.
	Geometry reading: 0.029 s.
	7 Reference Face(s).
	1064 Reference Triangles.
	GeometryRef reading: 0.001 s.
Last Geometry:
	Solid.
	Making hash and connectivity for geometry 0...
		CBodyGeom:
		Hash size: {8, 8, 46}.
		Mesh size: {4, 4, 46}.
		Hashing triangles...Ok.
		Making triangles connectivity...Ok. (0.005 s).
		Neighbour triangles: 100.00 % (good connect) - 0.00 % (bad connect). Min: 3. Max: 3.
		Done.
		CBodyGeomRef:
		Hashing triangles...Ok.
		Making triangles connectivity...Ok. (0.004 s).
		Neighbour triangles: Min: 2. Max: 2.
		Done.
	0.010 s.
Geometries reading and preparing has taken 0.040 s.

Mapped triangles:
Hashing geometries triangles
	Triangles num=1076
	Triangles box={-0.0341361  ,0.0341361  ,-0.0341361  ,0.0341361  ,0.000646648  ,0.679353  }
		3d-hash size is 48504 bytes
		Making triangles connectivity...Ok. (0.003 s).
		Neighbour triangles: 100.00 % (good connect) - 0.00 % (bad connect). Min: 3. Max: 3.
Hashing peculiar surfaces triangles
	Triangles num=44
	Triangles box={-0.034  ,0.034  ,-0.034  ,0.034  ,0.678  ,0.678  }
		3d-hash size is 3596 bytes
	Triangles num=44
	Triangles box={-0.034  ,0.034  ,-0.034  ,0.034  ,0.002  ,0.002  }
		3d-hash size is 3596 bytes
Mapped triangles processed in 0.010 s.
-----------------------------------------------------------------------

Current CPU = 0 sec
Flow Simulation 2017  x64 / 3675 / MESHER ver. efd_16_0.3632_07.09.2016 

Project: C:\Users\pawle\Desktop\Solidworks\4\16\2\2.xmlconfig
Computer name:	DESKTOP-MEK70AJ
Operating system:	Windows 10 (or higher) (Version 10.0.14393)

SOLIDWORKS 2017 SP1.0

-----------------------------------------------------------------------
Mesh dimensions:
				I[0 ]=4
				I[1 ]=4
				I[2 ]=46
Solver refinement level	I[47]=0

Comp. domain size:
				a[0  ]=-0.034068
				a[1  ]=0.034068
				a[2  ]=-0.034068
				a[3  ]=0.034068
				a[4  ]=0.001324
				a[5  ]=0.678676
Wall thickness		a[231]=0
Gap size			a[232]=1

Fluid calculated			1
Solid calculated			0
-----------------------------------------------------------------------
MESH: distribute base bricks among sub-meshes...
	Base bricks count               736
	Sub-meshes  count               4
	Base bricks count per sub-mesh  184 (+0)
	Sub-mesh 0: 184 base brick(s), range [0, 3]-[0, 3]-[0, 11]
	Sub-mesh 1: 184 base brick(s), range [0, 3]-[0, 3]-[11, 22]
	Sub-mesh 2: 184 base brick(s), range [0, 3]-[0, 3]-[23, 34]
	Sub-mesh 3: 184 base brick(s), range [0, 3]-[0, 3]-[34, 45]
-----------------------------------------------------------------------
-----------------------------------------------------------------------
MESH: collecting ghosts in sub-meshes...
	Sub-mesh 0:
		Total  brick(s) 200
		Native brick(s) 184
		Inner  brick(s) 168
		Outer  brick(s) 16
		Ghost  brick(s) 16
	Sub-mesh 1:
		Total  brick(s) 216
		Native brick(s) 184
		Inner  brick(s) 152
		Outer  brick(s) 32
		Ghost  brick(s) 32
	Sub-mesh 2:
		Total  brick(s) 216
		Native brick(s) 184
		Inner  brick(s) 152
		Outer  brick(s) 32
		Ghost  brick(s) 32
	Sub-mesh 3:
		Total  brick(s) 200
		Native brick(s) 184
		Inner  brick(s) 168
		Outer  brick(s) 16
		Ghost  brick(s) 16
	Total brick(s) 736
-----------------------------------------------------------------------
Setting regions...OK (0.000 s)
Base mesh info------------------
	2D flag  =0
	Period   =[0, 0, 0]
	Nx=4
		x[0]=-0.034068
		x[1]=-0.0170286
		x[2]=5.34971e-006
		x[3]=0.0170393
		x[4]=0.034068
	Ny=4
		y[0]=-0.034068
		y[1]=-0.0170294
		y[2]=4.62906e-006
		y[3]=0.0170386
		y[4]=0.034068
	Nz=46
		z[0]=0.001324
		z[1]=0.0160524
		z[2]=0.0307775
		z[3]=0.0455025
		z[4]=0.0602276
		z[5]=0.0749526
		z[6]=0.0896777
		z[7]=0.104403
		z[8]=0.119128
		z[9]=0.133853
		z[10]=0.148578
		z[11]=0.163303
		z[12]=0.178028
		z[13]=0.192753
		z[14]=0.207478
		z[15]=0.222203
		z[16]=0.236928
		z[17]=0.251653
		z[18]=0.266378
		z[19]=0.281103
		z[20]=0.295828
		z[21]=0.310553
		z[22]=0.325278
		z[23]=0.340003
		z[24]=0.354728
		z[25]=0.369453
		z[26]=0.384179
		z[27]=0.398904
		z[28]=0.413629
		z[29]=0.428354
		z[30]=0.443079
		z[31]=0.457804
		z[32]=0.472529
		z[33]=0.487254
		z[34]=0.501979
		z[35]=0.516704
		z[36]=0.531429
		z[37]=0.546154
		z[38]=0.560879
		z[39]=0.575604
		z[40]=0.590329
		z[41]=0.605054
		z[42]=0.619779
		z[43]=0.634504
		z[44]=0.649229
		z[45]=0.663954
		z[46]=0.678676
End of base mesh info---------
Input_mesh_settings--------------------------------
Settings 0----------------
	Scope: GLOBAL
	Type:	------MESHER_SETTINGS----------
	RefAllCells           =0
	RefFluidCells         =0
	RefPartCells          =0
	RefSolidCells         =0
	l_SSFR(Capture crit)  =1
	l_curv(Curvature crit)=0
	l_tol(Tolerance crit) =0
	UseChannelRef         =1
	  NCR_method          =0
	  l_NCR               =1
	  N_gap               =5
	  Use d_NCR_min       =0
	  Use d_NCR_max       =0
	IgnoreThinChannelsHeight         =0
	--END_OF_MESHER_SETTINGS-------
End of input mesh settings-------------------------

-----------------------------------------------------------------------
Building geometries:
Building geometry Fluid.0.(0)...

-----------------------------------------------------------------------
Refining by triangulation...
Refinement input: 736 bricks
Refinement result: 736 bricks (0.004 s)
Refinement input: 736 bricks
Refinement result: 736 bricks (0.000 s)
Collecting and processing rays...OK (0.020 s)
Capturing...OK (0.001 s)
Refining by triangulation takes 0.026 s
-----------------------------------------------------------------------

-----------------------------------------------------------------------
Refining peculiar surfaces...
0 surfaces refined
Refining peculiar surfaces takes 0.001 s
-----------------------------------------------------------------------
Collecting and processing rays...OK (0.007 s)
Capturing...OK (0.001 s)
Collecting and processing rays...OK (0.007 s)
Capturing...OK (0.000 s)
Collecting and processing rays...OK (0.004 s)
Capturing...OK (0.000 s)

-----------------------------------------------------------------------
Base mesh 1 Refining...
Refinement input: 736 bricks
Refinement result: 736 bricks (0.002 s)
Collecting and processing rays...OK (0.003 s)
Capturing...OK (0.001 s)
-----------------------------------------------------------------------
Refining channels...
FYI: CNarrowChannelRefiner::RefineChannels_PRLL: m_submesh_count=4
Refinement input: 736 bricks
Setting regions...OK (0.003 s)
Refinement result: 4684 bricks (0.006 s)
Collecting and processing rays...OK (0.036 s)
Capturing...OK (0.006 s)
FYI: m_iteration_count = 0
FYI: level1 statistics:
     level1_cnt_plus[1]=4512;		level1_cnt_minus[1]=0
     level1_cnt_plus[2]=0;		level1_cnt_minus[2]=0
     level1_cnt_plus[3]=0;		level1_cnt_minus[3]=0
     level1_cnt_plus[4]=0;		level1_cnt_minus[4]=0
     level1_cnt_plus[5]=0;		level1_cnt_minus[5]=0
     level1_cnt_plus[6]=0;		level1_cnt_minus[6]=0
     level1_cnt_plus[7]=0;		level1_cnt_minus[7]=0
     level1_cnt_plus[8]=0;		level1_cnt_minus[8]=0
     level1_cnt_plus[9]=0;		level1_cnt_minus[9]=0
FYI: m_iteration_count = 1
FYI: level1 statistics:
     level1_cnt_plus[1]=4512;		level1_cnt_minus[1]=0
     level1_cnt_plus[2]=0;		level1_cnt_minus[2]=0
     level1_cnt_plus[3]=0;		level1_cnt_minus[3]=0
     level1_cnt_plus[4]=0;		level1_cnt_minus[4]=0
     level1_cnt_plus[5]=0;		level1_cnt_minus[5]=0
     level1_cnt_plus[6]=0;		level1_cnt_minus[6]=0
     level1_cnt_plus[7]=0;		level1_cnt_minus[7]=0
     level1_cnt_plus[8]=0;		level1_cnt_minus[8]=0
     level1_cnt_plus[9]=0;		level1_cnt_minus[9]=0
FYI: level1 statistics:
     level1_cnt_plus[1]=4512;		level1_cnt_minus[1]=0
     level1_cnt_plus[2]=0;		level1_cnt_minus[2]=0
     level1_cnt_plus[3]=0;		level1_cnt_minus[3]=0
     level1_cnt_plus[4]=0;		level1_cnt_minus[4]=0
     level1_cnt_plus[5]=0;		level1_cnt_minus[5]=0
     level1_cnt_plus[6]=0;		level1_cnt_minus[6]=0
     level1_cnt_plus[7]=0;		level1_cnt_minus[7]=0
     level1_cnt_plus[8]=0;		level1_cnt_minus[8]=0
     level1_cnt_plus[9]=0;		level1_cnt_minus[9]=0
	CNarrowChannelRefiner::ChannelsResolution            function_total                0      = 0.148913 sec

-----------------------------------------------------------------------
U-shapes refinement...
Refinement input: 4684 bricks
Refinement result: 4684 bricks (0.002 s)
Collecting and processing rays...OK (0.014 s)
Capturing...OK (0.000 s)
-----------------------------------------------------------------------

-----------------------------------------------------------------------
Equi Distant Refiner:
Equi Distant Refiner takes 0.00 s
-----------------------------------------------------------------------
Building geometry takes 0.224 s
Geometry Fluid.0.
Total		4684
Partial	2684
Fluid		1632
Solid		368
Bad		0

/-Ray Intersection---------------/ Time	0.045 s
Calls			1755
CorrectRay Calls	0


Building geometries takes 0.225 s
-----------------------------------------------------------------------

-----------------------------------------------------------------------
PostBuilding geometries:
PostBuilding geometries takes 0 s
-----------------------------------------------------------------------
Defect ray count	0
FYI: CNarrowChannelRefiner::RedistributeLevel1_step_1: is finished
FYI: level1 statistics:
     level1_cnt_plus[1]=4512;		level1_cnt_minus[1]=0
     level1_cnt_plus[2]=0;		level1_cnt_minus[2]=0
     level1_cnt_plus[3]=0;		level1_cnt_minus[3]=0
     level1_cnt_plus[4]=0;		level1_cnt_minus[4]=0
     level1_cnt_plus[5]=0;		level1_cnt_minus[5]=0
     level1_cnt_plus[6]=0;		level1_cnt_minus[6]=0
     level1_cnt_plus[7]=0;		level1_cnt_minus[7]=0
     level1_cnt_plus[8]=0;		level1_cnt_minus[8]=0
     level1_cnt_plus[9]=0;		level1_cnt_minus[9]=0
FYI: CNarrowChannelRefiner::RedistributeLevel1_step_2: is started
FYI: CNarrowChannelRefiner::RedistributeLevel1_step_2: is finished
FYI: level1 statistics:
     level1_cnt_plus[1]=4512;		level1_cnt_minus[1]=0
     level1_cnt_plus[2]=0;		level1_cnt_minus[2]=0
     level1_cnt_plus[3]=0;		level1_cnt_minus[3]=0
     level1_cnt_plus[4]=0;		level1_cnt_minus[4]=0
     level1_cnt_plus[5]=0;		level1_cnt_minus[5]=0
     level1_cnt_plus[6]=0;		level1_cnt_minus[6]=0
     level1_cnt_plus[7]=0;		level1_cnt_minus[7]=0
     level1_cnt_plus[8]=0;		level1_cnt_minus[8]=0
     level1_cnt_plus[9]=0;		level1_cnt_minus[9]=0
FYI: CNarrowChannelRefiner::RedistributeLevel1_step_3: is started
FYI: CNarrowChannelRefiner::RedistributeLevel1_step_3: is finished
RedistributeLevel1 takes:
	CNarrowChannelRefiner::RedistributeLevel1            function_total                0      = 0.0839521 sec
FYI: level1 statistics:
     level1_cnt_plus[1]=4512;		level1_cnt_minus[1]=0
     level1_cnt_plus[2]=0;		level1_cnt_minus[2]=0
     level1_cnt_plus[3]=0;		level1_cnt_minus[3]=0
     level1_cnt_plus[4]=0;		level1_cnt_minus[4]=0
     level1_cnt_plus[5]=0;		level1_cnt_minus[5]=0
     level1_cnt_plus[6]=0;		level1_cnt_minus[6]=0
     level1_cnt_plus[7]=0;		level1_cnt_minus[7]=0
     level1_cnt_plus[8]=0;		level1_cnt_minus[8]=0
     level1_cnt_plus[9]=0;		level1_cnt_minus[9]=0
-----------------------------------------------------------------------
BCF-Builder Iteration: 0
Memory Working Set Current = 24.07 Mb, Memory Working Set Peak = 27.54 Mb
Loading geometries triangulation & x-stacks...OK
	Sub-mesh 0:
		Total  brick(s) 1206
		Native brick(s) 1150
		Inner  brick(s) 1094
		Outer  brick(s) 56
		Ghost  brick(s) 56
	Sub-mesh 1:
		Total  brick(s) 1258
		Native brick(s) 1150
		Inner  brick(s) 1042
		Outer  brick(s) 108
		Ghost  brick(s) 108
	Sub-mesh 2:
		Total  brick(s) 1258
		Native brick(s) 1150
		Inner  brick(s) 1042
		Outer  brick(s) 108
		Ghost  brick(s) 108
	Sub-mesh 3:
		Total  brick(s) 1290
		Native brick(s) 1234
		Inner  brick(s) 1178
		Outer  brick(s) 56
		Ghost  brick(s) 56
	Total brick(s) 4684

-----------------------------------------------------------------------
MSH (Real Geometry) format constructor:
Getting submesh brick sets...OK (0.001 s)
Level 1
	Inner time 0.200 s
	Outer Time 0.056 s
	Level Time 0.256 s
Level 0
	Inner time 0.011 s
	Outer Time 0.003 s
	Level Time 0.014 s

Brick parser time info:
	0.646 s - time_Run
		0.025 s - time_ConstructPoints
			0.023 s - time_ConstructPointsAddFind2
		0.022 s - time_ConstructPointsAndConnectsFromNb
		0.008 s - time_AddRibConnects
		0.066 s - time_ConstructBrickFacets
			0.011 s - time_CalculateQpoints
				0.002 s - time_AddFacetPoint_GetFacesQpoint
					0.000 s - time_GetFacesQpoint_UShaped
						0.000 s - time_GetFacesQpoint2
					0.000 s - time_GetFacesQpoint_AddEdgesToList
					0.002 s - time_Edge_GetClosestPointOn
					0.001 s - time_Edge_NewtonMethod
					0.000 s - time_GetFacesQpoint_ManyFinds
				0.001 s - time_AddFacetPoint_AddQPoint
					0.001 s - time_PointReverseEvaluate
				0.001 s - time_AddFacetPoint_AddFind2
		0.000 s - time_RemoveOddConnects
		0.016 s - time_TestConnectivity
		0.000 s - time_ValidateXeps
		0.035 s - time_ConstructFaceAs
		0.007 s - time_ConstructCvs
		0.010 s - time_ConstructFaceWs
		0.003 s - time_RealGeomAddQPoints
		0.002 s - time_RealGeomAddNewFaces
		0.000 s - time_RealGeomInitOppositeGeomFaceInd
		0.018 s - time_RealGeomApproxCurveFaces
		0.000 s - time_Enum1
		0.000 s - time_Enum2
		0.001 s - time_RealGeomCheckInvalidConnects
		0.399 s - time_RealGeomParameters
			0.291 s - time_CalculateParametersOfCv
			0.095 s - time_CalculateParametersOfFace
				0.026 s - time_CalculateRR
				0.066 s - time_CalculateRefFaceData
				0.000 s - time_CalculateLambdaProjection
			0.011 s - time_SetFacesOrientation
Result:
	Bricks number:                        4684

	Memory usage:                         1.294 MB
	Memory usage (per brick):             0.283 KB
	Construction time:                    0.287 s

	Topology features:
	------------------
	- High quality bricks                 100.00 % (4684)
	- Medium quality bricks                 0.00 % (0)
	- Bad quality bricks                    0.00 % (0)
	- Ribs corrected bricks                 0.00 % (0)
	- Points with geom-info (bricks)        0.00 % (0)
	- Points with closest-info (bricks)     0.00 % (0)
	- Triangulated by center (bricks)       0.00 % (0)
	- Facet w-faces mergings (bricks)       0.00 % (0)
	- To refine (bricks)                    0.00 % (0)

Memory Working Set Current = 28.00 Mb, Memory Working Set Peak = 34.43 Mb
-----------------------------------------------------------------------
-----------------------------------------------------------------------
MSH --> BCF format (Iteration 0)...
BCF collector...
	(2) Bcf collect time 0.056 s (1960 avs, 702 fws)
	(1) Bcf collect time 0.058 s (1960 avs, 702 fws)
	(0) Bcf collect time 0.059 s (1900 avs, 750 fws)
	(3) Bcf collect time 0.053 s (2052 avs, 978 fws)
	(1) Remove defect avs time 0.004 s
	(0) Remove defect avs time 0.004 s
	(3) Remove defect avs time 0.004 s
	(2) Remove defect avs time 0.004 s
Defect subdomain detector...
		1 subdomain(s) of gi=0 (real bodies = 1).
			Subdomain 0: 4316 av
		Get real subdoms time 0.000 s
		Mark defect subdomains by closed av...
		Mark by closed av time 0.000 s
		Mark defect subdomains by real bodies...
		0 defect subdomain(s) of gi=0.
	(2) Remove defect subdoms time 0.001 s
	(3) Remove defect subdoms time 0.001 s
	(1) Remove defect subdoms time 0.001 s
	(0) Remove defect subdoms time 0.001 s
NB-faces collector & conservator...
Sub-mesh 0.
	Conservated total=0 (bb-faces=0)
Sub-mesh 1.
	Conservated total=0 (bb-faces=0)
Sub-mesh 2.
	Conservated total=0 (bb-faces=0)
Sub-mesh 3.
	Conservated total=0 (bb-faces=0)
	(2) Bcf calc time 0.003 s
	(0) Bcf calc time 0.003 s
	(1) Bcf calc time 0.004 s
	(3) Bcf calc time 0.005 s
FACE_W optimizer ...
Sub-mesh 0.
	Before optimization total=1680 (fs=750, ff=0, ss=0)
	After  optimization total=1680 (fs=750, ff=0, ss=0)
Sub-mesh 1.
	Before optimization total=1708 (fs=702, ff=0, ss=0)
	After  optimization total=1708 (fs=702, ff=0, ss=0)
Sub-mesh 2.
	Before optimization total=1708 (fs=702, ff=0, ss=0)
	After  optimization total=1708 (fs=702, ff=0, ss=0)
Sub-mesh 3.
	Before optimization total=1920 (fs=978, ff=0, ss=0)
	After  optimization total=1920 (fs=978, ff=0, ss=0)
-----------------------------------------------------------------------
-----------------------------------------------------------------------
Merging BCF...
Merging bricks trees...OK (0.01 s)
Merging av data...OK (0.00 s)
Merging a-faces data (fluid)...
	New a-face count   11912
	Bound a-face count 164 (1.38 %)
Merging a-faces data takes 0.00 s
Merging a-faces data (solid)...
	New a-face count   6512
	Bound a-face count 104 (1.60 %)
Merging a-faces data takes 0.00 s
Merging w-faces data...
	New w-face count   6016
	Bound w-face count 0 (0.00 %)
	Need fw-nb         784 (13.03 %)
Merging w-faces data takes 0.01 s
Merging BCF takes (0.03 s)
-----------------------------------------------------------------------

-----------------------------------------------------------------------
Geometrical diagonal nb-faces collector (cpu_num=4)...
	Time=0.015s.
-----------------------------------------------------------------------
Fluid Subdom Constructor: 1 subdom(s).
	Remove nb-fw from diff subdomains (fs)...
		Diff subdomains cases         0

-----------------------------------------------------------------------
BCF CHECKSUM DATA (Mesh 0):

FACE_A Area Sum:   G.Fluid        0.7326162027225979
FACE_A Area Sum:   G.Solid        0.1997896355142459
FACE_W Area Sum:                  0.3495423378094291
FACE_W Nb   Sum:                  36886
FACE_W min curvatures sum:        -81871.31516075
FACE_W max curvatures sum:        0.00000000
AV Max Disbalance: G.Fluid        8.84025e-015 (cid=4160, avid=3828, pid=2368)
AV Max Disbalance: G.Solid        6.14048e-015 (cid=4055, avid=6935, pid=2295)
-----------------------------------------------------------------------


-----------------------------------------------------------------------
MESHER TOPOLOGY DATA (Mesh 0):

BRICKS: Total                 4684
BRICKS: 1-CV                  2000
BRICKS: 2-CV                  2684
BRICKS: Bad                   0

AV:     G.Total               7368
AV:     G.Fluid               4316
AV:     G.Solid               3052

AV:     G.Fluid Thin Profile    0.00 % (0)
AV:     G.Solid Thin Profile    0.00 % (0)

AV:     G.Fluid Thin For Mega   0.00 % (0)
AV:     G.Solid Thin For Mega   0.00 % (0)

AV:     G.Fluid Non-Convex      2.11 % (91)
AV:     G.Solid Non-Convex      4.23 % (129)

FACE_A: G.Fluid          (af) 11912 (partially opened 5369)
FACE_A: G.Solid          (as) 6512 (partially opened 5368)

FACE_W: G.Total                 6016        Brick/Bound
FACE_W: G.Fluid/Solid    (fs_g) 2956        0           
FACE_W: G.Fluid/Fluid    (ff_g) 0           0           
FACE_W: G.Solid/Solid    (ss_g) 0           0           
FACE_W: G.Fluid/External (fe_g) 0
FACE_W: G.Solid/External (se_g) 3060

AV max fa count:                15
AV max fw count:                5
AV max fw poly count:           5

MEMORY: Total                   2.897 MB
MEMORY: Per Brick               0.633 KB
-----------------------------------------------------------------------

-----------------------------------------------------------------------
Mega-cv constructor for fluid...
	 0 av's is treated as thin
Relative size generator (threshold = 0.05)...OK
	 0 mega-cv's generated
	 0 mega-cv's removed
Convert clusters:
	 0 mega-cv's total
Mega-cv count: 0
-----------------------------------------------------------------------
Mixing plane rotation regions: NO.
Sliding mesh rotation regions: NO.
Fluid/fluid faces: NO.
----------------------------------------------------------
BCF --> BCF.GEOMSUBDOM (bridge arrays) (cpu_num=4):
MESH (0):
	Fluid Subdom Constructor: 1 subdom(s).
	Solid Subdom Constructor: 1 subdom(s).
	Net Asm Subdom Constructor: 0 subdom(s).
	GEOMSUBDOM (0): gi=0 fluid av=4316 cv=4316 fa=11912 fw=2956 V=2.404422e-003
	GEOMSUBDOM (1): gi=1 solid av=3052 cv=3052 fa=6512 fw=6016 V=7.401947e-004
	Setting nb of w-faces...OK.

MESH (0) checking:
	GEOMSUBDOM (0):fa_s=0.7326162027226000 fw_s=0.1556490853294288 fw_nb=24638
	GEOMSUBDOM (1):fa_s=0.1997896355142453 fw_s=0.3495423378094292 fw_nb=36886
MESH (0) checking: OK.
----------------------------------------------------------
-----------------------------------------------------------------------
Calculating curvature and tolerance criteria...
Curvature: min=0 max=1.5708
Tolerance: min=0 max=0.00540047
Calculating curvature and tolerance criteria takes 0.037 s
-----------------------------------------------------------------------
Current CPU = 1 sec

Nx=4
Ny=4
Nz=46
Max_RL=1
12. Saving initial mesh in: C:\Users\pawle\Desktop\Solidworks\4\16\2\2.fld .
Storing results...
Estimated CPT size=1.422 MB.
OK
Memory Working Set Current = 34.31 Mb, Memory Working Set Peak = 35.40 Mb
Cleaning memory...
Free Geometry DB takes 0.001 s
Copying... OK

------------------------------------------------------------------------------------------------------------
CPU report:
Function                                             CPU           descriptor                    nproc     
------------------------------------------------------------------------------------------------------------
GetGeometryFromSW                                    0.072 sec   function_total               
GetGeometryFromSW                                    0.029 sec   InitGeometryTriangles        
CMesh::PrepareMappedTriangles                        0.010 sec   function_total               
SwapGeometries                                       0.000 sec   function_total               
CMesh::PreBuild                                      0.003 sec   function_total               
SetBrickRegion                                       0.003 sec   function_total               
CMesh::Build                                         0.226 sec   function_total               
CMesh::BuildGeometry                                 0.224 sec   function_total               
ActivateAllCellsParameters                           0.001 sec   function_total               
RefineByTriangles                                    0.026 sec   function_total               
CaptureRefined                                       0.106 sec   function_total               
GetMultiRaysIntersections                            0.021 sec   full                         
CRayCollector::CorrectRays2                          0.063 sec   full                         
CRayCollector::CorrectRays2                          0.031 sec   collect_undefined            
CRayCollector::CorrectRays2                          0.028 sec   stage_2                      
RefinePeculiarSurfaces                               0.008 sec   function_total               
CNarrowChannelRefiner::ChannelsResolution            0.149 sec   function_total               
CNarrowChannelRefiner::RefineChannels_PRLL           0.148 sec   function_total               
CNarrowChannelRefiner::GetMainNormals                0.039 sec   function_total               
CNarrowChannelRefiner::GetMainNormals                0.037 sec   function_total               
CNarrowChannelRefiner::GetMainNormals                0.034 sec   function_total               
CNarrowChannelRefiner::GetMainNormals                0.048 sec   function_total               
CNarrowChannelRefiner::facade_bricks_of_brick_dirv   0.026 sec   function_total               
CNarrowChannelRefiner::facade_bricks_of_brick_dirv   0.029 sec   function_total               
CNarrowChannelRefiner::facade_bricks_of_brick_dirv   0.023 sec   function_total               
CNarrowChannelRefiner::facade_bricks_of_brick_dirv   0.038 sec   function_total               
CNarrowChannelRefiner::next_brick_on_ray             0.025 sec   function_total               
CNarrowChannelRefiner::next_brick_on_ray             0.028 sec   function_total               
CNarrowChannelRefiner::next_brick_on_ray             0.021 sec   function_total               
CNarrowChannelRefiner::next_brick_on_ray             0.037 sec   function_total               
CNarrowChannelRefiner::RefineChannels_PRLL           0.047 sec   NCR_execute_refinement       
CMesh::BuildGeometry                                 0.000 sec   equidistant_refiner          
CNarrowChannelRefiner::RedistributeLevel1            0.085 sec   function_total               
CTPBuilder::build_bcf                                0.444 sec   function_total               
CTPBuilder::bcf_builder                              0.419 sec   function_total               
LoadTrianglesAndXSL                                  0.000 sec   function_total               
CTPBuilder::collect_msh_format                       0.288 sec   function_total               
CTPBuilder::Run                                      0.072 sec   bcf_collect                  
CTPBuilder::Run                                      0.056 sec   bcf_merge                    
CTPBuilder::build_bcf                                0.006 sec   collect_mega_cv              
CTPBuilder::build_bcf                                0.018 sec   convert_to_mds_function      
CMesh::CalculateCurvatureAndToleranceCriteria        0.037 sec   function_total               
Store_Res_2                                          0.076 sec   function_total               
Freemem_CPT                                          0.013 sec   function_total               
------------------------------------------------------------------------------------------------------------

Mesh generation normally finished at	20.12.2016	14:22:50
Mesher CPU = 1 sec
Mesher is finished at	20.12.2016	14:22:50
