Number of used processors (NPROC): 4.
Number of partitions for one processor (NPART): 4.
Total Physical Memory = 7.96 Gb, Available Physical Memory = 5.50 Gb
Mesh generation started:	19.12.2016	3:35:26
-----------------------------------------------------------------------
Allocating meshes:
	CPU count: 4
	MESH 0:
		Sub-meshes count: 4
-----------------------------------------------------------------------
Current CPU = 0 sec
-----------------------------------------------------------------------
Geometries initialization:

Geometry database loading ...OK
Number of geometries: 2
Geometry(0):
	Fluid..
	1 Body.
	1 Real body.
	Tolerance=1.5e-006.
	14 Face(s).
		14 of b-spline type.
	44 Triangle(s).
	14 Face(s) that have no ref faces
	14 Plane surface(s).
	36 Edge(s).
		36 of b-spline type.
	Geometry reading: 0.002 s.
	14 Reference Face(s).
	44 Reference Triangles.
	GeometryRef reading: 0.000 s.
Geometry(1):
	Solid..
	1 Body.
	1 Real body.
	Tolerance=1.5e-006.
	20 Face(s).
		20 of b-spline type.
	56 Triangle(s).
	0 Face(s) that have no ref faces
	20 Plane surface(s).
	48 Edge(s).
		48 of b-spline type.
	Geometry reading: 0.001 s.
	14 Reference Face(s).
	44 Reference Triangles.
	GeometryRef reading: 0.000 s.
	Making hash and connectivity for geometry 0...
		CBodyGeom:
		Hash size: {13, 9, 14}.
		Mesh size: {13, 9, 14}.
		Hashing triangles...Ok.
		Making triangles connectivity...Ok. (0.000 s).
		Neighbour triangles: 100.00 % (good connect) - 0.00 % (bad connect). Min: 3. Max: 3.
		Done.
		CBodyGeomRef:
		Hashing triangles...Ok.
		Making triangles connectivity...Ok. (0.000 s).
		Neighbour triangles: Min: 1. Max: 3.
		Done.
	0.001 s.
	Making hash and connectivity for geometry 1...
		CBodyGeom:
		Hash size: {13, 9, 14}.
		Mesh size: {13, 9, 14}.
		Hashing triangles...Ok.
		Making triangles connectivity...Ok. (0.000 s).
		Neighbour triangles: 100.00 % (good connect) - 0.00 % (bad connect). Min: 3. Max: 3.
		Done.
		CBodyGeomRef:
		Hashing triangles...Ok.
		Making triangles connectivity...Ok. (0.000 s).
		Neighbour triangles: Min: 1. Max: 3.
		Done.
	0.001 s.
Geometries reading and preparing has taken 0.005 s.

Mapped triangles:
Hashing geometries triangles
	Triangles num=44
	Triangles box={0  ,0.02  ,0  ,0.01  ,0  ,0.02  }
		3d-hash size is 10524 bytes
		Making triangles connectivity...Ok. (0.000 s).
		Neighbour triangles: 100.00 % (good connect) - 0.00 % (bad connect). Min: 3. Max: 3.
	Triangles num=56
	Triangles box={-2.53648e-005  ,0.0253902  ,-1.40641e-005  ,0.0140781  ,-0.00290138  ,0.0235165  }
		3d-hash size is 10524 bytes
		Making triangles connectivity...Ok. (0.000 s).
		Neighbour triangles: 100.00 % (good connect) - 0.00 % (bad connect). Min: 3. Max: 3.
Hashing peculiar surfaces triangles
Mapped triangles processed in 0.002 s.
-----------------------------------------------------------------------

Current CPU = 0 sec
Flow Simulation 2015  x64 / 3058 / MESHER ver. efd_14_1.3058_11.02.2015 

Project: C:\Users\PawlenkoMO\Desktop\SolidWorks_pawl\Rfvftd\Гепарди\marchuk\4\4.xmlconfig
Computer name:	DESKTOP-IP0RCRF
Operating system:	 (Build 9200)

SOLIDWORKS 2015 SP3.0

-----------------------------------------------------------------------
Mesh dimensions:
				I[0 ]=13
				I[1 ]=9
				I[2 ]=14
Solver refinement level	I[47]=0

Comp. domain size:
				a[0  ]=0
				a[1  ]=0.0253648
				a[2  ]=0
				a[3  ]=0.0140641
				a[4  ]=-0.00287502
				a[5  ]=0.0234901
Wall thickness		a[231]=0
Gap size			a[232]=1

Fluid calculated			1
Solid calculated			1
-----------------------------------------------------------------------
MESH: distribute base bricks among sub-meshes...
	Base bricks count               1638
	Sub-meshes  count               4
	Base bricks count per sub-mesh  409 (+2)
	Sub-mesh 0: 409 base brick(s), range [0, 12]-[0, 8]-[0, 3]
	Sub-mesh 1: 409 base brick(s), range [0, 12]-[0, 8]-[3, 6]
	Sub-mesh 2: 409 base brick(s), range [0, 12]-[0, 8]-[6, 10]
	Sub-mesh 3: 411 base brick(s), range [0, 12]-[0, 8]-[10, 13]
-----------------------------------------------------------------------
-----------------------------------------------------------------------
MESH: collecting ghosts in sub-meshes...
	Sub-mesh 0:
		Total  brick(s) 526
		Native brick(s) 409
		Inner  brick(s) 292
		Outer  brick(s) 117
		Ghost  brick(s) 117
	Sub-mesh 1:
		Total  brick(s) 643
		Native brick(s) 409
		Inner  brick(s) 175
		Outer  brick(s) 234
		Ghost  brick(s) 234
	Sub-mesh 2:
		Total  brick(s) 643
		Native brick(s) 409
		Inner  brick(s) 175
		Outer  brick(s) 234
		Ghost  brick(s) 234
	Sub-mesh 3:
		Total  brick(s) 528
		Native brick(s) 411
		Inner  brick(s) 294
		Outer  brick(s) 117
		Ghost  brick(s) 117
	Total brick(s) 1638
-----------------------------------------------------------------------
Setting regions...OK (0.001 s)
Base mesh info------------------
	2D flag  =0
	Period   =[0, 0, 0]
	Nx=13
		x[0]=0
		x[1]=0.00200063
		x[2]=0.00400063
		x[3]=0.00600063
		x[4]=0.00800063
		x[5]=0.0100006
		x[6]=0.0120006
		x[7]=0.0139804
		x[8]=0.0159402
		x[9]=0.0178802
		x[10]=0.0198006
		x[11]=0.021721
		x[12]=0.0235752
		x[13]=0.0253648
	Ny=9
		y[0]=0
		y[1]=0.00166712
		y[2]=0.00333379
		y[3]=0.00500045
		y[4]=0.00666712
		y[5]=0.00830022
		y[6]=0.00990043
		y[7]=0.0115007
		y[8]=0.0128783
		y[9]=0.0140641
	Nz=14
		z[0]=-0.00287502
		z[1]=-0.0010353
		z[2]=0.000803983
		z[3]=0.00264327
		z[4]=0.00448256
		z[5]=0.00632185
		z[6]=0.00816114
		z[7]=0.0100004
		z[8]=0.0118397
		z[9]=0.0137075
		z[10]=0.0156044
		z[11]=0.0175306
		z[12]=0.0194868
		z[13]=0.0214733
		z[14]=0.0234901
End of base mesh info---------
Input_mesh_settings--------------------------------
Settings 0----------------
	Scope: GLOBAL
	Type:	------MESHER_SETTINGS----------
	RefAllCells           =0
	RefFluidCells         =0
	RefPartCells          =0
	RefSolidCells         =0
	l_SSFR(Capture crit)  =1
	l_curv(Curvature crit)=0
	l_tol(Tolerance crit) =0
	UseChannelRef         =1
	  l_NCR               =1
	  N_gap               =5
	  Use d_NCR_min       =0
	  Use d_NCR_max       =0
	--END_OF_MESHER_SETTINGS-------
End of input mesh settings-------------------------

-----------------------------------------------------------------------
Building geometries:
Building geometry Fluid.0.(0)...

-----------------------------------------------------------------------
Refining by triangulation...
Refinement input: 1638 bricks
Setting regions...OK (0.001 s)
Refinement result: 1946 bricks (0.003 s)
Refinement input: 1946 bricks
Refinement result: 1946 bricks (0.001 s)
Collecting and processing rays...OK (0.018 s)
Capturing...OK (0.002 s)
Refining by triangulation takes 0.025 s
-----------------------------------------------------------------------

-----------------------------------------------------------------------
Refining peculiar surfaces...
0 surfaces refined
Refining peculiar surfaces takes 0 s
-----------------------------------------------------------------------
Collecting and processing rays...OK (0.007 s)
Capturing...OK (0.000 s)
Collecting and processing rays...OK (0.007 s)
Capturing...OK (0.000 s)
Collecting and processing rays...OK (0.008 s)
Capturing...OK (0.000 s)

-----------------------------------------------------------------------
Base mesh 1 Refining...
Refinement input: 1946 bricks
Refinement result: 1946 bricks (0.000 s)
Collecting and processing rays...OK (0.008 s)
Capturing...OK (0.000 s)
-----------------------------------------------------------------------
Refining channels...
FYI: CNarrowChannelRefiner::RefineChannels_PRLL: m_submesh_count=4
Refinement input: 1946 bricks
Setting regions...OK (0.003 s)
Refinement result: 2646 bricks (0.007 s)
Collecting and processing rays...OK (0.018 s)
Capturing...OK (0.003 s)
FYI: m_iteration_count = 0
FYI: level1 statistics:
     level1_cnt_plus[1]=800;		level1_cnt_minus[1]=0
     level1_cnt_plus[2]=0;		level1_cnt_minus[2]=0
     level1_cnt_plus[3]=0;		level1_cnt_minus[3]=0
     level1_cnt_plus[4]=0;		level1_cnt_minus[4]=0
     level1_cnt_plus[5]=0;		level1_cnt_minus[5]=0
     level1_cnt_plus[6]=0;		level1_cnt_minus[6]=0
     level1_cnt_plus[7]=0;		level1_cnt_minus[7]=0
     level1_cnt_plus[8]=0;		level1_cnt_minus[8]=0
     level1_cnt_plus[9]=0;		level1_cnt_minus[9]=0
FYI: m_iteration_count = 1
FYI: level1 statistics:
     level1_cnt_plus[1]=800;		level1_cnt_minus[1]=0
     level1_cnt_plus[2]=0;		level1_cnt_minus[2]=0
     level1_cnt_plus[3]=0;		level1_cnt_minus[3]=0
     level1_cnt_plus[4]=0;		level1_cnt_minus[4]=0
     level1_cnt_plus[5]=0;		level1_cnt_minus[5]=0
     level1_cnt_plus[6]=0;		level1_cnt_minus[6]=0
     level1_cnt_plus[7]=0;		level1_cnt_minus[7]=0
     level1_cnt_plus[8]=0;		level1_cnt_minus[8]=0
     level1_cnt_plus[9]=0;		level1_cnt_minus[9]=0
FYI: level1 statistics:
     level1_cnt_plus[1]=800;		level1_cnt_minus[1]=0
     level1_cnt_plus[2]=0;		level1_cnt_minus[2]=0
     level1_cnt_plus[3]=0;		level1_cnt_minus[3]=0
     level1_cnt_plus[4]=0;		level1_cnt_minus[4]=0
     level1_cnt_plus[5]=0;		level1_cnt_minus[5]=0
     level1_cnt_plus[6]=0;		level1_cnt_minus[6]=0
     level1_cnt_plus[7]=0;		level1_cnt_minus[7]=0
     level1_cnt_plus[8]=0;		level1_cnt_minus[8]=0
     level1_cnt_plus[9]=0;		level1_cnt_minus[9]=0
	CNarrowChannelRefiner::ChannelsResolution            function_total                0      = 0.0481454 sec

-----------------------------------------------------------------------
U-shapes refinement...
Refinement input: 2646 bricks
Refinement result: 2646 bricks (0.005 s)
Collecting and processing rays...OK (0.011 s)
Capturing...OK (0.000 s)
-----------------------------------------------------------------------
Building geometry takes 0.128 s
Geometry Fluid.0.
Total		2646
Partial	1028
Fluid		1438
Solid		180
Bad		0

/-Ray Intersection---------------/ Time	0.003 s
Calls			882
CorrectRay Calls	0


Building geometry Solid.1.(1)...

-----------------------------------------------------------------------
Refining by triangulation...
Refinement input: 2646 bricks
Refinement result: 2646 bricks (0.003 s)
Refinement input: 2646 bricks
Refinement result: 2646 bricks (0.002 s)
Collecting and processing rays...OK (0.033 s)
Capturing...OK (0.004 s)
Refining by triangulation takes 0.043 s
-----------------------------------------------------------------------
Collecting and processing rays...OK (0.002 s)
Capturing...OK (0.000 s)
Collecting and processing rays...OK (0.011 s)
Capturing...OK (0.000 s)

-----------------------------------------------------------------------
Base mesh 1 Refining...
Refinement input: 2646 bricks
Refinement result: 2646 bricks (0.002 s)
Collecting and processing rays...OK (0.011 s)
Capturing...OK (0.000 s)
-----------------------------------------------------------------------
Building geometry takes 0.099 s
Geometry Solid.1.
Total		2646
Partial	1028
Fluid		180
Solid		1438
Bad		0

/-Ray Intersection---------------/ Time	0.003 s
Calls			882
CorrectRay Calls	0


Building geometries takes 0.229 s
-----------------------------------------------------------------------

-----------------------------------------------------------------------
PostBuilding geometries:
PostBuilding geometry Fluid.0.(0)...
Collecting and processing rays...OK (0.011 s)
Capturing...OK (0.000 s)
PostBuilding geometry takes 0.017 s
Geometry Fluid.0.
Total		2646
Partial	1028
Fluid		1438
Solid		180
Bad		0
PostBuilding geometries takes 0.021 s
-----------------------------------------------------------------------
Defect ray count	0
FYI: CNarrowChannelRefiner::RedistributeLevel1_step_1: is finished
FYI: level1 statistics:
     level1_cnt_plus[1]=800;		level1_cnt_minus[1]=0
     level1_cnt_plus[2]=0;		level1_cnt_minus[2]=0
     level1_cnt_plus[3]=0;		level1_cnt_minus[3]=0
     level1_cnt_plus[4]=0;		level1_cnt_minus[4]=0
     level1_cnt_plus[5]=0;		level1_cnt_minus[5]=0
     level1_cnt_plus[6]=0;		level1_cnt_minus[6]=0
     level1_cnt_plus[7]=0;		level1_cnt_minus[7]=0
     level1_cnt_plus[8]=0;		level1_cnt_minus[8]=0
     level1_cnt_plus[9]=0;		level1_cnt_minus[9]=0
FYI: CNarrowChannelRefiner::RedistributeLevel1_step_2: is started
FYI: CNarrowChannelRefiner::RedistributeLevel1_step_2: is finished
FYI: level1 statistics:
     level1_cnt_plus[1]=800;		level1_cnt_minus[1]=0
     level1_cnt_plus[2]=0;		level1_cnt_minus[2]=0
     level1_cnt_plus[3]=0;		level1_cnt_minus[3]=0
     level1_cnt_plus[4]=0;		level1_cnt_minus[4]=0
     level1_cnt_plus[5]=0;		level1_cnt_minus[5]=0
     level1_cnt_plus[6]=0;		level1_cnt_minus[6]=0
     level1_cnt_plus[7]=0;		level1_cnt_minus[7]=0
     level1_cnt_plus[8]=0;		level1_cnt_minus[8]=0
     level1_cnt_plus[9]=0;		level1_cnt_minus[9]=0
FYI: CNarrowChannelRefiner::RedistributeLevel1_step_3: is started
FYI: CNarrowChannelRefiner::RedistributeLevel1_step_3: is finished
RedistributeLevel1 takes:
	CNarrowChannelRefiner::RedistributeLevel1            function_total                0      = 0.0269262 sec
FYI: level1 statistics:
     level1_cnt_plus[1]=800;		level1_cnt_minus[1]=352
     level1_cnt_plus[2]=0;		level1_cnt_minus[2]=0
     level1_cnt_plus[3]=0;		level1_cnt_minus[3]=0
     level1_cnt_plus[4]=0;		level1_cnt_minus[4]=0
     level1_cnt_plus[5]=0;		level1_cnt_minus[5]=0
     level1_cnt_plus[6]=0;		level1_cnt_minus[6]=0
     level1_cnt_plus[7]=0;		level1_cnt_minus[7]=0
     level1_cnt_plus[8]=0;		level1_cnt_minus[8]=0
     level1_cnt_plus[9]=0;		level1_cnt_minus[9]=0
-----------------------------------------------------------------------
BCF-Builder Iteration: 0
Memory Working Set Current = 16.75 Mb, Memory Working Set Peak = 17.07 Mb
Loading geometries triangulation & x-stacks...OK
	Sub-mesh 0:
		Total  brick(s) 778
		Native brick(s) 619
		Inner  brick(s) 466
		Outer  brick(s) 153
		Ghost  brick(s) 159
	Sub-mesh 1:
		Total  brick(s) 1009
		Native brick(s) 703
		Inner  brick(s) 391
		Outer  brick(s) 312
		Ghost  brick(s) 306
	Sub-mesh 2:
		Total  brick(s) 1013
		Native brick(s) 703
		Inner  brick(s) 397
		Outer  brick(s) 306
		Ghost  brick(s) 310
	Sub-mesh 3:
		Total  brick(s) 774
		Native brick(s) 621
		Inner  brick(s) 464
		Outer  brick(s) 157
		Ghost  brick(s) 153
	Total brick(s) 2646

-----------------------------------------------------------------------
MSH (Real Geometry) format constructor:
Getting submesh brick sets...OK (0.001 s)
Level 1
	Inner time 0.204 s
	Outer Time 0.087 s
	Level Time 0.291 s
Level 0
	Inner time 0.050 s
	Outer Time 0.035 s
	Level Time 0.087 s

Brick parser time info:
	0.333 s - time_Run
		0.030 s - time_ConstructPoints
			0.019 s - time_ConstructPointsAddFind2
		0.031 s - time_ConstructPointsAndConnectsFromNb
		0.003 s - time_AddRibConnects
		0.047 s - time_ConstructBrickFacets
			0.016 s - time_CalculateQpoints
				0.007 s - time_AddFacetPoint_GetFacesQpoint
					0.000 s - time_GetFacesQpoint_UShaped
						0.000 s - time_GetFacesQpoint2
					0.000 s - time_GetFacesQpoint_AddEdgesToList
					0.006 s - time_Edge_GetClosestPointOn
					0.000 s - time_Edge_NewtonMethod
					0.000 s - time_GetFacesQpoint_ManyFinds
				0.005 s - time_AddFacetPoint_AddQPoint
					0.007 s - time_PointReverseEvaluate
				0.003 s - time_AddFacetPoint_AddFind2
		0.000 s - time_RemoveOddConnects
		0.010 s - time_TestConnectivity
		0.000 s - time_ValidateXeps
		0.012 s - time_ConstructFaceAs
		0.000 s - time_ConstructCvs
		0.004 s - time_ConstructFaceWs
		0.004 s - time_RealGeomAddQPoints
		0.001 s - time_RealGeomAddNewFaces
		0.000 s - time_RealGeomInitOppositeGeomFaceInd
		0.004 s - time_RealGeomApproxCurveFaces
		0.000 s - time_Enum1
		0.000 s - time_Enum2
		0.000 s - time_RealGeomCheckInvalidConnects
		0.141 s - time_RealGeomParameters
			0.117 s - time_CalculateParametersOfCv
			0.021 s - time_CalculateParametersOfFace
				0.016 s - time_CalculateRR
				0.004 s - time_CalculateRefFaceData
				0.000 s - time_CalculateLambdaProjection
			0.003 s - time_SetFacesOrientation
Result:
	Bricks number:                        2646

	Memory usage:                         0.521 MB
	Memory usage (per brick):             0.202 KB
	Construction time:                    0.409 s

	Topology features:
	------------------
	- Successfully captured bricks        100.00 % (2646)
	- Normally captured bricks              0.00 % (0)
	- Badly captured bricks                 0.00 % (0)
	- Ribs corrected bricks                 0.00 % (0)
	- Points with geom-info (bricks)        0.00 % (0)
	- Points with closest-info (bricks)     0.00 % (0)
	- Triangulated by center (bricks)       0.00 % (0)
	- Facet w-faces mergings (bricks)       0.00 % (0)
	- To refine (bricks)                    0.00 % (0)

Memory Working Set Current = 18.44 Mb, Memory Working Set Peak = 26.36 Mb
-----------------------------------------------------------------------
-----------------------------------------------------------------------
MSH --> BCF format (Iteration 0)...
BCF collector...
	(0) Bcf collect time 0.015 s (1033 avs, 349 fws)
	(3) Bcf collect time 0.019 s (1022 avs, 342 fws)
	(1) Bcf collect time 0.025 s (1423 avs, 492 fws)
	(2) Bcf collect time 0.020 s (1432 avs, 497 fws)
	(2) Remove defect cvs time 0.000 s
	(1) Remove defect cvs time 0.000 s
	(3) Remove defect cvs time 0.000 s
	(0) Remove defect cvs time 0.001 s
Defect subdomain detector...
		1 subdomain(s) of gi=0 (real bodies = 1).
			Subdomain 0: 2466 av
		Get real subdoms time 0.000 s
		Mark defect subdomains by closed av...
		Mark by closed av time 0.000 s
		Mark defect subdomains by real bodies...
		0 defect subdomain(s) of gi=0.
		1 subdomain(s) of gi=1 (real bodies = 1).
			Subdomain 0: 1208 av
		Get real subdoms time 0.000 s
		Mark defect subdomains by real bodies...
		0 defect subdomain(s) of gi=1.
	(1) Remove defect subdoms time 0.001 s
	(0) Remove defect subdoms time 0.001 s
	(2) Remove defect subdoms time 0.001 s
	(3) Remove defect subdoms time 0.001 s
Sub-mesh 0. NB-faces collector & conservator...
		Total                    0
		For bb-faces             0
Sub-mesh 1. NB-faces collector & conservator...
		Total                    0
		For bb-faces             0
Sub-mesh 2. NB-faces collector & conservator...
		Total                    0
		For bb-faces             0
Sub-mesh 3. NB-faces collector & conservator...
		Total                    0
		For bb-faces             0
	(3) Bcf calc time 0.002 s
	(0) Bcf calc time 0.002 s
	(1) Bcf calc time 0.003 s
	(2) Bcf calc time 0.002 s
Sub-mesh 0. FACE_W optimizer...
		Before optimization      960
		        fs               349
		        ff               0
		        ss               0
		After optimization       960
		        fs               349
		        ff               0
		        ss               0
Sub-mesh 1. FACE_W optimizer...
		Before optimization      1278
		        fs               492
		        ff               0
		        ss               0
		After optimization       1278
		        fs               492
		        ff               0
		        ss               0
Sub-mesh 2. FACE_W optimizer...
		Before optimization      1295
		        fs               497
		        ff               0
		        ss               0
		After optimization       1295
		        fs               497
		        ff               0
		        ss               0
Sub-mesh 3. FACE_W optimizer...
		Before optimization      946
		        fs               342
		        ff               0
		        ss               0
		After optimization       946
		        fs               342
		        ff               0
		        ss               0
-----------------------------------------------------------------------
-----------------------------------------------------------------------
Merging BCF...
Merging bricks trees...OK (0.00 s)
Merging av data...OK (0.00 s)
Merging a-faces data (fluid)...
	New a-face count   7039
	Bound a-face count 448 (6.36 %)
Merging a-faces data takes 0.00 s
Merging a-faces data (solid)...
	New a-face count   3072
	Bound a-face count 202 (6.58 %)
Merging a-faces data takes 0.00 s
Merging w-faces data...
	New w-face count   2212
	Bound w-face count 0 (0.00 %)
	Need fw-nb         1300 (58.77 %)
Merging w-faces data takes 0.01 s
Merging BCF takes (0.02 s)
-----------------------------------------------------------------------

-----------------------------------------------------------------------
Geometrical diagonal nb-faces collector (cpu_num=4)...
	Time=0.009s.
-----------------------------------------------------------------------
Fluid Subdom Constructor: 1 subdom(s).
	Remove nb-fw from diff subdomains (fs)...
		Diff subdomains cases         0

-----------------------------------------------------------------------
BCF CHECKSUM DATA (Mesh 0):

FACE_A Area Sum:   G.Fluid        0.0131025519118022
FACE_A Area Sum:   G.Solid        0.0027792903282344
FACE_W Area Sum:                  0.0039605634233368
FACE_W Nb   Sum:                  17022
FACE_W min curvatures sum:        -0.00000000
FACE_W max curvatures sum:        0.00000000
AV Max Disbalance: G.Fluid        7.20227e-016 (cid=2453, avid=2273)
AV Max Disbalance: G.Solid        1.5859e-015 (cid=2453, avid=3664)
BRICK-AV Volume Disbalance:       1.66043e-015 (cid=1632)
-----------------------------------------------------------------------


-----------------------------------------------------------------------
MESHER TOPOLOGY DATA (Mesh 0):

BRICKS: Total                 2646
BRICKS: 1-CV                  1618
BRICKS: 2-CV                  1028
BRICKS: Bad                   0

AV:     G.Total               3674
AV:     G.Fluid               2466
AV:     G.Solid               1208

AV:     G.Fluid Thin Profile    0.00 % (0)
AV:     G.Solid Thin Profile    0.00 % (0)

AV:     G.Fluid Thin For Mega   0.00 % (0)
AV:     G.Solid Thin For Mega   0.00 % (0)

AV:     G.Fluid Non-Convex      7.70 % (190)
AV:     G.Solid Non-Convex      7.28 % (88)

FACE_A: G.Fluid          (af) 7039 (partially opened 2061)
FACE_A: G.Solid          (as) 3072 (partially opened 2061)

FACE_W: G.Total                 2212        Brick/Bound
FACE_W: G.Fluid/Solid    (fs_g) 1316        0           
FACE_W: G.Fluid/Fluid    (ff_g) 0           0           
FACE_W: G.Solid/Solid    (ss_g) 0           0           
FACE_W: G.Fluid/External (fe_g) 740
FACE_W: G.Solid/External (se_g) 156

AV max fa count:                9
AV max fw count:                3
AV max fw poly count:           3

MEMORY: Total                   1.344 MB
MEMORY: Per Brick               0.520 KB
-----------------------------------------------------------------------

-----------------------------------------------------------------------
Mega-cv constructor for fluid...
	 0 av's is treated as thin
Relative size generator (threshold = 0.05)...OK
	 0 mega-cv's generated
	 0 mega-cv's removed
Convert clusters:
	 0 mega-cv's total
-----------------------------------------------------------------------
-----------------------------------------------------------------------
Mega-cv constructor for solid...
-----------------------------------------------------------------------
Mixing plane rotation regions: NO.
Sliding mesh rotation regions: NO.
Fluid/fluid faces: NO.
Current CPU = 1 sec

Nx=13
Ny=9
Nz=14
Max_RL=1
12. Saving initial mesh in: C:\Users\PawlenkoMO\Desktop\SolidWorks_pawl\Rfvftd\Гепарди\marchuk\4\4.fld .
Storing results...
Estimated CPT size=0.636 MB.
OK
Memory Working Set Current = 23.16 Mb, Memory Working Set Peak = 26.36 Mb
Cleaning memory...
Free Geometry DB takes 0.001 s
Copying... OK

------------------------------------------------------------------------------------------------------------
CPU report:
Function                                             CPU           descriptor                    nproc     
------------------------------------------------------------------------------------------------------------
GetGeometryFromSW                                    0.014 sec   function_total               
GetGeometryFromSW                                    0.003 sec   InitGeometryTriangles        
CMesh::PrepareMappedTriangles                        0.002 sec   function_total               
SwapGeometries                                       0.022 sec   function_total               
SwapGeometries                                       0.000 sec   function_total               
SwapGeometries                                       0.000 sec   function_total               
SwapGeometries                                       0.000 sec   function_total               
CMesh::PreBuild                                      0.005 sec   function_total               
SetBrickRegion                                       0.006 sec   function_total               
CMesh::Build                                         0.253 sec   function_total               
CMesh::BuildGeometry                                 0.226 sec   function_total               
ActivateAllCellsParameters                           0.013 sec   function_total               
RefineByTriangles                                    0.067 sec   function_total               
CaptureRefined                                       0.184 sec   function_total               
GetMultiRaysIntersections                            0.017 sec   full                         
CRayCollector::CorrectRays2                          0.119 sec   full                         
CRayCollector::CorrectRays2                          0.054 sec   collect_undefined            
CRayCollector::CorrectRays2                          0.060 sec   stage_2                      
RefinePeculiarSurfaces                               0.009 sec   function_total               
CNarrowChannelRefiner::ChannelsResolution            0.048 sec   function_total               
CNarrowChannelRefiner::RefineChannels_PRLL           0.048 sec   function_total               
CNarrowChannelRefiner::GetMainNormals                0.003 sec   function_total               
CNarrowChannelRefiner::GetMainNormals                0.003 sec   function_total               
CNarrowChannelRefiner::GetMainNormals                0.003 sec   function_total               
CNarrowChannelRefiner::GetMainNormals                0.002 sec   function_total               
CNarrowChannelRefiner::facade_bricks_of_brick_dirv   0.001 sec   function_total               
CNarrowChannelRefiner::facade_bricks_of_brick_dirv   0.002 sec   function_total               
CNarrowChannelRefiner::facade_bricks_of_brick_dirv   0.002 sec   function_total               
CNarrowChannelRefiner::facade_bricks_of_brick_dirv   0.001 sec   function_total               
CNarrowChannelRefiner::next_brick_on_ray             0.001 sec   function_total               
CNarrowChannelRefiner::next_brick_on_ray             0.002 sec   function_total               
CNarrowChannelRefiner::next_brick_on_ray             0.001 sec   function_total               
CNarrowChannelRefiner::next_brick_on_ray             0.001 sec   function_total               
CNarrowChannelRefiner::RefineChannels_PRLL           0.031 sec   NCR_execute_refinement       
PostCaptureGeometry                                  0.016 sec   function_total               
CNarrowChannelRefiner::RedistributeLevel1            0.028 sec   function_total               
CTPBuilder::build_bcf                                0.503 sec   function_total               
CTPBuilder::bcf_builder                              0.497 sec   function_total               
LoadTrianglesAndXSL                                  0.004 sec   function_total               
CTPBuilder::collect_msh_format                       0.410 sec   function_total               
CTPBuilder::Run                                      0.044 sec   bcf_collect                  
CTPBuilder::Run                                      0.034 sec   bcf_merge                    
CTPBuilder::build_bcf                                0.004 sec   collect_mega_cv              
Store_Res_2                                          0.039 sec   function_total               
Freemem_CPT                                          0.013 sec   function_total               
------------------------------------------------------------------------------------------------------------

Mesh generation normally finished at	19.12.2016	3:35:27
Mesher CPU = 1 sec
Mesher is finished at	19.12.2016	3:35:27
