Number of used processors (NPROC): 4.
Number of partitions for one processor (NPART): 4.
Total Physical Memory = 7.96 Gb, Available Physical Memory = 5.56 Gb
Mesh generation started:	19.12.2016	3:24:33
-----------------------------------------------------------------------
Allocating meshes:
	CPU count: 4
	MESH 0:
		Sub-meshes count: 4
-----------------------------------------------------------------------
Current CPU = 0 sec
-----------------------------------------------------------------------
Geometries initialization:

Geometry database loading ...OK
Number of geometries: 2
Geometry(0):
	Fluid..
	1 Body.
	1 Real body.
	Tolerance=1.5e-006.
	14 Face(s).
		14 of b-spline type.
	44 Triangle(s).
	14 Face(s) that have no ref faces
	14 Plane surface(s).
	36 Edge(s).
		36 of b-spline type.
	Geometry reading: 0.001 s.
	14 Reference Face(s).
	44 Reference Triangles.
	GeometryRef reading: 0.000 s.
Geometry(1):
	Solid..
	1 Body.
	1 Real body.
	Tolerance=1.5e-006.
	20 Face(s).
		20 of b-spline type.
	56 Triangle(s).
	0 Face(s) that have no ref faces
	20 Plane surface(s).
	48 Edge(s).
		48 of b-spline type.
	Geometry reading: 0.001 s.
	14 Reference Face(s).
	44 Reference Triangles.
	GeometryRef reading: 0.000 s.
	Making hash and connectivity for geometry 0...
		CBodyGeom:
		Hash size: {18, 8, 18}.
		Mesh size: {18, 8, 18}.
		Hashing triangles...Ok.
		Making triangles connectivity...Ok. (0.000 s).
		Neighbour triangles: 100.00 % (good connect) - 0.00 % (bad connect). Min: 3. Max: 3.
		Done.
		CBodyGeomRef:
		Hashing triangles...Ok.
		Making triangles connectivity...Ok. (0.000 s).
		Neighbour triangles: Min: 1. Max: 3.
		Done.
	0.001 s.
	Making hash and connectivity for geometry 1...
		CBodyGeom:
		Hash size: {18, 8, 18}.
		Mesh size: {18, 8, 18}.
		Hashing triangles...Ok.
		Making triangles connectivity...Ok. (0.000 s).
		Neighbour triangles: 100.00 % (good connect) - 0.00 % (bad connect). Min: 3. Max: 3.
		Done.
		CBodyGeomRef:
		Hashing triangles...Ok.
		Making triangles connectivity...Ok. (0.000 s).
		Neighbour triangles: Min: 1. Max: 3.
		Done.
	0.001 s.
Geometries reading and preparing has taken 0.005 s.

Mapped triangles:
Hashing geometries triangles
	Triangles num=44
	Triangles box={0  ,0.02  ,0  ,0.01  ,0  ,0.02  }
		3d-hash size is 14460 bytes
		Making triangles connectivity...Ok. (0.000 s).
		Neighbour triangles: 100.00 % (good connect) - 0.00 % (bad connect). Min: 3. Max: 3.
	Triangles num=56
	Triangles box={-0.00726437  ,0.0260555  ,-0.00412752  ,0.0143889  ,-0.00783007  ,0.0249223  }
		3d-hash size is 14460 bytes
		Making triangles connectivity...Ok. (0.000 s).
		Neighbour triangles: 100.00 % (good connect) - 0.00 % (bad connect). Min: 3. Max: 3.
Hashing peculiar surfaces triangles
Mapped triangles processed in 0.002 s.
-----------------------------------------------------------------------

Current CPU = 0 sec
Flow Simulation 2015  x64 / 3058 / MESHER ver. efd_14_1.3058_11.02.2015 

Project: C:\Users\PawlenkoMO\Desktop\SolidWorks_pawl\Rfvftd\Гепарди\marchuk\3\3.xmlconfig
Computer name:	DESKTOP-IP0RCRF
Operating system:	 (Build 9200)

SOLIDWORKS 2015 SP3.0

-----------------------------------------------------------------------
Mesh dimensions:
				I[0 ]=18
				I[1 ]=8
				I[2 ]=18
Solver refinement level	I[47]=0

Comp. domain size:
				a[0  ]=-0.00723112
				a[1  ]=0.0260223
				a[2  ]=-0.00410904
				a[3  ]=0.0143704
				a[4  ]=-0.00779738
				a[5  ]=0.0248896
Wall thickness		a[231]=0
Gap size			a[232]=1

Fluid calculated			1
Solid calculated			1
-----------------------------------------------------------------------
MESH: distribute base bricks among sub-meshes...
	Base bricks count               2592
	Sub-meshes  count               4
	Base bricks count per sub-mesh  648 (+0)
	Sub-mesh 0: 648 base brick(s), range [0, 4]-[0, 7]-[0, 17]
	Sub-mesh 1: 648 base brick(s), range [4, 8]-[0, 7]-[0, 17]
	Sub-mesh 2: 648 base brick(s), range [9, 13]-[0, 7]-[0, 17]
	Sub-mesh 3: 648 base brick(s), range [13, 17]-[0, 7]-[0, 17]
-----------------------------------------------------------------------
-----------------------------------------------------------------------
MESH: collecting ghosts in sub-meshes...
	Sub-mesh 0:
		Total  brick(s) 792
		Native brick(s) 648
		Inner  brick(s) 504
		Outer  brick(s) 144
		Ghost  brick(s) 144
	Sub-mesh 1:
		Total  brick(s) 936
		Native brick(s) 648
		Inner  brick(s) 360
		Outer  brick(s) 288
		Ghost  brick(s) 288
	Sub-mesh 2:
		Total  brick(s) 936
		Native brick(s) 648
		Inner  brick(s) 360
		Outer  brick(s) 288
		Ghost  brick(s) 288
	Sub-mesh 3:
		Total  brick(s) 792
		Native brick(s) 648
		Inner  brick(s) 504
		Outer  brick(s) 144
		Ghost  brick(s) 144
	Total brick(s) 2592
-----------------------------------------------------------------------
Setting regions...OK (0.001 s)
Base mesh info------------------
	2D flag  =0
	Period   =[0, 0, 0]
	Nx=18
		x[0]=-0.00723112
		x[1]=-0.00505624
		x[2]=-0.00310834
		x[3]=-0.00136313
		x[4]=0.000200491
		x[5]=0.00176417
		x[6]=0.00335508
		x[7]=0.00497368
		x[8]=0.00662046
		x[9]=0.00829592
		x[10]=0.0100005
		x[11]=0.0117051
		x[12]=0.0135289
		x[13]=0.01548
		x[14]=0.0175674
		x[15]=0.0198007
		x[16]=0.0220339
		x[17]=0.024104
		x[18]=0.0260223
	Ny=8
		y[0]=-0.00410904
		y[1]=-0.00228894
		y[2]=0.000100649
		y[3]=0.00249008
		y[4]=0.00500068
		y[5]=0.00751125
		y[6]=0.00990065
		y[7]=0.0122901
		y[8]=0.0143704
	Nz=18
		z[0]=-0.00779738
		z[1]=-0.0057169
		z[2]=-0.00378813
		z[3]=-0.00199959
		z[4]=-0.00021101
		z[5]=0.00155221
		z[6]=0.00329043
		z[7]=0.00500401
		z[8]=0.0066933
		z[9]=0.00835864
		z[10]=0.0100004
		z[11]=0.0116421
		z[12]=0.0133422
		z[13]=0.0151028
		z[14]=0.0169259
		z[15]=0.0188139
		z[16]=0.020769
		z[17]=0.0227935
		z[18]=0.0248896
End of base mesh info---------
Input_mesh_settings--------------------------------
Settings 0----------------
	Scope: GLOBAL
	Type:	------MESHER_SETTINGS----------
	RefAllCells           =0
	RefFluidCells         =0
	RefPartCells          =0
	RefSolidCells         =0
	l_SSFR(Capture crit)  =1
	l_curv(Curvature crit)=0
	l_tol(Tolerance crit) =0
	UseChannelRef         =1
	  l_NCR               =1
	  N_gap               =5
	  Use d_NCR_min       =0
	  Use d_NCR_max       =0
	--END_OF_MESHER_SETTINGS-------
End of input mesh settings-------------------------

-----------------------------------------------------------------------
Building geometries:
Building geometry Fluid.0.(0)...

-----------------------------------------------------------------------
Refining by triangulation...
Refinement input: 2592 bricks
Refinement result: 2592 bricks (0.000 s)
Refinement input: 2592 bricks
Refinement result: 2592 bricks (0.001 s)
Collecting and processing rays...OK (0.019 s)
Capturing...OK (0.002 s)
Refining by triangulation takes 0.023 s
-----------------------------------------------------------------------

-----------------------------------------------------------------------
Refining peculiar surfaces...
0 surfaces refined
Refining peculiar surfaces takes 0 s
-----------------------------------------------------------------------
Collecting and processing rays...OK (0.009 s)
Capturing...OK (0.000 s)
Collecting and processing rays...OK (0.008 s)
Capturing...OK (0.000 s)
Collecting and processing rays...OK (0.003 s)
Capturing...OK (0.001 s)

-----------------------------------------------------------------------
Base mesh 1 Refining...
Refinement input: 2592 bricks
Refinement result: 2592 bricks (0.005 s)
Collecting and processing rays...OK (0.008 s)
Capturing...OK (0.000 s)
-----------------------------------------------------------------------
Refining channels...
FYI: CNarrowChannelRefiner::RefineChannels_PRLL: m_submesh_count=4
FYI: m_iteration_count = 0
FYI: level1 statistics:
     level1_cnt_plus[1]=0;		level1_cnt_minus[1]=0
     level1_cnt_plus[2]=0;		level1_cnt_minus[2]=0
     level1_cnt_plus[3]=0;		level1_cnt_minus[3]=0
     level1_cnt_plus[4]=0;		level1_cnt_minus[4]=0
     level1_cnt_plus[5]=0;		level1_cnt_minus[5]=0
     level1_cnt_plus[6]=0;		level1_cnt_minus[6]=0
     level1_cnt_plus[7]=0;		level1_cnt_minus[7]=0
     level1_cnt_plus[8]=0;		level1_cnt_minus[8]=0
     level1_cnt_plus[9]=0;		level1_cnt_minus[9]=0
FYI: level1 statistics:
     level1_cnt_plus[1]=0;		level1_cnt_minus[1]=0
     level1_cnt_plus[2]=0;		level1_cnt_minus[2]=0
     level1_cnt_plus[3]=0;		level1_cnt_minus[3]=0
     level1_cnt_plus[4]=0;		level1_cnt_minus[4]=0
     level1_cnt_plus[5]=0;		level1_cnt_minus[5]=0
     level1_cnt_plus[6]=0;		level1_cnt_minus[6]=0
     level1_cnt_plus[7]=0;		level1_cnt_minus[7]=0
     level1_cnt_plus[8]=0;		level1_cnt_minus[8]=0
     level1_cnt_plus[9]=0;		level1_cnt_minus[9]=0
	CNarrowChannelRefiner::ChannelsResolution            function_total                0      = 0.00415957 sec

-----------------------------------------------------------------------
U-shapes refinement...
Refinement input: 2592 bricks
Refinement result: 2592 bricks (0.002 s)
Collecting and processing rays...OK (0.008 s)
Capturing...OK (0.001 s)
-----------------------------------------------------------------------
Building geometry takes 0.075 s
Geometry Fluid.0.
Total		2592
Partial	502
Fluid		1980
Solid		110
Bad		0

/-Ray Intersection---------------/ Time	0.001 s
Calls			703
CorrectRay Calls	0


Building geometry Solid.1.(1)...

-----------------------------------------------------------------------
Refining by triangulation...
Refinement input: 2592 bricks
Refinement result: 2592 bricks (0.001 s)
Refinement input: 2592 bricks
Refinement result: 2592 bricks (0.001 s)
Collecting and processing rays...OK (0.019 s)
Capturing...OK (0.002 s)
Refining by triangulation takes 0.023 s
-----------------------------------------------------------------------
Collecting and processing rays...OK (0.008 s)
Capturing...OK (0.000 s)
Collecting and processing rays...OK (0.007 s)
Capturing...OK (0.000 s)

-----------------------------------------------------------------------
Base mesh 1 Refining...
Refinement input: 2592 bricks
Refinement result: 2592 bricks (0.001 s)
Collecting and processing rays...OK (0.009 s)
Capturing...OK (0.000 s)
-----------------------------------------------------------------------
Building geometry takes 0.05 s
Geometry Solid.1.
Total		2592
Partial	502
Fluid		110
Solid		1980
Bad		0

/-Ray Intersection---------------/ Time	0.002 s
Calls			703
CorrectRay Calls	0


Building geometries takes 0.127 s
-----------------------------------------------------------------------

-----------------------------------------------------------------------
PostBuilding geometries:
PostBuilding geometry Fluid.0.(0)...
Collecting and processing rays...OK (0.007 s)
Capturing...OK (0.000 s)
PostBuilding geometry takes 0.01 s
Geometry Fluid.0.
Total		2592
Partial	502
Fluid		1980
Solid		110
Bad		0
PostBuilding geometries takes 0.012 s
-----------------------------------------------------------------------
Defect ray count	0
FYI: CNarrowChannelRefiner::RedistributeLevel1_step_1: is finished
FYI: level1 statistics:
     level1_cnt_plus[1]=0;		level1_cnt_minus[1]=0
     level1_cnt_plus[2]=0;		level1_cnt_minus[2]=0
     level1_cnt_plus[3]=0;		level1_cnt_minus[3]=0
     level1_cnt_plus[4]=0;		level1_cnt_minus[4]=0
     level1_cnt_plus[5]=0;		level1_cnt_minus[5]=0
     level1_cnt_plus[6]=0;		level1_cnt_minus[6]=0
     level1_cnt_plus[7]=0;		level1_cnt_minus[7]=0
     level1_cnt_plus[8]=0;		level1_cnt_minus[8]=0
     level1_cnt_plus[9]=0;		level1_cnt_minus[9]=0
FYI: CNarrowChannelRefiner::RedistributeLevel1_step_2: is started
FYI: CNarrowChannelRefiner::RedistributeLevel1_step_2: is finished
FYI: level1 statistics:
     level1_cnt_plus[1]=0;		level1_cnt_minus[1]=0
     level1_cnt_plus[2]=0;		level1_cnt_minus[2]=0
     level1_cnt_plus[3]=0;		level1_cnt_minus[3]=0
     level1_cnt_plus[4]=0;		level1_cnt_minus[4]=0
     level1_cnt_plus[5]=0;		level1_cnt_minus[5]=0
     level1_cnt_plus[6]=0;		level1_cnt_minus[6]=0
     level1_cnt_plus[7]=0;		level1_cnt_minus[7]=0
     level1_cnt_plus[8]=0;		level1_cnt_minus[8]=0
     level1_cnt_plus[9]=0;		level1_cnt_minus[9]=0
FYI: CNarrowChannelRefiner::RedistributeLevel1_step_3: is started
FYI: CNarrowChannelRefiner::RedistributeLevel1_step_3: is finished
RedistributeLevel1 takes:
	CNarrowChannelRefiner::RedistributeLevel1            function_total                0      = 0.00536368 sec
FYI: level1 statistics:
     level1_cnt_plus[1]=0;		level1_cnt_minus[1]=0
     level1_cnt_plus[2]=0;		level1_cnt_minus[2]=0
     level1_cnt_plus[3]=0;		level1_cnt_minus[3]=0
     level1_cnt_plus[4]=0;		level1_cnt_minus[4]=0
     level1_cnt_plus[5]=0;		level1_cnt_minus[5]=0
     level1_cnt_plus[6]=0;		level1_cnt_minus[6]=0
     level1_cnt_plus[7]=0;		level1_cnt_minus[7]=0
     level1_cnt_plus[8]=0;		level1_cnt_minus[8]=0
     level1_cnt_plus[9]=0;		level1_cnt_minus[9]=0
-----------------------------------------------------------------------
BCF-Builder Iteration: 0
Memory Working Set Current = 16.68 Mb, Memory Working Set Peak = 16.68 Mb
Loading geometries triangulation & x-stacks...OK
	Sub-mesh 0:
		Total  brick(s) 792
		Native brick(s) 648
		Inner  brick(s) 504
		Outer  brick(s) 144
		Ghost  brick(s) 144
	Sub-mesh 1:
		Total  brick(s) 936
		Native brick(s) 648
		Inner  brick(s) 360
		Outer  brick(s) 288
		Ghost  brick(s) 288
	Sub-mesh 2:
		Total  brick(s) 936
		Native brick(s) 648
		Inner  brick(s) 360
		Outer  brick(s) 288
		Ghost  brick(s) 288
	Sub-mesh 3:
		Total  brick(s) 792
		Native brick(s) 648
		Inner  brick(s) 504
		Outer  brick(s) 144
		Ghost  brick(s) 144
	Total brick(s) 2592

-----------------------------------------------------------------------
MSH (Real Geometry) format constructor:
Getting submesh brick sets...OK (0.000 s)
Level 1
	Inner time 0.000 s
	Outer Time 0.001 s
	Level Time 0.001 s
Level 0
	Inner time 0.064 s
	Outer Time 0.077 s
	Level Time 0.141 s

Brick parser time info:
	0.189 s - time_Run
		0.007 s - time_ConstructPoints
			0.005 s - time_ConstructPointsAddFind2
		0.011 s - time_ConstructPointsAndConnectsFromNb
		0.004 s - time_AddRibConnects
		0.041 s - time_ConstructBrickFacets
			0.018 s - time_CalculateQpoints
				0.003 s - time_AddFacetPoint_GetFacesQpoint
					0.000 s - time_GetFacesQpoint_UShaped
						0.000 s - time_GetFacesQpoint2
					0.000 s - time_GetFacesQpoint_AddEdgesToList
					0.003 s - time_Edge_GetClosestPointOn
					0.001 s - time_Edge_NewtonMethod
					0.000 s - time_GetFacesQpoint_ManyFinds
				0.011 s - time_AddFacetPoint_AddQPoint
					0.013 s - time_PointReverseEvaluate
				0.003 s - time_AddFacetPoint_AddFind2
		0.000 s - time_RemoveOddConnects
		0.003 s - time_TestConnectivity
		0.000 s - time_ValidateXeps
		0.007 s - time_ConstructFaceAs
		0.001 s - time_ConstructCvs
		0.001 s - time_ConstructFaceWs
		0.008 s - time_RealGeomAddQPoints
		0.002 s - time_RealGeomAddNewFaces
		0.000 s - time_RealGeomInitOppositeGeomFaceInd
		0.000 s - time_RealGeomApproxCurveFaces
		0.000 s - time_Enum1
		0.000 s - time_Enum2
		0.000 s - time_RealGeomCheckInvalidConnects
		0.078 s - time_RealGeomParameters
			0.059 s - time_CalculateParametersOfCv
			0.018 s - time_CalculateParametersOfFace
				0.013 s - time_CalculateRR
				0.005 s - time_CalculateRefFaceData
				0.000 s - time_CalculateLambdaProjection
			0.001 s - time_SetFacesOrientation
Result:
	Bricks number:                        2592

	Memory usage:                         0.268 MB
	Memory usage (per brick):             0.106 KB
	Construction time:                    0.157 s

	Topology features:
	------------------
	- Successfully captured bricks        100.00 % (2592)
	- Normally captured bricks              0.00 % (0)
	- Badly captured bricks                 0.00 % (0)
	- Ribs corrected bricks                 0.00 % (0)
	- Points with geom-info (bricks)        0.00 % (0)
	- Points with closest-info (bricks)     0.00 % (0)
	- Triangulated by center (bricks)       0.00 % (0)
	- Facet w-faces mergings (bricks)       0.00 % (0)
	- To refine (bricks)                    0.00 % (0)

Memory Working Set Current = 17.73 Mb, Memory Working Set Peak = 25.18 Mb
-----------------------------------------------------------------------
-----------------------------------------------------------------------
MSH --> BCF format (Iteration 0)...
BCF collector...
	(0) Bcf collect time 0.008 s (865 avs, 109 fws)
	(3) Bcf collect time 0.013 s (952 avs, 247 fws)
	(1) Bcf collect time 0.016 s (1185 avs, 350 fws)
	(2) Bcf collect time 0.014 s (1175 avs, 325 fws)
	(2) Remove defect cvs time 0.000 s
	(3) Remove defect cvs time 0.000 s
	(0) Remove defect cvs time 0.000 s
	(1) Remove defect cvs time 0.001 s
Defect subdomain detector...
		1 subdomain(s) of gi=0 (real bodies = 1).
			Subdomain 0: 2482 av
		Get real subdoms time 0.000 s
		Mark defect subdomains by closed av...
		Mark by closed av time 0.000 s
		Mark defect subdomains by real bodies...
		0 defect subdomain(s) of gi=0.
		1 subdomain(s) of gi=1 (real bodies = 1).
			Subdomain 0: 612 av
		Get real subdoms time 0.000 s
		Mark defect subdomains by real bodies...
		0 defect subdomain(s) of gi=1.
	(0) Remove defect subdoms time 0.001 s
	(2) Remove defect subdoms time 0.001 s
	(3) Remove defect subdoms time 0.001 s
	(1) Remove defect subdoms time 0.001 s
Sub-mesh 0. NB-faces collector & conservator...
		Total                    0
		For bb-faces             0
Sub-mesh 1. NB-faces collector & conservator...
		Total                    0
		For bb-faces             0
Sub-mesh 2. NB-faces collector & conservator...
		Total                    0
		For bb-faces             0
Sub-mesh 3. NB-faces collector & conservator...
		Total                    0
		For bb-faces             0
	(0) Bcf calc time 0.002 s
	(3) Bcf calc time 0.002 s
	(2) Bcf calc time 0.002 s
	(1) Bcf calc time 0.001 s
Sub-mesh 0. FACE_W optimizer...
		Before optimization      719
		        fs               109
		        ff               0
		        ss               0
		After optimization       719
		        fs               109
		        ff               0
		        ss               0
Sub-mesh 1. FACE_W optimizer...
		Before optimization      1024
		        fs               350
		        ff               0
		        ss               0
		After optimization       1024
		        fs               350
		        ff               0
		        ss               0
Sub-mesh 2. FACE_W optimizer...
		Before optimization      1013
		        fs               325
		        ff               0
		        ss               0
		After optimization       1013
		        fs               325
		        ff               0
		        ss               0
Sub-mesh 3. FACE_W optimizer...
		Before optimization      863
		        fs               247
		        ff               0
		        ss               0
		After optimization       863
		        fs               247
		        ff               0
		        ss               0
-----------------------------------------------------------------------
-----------------------------------------------------------------------
Merging BCF...
Merging bricks trees...OK (0.00 s)
Merging av data...OK (0.00 s)
Merging a-faces data (fluid)...
	New a-face count   6643
	Bound a-face count 398 (5.99 %)
Merging a-faces data takes 0.00 s
Merging a-faces data (solid)...
	New a-face count   1521
	Bound a-face count 138 (9.07 %)
Merging a-faces data takes 0.00 s
Merging w-faces data...
	New w-face count   1950
	Bound w-face count 0 (0.00 %)
	Need fw-nb         1048 (53.74 %)
Merging w-faces data takes 0.01 s
Merging BCF takes (0.01 s)
-----------------------------------------------------------------------

-----------------------------------------------------------------------
Geometrical diagonal nb-faces collector (cpu_num=4)...
	Time=0.009s.
-----------------------------------------------------------------------
Fluid Subdom Constructor: 1 subdom(s).
	Remove nb-fw from diff subdomains (fs)...
		Diff subdomains cases         0

-----------------------------------------------------------------------
BCF CHECKSUM DATA (Mesh 0):

FACE_A Area Sum:   G.Fluid        0.0255898379543621
FACE_A Area Sum:   G.Solid        0.0027340000000000
FACE_W Area Sum:                  0.0062389835468214
FACE_W Nb   Sum:                  15536
FACE_W min curvatures sum:        -0.00000000
FACE_W max curvatures sum:        0.00000000
AV Max Disbalance: G.Fluid        4.4198e-016 (cid=2211, avid=2101)
AV Max Disbalance: G.Solid        5.14071e-015 (cid=2137, avid=3042)
BRICK-AV Volume Disbalance:       1.15346e-015 (cid=1756)
-----------------------------------------------------------------------


-----------------------------------------------------------------------
MESHER TOPOLOGY DATA (Mesh 0):

BRICKS: Total                 2592
BRICKS: 1-CV                  2090
BRICKS: 2-CV                  502
BRICKS: Bad                   0

AV:     G.Total               3094
AV:     G.Fluid               2482
AV:     G.Solid               612

AV:     G.Fluid Thin Profile    0.00 % (0)
AV:     G.Solid Thin Profile    0.00 % (0)

AV:     G.Fluid Thin For Mega   0.00 % (0)
AV:     G.Solid Thin For Mega   0.00 % (0)

AV:     G.Fluid Non-Convex      6.45 % (160)
AV:     G.Solid Non-Convex      7.84 % (48)

FACE_A: G.Fluid          (af) 6643 (partially opened 1000)
FACE_A: G.Solid          (as) 1521 (partially opened 1000)

FACE_W: G.Total                 1950        Brick/Bound
FACE_W: G.Fluid/Solid    (fs_g) 726         0           
FACE_W: G.Fluid/Fluid    (ff_g) 0           0           
FACE_W: G.Solid/Solid    (ss_g) 0           0           
FACE_W: G.Fluid/External (fe_g) 1224
FACE_W: G.Solid/External (se_g) 0

AV max fa count:                6
AV max fw count:                3
AV max fw poly count:           3

MEMORY: Total                   1.117 MB
MEMORY: Per Brick               0.441 KB
-----------------------------------------------------------------------

-----------------------------------------------------------------------
Mega-cv constructor for fluid...
	 0 av's is treated as thin
Relative size generator (threshold = 0.05)...OK
	 0 mega-cv's generated
	 0 mega-cv's removed
Convert clusters:
	 0 mega-cv's total
-----------------------------------------------------------------------
-----------------------------------------------------------------------
Mega-cv constructor for solid...
-----------------------------------------------------------------------
Mixing plane rotation regions: NO.
Sliding mesh rotation regions: NO.
Fluid/fluid faces: NO.
Current CPU = 0 sec

Nx=18
Ny=8
Nz=18
Max_RL=0
12. Saving initial mesh in: C:\Users\PawlenkoMO\Desktop\SolidWorks_pawl\Rfvftd\Гепарди\marchuk\3\3.fld .
Storing results...
Estimated CPT size=0.476 MB.
OK
Memory Working Set Current = 21.54 Mb, Memory Working Set Peak = 25.18 Mb
Cleaning memory...
Free Geometry DB takes 0.001 s
Copying... OK

------------------------------------------------------------------------------------------------------------
CPU report:
Function                                             CPU           descriptor                    nproc     
------------------------------------------------------------------------------------------------------------
GetGeometryFromSW                                    0.013 sec   function_total               
GetGeometryFromSW                                    0.003 sec   InitGeometryTriangles        
CMesh::PrepareMappedTriangles                        0.002 sec   function_total               
SwapGeometries                                       0.015 sec   function_total               
SwapGeometries                                       0.000 sec   function_total               
SwapGeometries                                       0.000 sec   function_total               
SwapGeometries                                       0.000 sec   function_total               
CMesh::PreBuild                                      0.003 sec   function_total               
SetBrickRegion                                       0.001 sec   function_total               
CMesh::Build                                         0.142 sec   function_total               
CMesh::BuildGeometry                                 0.126 sec   function_total               
ActivateAllCellsParameters                           0.008 sec   function_total               
RefineByTriangles                                    0.045 sec   function_total               
CaptureRefined                                       0.113 sec   function_total               
GetMultiRaysIntersections                            0.005 sec   full                         
CRayCollector::CorrectRays2                          0.092 sec   full                         
CRayCollector::CorrectRays2                          0.043 sec   collect_undefined            
CRayCollector::CorrectRays2                          0.046 sec   stage_2                      
RefinePeculiarSurfaces                               0.009 sec   function_total               
CNarrowChannelRefiner::ChannelsResolution            0.004 sec   function_total               
CNarrowChannelRefiner::RefineChannels_PRLL           0.004 sec   function_total               
CNarrowChannelRefiner::GetMainNormals                0.001 sec   function_total               
CNarrowChannelRefiner::GetMainNormals                0.002 sec   function_total               
CNarrowChannelRefiner::GetMainNormals                0.001 sec   function_total               
CNarrowChannelRefiner::GetMainNormals                0.001 sec   function_total               
CNarrowChannelRefiner::facade_bricks_of_brick_dirv   0.000 sec   function_total               
CNarrowChannelRefiner::facade_bricks_of_brick_dirv   0.001 sec   function_total               
CNarrowChannelRefiner::facade_bricks_of_brick_dirv   0.001 sec   function_total               
CNarrowChannelRefiner::facade_bricks_of_brick_dirv   0.000 sec   function_total               
CNarrowChannelRefiner::next_brick_on_ray             0.000 sec   function_total               
CNarrowChannelRefiner::next_brick_on_ray             0.001 sec   function_total               
CNarrowChannelRefiner::next_brick_on_ray             0.000 sec   function_total               
CNarrowChannelRefiner::next_brick_on_ray             0.000 sec   function_total               
PostCaptureGeometry                                  0.010 sec   function_total               
CNarrowChannelRefiner::RedistributeLevel1            0.006 sec   function_total               
CTPBuilder::build_bcf                                0.221 sec   function_total               
CTPBuilder::bcf_builder                              0.217 sec   function_total               
LoadTrianglesAndXSL                                  0.003 sec   function_total               
CTPBuilder::collect_msh_format                       0.158 sec   function_total               
CTPBuilder::Run                                      0.029 sec   bcf_collect                  
CTPBuilder::Run                                      0.026 sec   bcf_merge                    
CTPBuilder::build_bcf                                0.003 sec   collect_mega_cv              
Store_Res_2                                          0.025 sec   function_total               
Freemem_CPT                                          0.009 sec   function_total               
------------------------------------------------------------------------------------------------------------

Mesh generation normally finished at	19.12.2016	3:24:33
Mesher CPU = 0 sec
Mesher is finished at	19.12.2016	3:24:33
