Number of used processors (NPROC): 4.
Number of partitions for one processor (NPART): 4.
Total Physical Memory = 7.96 Gb, Available Physical Memory = 5.52 Gb
Mesh generation started:	19.12.2016	3:2:9
-----------------------------------------------------------------------
Allocating meshes:
	CPU count: 4
	MESH 0:
		Sub-meshes count: 4
-----------------------------------------------------------------------
Current CPU = 0 sec
-----------------------------------------------------------------------
Geometries initialization:

Geometry database loading ...OK
Number of geometries: 2
Geometry(0):
	Fluid..
	1 Body.
	1 Real body.
	Tolerance=1.5e-006.
	14 Face(s).
		14 of b-spline type.
	44 Triangle(s).
	14 Face(s) that have no ref faces
	14 Plane surface(s).
	36 Edge(s).
		36 of b-spline type.
	Geometry reading: 0.002 s.
	14 Reference Face(s).
	44 Reference Triangles.
	GeometryRef reading: 0.000 s.
Geometry(1):
	Solid..
	1 Body.
	1 Real body.
	Tolerance=1.5e-006.
	20 Face(s).
		20 of b-spline type.
	56 Triangle(s).
	0 Face(s) that have no ref faces
	20 Plane surface(s).
	48 Edge(s).
		48 of b-spline type.
	Geometry reading: 0.001 s.
	14 Reference Face(s).
	44 Reference Triangles.
	GeometryRef reading: 0.000 s.
	Making hash and connectivity for geometry 0...
		CBodyGeom:
		Hash size: {15, 10, 14}.
		Mesh size: {15, 10, 14}.
		Hashing triangles...Ok.
		Making triangles connectivity...Ok. (0.000 s).
		Neighbour triangles: 100.00 % (good connect) - 0.00 % (bad connect). Min: 3. Max: 3.
		Done.
		CBodyGeomRef:
		Hashing triangles...Ok.
		Making triangles connectivity...Ok. (0.000 s).
		Neighbour triangles: Min: 1. Max: 3.
		Done.
	0.001 s.
	Making hash and connectivity for geometry 1...
		CBodyGeom:
		Hash size: {15, 10, 14}.
		Mesh size: {15, 10, 14}.
		Hashing triangles...Ok.
		Making triangles connectivity...Ok. (0.000 s).
		Neighbour triangles: 100.00 % (good connect) - 0.00 % (bad connect). Min: 3. Max: 3.
		Done.
		CBodyGeomRef:
		Hashing triangles...Ok.
		Making triangles connectivity...Ok. (0.000 s).
		Neighbour triangles: Min: 1. Max: 3.
		Done.
	0.001 s.
Geometries reading and preparing has taken 0.005 s.

Mapped triangles:
Hashing geometries triangles
	Triangles num=44
	Triangles box={0  ,0.02  ,0  ,0.01  ,0  ,0.02  }
		3d-hash size is 12356 bytes
		Making triangles connectivity...Ok. (0.000 s).
		Neighbour triangles: 100.00 % (good connect) - 0.00 % (bad connect). Min: 3. Max: 3.
	Triangles num=56
	Triangles box={-2.97029e-005  ,0.0297326  ,-0.00632205  ,0.011442  ,-0.00438349  ,0.0234044  }
		3d-hash size is 12356 bytes
		Making triangles connectivity...Ok. (0.000 s).
		Neighbour triangles: 100.00 % (good connect) - 0.00 % (bad connect). Min: 3. Max: 3.
Hashing peculiar surfaces triangles
Mapped triangles processed in 0.002 s.
-----------------------------------------------------------------------

Current CPU = 0 sec
Flow Simulation 2015  x64 / 3058 / MESHER ver. efd_14_1.3058_11.02.2015 

Project: C:\Users\PawlenkoMO\Desktop\SolidWorks_pawl\Rfvftd\Гепарди\marchuk\1\1.xmlconfig
Computer name:	DESKTOP-IP0RCRF
Operating system:	 (Build 9200)

SOLIDWORKS 2015 SP3.0

-----------------------------------------------------------------------
Mesh dimensions:
				I[0 ]=15
				I[1 ]=10
				I[2 ]=14
Solver refinement level	I[47]=0

Comp. domain size:
				a[0  ]=0
				a[1  ]=0.0297029
				a[2  ]=-0.00630432
				a[3  ]=0.0114243
				a[4  ]=-0.00435576
				a[5  ]=0.0233766
Wall thickness		a[231]=0
Gap size			a[232]=1

Fluid calculated			1
Solid calculated			1
-----------------------------------------------------------------------
MESH: distribute base bricks among sub-meshes...
	Base bricks count               2100
	Sub-meshes  count               4
	Base bricks count per sub-mesh  525 (+0)
	Sub-mesh 0: 525 base brick(s), range [0, 3]-[0, 9]-[0, 13]
	Sub-mesh 1: 525 base brick(s), range [3, 7]-[0, 9]-[0, 13]
	Sub-mesh 2: 525 base brick(s), range [7, 11]-[0, 9]-[0, 13]
	Sub-mesh 3: 525 base brick(s), range [11, 14]-[0, 9]-[0, 13]
-----------------------------------------------------------------------
-----------------------------------------------------------------------
MESH: collecting ghosts in sub-meshes...
	Sub-mesh 0:
		Total  brick(s) 665
		Native brick(s) 525
		Inner  brick(s) 385
		Outer  brick(s) 140
		Ghost  brick(s) 140
	Sub-mesh 1:
		Total  brick(s) 805
		Native brick(s) 525
		Inner  brick(s) 245
		Outer  brick(s) 280
		Ghost  brick(s) 280
	Sub-mesh 2:
		Total  brick(s) 805
		Native brick(s) 525
		Inner  brick(s) 245
		Outer  brick(s) 280
		Ghost  brick(s) 280
	Sub-mesh 3:
		Total  brick(s) 665
		Native brick(s) 525
		Inner  brick(s) 385
		Outer  brick(s) 140
		Ghost  brick(s) 140
	Total brick(s) 2100
-----------------------------------------------------------------------
Setting regions...OK (0.000 s)
Base mesh info------------------
	2D flag  =0
	Period   =[0, 0, 0]
	Nx=15
		x[0]=0
		x[1]=0.00200063
		x[2]=0.00400063
		x[3]=0.00600063
		x[4]=0.00800063
		x[5]=0.0100006
		x[6]=0.0120006
		x[7]=0.0139804
		x[8]=0.0159402
		x[9]=0.0178802
		x[10]=0.0198006
		x[11]=0.021721
		x[12]=0.023671
		x[13]=0.0256512
		x[14]=0.0276618
		x[15]=0.0297029
	Ny=10
		y[0]=-0.00630432
		y[1]=-0.00436018
		y[2]=-0.00266557
		y[3]=-0.00118799
		y[4]=0.00010035
		y[5]=0.00138874
		y[6]=0.00299589
		y[7]=0.00500054
		y[8]=0.00700509
		y[9]=0.00914358
		y[10]=0.0114243
	Nz=14
		z[0]=-0.00435576
		z[1]=-0.00199946
		z[2]=0.000356304
		z[3]=0.00255673
		z[4]=0.0046121
		z[5]=0.00653198
		z[6]=0.00832529
		z[7]=0.0100004
		z[8]=0.0116755
		z[9]=0.0134237
		z[10]=0.0152481
		z[11]=0.0171522
		z[12]=0.0191392
		z[13]=0.021213
		z[14]=0.0233766
End of base mesh info---------
Input_mesh_settings--------------------------------
Settings 0----------------
	Scope: GLOBAL
	Type:	------MESHER_SETTINGS----------
	RefAllCells           =0
	RefFluidCells         =0
	RefPartCells          =0
	RefSolidCells         =0
	l_SSFR(Capture crit)  =1
	l_curv(Curvature crit)=0
	l_tol(Tolerance crit) =0
	UseChannelRef         =1
	  l_NCR               =1
	  N_gap               =5
	  Use d_NCR_min       =0
	  Use d_NCR_max       =0
	--END_OF_MESHER_SETTINGS-------
End of input mesh settings-------------------------

-----------------------------------------------------------------------
Building geometries:
Building geometry Fluid.0.(0)...

-----------------------------------------------------------------------
Refining by triangulation...
Refinement input: 2100 bricks
Setting regions...OK (0.002 s)
Refinement result: 2352 bricks (0.004 s)
Refinement input: 2352 bricks
Refinement result: 2352 bricks (0.001 s)
Collecting and processing rays...OK (0.018 s)
Capturing...OK (0.002 s)
Refining by triangulation takes 0.026 s
-----------------------------------------------------------------------

-----------------------------------------------------------------------
Refining peculiar surfaces...
0 surfaces refined
Refining peculiar surfaces takes 0.001 s
-----------------------------------------------------------------------
Collecting and processing rays...OK (0.008 s)
Capturing...OK (0.000 s)
Collecting and processing rays...OK (0.007 s)
Capturing...OK (0.001 s)
Collecting and processing rays...OK (0.008 s)
Capturing...OK (0.000 s)

-----------------------------------------------------------------------
Base mesh 1 Refining...
Refinement input: 2352 bricks
Refinement result: 2352 bricks (0.000 s)
Collecting and processing rays...OK (0.009 s)
Capturing...OK (0.000 s)
-----------------------------------------------------------------------
Refining channels...
FYI: CNarrowChannelRefiner::RefineChannels_PRLL: m_submesh_count=4
Refinement input: 2352 bricks
Setting regions...OK (0.002 s)
	Re-balancing...
	Send and create bricks on destination sub meshes...
	Collecting ghosts...
	Balancing finished.
Refinement result: 2772 bricks (0.008 s)
Collecting and processing rays...OK (0.011 s)
Capturing...OK (0.001 s)
FYI: m_iteration_count = 0
FYI: level1 statistics:
     level1_cnt_plus[1]=480;		level1_cnt_minus[1]=0
     level1_cnt_plus[2]=0;		level1_cnt_minus[2]=0
     level1_cnt_plus[3]=0;		level1_cnt_minus[3]=0
     level1_cnt_plus[4]=0;		level1_cnt_minus[4]=0
     level1_cnt_plus[5]=0;		level1_cnt_minus[5]=0
     level1_cnt_plus[6]=0;		level1_cnt_minus[6]=0
     level1_cnt_plus[7]=0;		level1_cnt_minus[7]=0
     level1_cnt_plus[8]=0;		level1_cnt_minus[8]=0
     level1_cnt_plus[9]=0;		level1_cnt_minus[9]=0
FYI: m_iteration_count = 1
FYI: level1 statistics:
     level1_cnt_plus[1]=480;		level1_cnt_minus[1]=0
     level1_cnt_plus[2]=0;		level1_cnt_minus[2]=0
     level1_cnt_plus[3]=0;		level1_cnt_minus[3]=0
     level1_cnt_plus[4]=0;		level1_cnt_minus[4]=0
     level1_cnt_plus[5]=0;		level1_cnt_minus[5]=0
     level1_cnt_plus[6]=0;		level1_cnt_minus[6]=0
     level1_cnt_plus[7]=0;		level1_cnt_minus[7]=0
     level1_cnt_plus[8]=0;		level1_cnt_minus[8]=0
     level1_cnt_plus[9]=0;		level1_cnt_minus[9]=0
FYI: level1 statistics:
     level1_cnt_plus[1]=480;		level1_cnt_minus[1]=0
     level1_cnt_plus[2]=0;		level1_cnt_minus[2]=0
     level1_cnt_plus[3]=0;		level1_cnt_minus[3]=0
     level1_cnt_plus[4]=0;		level1_cnt_minus[4]=0
     level1_cnt_plus[5]=0;		level1_cnt_minus[5]=0
     level1_cnt_plus[6]=0;		level1_cnt_minus[6]=0
     level1_cnt_plus[7]=0;		level1_cnt_minus[7]=0
     level1_cnt_plus[8]=0;		level1_cnt_minus[8]=0
     level1_cnt_plus[9]=0;		level1_cnt_minus[9]=0
	CNarrowChannelRefiner::ChannelsResolution            function_total                0      = 0.0280706 sec

-----------------------------------------------------------------------
U-shapes refinement...
Refinement input: 2772 bricks
Refinement result: 2772 bricks (0.002 s)
Collecting and processing rays...OK (0.006 s)
Capturing...OK (0.001 s)
-----------------------------------------------------------------------
Building geometry takes 0.101 s
Geometry Fluid.0.
Total		2772
Partial	920
Fluid		1652
Solid		200
Bad		0

/-Ray Intersection---------------/ Time	0.001 s
Calls			873
CorrectRay Calls	0


Building geometry Solid.1.(1)...

-----------------------------------------------------------------------
Refining by triangulation...
Refinement input: 2772 bricks
Refinement result: 2772 bricks (0.001 s)
Refinement input: 2772 bricks
Refinement result: 2772 bricks (0.001 s)
Collecting and processing rays...OK (0.022 s)
Capturing...OK (0.003 s)
Refining by triangulation takes 0.027 s
-----------------------------------------------------------------------
Collecting and processing rays...OK (0.009 s)
Capturing...OK (0.000 s)
Collecting and processing rays...OK (0.007 s)
Capturing...OK (0.001 s)

-----------------------------------------------------------------------
Base mesh 1 Refining...
Refinement input: 2772 bricks
Refinement result: 2772 bricks (0.001 s)
Collecting and processing rays...OK (0.007 s)
Capturing...OK (0.002 s)
-----------------------------------------------------------------------
Building geometry takes 0.058 s
Geometry Solid.1.
Total		2772
Partial	920
Fluid		200
Solid		1652
Bad		0

/-Ray Intersection---------------/ Time	0.004 s
Calls			873
CorrectRay Calls	0


Building geometries takes 0.162 s
-----------------------------------------------------------------------

-----------------------------------------------------------------------
PostBuilding geometries:
PostBuilding geometry Fluid.0.(0)...
Collecting and processing rays...OK (0.008 s)
Capturing...OK (0.000 s)
PostBuilding geometry takes 0.011 s
Geometry Fluid.0.
Total		2772
Partial	920
Fluid		1652
Solid		200
Bad		0
PostBuilding geometries takes 0.014 s
-----------------------------------------------------------------------
Defect ray count	0
FYI: CNarrowChannelRefiner::RedistributeLevel1_step_1: is finished
FYI: level1 statistics:
     level1_cnt_plus[1]=480;		level1_cnt_minus[1]=0
     level1_cnt_plus[2]=0;		level1_cnt_minus[2]=0
     level1_cnt_plus[3]=0;		level1_cnt_minus[3]=0
     level1_cnt_plus[4]=0;		level1_cnt_minus[4]=0
     level1_cnt_plus[5]=0;		level1_cnt_minus[5]=0
     level1_cnt_plus[6]=0;		level1_cnt_minus[6]=0
     level1_cnt_plus[7]=0;		level1_cnt_minus[7]=0
     level1_cnt_plus[8]=0;		level1_cnt_minus[8]=0
     level1_cnt_plus[9]=0;		level1_cnt_minus[9]=0
FYI: CNarrowChannelRefiner::RedistributeLevel1_step_2: is started
FYI: CNarrowChannelRefiner::RedistributeLevel1_step_2: is finished
FYI: level1 statistics:
     level1_cnt_plus[1]=480;		level1_cnt_minus[1]=0
     level1_cnt_plus[2]=0;		level1_cnt_minus[2]=0
     level1_cnt_plus[3]=0;		level1_cnt_minus[3]=0
     level1_cnt_plus[4]=0;		level1_cnt_minus[4]=0
     level1_cnt_plus[5]=0;		level1_cnt_minus[5]=0
     level1_cnt_plus[6]=0;		level1_cnt_minus[6]=0
     level1_cnt_plus[7]=0;		level1_cnt_minus[7]=0
     level1_cnt_plus[8]=0;		level1_cnt_minus[8]=0
     level1_cnt_plus[9]=0;		level1_cnt_minus[9]=0
FYI: CNarrowChannelRefiner::RedistributeLevel1_step_3: is started
FYI: CNarrowChannelRefiner::RedistributeLevel1_step_3: is finished
RedistributeLevel1 takes:
	CNarrowChannelRefiner::RedistributeLevel1            function_total                0      = 0.00882345 sec
FYI: level1 statistics:
     level1_cnt_plus[1]=480;		level1_cnt_minus[1]=288
     level1_cnt_plus[2]=0;		level1_cnt_minus[2]=0
     level1_cnt_plus[3]=0;		level1_cnt_minus[3]=0
     level1_cnt_plus[4]=0;		level1_cnt_minus[4]=0
     level1_cnt_plus[5]=0;		level1_cnt_minus[5]=0
     level1_cnt_plus[6]=0;		level1_cnt_minus[6]=0
     level1_cnt_plus[7]=0;		level1_cnt_minus[7]=0
     level1_cnt_plus[8]=0;		level1_cnt_minus[8]=0
     level1_cnt_plus[9]=0;		level1_cnt_minus[9]=0
-----------------------------------------------------------------------
BCF-Builder Iteration: 0
Memory Working Set Current = 16.96 Mb, Memory Working Set Peak = 17.44 Mb
Loading geometries triangulation & x-stacks...OK
	Sub-mesh 0:
		Total  brick(s) 859
		Native brick(s) 693
		Inner  brick(s) 419
		Outer  brick(s) 274
		Ghost  brick(s) 166
	Sub-mesh 1:
		Total  brick(s) 1242
		Native brick(s) 693
		Inner  brick(s) 360
		Outer  brick(s) 333
		Ghost  brick(s) 549
	Sub-mesh 2:
		Total  brick(s) 1000
		Native brick(s) 693
		Inner  brick(s) 278
		Outer  brick(s) 415
		Ghost  brick(s) 307
	Sub-mesh 3:
		Total  brick(s) 833
		Native brick(s) 693
		Inner  brick(s) 553
		Outer  brick(s) 140
		Ghost  brick(s) 140
	Total brick(s) 2772

-----------------------------------------------------------------------
MSH (Real Geometry) format constructor:
Getting submesh brick sets...OK (0.000 s)
Level 1
	Inner time 0.089 s
	Outer Time 0.109 s
	Level Time 0.199 s
Level 0
	Inner time 0.051 s
	Outer Time 0.067 s
	Level Time 0.118 s

Brick parser time info:
	0.282 s - time_Run
		0.019 s - time_ConstructPoints
			0.016 s - time_ConstructPointsAddFind2
		0.013 s - time_ConstructPointsAndConnectsFromNb
		0.002 s - time_AddRibConnects
		0.050 s - time_ConstructBrickFacets
			0.021 s - time_CalculateQpoints
				0.001 s - time_AddFacetPoint_GetFacesQpoint
					0.000 s - time_GetFacesQpoint_UShaped
						0.000 s - time_GetFacesQpoint2
					0.000 s - time_GetFacesQpoint_AddEdgesToList
					0.001 s - time_Edge_GetClosestPointOn
					0.000 s - time_Edge_NewtonMethod
					0.000 s - time_GetFacesQpoint_ManyFinds
				0.008 s - time_AddFacetPoint_AddQPoint
					0.014 s - time_PointReverseEvaluate
				0.009 s - time_AddFacetPoint_AddFind2
		0.000 s - time_RemoveOddConnects
		0.008 s - time_TestConnectivity
		0.000 s - time_ValidateXeps
		0.008 s - time_ConstructFaceAs
		0.003 s - time_ConstructCvs
		0.001 s - time_ConstructFaceWs
		0.003 s - time_RealGeomAddQPoints
		0.004 s - time_RealGeomAddNewFaces
		0.000 s - time_RealGeomInitOppositeGeomFaceInd
		0.000 s - time_RealGeomApproxCurveFaces
		0.000 s - time_Enum1
		0.000 s - time_Enum2
		0.001 s - time_RealGeomCheckInvalidConnects
		0.139 s - time_RealGeomParameters
			0.123 s - time_CalculateParametersOfCv
			0.016 s - time_CalculateParametersOfFace
				0.011 s - time_CalculateRR
				0.004 s - time_CalculateRefFaceData
				0.001 s - time_CalculateLambdaProjection
			0.000 s - time_SetFacesOrientation
Result:
	Bricks number:                        2772

	Memory usage:                         0.474 MB
	Memory usage (per brick):             0.175 KB
	Construction time:                    0.332 s

	Topology features:
	------------------
	- Successfully captured bricks        100.00 % (2772)
	- Normally captured bricks              0.00 % (0)
	- Badly captured bricks                 0.00 % (0)
	- Ribs corrected bricks                 0.00 % (0)
	- Points with geom-info (bricks)        0.00 % (0)
	- Points with closest-info (bricks)     0.00 % (0)
	- Triangulated by center (bricks)       0.00 % (0)
	- Facet w-faces mergings (bricks)       0.00 % (0)
	- To refine (bricks)                    0.00 % (0)

Memory Working Set Current = 18.61 Mb, Memory Working Set Peak = 26.16 Mb
-----------------------------------------------------------------------
-----------------------------------------------------------------------
MSH --> BCF format (Iteration 0)...
BCF collector...
	(3) Bcf collect time 0.008 s (909 avs, 112 fws)
	(0) Bcf collect time 0.022 s (1258 avs, 522 fws)
	(2) Bcf collect time 0.025 s (1443 avs, 597 fws)
	(1) Bcf collect time 0.034 s (1746 avs, 670 fws)
	(1) Remove defect cvs time 0.000 s
	(0) Remove defect cvs time 0.000 s
	(2) Remove defect cvs time 0.000 s
	(3) Remove defect cvs time 0.001 s
Defect subdomain detector...
		1 subdomain(s) of gi=0 (real bodies = 1).
			Subdomain 0: 2572 av
		Get real subdoms time 0.000 s
		Mark defect subdomains by closed av...
		Mark by closed av time 0.000 s
		Mark defect subdomains by real bodies...
		0 defect subdomain(s) of gi=0.
		1 subdomain(s) of gi=1 (real bodies = 1).
			Subdomain 0: 1120 av
		Get real subdoms time 0.000 s
		Mark defect subdomains by real bodies...
		0 defect subdomain(s) of gi=1.
	(0) Remove defect subdoms time 0.001 s
	(3) Remove defect subdoms time 0.001 s
	(1) Remove defect subdoms time 0.001 s
	(2) Remove defect subdoms time 0.001 s
Sub-mesh 0. NB-faces collector & conservator...
		Total                    0
		For bb-faces             0
Sub-mesh 1. NB-faces collector & conservator...
		Total                    0
		For bb-faces             0
Sub-mesh 2. NB-faces collector & conservator...
		Total                    0
		For bb-faces             0
Sub-mesh 3. NB-faces collector & conservator...
		Total                    0
		For bb-faces             0
	(3) Bcf calc time 0.001 s
	(1) Bcf calc time 0.003 s
	(2) Bcf calc time 0.002 s
	(0) Bcf calc time 0.003 s
Sub-mesh 0. FACE_W optimizer...
		Before optimization      1127
		        fs               522
		        ff               0
		        ss               0
		After optimization       1127
		        fs               522
		        ff               0
		        ss               0
Sub-mesh 1. FACE_W optimizer...
		Before optimization      1761
		        fs               670
		        ff               0
		        ss               0
		After optimization       1761
		        fs               670
		        ff               0
		        ss               0
Sub-mesh 2. FACE_W optimizer...
		Before optimization      1243
		        fs               597
		        ff               0
		        ss               0
		After optimization       1243
		        fs               597
		        ff               0
		        ss               0
Sub-mesh 3. FACE_W optimizer...
		Before optimization      708
		        fs               112
		        ff               0
		        ss               0
		After optimization       708
		        fs               112
		        ff               0
		        ss               0
-----------------------------------------------------------------------
-----------------------------------------------------------------------
Merging BCF...
Merging bricks trees...OK (0.00 s)
Merging av data...OK (0.00 s)
Merging a-faces data (fluid)...
	New a-face count   7108
	Bound a-face count 703 (9.89 %)
Merging a-faces data takes 0.00 s
Merging a-faces data (solid)...
	New a-face count   2866
	Bound a-face count 207 (7.22 %)
Merging a-faces data takes 0.00 s
Merging w-faces data...
	New w-face count   2320
	Bound w-face count 0 (0.00 %)
	Need fw-nb         1352 (58.28 %)
Merging w-faces data takes 0.01 s
Merging BCF takes (0.01 s)
-----------------------------------------------------------------------

-----------------------------------------------------------------------
Geometrical diagonal nb-faces collector (cpu_num=4)...
	Time=0.010s.
-----------------------------------------------------------------------
Fluid Subdom Constructor: 1 subdom(s).
	Remove nb-fw from diff subdomains (fs)...
		Diff subdomains cases         0

-----------------------------------------------------------------------
BCF CHECKSUM DATA (Mesh 0):

FACE_A Area Sum:   G.Fluid        0.0190275869095457
FACE_A Area Sum:   G.Solid        0.0032743272512485
FACE_W Area Sum:                  0.0052519588567573
FACE_W Nb   Sum:                  18256
FACE_W min curvatures sum:        -0.00000000
FACE_W max curvatures sum:        0.00000000
AV Max Disbalance: G.Fluid        7.30503e-016 (cid=2511, avid=2311)
AV Max Disbalance: G.Solid        1.0786e-015 (cid=2511, avid=3660)
BRICK-AV Volume Disbalance:       1.44532e-015 (cid=1727)
-----------------------------------------------------------------------


-----------------------------------------------------------------------
MESHER TOPOLOGY DATA (Mesh 0):

BRICKS: Total                 2772
BRICKS: 1-CV                  1852
BRICKS: 2-CV                  920
BRICKS: Bad                   0

AV:     G.Total               3692
AV:     G.Fluid               2572
AV:     G.Solid               1120

AV:     G.Fluid Thin Profile    0.00 % (0)
AV:     G.Solid Thin Profile    0.00 % (0)

AV:     G.Fluid Thin For Mega   0.00 % (0)
AV:     G.Solid Thin For Mega   0.00 % (0)

AV:     G.Fluid Non-Convex      7.78 % (200)
AV:     G.Solid Non-Convex      7.86 % (88)

FACE_A: G.Fluid          (af) 7108 (partially opened 1847)
FACE_A: G.Solid          (as) 2866 (partially opened 1846)

FACE_W: G.Total                 2320        Brick/Bound
FACE_W: G.Fluid/Solid    (fs_g) 1220        0           
FACE_W: G.Fluid/Fluid    (ff_g) 0           0           
FACE_W: G.Solid/Solid    (ss_g) 0           0           
FACE_W: G.Fluid/External (fe_g) 1052
FACE_W: G.Solid/External (se_g) 48

AV max fa count:                9
AV max fw count:                3
AV max fw poly count:           3

MEMORY: Total                   1.358 MB
MEMORY: Per Brick               0.502 KB
-----------------------------------------------------------------------

-----------------------------------------------------------------------
Mega-cv constructor for fluid...
	 0 av's is treated as thin
Relative size generator (threshold = 0.05)...OK
	 0 mega-cv's generated
	 0 mega-cv's removed
Convert clusters:
	 0 mega-cv's total
-----------------------------------------------------------------------
-----------------------------------------------------------------------
Mega-cv constructor for solid...
-----------------------------------------------------------------------
Mixing plane rotation regions: NO.
Sliding mesh rotation regions: NO.
Fluid/fluid faces: NO.
Current CPU = 1 sec

Nx=15
Ny=10
Nz=14
Max_RL=1
12. Saving initial mesh in: C:\Users\PawlenkoMO\Desktop\SolidWorks_pawl\Rfvftd\Гепарди\marchuk\1\1.fld .
Storing results...
Estimated CPT size=0.626 MB.
OK
Memory Working Set Current = 23.38 Mb, Memory Working Set Peak = 26.16 Mb
Cleaning memory...
Free Geometry DB takes 0.000 s
Copying... OK

------------------------------------------------------------------------------------------------------------
CPU report:
Function                                             CPU           descriptor                    nproc     
------------------------------------------------------------------------------------------------------------
GetGeometryFromSW                                    0.013 sec   function_total               
GetGeometryFromSW                                    0.003 sec   InitGeometryTriangles        
CMesh::PrepareMappedTriangles                        0.002 sec   function_total               
SwapGeometries                                       0.017 sec   function_total               
SwapGeometries                                       0.000 sec   function_total               
SwapGeometries                                       0.000 sec   function_total               
SwapGeometries                                       0.000 sec   function_total               
CMesh::PreBuild                                      0.003 sec   function_total               
SetBrickRegion                                       0.007 sec   function_total               
CMesh::Build                                         0.179 sec   function_total               
CMesh::BuildGeometry                                 0.159 sec   function_total               
ActivateAllCellsParameters                           0.009 sec   function_total               
RefineByTriangles                                    0.053 sec   function_total               
CaptureRefined                                       0.135 sec   function_total               
GetMultiRaysIntersections                            0.005 sec   full                         
CRayCollector::CorrectRays2                          0.108 sec   full                         
CRayCollector::CorrectRays2                          0.050 sec   collect_undefined            
CRayCollector::CorrectRays2                          0.054 sec   stage_2                      
RefinePeculiarSurfaces                               0.009 sec   function_total               
CNarrowChannelRefiner::ChannelsResolution            0.028 sec   function_total               
CNarrowChannelRefiner::RefineChannels_PRLL           0.028 sec   function_total               
CNarrowChannelRefiner::GetMainNormals                0.004 sec   function_total               
CNarrowChannelRefiner::GetMainNormals                0.002 sec   function_total               
CNarrowChannelRefiner::GetMainNormals                0.003 sec   function_total               
CNarrowChannelRefiner::GetMainNormals                0.001 sec   function_total               
CNarrowChannelRefiner::facade_bricks_of_brick_dirv   0.002 sec   function_total               
CNarrowChannelRefiner::facade_bricks_of_brick_dirv   0.001 sec   function_total               
CNarrowChannelRefiner::facade_bricks_of_brick_dirv   0.002 sec   function_total               
CNarrowChannelRefiner::facade_bricks_of_brick_dirv   0.001 sec   function_total               
CNarrowChannelRefiner::next_brick_on_ray             0.001 sec   function_total               
CNarrowChannelRefiner::next_brick_on_ray             0.001 sec   function_total               
CNarrowChannelRefiner::next_brick_on_ray             0.001 sec   function_total               
CNarrowChannelRefiner::next_brick_on_ray             0.000 sec   function_total               
CNarrowChannelRefiner::RefineChannels_PRLL           0.019 sec   NCR_execute_refinement       
PostCaptureGeometry                                  0.011 sec   function_total               
CNarrowChannelRefiner::RedistributeLevel1            0.009 sec   function_total               
CTPBuilder::build_bcf                                0.421 sec   function_total               
CTPBuilder::bcf_builder                              0.416 sec   function_total               
LoadTrianglesAndXSL                                  0.003 sec   function_total               
CTPBuilder::collect_msh_format                       0.333 sec   function_total               
CTPBuilder::Run                                      0.045 sec   bcf_collect                  
CTPBuilder::Run                                      0.034 sec   bcf_merge                    
CTPBuilder::build_bcf                                0.004 sec   collect_mega_cv              
Store_Res_2                                          0.032 sec   function_total               
Freemem_CPT                                          0.010 sec   function_total               
------------------------------------------------------------------------------------------------------------

Mesh generation normally finished at	19.12.2016	3:2:10
Mesher CPU = 1 sec
Mesher is finished at	19.12.2016	3:2:10
