Number of used processors (NPROC): 4.
Number of partitions for one processor (NPART): 4.
Total Physical Memory = 7.96 Gb, Available Physical Memory = 4.56 Gb
Mesh generation started:	18.12.2016	23:45:48
-----------------------------------------------------------------------
Allocating meshes:
	CPU count: 4
	MESH 0:
		Sub-meshes count: 4
-----------------------------------------------------------------------
Current CPU = 0 sec
-----------------------------------------------------------------------
Geometries initialization:

Geometry database loading ...OK
Number of geometries: 2
Geometry(0):
	Fluid..
	1 Body.
	1 Real body.
	Tolerance=1.18743e-006.
	14 Face(s).
		14 of b-spline type.
	44 Triangle(s).
	14 Face(s) that have no ref faces
	14 Plane surface(s).
	36 Edge(s).
		36 of b-spline type.
	Geometry reading: 0.001 s.
	14 Reference Face(s).
	44 Reference Triangles.
	GeometryRef reading: 0.000 s.
Geometry(1):
	Solid..
	1 Body.
	1 Real body.
	Tolerance=1.18743e-006.
	20 Face(s).
		20 of b-spline type.
	56 Triangle(s).
	0 Face(s) that have no ref faces
	20 Plane surface(s).
	48 Edge(s).
		48 of b-spline type.
	Geometry reading: 0.001 s.
	14 Reference Face(s).
	44 Reference Triangles.
	GeometryRef reading: 0.000 s.
	Making hash and connectivity for geometry 0...
		CBodyGeom:
		Hash size: {16, 14, 12}.
		Mesh size: {16, 14, 12}.
		Hashing triangles...Ok.
		Making triangles connectivity...Ok. (0.000 s).
		Neighbour triangles: 100.00 % (good connect) - 0.00 % (bad connect). Min: 3. Max: 3.
		Done.
		CBodyGeomRef:
		Hashing triangles...Ok.
		Making triangles connectivity...Ok. (0.000 s).
		Neighbour triangles: Min: 1. Max: 3.
		Done.
	0.001 s.
	Making hash and connectivity for geometry 1...
		CBodyGeom:
		Hash size: {16, 14, 12}.
		Mesh size: {16, 14, 12}.
		Hashing triangles...Ok.
		Making triangles connectivity...Ok. (0.000 s).
		Neighbour triangles: 100.00 % (good connect) - 0.00 % (bad connect). Min: 3. Max: 3.
		Done.
		CBodyGeomRef:
		Hashing triangles...Ok.
		Making triangles connectivity...Ok. (0.000 s).
		Neighbour triangles: Min: 1. Max: 3.
		Done.
	0.001 s.
Geometries reading and preparing has taken 0.005 s.

Mapped triangles:
Hashing geometries triangles
	Triangles num=44
	Triangles box={0  ,0.02  ,0  ,0.008  ,0  ,0.01  }
		3d-hash size is 14420 bytes
		Making triangles connectivity...Ok. (0.000 s).
		Neighbour triangles: 100.00 % (good connect) - 0.00 % (bad connect). Min: 3. Max: 3.
	Triangles num=56
	Triangles box={-0.00275596  ,0.0222651  ,-0.00536692  ,0.0128761  ,-0.00433749  ,0.0134911  }
		3d-hash size is 14420 bytes
		Making triangles connectivity...Ok. (0.000 s).
		Neighbour triangles: 100.00 % (good connect) - 0.00 % (bad connect). Min: 3. Max: 3.
Hashing peculiar surfaces triangles
Mapped triangles processed in 0.002 s.
-----------------------------------------------------------------------

Current CPU = 0 sec
Flow Simulation 2015  x64 / 3058 / MESHER ver. efd_14_1.3058_11.02.2015 

Project: C:\Users\PawlenkoMO\Desktop\SolidWorks_pawl\Rfvftd\Гепарди\16_5\1\1.xmlconfig
Computer name:	DESKTOP-IP0RCRF
Operating system:	 (Build 9200)

SOLIDWORKS 2015 SP3.0

-----------------------------------------------------------------------
Mesh dimensions:
				I[0 ]=16
				I[1 ]=14
				I[2 ]=12
Solver refinement level	I[47]=0

Comp. domain size:
				a[0  ]=-0.00273099
				a[1  ]=0.0222402
				a[2  ]=-0.00534871
				a[3  ]=0.0128579
				a[4  ]=-0.0043197
				a[5  ]=0.0134734
Wall thickness		a[231]=0
Gap size			a[232]=1

Fluid calculated			1
Solid calculated			1
-----------------------------------------------------------------------
MESH: distribute base bricks among sub-meshes...
	Base bricks count               2688
	Sub-meshes  count               4
	Base bricks count per sub-mesh  672 (+0)
	Sub-mesh 0: 672 base brick(s), range [0, 3]-[0, 13]-[0, 11]
	Sub-mesh 1: 672 base brick(s), range [4, 7]-[0, 13]-[0, 11]
	Sub-mesh 2: 672 base brick(s), range [8, 11]-[0, 13]-[0, 11]
	Sub-mesh 3: 672 base brick(s), range [12, 15]-[0, 13]-[0, 11]
-----------------------------------------------------------------------
-----------------------------------------------------------------------
MESH: collecting ghosts in sub-meshes...
	Sub-mesh 0:
		Total  brick(s) 840
		Native brick(s) 672
		Inner  brick(s) 504
		Outer  brick(s) 168
		Ghost  brick(s) 168
	Sub-mesh 1:
		Total  brick(s) 1008
		Native brick(s) 672
		Inner  brick(s) 336
		Outer  brick(s) 336
		Ghost  brick(s) 336
	Sub-mesh 2:
		Total  brick(s) 1008
		Native brick(s) 672
		Inner  brick(s) 336
		Outer  brick(s) 336
		Ghost  brick(s) 336
	Sub-mesh 3:
		Total  brick(s) 840
		Native brick(s) 672
		Inner  brick(s) 504
		Outer  brick(s) 168
		Ghost  brick(s) 168
	Total brick(s) 2688
-----------------------------------------------------------------------
Setting regions...OK (0.004 s)
Base mesh info------------------
	2D flag  =0
	Period   =[0, 0, 0]
	Nx=16
		x[0]=-0.00273099
		x[1]=-0.00111367
		x[2]=0.000200413
		x[3]=0.00151459
		x[4]=0.0028564
		x[5]=0.00422641
		x[6]=0.00562521
		x[7]=0.0070534
		x[8]=0.00851161
		x[9]=0.0100005
		x[10]=0.0114893
		x[11]=0.0130332
		x[12]=0.0146341
		x[13]=0.0162942
		x[14]=0.0180156
		x[15]=0.0198006
		x[16]=0.0222402
	Ny=14
		y[0]=-0.00534871
		y[1]=-0.00400895
		y[2]=-0.00265776
		y[3]=-0.00129469
		y[4]=8.03737e-005
		y[5]=0.00145544
		y[6]=0.00276091
		y[7]=0.00400034
		y[8]=0.00523978
		y[9]=0.00654529
		y[10]=0.00792037
		y[11]=0.00929544
		y[12]=0.0105721
		y[13]=0.0117575
		y[14]=0.0128579
	Nz=12
		z[0]=-0.0043197
		z[1]=-0.00270625
		z[2]=-0.00159975
		z[3]=-0.000493125
		z[4]=0.000711199
		z[5]=0.00202183
		z[6]=0.00344814
		z[7]=0.00500036
		z[8]=0.00655254
		z[9]=0.00817293
		z[10]=0.00986449
		z[11]=0.0116303
		z[12]=0.0134734
End of base mesh info---------
Input_mesh_settings--------------------------------
Settings 0----------------
	Scope: GLOBAL
	Type:	------MESHER_SETTINGS----------
	RefAllCells           =0
	RefFluidCells         =0
	RefPartCells          =0
	RefSolidCells         =0
	l_SSFR(Capture crit)  =1
	l_curv(Curvature crit)=0
	l_tol(Tolerance crit) =0
	UseChannelRef         =1
	  l_NCR               =1
	  N_gap               =5
	  Use d_NCR_min       =0
	  Use d_NCR_max       =0
	--END_OF_MESHER_SETTINGS-------
End of input mesh settings-------------------------

-----------------------------------------------------------------------
Building geometries:
Building geometry Fluid.0.(0)...

-----------------------------------------------------------------------
Refining by triangulation...
Refinement input: 2688 bricks
Setting regions...OK (0.007 s)
Refinement result: 2800 bricks (0.009 s)
Refinement input: 2800 bricks
Refinement result: 2800 bricks (0.001 s)
Collecting and processing rays...OK (0.023 s)
Capturing...OK (0.002 s)
Refining by triangulation takes 0.037 s
-----------------------------------------------------------------------

-----------------------------------------------------------------------
Refining peculiar surfaces...
0 surfaces refined
Refining peculiar surfaces takes 0 s
-----------------------------------------------------------------------
Collecting and processing rays...OK (0.008 s)
Capturing...OK (0.002 s)
Collecting and processing rays...OK (0.009 s)
Capturing...OK (0.000 s)
Collecting and processing rays...OK (0.010 s)
Capturing...OK (0.000 s)

-----------------------------------------------------------------------
Base mesh 1 Refining...
Refinement input: 2800 bricks
Refinement result: 2800 bricks (0.001 s)
Collecting and processing rays...OK (0.008 s)
Capturing...OK (0.000 s)
-----------------------------------------------------------------------
Refining channels...
FYI: CNarrowChannelRefiner::RefineChannels_PRLL: m_submesh_count=4
FYI: m_iteration_count = 0
FYI: level1 statistics:
     level1_cnt_plus[1]=0;		level1_cnt_minus[1]=0
     level1_cnt_plus[2]=0;		level1_cnt_minus[2]=0
     level1_cnt_plus[3]=0;		level1_cnt_minus[3]=0
     level1_cnt_plus[4]=0;		level1_cnt_minus[4]=0
     level1_cnt_plus[5]=0;		level1_cnt_minus[5]=0
     level1_cnt_plus[6]=0;		level1_cnt_minus[6]=0
     level1_cnt_plus[7]=0;		level1_cnt_minus[7]=0
     level1_cnt_plus[8]=0;		level1_cnt_minus[8]=0
     level1_cnt_plus[9]=0;		level1_cnt_minus[9]=0
FYI: level1 statistics:
     level1_cnt_plus[1]=0;		level1_cnt_minus[1]=0
     level1_cnt_plus[2]=0;		level1_cnt_minus[2]=0
     level1_cnt_plus[3]=0;		level1_cnt_minus[3]=0
     level1_cnt_plus[4]=0;		level1_cnt_minus[4]=0
     level1_cnt_plus[5]=0;		level1_cnt_minus[5]=0
     level1_cnt_plus[6]=0;		level1_cnt_minus[6]=0
     level1_cnt_plus[7]=0;		level1_cnt_minus[7]=0
     level1_cnt_plus[8]=0;		level1_cnt_minus[8]=0
     level1_cnt_plus[9]=0;		level1_cnt_minus[9]=0
	CNarrowChannelRefiner::ChannelsResolution            function_total                0      = 0.00675462 sec

-----------------------------------------------------------------------
U-shapes refinement...
Refinement input: 2800 bricks
Refinement result: 2800 bricks (0.002 s)
Collecting and processing rays...OK (0.007 s)
Capturing...OK (0.001 s)
-----------------------------------------------------------------------
Building geometry takes 0.097 s
Geometry Fluid.0.
Total		2800
Partial	464
Fluid		2180
Solid		156
Bad		0

/-Ray Intersection---------------/ Time	0.004 s
Calls			790
CorrectRay Calls	0


Building geometry Solid.1.(1)...

-----------------------------------------------------------------------
Refining by triangulation...
Refinement input: 2800 bricks
Refinement result: 2800 bricks (0.001 s)
Refinement input: 2800 bricks
Refinement result: 2800 bricks (0.001 s)
Collecting and processing rays...OK (0.022 s)
Capturing...OK (0.002 s)
Refining by triangulation takes 0.027 s
-----------------------------------------------------------------------
Collecting and processing rays...OK (0.009 s)
Capturing...OK (0.000 s)
Collecting and processing rays...OK (0.007 s)
Capturing...OK (0.001 s)

-----------------------------------------------------------------------
Base mesh 1 Refining...
Refinement input: 2800 bricks
Refinement result: 2800 bricks (0.001 s)
Collecting and processing rays...OK (0.009 s)
Capturing...OK (0.000 s)
-----------------------------------------------------------------------
Building geometry takes 0.059 s
Geometry Solid.1.
Total		2800
Partial	464
Fluid		156
Solid		2180
Bad		0

/-Ray Intersection---------------/ Time	0.003 s
Calls			790
CorrectRay Calls	0


Building geometries takes 0.159 s
-----------------------------------------------------------------------

-----------------------------------------------------------------------
PostBuilding geometries:
PostBuilding geometry Fluid.0.(0)...
Collecting and processing rays...OK (0.009 s)
Capturing...OK (0.000 s)
PostBuilding geometry takes 0.012 s
Geometry Fluid.0.
Total		2800
Partial	464
Fluid		2180
Solid		156
Bad		0
PostBuilding geometries takes 0.015 s
-----------------------------------------------------------------------
Defect ray count	0
FYI: CNarrowChannelRefiner::RedistributeLevel1_step_1: is finished
FYI: level1 statistics:
     level1_cnt_plus[1]=0;		level1_cnt_minus[1]=0
     level1_cnt_plus[2]=0;		level1_cnt_minus[2]=0
     level1_cnt_plus[3]=0;		level1_cnt_minus[3]=0
     level1_cnt_plus[4]=0;		level1_cnt_minus[4]=0
     level1_cnt_plus[5]=0;		level1_cnt_minus[5]=0
     level1_cnt_plus[6]=0;		level1_cnt_minus[6]=0
     level1_cnt_plus[7]=0;		level1_cnt_minus[7]=0
     level1_cnt_plus[8]=0;		level1_cnt_minus[8]=0
     level1_cnt_plus[9]=0;		level1_cnt_minus[9]=0
FYI: CNarrowChannelRefiner::RedistributeLevel1_step_2: is started
FYI: CNarrowChannelRefiner::RedistributeLevel1_step_2: is finished
FYI: level1 statistics:
     level1_cnt_plus[1]=0;		level1_cnt_minus[1]=0
     level1_cnt_plus[2]=0;		level1_cnt_minus[2]=0
     level1_cnt_plus[3]=0;		level1_cnt_minus[3]=0
     level1_cnt_plus[4]=0;		level1_cnt_minus[4]=0
     level1_cnt_plus[5]=0;		level1_cnt_minus[5]=0
     level1_cnt_plus[6]=0;		level1_cnt_minus[6]=0
     level1_cnt_plus[7]=0;		level1_cnt_minus[7]=0
     level1_cnt_plus[8]=0;		level1_cnt_minus[8]=0
     level1_cnt_plus[9]=0;		level1_cnt_minus[9]=0
FYI: CNarrowChannelRefiner::RedistributeLevel1_step_3: is started
FYI: CNarrowChannelRefiner::RedistributeLevel1_step_3: is finished
RedistributeLevel1 takes:
	CNarrowChannelRefiner::RedistributeLevel1            function_total                0      = 0.00919858 sec
FYI: level1 statistics:
     level1_cnt_plus[1]=0;		level1_cnt_minus[1]=0
     level1_cnt_plus[2]=0;		level1_cnt_minus[2]=0
     level1_cnt_plus[3]=0;		level1_cnt_minus[3]=0
     level1_cnt_plus[4]=0;		level1_cnt_minus[4]=0
     level1_cnt_plus[5]=0;		level1_cnt_minus[5]=0
     level1_cnt_plus[6]=0;		level1_cnt_minus[6]=0
     level1_cnt_plus[7]=0;		level1_cnt_minus[7]=0
     level1_cnt_plus[8]=0;		level1_cnt_minus[8]=0
     level1_cnt_plus[9]=0;		level1_cnt_minus[9]=0
-----------------------------------------------------------------------
BCF-Builder Iteration: 0
Memory Working Set Current = 16.36 Mb, Memory Working Set Peak = 16.71 Mb
Loading geometries triangulation & x-stacks...OK
	Sub-mesh 0:
		Total  brick(s) 888
		Native brick(s) 672
		Inner  brick(s) 504
		Outer  brick(s) 168
		Ghost  brick(s) 216
	Sub-mesh 1:
		Total  brick(s) 1120
		Native brick(s) 784
		Inner  brick(s) 400
		Outer  brick(s) 384
		Ghost  brick(s) 336
	Sub-mesh 2:
		Total  brick(s) 1008
		Native brick(s) 672
		Inner  brick(s) 336
		Outer  brick(s) 336
		Ghost  brick(s) 336
	Sub-mesh 3:
		Total  brick(s) 840
		Native brick(s) 672
		Inner  brick(s) 504
		Outer  brick(s) 168
		Ghost  brick(s) 168
	Total brick(s) 2800

-----------------------------------------------------------------------
MSH (Real Geometry) format constructor:
Getting submesh brick sets...OK (0.001 s)
Level 1
	Inner time 0.022 s
	Outer Time 0.021 s
	Level Time 0.043 s
Level 0
	Inner time 0.066 s
	Outer Time 0.071 s
	Level Time 0.137 s

Brick parser time info:
	0.209 s - time_Run
		0.009 s - time_ConstructPoints
			0.006 s - time_ConstructPointsAddFind2
		0.005 s - time_ConstructPointsAndConnectsFromNb
		0.002 s - time_AddRibConnects
		0.037 s - time_ConstructBrickFacets
			0.018 s - time_CalculateQpoints
				0.003 s - time_AddFacetPoint_GetFacesQpoint
					0.000 s - time_GetFacesQpoint_UShaped
						0.000 s - time_GetFacesQpoint2
					0.000 s - time_GetFacesQpoint_AddEdgesToList
					0.001 s - time_Edge_GetClosestPointOn
					0.000 s - time_Edge_NewtonMethod
					0.000 s - time_GetFacesQpoint_ManyFinds
				0.006 s - time_AddFacetPoint_AddQPoint
					0.010 s - time_PointReverseEvaluate
				0.006 s - time_AddFacetPoint_AddFind2
		0.000 s - time_RemoveOddConnects
		0.005 s - time_TestConnectivity
		0.000 s - time_ValidateXeps
		0.011 s - time_ConstructFaceAs
		0.002 s - time_ConstructCvs
		0.000 s - time_ConstructFaceWs
		0.005 s - time_RealGeomAddQPoints
		0.000 s - time_RealGeomAddNewFaces
		0.002 s - time_RealGeomInitOppositeGeomFaceInd
		0.001 s - time_RealGeomApproxCurveFaces
		0.000 s - time_Enum1
		0.000 s - time_Enum2
		0.000 s - time_RealGeomCheckInvalidConnects
		0.105 s - time_RealGeomParameters
			0.080 s - time_CalculateParametersOfCv
			0.022 s - time_CalculateParametersOfFace
				0.014 s - time_CalculateRR
				0.007 s - time_CalculateRefFaceData
				0.000 s - time_CalculateLambdaProjection
			0.003 s - time_SetFacesOrientation
Result:
	Bricks number:                        2800

	Memory usage:                         0.269 MB
	Memory usage (per brick):             0.098 KB
	Construction time:                    0.199 s

	Topology features:
	------------------
	- Successfully captured bricks        100.00 % (2800)
	- Normally captured bricks              0.00 % (0)
	- Badly captured bricks                 0.00 % (0)
	- Ribs corrected bricks                 0.00 % (0)
	- Points with geom-info (bricks)        0.00 % (0)
	- Points with closest-info (bricks)     0.00 % (0)
	- Triangulated by center (bricks)       0.00 % (0)
	- Facet w-faces mergings (bricks)       0.00 % (0)
	- To refine (bricks)                    0.00 % (0)

Memory Working Set Current = 17.69 Mb, Memory Working Set Peak = 25.11 Mb
-----------------------------------------------------------------------
-----------------------------------------------------------------------
MSH --> BCF format (Iteration 0)...
BCF collector...
	(1) Bcf collect time 0.022 s (1358 avs, 344 fws)
	(0) Bcf collect time 0.023 s (1059 avs, 253 fws)
	(3) Bcf collect time 0.014 s (1016 avs, 264 fws)
	(2) Bcf collect time 0.016 s (1160 avs, 200 fws)
	(2) Remove defect cvs time 0.000 s
	(1) Remove defect cvs time 0.000 s
	(3) Remove defect cvs time 0.000 s
	(0) Remove defect cvs time 0.001 s
Defect subdomain detector...
		1 subdomain(s) of gi=0 (real bodies = 1).
			Subdomain 0: 2668 av
		Get real subdoms time 0.000 s
		Mark defect subdomains by closed av...
		Mark by closed av time 0.000 s
		Mark defect subdomains by real bodies...
		0 defect subdomain(s) of gi=0.
		1 subdomain(s) of gi=1 (real bodies = 1).
			Subdomain 0: 638 av
		Get real subdoms time 0.000 s
		Mark defect subdomains by real bodies...
		0 defect subdomain(s) of gi=1.
	(3) Remove defect subdoms time 0.001 s
	(2) Remove defect subdoms time 0.001 s
	(1) Remove defect subdoms time 0.001 s
	(0) Remove defect subdoms time 0.001 s
Sub-mesh 0. NB-faces collector & conservator...
		Total                    0
		For bb-faces             0
Sub-mesh 1. NB-faces collector & conservator...
		Total                    0
		For bb-faces             0
Sub-mesh 2. NB-faces collector & conservator...
		Total                    0
		For bb-faces             0
Sub-mesh 3. NB-faces collector & conservator...
		Total                    0
		For bb-faces             0
	(0) Bcf calc time 0.001 s
	(3) Bcf calc time 0.001 s
	(1) Bcf calc time 0.002 s
	(2) Bcf calc time 0.001 s
Sub-mesh 0. FACE_W optimizer...
		Before optimization      1044
		        fs               253
		        ff               0
		        ss               0
		After optimization       1044
		        fs               253
		        ff               0
		        ss               0
Sub-mesh 1. FACE_W optimizer...
		Before optimization      1032
		        fs               344
		        ff               0
		        ss               0
		After optimization       1032
		        fs               344
		        ff               0
		        ss               0
Sub-mesh 2. FACE_W optimizer...
		Before optimization      896
		        fs               200
		        ff               0
		        ss               0
		After optimization       896
		        fs               200
		        ff               0
		        ss               0
Sub-mesh 3. FACE_W optimizer...
		Before optimization      880
		        fs               264
		        ff               0
		        ss               0
		After optimization       880
		        fs               264
		        ff               0
		        ss               0
-----------------------------------------------------------------------
-----------------------------------------------------------------------
Merging BCF...
Merging bricks trees...OK (0.00 s)
Merging av data...OK (0.00 s)
Merging a-faces data (fluid)...
	New a-face count   7335
	Bound a-face count 516 (7.03 %)
Merging a-faces data takes 0.00 s
Merging a-faces data (solid)...
	New a-face count   1604
	Bound a-face count 97 (6.05 %)
Merging a-faces data takes 0.00 s
Merging w-faces data...
	New w-face count   1904
	Bound w-face count 0 (0.00 %)
	Need fw-nb         916 (48.11 %)
Merging w-faces data takes 0.01 s
Merging BCF takes (0.01 s)
-----------------------------------------------------------------------

-----------------------------------------------------------------------
Geometrical diagonal nb-faces collector (cpu_num=4)...
	Time=0.008s.
-----------------------------------------------------------------------
Fluid Subdom Constructor: 1 subdom(s).
	Remove nb-fw from diff subdomains (fs)...
		Diff subdomains cases         0

-----------------------------------------------------------------------
BCF CHECKSUM DATA (Mesh 0):

FACE_A Area Sum:   G.Fluid        0.0140761049437878
FACE_A Area Sum:   G.Solid        0.0016543570087228
FACE_W Area Sum:                  0.0032458078253733
FACE_W Nb   Sum:                  15136
FACE_W min curvatures sum:        -0.00000000
FACE_W max curvatures sum:        0.00000000
AV Max Disbalance: G.Fluid        2.39605e-016 (cid=2442, avid=2310)
AV Max Disbalance: G.Solid        2.99215e-015 (cid=1918, avid=3085)
BRICK-AV Volume Disbalance:       1.44046e-015 (cid=2466)
-----------------------------------------------------------------------


-----------------------------------------------------------------------
MESHER TOPOLOGY DATA (Mesh 0):

BRICKS: Total                 2800
BRICKS: 1-CV                  2318
BRICKS: 2-CV                  458
BRICKS: 3-CV                  24
BRICKS: Bad                   0

AV:     G.Total               3306
AV:     G.Fluid               2668
AV:     G.Solid               638

AV:     G.Fluid Thin Profile    0.00 % (0)
AV:     G.Solid Thin Profile    3.76 % (24)

AV:     G.Fluid Thin For Mega   0.00 % (0)
AV:     G.Solid Thin For Mega   2.82 % (18)

AV:     G.Fluid Non-Convex      6.75 % (180)
AV:     G.Solid Non-Convex      4.39 % (28)

FACE_A: G.Fluid          (af) 7335 (partially opened 1024)
FACE_A: G.Solid          (as) 1604 (partially opened 986)

FACE_W: G.Total                 1904        Brick/Bound
FACE_W: G.Fluid/Solid    (fs_g) 736         0           
FACE_W: G.Fluid/Fluid    (ff_g) 0           0           
FACE_W: G.Solid/Solid    (ss_g) 0           0           
FACE_W: G.Fluid/External (fe_g) 1168
FACE_W: G.Solid/External (se_g) 0

AV max fa count:                10
AV max fw count:                4
AV max fw poly count:           4

MEMORY: Total                   1.167 MB
MEMORY: Per Brick               0.427 KB
-----------------------------------------------------------------------

-----------------------------------------------------------------------
Mega-cv constructor for fluid...
	 0 av's is treated as thin
Relative size generator (threshold = 0.05)...OK
	 0 mega-cv's generated
	 0 mega-cv's removed
Convert clusters:
	 0 mega-cv's total
-----------------------------------------------------------------------
-----------------------------------------------------------------------
Mega-cv constructor for solid...
-----------------------------------------------------------------------
Mixing plane rotation regions: NO.
Sliding mesh rotation regions: NO.
Fluid/fluid faces: NO.
Current CPU = 0 sec

Nx=16
Ny=14
Nz=12
Max_RL=1
12. Saving initial mesh in: C:\Users\PawlenkoMO\Desktop\SolidWorks_pawl\Rfvftd\Гепарди\16_5\1\1.fld .
Storing results...
Estimated CPT size=0.494 MB.
OK
Memory Working Set Current = 21.60 Mb, Memory Working Set Peak = 25.11 Mb
Cleaning memory...
Free Geometry DB takes 0.001 s
Copying... OK

------------------------------------------------------------------------------------------------------------
CPU report:
Function                                             CPU           descriptor                    nproc     
------------------------------------------------------------------------------------------------------------
GetGeometryFromSW                                    0.013 sec   function_total               
GetGeometryFromSW                                    0.003 sec   InitGeometryTriangles        
CMesh::PrepareMappedTriangles                        0.002 sec   function_total               
SwapGeometries                                       0.018 sec   function_total               
SwapGeometries                                       0.000 sec   function_total               
SwapGeometries                                       0.000 sec   function_total               
SwapGeometries                                       0.000 sec   function_total               
CMesh::PreBuild                                      0.008 sec   function_total               
SetBrickRegion                                       0.011 sec   function_total               
CMesh::Build                                         0.176 sec   function_total               
CMesh::BuildGeometry                                 0.156 sec   function_total               
ActivateAllCellsParameters                           0.010 sec   function_total               
RefineByTriangles                                    0.063 sec   function_total               
CaptureRefined                                       0.133 sec   function_total               
GetMultiRaysIntersections                            0.007 sec   full                         
CRayCollector::CorrectRays2                          0.105 sec   full                         
CRayCollector::CorrectRays2                          0.051 sec   collect_undefined            
CRayCollector::CorrectRays2                          0.051 sec   stage_2                      
RefinePeculiarSurfaces                               0.011 sec   function_total               
CNarrowChannelRefiner::ChannelsResolution            0.007 sec   function_total               
CNarrowChannelRefiner::RefineChannels_PRLL           0.006 sec   function_total               
CNarrowChannelRefiner::GetMainNormals                0.001 sec   function_total               
CNarrowChannelRefiner::GetMainNormals                0.002 sec   function_total               
CNarrowChannelRefiner::GetMainNormals                0.001 sec   function_total               
CNarrowChannelRefiner::GetMainNormals                0.002 sec   function_total               
CNarrowChannelRefiner::facade_bricks_of_brick_dirv   0.001 sec   function_total               
CNarrowChannelRefiner::facade_bricks_of_brick_dirv   0.001 sec   function_total               
CNarrowChannelRefiner::facade_bricks_of_brick_dirv   0.000 sec   function_total               
CNarrowChannelRefiner::facade_bricks_of_brick_dirv   0.001 sec   function_total               
CNarrowChannelRefiner::next_brick_on_ray             0.001 sec   function_total               
CNarrowChannelRefiner::next_brick_on_ray             0.001 sec   function_total               
CNarrowChannelRefiner::next_brick_on_ray             0.000 sec   function_total               
CNarrowChannelRefiner::next_brick_on_ray             0.000 sec   function_total               
PostCaptureGeometry                                  0.012 sec   function_total               
CNarrowChannelRefiner::RedistributeLevel1            0.010 sec   function_total               
CTPBuilder::build_bcf                                0.286 sec   function_total               
CTPBuilder::bcf_builder                              0.281 sec   function_total               
LoadTrianglesAndXSL                                  0.003 sec   function_total               
CTPBuilder::collect_msh_format                       0.200 sec   function_total               
CTPBuilder::Run                                      0.046 sec   bcf_collect                  
CTPBuilder::Run                                      0.030 sec   bcf_merge                    
CTPBuilder::build_bcf                                0.004 sec   collect_mega_cv              
CTPBuilder::build_bcf                                0.000 sec   convert_to_mmm               
Store_Res_2                                          0.030 sec   function_total               
Freemem_CPT                                          0.012 sec   function_total               
------------------------------------------------------------------------------------------------------------

Mesh generation normally finished at	18.12.2016	23:45:48
Mesher CPU = 0 sec
Mesher is finished at	18.12.2016	23:45:48
