Number of used processors (NPROC): 4.
Number of mesh partitions (NPART): 4.
Total Physical Memory = 7.96 Gb, Available Physical Memory = 4.81 Gb
Mesh generation started:	27.12.2016	0:6:24
-----------------------------------------------------------------------
Allocating meshes:
	CPU count: 4
	MESH 0:
		Sub-meshes count: 4
-----------------------------------------------------------------------
Current CPU = 0 sec
-----------------------------------------------------------------------
Geometries initialization:

Geometry database loading ...OK
-----------------------------------------------------------------------
Loading mesh settings (global/local)...
-----------------------------------------------------------------------
Number of geometries: 3
Geometry(0):
	Fluid..
	1 Body.
	1 Real body.
	Tolerance=6.16474e-006.
	18 Face(s).
		18 of b-spline type.
	1682 Triangle(s).
	12 Face(s) that have no ref faces
	14 Plane surface(s).
	3 Cylinder surface(s).
	1 Cone surface(s).
	30 Edge(s).
		30 of b-spline type.
	Geometry reading: 0.030 s.
	12 Reference Face(s).
	1670 Reference Triangles.
	GeometryRef reading: 0.001 s.
Geometry(1):
	Solid..
	2 Bodies.
	1 Real body.
	Tolerance=6.16474e-006.
	26 Face(s).
		26 of b-spline type.
	3166 Triangle(s).
	0 Face(s) that have no ref faces
	17 Plane surface(s).
	7 Cylinder surface(s).
	2 Cone surface(s).
	60 Edge(s).
		60 of b-spline type.
	Geometry reading: 0.003 s.
	20 Reference Face(s).
	2718 Reference Triangles.
	GeometryRef reading: 0.002 s.
Geometry(2):
	Void..
	1 Body.
	1 Real body.
	Tolerance=6.16474e-006.
	14 Face(s).
		14 of b-spline type.
	1468 Triangle(s).
	8 Face(s) that have no ref faces
	9 Plane surface(s).
	4 Cylinder surface(s).
	1 Cone surface(s).
	30 Edge(s).
		30 of b-spline type.
	Geometry reading: 0.005 s.
	8 Reference Face(s).
	1048 Reference Triangles.
	GeometryRef reading: 0.001 s.
	Making hash and connectivity for geometry 0...
		CBodyGeom:
		Hash size: {8, 20, 12}.
		Mesh size: {8, 20, 12}.
		Hashing triangles...	Making hash and connectivity for geometry 1...
		CBodyGeom:
		Hash size: {8, 20, 12}.
		Mesh size: {8, 20, 12}.
		Hashing triangles...Ok.
		Making triangles connectivity...Ok. (0.040 s).
		Neighbour triangles: 100.00 % (good connect) - 0.00 % (bad connect). Min: 3. Max: 3.
		Done.
		CBodyGeomRef:
		Hashing triangles...Ok.
		Making triangles connectivity...Ok. (0.020 s).
		Neighbour triangles: Min: 1. Max: 3.
		Done.
	0.065 s.
Ok.
		Making triangles connectivity...Ok. (0.011 s).
		Neighbour triangles: 100.00 % (good connect) - 0.00 % (bad connect). Min: 3. Max: 3.
		Done.
		CBodyGeomRef:
		Hashing triangles...Ok.
		Making triangles connectivity...Ok. (0.010 s).
		Neighbour triangles: Min: 1. Max: 3.
		Done.
	0.087 s.
	Making hash and connectivity for geometry 2...
		CBodyGeom:
		Hash size: {8, 20, 12}.
		Mesh size: {8, 20, 12}.
		Hashing triangles...Ok.
		Making triangles connectivity...Ok. (0.030 s).
		Neighbour triangles: 100.00 % (good connect) - 0.00 % (bad connect). Min: 3. Max: 3.
		Done.
		CBodyGeomRef:
		Hashing triangles...Ok.
		Making triangles connectivity...Ok. (0.009 s).
		Neighbour triangles: Min: 1. Max: 3.
		Done.
	0.040 s.
Geometries reading and preparing has taken 0.137 s.

Mapped triangles:
Hashing geometries triangles
	Triangles num=1682
	Triangles box={-0.00903604  ,0.00903604  ,-0.0390975  ,0.00978826  ,-0.00905744  ,0.0197482  }
		3d-hash size is 55284 bytes
		Making triangles connectivity...Ok. (0.007 s).
		Neighbour triangles: 100.00 % (good connect) - 0.00 % (bad connect). Min: 3. Max: 3.
	Triangles num=3166
	Triangles box={-0.00903604  ,0.00903604  ,-0.0390975  ,0.00978826  ,-0.00905744  ,0.0197482  }
		3d-hash size is 89060 bytes
		Making triangles connectivity...Ok. (0.024 s).
		Neighbour triangles: 100.00 % (good connect) - 0.00 % (bad connect). Min: 3. Max: 3.
	Triangles num=1468
	Triangles box={-0.00903604  ,0.00903604  ,-0.0390975  ,0.00978826  ,-0.00905744  ,0.0197482  }
		3d-hash size is 41548 bytes
		Making triangles connectivity...Ok. (0.010 s).
		Neighbour triangles: 100.00 % (good connect) - 0.00 % (bad connect). Min: 3. Max: 3.
Hashing peculiar surfaces triangles
	Triangles num=2
	Triangles box={-0.00913342  ,-0.00586658  ,-0.0141334  ,-0.000866583  ,0.0196908  ,0.0196908  }
		3d-hash size is 7764 bytes
	Triangles num=75
	Triangles box={-0.00411314  ,0.00411264  ,0.00969078  ,0.00969078  ,-0.00411202  ,0.00411301  }
		3d-hash size is 8896 bytes
	Triangles num=2
	Triangles box={-0.009  ,-0.009  ,-0.014  ,-0.001  ,0  ,0.02  }
		3d-hash size is 7960 bytes
	Triangles num=2
	Triangles box={-0.006  ,-0.006  ,-0.014  ,-0.001  ,0.0067082  ,0.02  }
		3d-hash size is 7876 bytes
	Triangles num=37
	Triangles box={-0.00420402  ,0.00421922  ,-0.039  ,-0.039  ,-0.00421542  ,0.00421542  }
		3d-hash size is 8220 bytes
Mapped triangles processed in 0.083 s.
-----------------------------------------------------------------------

Current CPU = 0 sec
Flow Simulation 2017  x64 / 3675 / MESHER ver. efd_16_0.3632_07.09.2016 

Project: C:\Users\pawle\Desktop\Solidworks\ДКР_гепарди\ДКР ДАША\25122016\1\1.xmlconfig
Computer name:	DESKTOP-MEK70AJ
Operating system:	Windows 10 (or higher) (Version 10.0.14393)

SOLIDWORKS 2017 SP1.0

-----------------------------------------------------------------------
Mesh dimensions:
				I[0 ]=8
				I[1 ]=20
				I[2 ]=12
Solver refinement level	I[47]=0

Comp. domain size:
				a[0  ]=-0.009018
				a[1  ]=0.009018
				a[2  ]=-0.0390487
				a[3  ]=0.00973947
				a[4  ]=-0.00902869
				a[5  ]=0.0197195
Wall thickness		a[231]=0
Gap size			a[232]=1

Fluid calculated			1
Solid calculated			1
-----------------------------------------------------------------------
MESH: distribute base bricks among sub-meshes...
	Base bricks count               1920
	Sub-meshes  count               4
	Base bricks count per sub-mesh  480 (+0)
	Sub-mesh 0: 480 base brick(s), range [0, 7]-[0, 4]-[0, 11]
	Sub-mesh 1: 480 base brick(s), range [0, 7]-[5, 9]-[0, 11]
	Sub-mesh 2: 480 base brick(s), range [0, 7]-[10, 14]-[0, 11]
	Sub-mesh 3: 480 base brick(s), range [0, 7]-[15, 19]-[0, 11]
-----------------------------------------------------------------------
-----------------------------------------------------------------------
MESH: collecting ghosts in sub-meshes...
	Sub-mesh 0:
		Total  brick(s) 576
		Native brick(s) 480
		Inner  brick(s) 384
		Outer  brick(s) 96
		Ghost  brick(s) 96
	Sub-mesh 1:
		Total  brick(s) 672
		Native brick(s) 480
		Inner  brick(s) 288
		Outer  brick(s) 192
		Ghost  brick(s) 192
	Sub-mesh 2:
		Total  brick(s) 672
		Native brick(s) 480
		Inner  brick(s) 288
		Outer  brick(s) 192
		Ghost  brick(s) 192
	Sub-mesh 3:
		Total  brick(s) 576
		Native brick(s) 480
		Inner  brick(s) 384
		Outer  brick(s) 96
		Ghost  brick(s) 96
	Total brick(s) 1920
-----------------------------------------------------------------------
Setting regions...OK (0.002 s)
Base mesh info------------------
	2D flag  =0
	Period   =[0, 0, 0]
	Nx=8
		x[0]=-0.009018
		x[1]=-0.00676279
		x[2]=-0.00450829
		x[3]=-0.00225379
		x[4]=7.0805e-007
		x[5]=0.00225521
		x[6]=0.00450971
		x[7]=0.00676421
		x[8]=0.009018
	Ny=20
		y[0]=-0.0390487
		y[1]=-0.0366086
		y[2]=-0.0341692
		y[3]=-0.0317298
		y[4]=-0.0292904
		y[5]=-0.026851
		y[6]=-0.0244116
		y[7]=-0.0219722
		y[8]=-0.0195328
		y[9]=-0.0170934
		y[10]=-0.0146539
		y[11]=-0.0122145
		y[12]=-0.00977513
		y[13]=-0.00733572
		y[14]=-0.00489632
		y[15]=-0.00245691
		y[16]=-1.74992e-005
		y[17]=0.00242191
		y[18]=0.00486132
		y[19]=0.00730072
		y[20]=0.00973947
	Nz=12
		z[0]=-0.00902869
		z[1]=-0.00663246
		z[2]=-0.00423678
		z[3]=-0.0018411
		z[4]=0.000554581
		z[5]=0.00295026
		z[6]=0.00534594
		z[7]=0.00774162
		z[8]=0.0101373
		z[9]=0.012533
		z[10]=0.0149287
		z[11]=0.0173243
		z[12]=0.0197195
End of base mesh info---------
Input_mesh_settings--------------------------------
Settings 0----------------
	Scope: GLOBAL
	Type:	------MESHER_SETTINGS----------
	RefAllCells           =0
	RefFluidCells         =0
	RefPartCells          =0
	RefSolidCells         =0
	l_SSFR(Capture crit)  =1
	l_curv(Curvature crit)=0
	l_tol(Tolerance crit) =1
	  k_tol               =0.000816708
	UseChannelRef         =1
	  NCR_method          =0
	  l_NCR               =2
	  N_gap               =5
	  Use d_NCR_min       =0
	  Use d_NCR_max       =0
	IgnoreThinChannelsHeight         =0
	--END_OF_MESHER_SETTINGS-------
End of input mesh settings-------------------------

-----------------------------------------------------------------------
Building geometries:
Building geometry Fluid.0.(0)...

-----------------------------------------------------------------------
Refining by triangulation...
Refinement input: 1920 bricks
Setting regions...OK (0.001 s)
	Re-balancing...
	Send and create bricks on destination sub meshes...
	Collecting ghosts...
	Balancing finished.
Setting regions...OK (0.001 s)
Refinement result: 2886 bricks (0.026 s)
Refinement input: 2886 bricks
Refinement result: 2886 bricks (0.001 s)
Collecting and processing rays...OK (0.049 s)
Capturing...OK (0.003 s)
Refining by triangulation takes 0.081 s
-----------------------------------------------------------------------

-----------------------------------------------------------------------
Refining peculiar surfaces...
0 surfaces refined
Refining peculiar surfaces takes 0.002 s
-----------------------------------------------------------------------
Collecting and processing rays...OK (0.011 s)
Capturing...OK (0.001 s)
Collecting and processing rays...OK (0.004 s)
Capturing...OK (0.001 s)
Collecting and processing rays...OK (0.005 s)
Capturing...OK (0.001 s)

-----------------------------------------------------------------------
Base mesh 1 Refining...
Refinement input: 2886 bricks
Refinement result: 2886 bricks (0.004 s)
Collecting and processing rays...OK (0.003 s)
Capturing...OK (0.001 s)
-----------------------------------------------------------------------
Refining channels...
FYI: CNarrowChannelRefiner::RefineChannels_PRLL: m_submesh_count=4
Refinement input: 2886 bricks
Setting regions...OK (0.005 s)
	Re-balancing...
	Send and create bricks on destination sub meshes...
	Collecting ghosts...
	Balancing finished.
Refinement result: 5532 bricks (0.019 s)
Collecting and processing rays...OK (0.031 s)
Capturing...OK (0.005 s)
FYI: m_iteration_count = 0
FYI: level1 statistics:
     level1_cnt_plus[1]=3024;		level1_cnt_minus[1]=0
     level1_cnt_plus[2]=0;		level1_cnt_minus[2]=0
     level1_cnt_plus[3]=0;		level1_cnt_minus[3]=0
     level1_cnt_plus[4]=0;		level1_cnt_minus[4]=0
     level1_cnt_plus[5]=0;		level1_cnt_minus[5]=0
     level1_cnt_plus[6]=0;		level1_cnt_minus[6]=0
     level1_cnt_plus[7]=0;		level1_cnt_minus[7]=0
     level1_cnt_plus[8]=0;		level1_cnt_minus[8]=0
     level1_cnt_plus[9]=0;		level1_cnt_minus[9]=0
Refinement input: 5532 bricks
Setting regions...OK (0.001 s)
Refinement result: 5539 bricks (0.004 s)
Collecting and processing rays...OK (0.008 s)
Capturing...OK (0.000 s)
FYI: m_iteration_count = 1
FYI: level1 statistics:
     level1_cnt_plus[1]=3032;		level1_cnt_minus[1]=0
     level1_cnt_plus[2]=0;		level1_cnt_minus[2]=0
     level1_cnt_plus[3]=0;		level1_cnt_minus[3]=0
     level1_cnt_plus[4]=0;		level1_cnt_minus[4]=0
     level1_cnt_plus[5]=0;		level1_cnt_minus[5]=0
     level1_cnt_plus[6]=0;		level1_cnt_minus[6]=0
     level1_cnt_plus[7]=0;		level1_cnt_minus[7]=0
     level1_cnt_plus[8]=0;		level1_cnt_minus[8]=0
     level1_cnt_plus[9]=0;		level1_cnt_minus[9]=0
FYI: m_iteration_count = 2
FYI: level1 statistics:
     level1_cnt_plus[1]=3032;		level1_cnt_minus[1]=0
     level1_cnt_plus[2]=0;		level1_cnt_minus[2]=0
     level1_cnt_plus[3]=0;		level1_cnt_minus[3]=0
     level1_cnt_plus[4]=0;		level1_cnt_minus[4]=0
     level1_cnt_plus[5]=0;		level1_cnt_minus[5]=0
     level1_cnt_plus[6]=0;		level1_cnt_minus[6]=0
     level1_cnt_plus[7]=0;		level1_cnt_minus[7]=0
     level1_cnt_plus[8]=0;		level1_cnt_minus[8]=0
     level1_cnt_plus[9]=0;		level1_cnt_minus[9]=0
Refinement input: 5539 bricks
Setting regions...OK (0.007 s)
	Re-balancing...
	Send and create bricks on destination sub meshes...
	Collecting ghosts...
	Balancing finished.
Refinement result: 18027 bricks (0.044 s)
Collecting and processing rays...OK (0.104 s)
Capturing...OK (0.008 s)
FYI: m_iteration_count = 3
FYI: level1 statistics:
     level1_cnt_plus[1]=6423;		level1_cnt_minus[1]=0
     level1_cnt_plus[2]=9672;		level1_cnt_minus[2]=0
     level1_cnt_plus[3]=0;		level1_cnt_minus[3]=0
     level1_cnt_plus[4]=0;		level1_cnt_minus[4]=0
     level1_cnt_plus[5]=0;		level1_cnt_minus[5]=0
     level1_cnt_plus[6]=0;		level1_cnt_minus[6]=0
     level1_cnt_plus[7]=0;		level1_cnt_minus[7]=0
     level1_cnt_plus[8]=0;		level1_cnt_minus[8]=0
     level1_cnt_plus[9]=0;		level1_cnt_minus[9]=0
Refinement input: 18027 bricks
Setting regions...OK (0.004 s)
Refinement result: 18629 bricks (0.018 s)
Collecting and processing rays...OK (0.016 s)
Capturing...OK (0.002 s)
FYI: m_iteration_count = 4
FYI: level1 statistics:
     level1_cnt_plus[1]=6544;		level1_cnt_minus[1]=0
     level1_cnt_plus[2]=10176;		level1_cnt_minus[2]=0
     level1_cnt_plus[3]=0;		level1_cnt_minus[3]=0
     level1_cnt_plus[4]=0;		level1_cnt_minus[4]=0
     level1_cnt_plus[5]=0;		level1_cnt_minus[5]=0
     level1_cnt_plus[6]=0;		level1_cnt_minus[6]=0
     level1_cnt_plus[7]=0;		level1_cnt_minus[7]=0
     level1_cnt_plus[8]=0;		level1_cnt_minus[8]=0
     level1_cnt_plus[9]=0;		level1_cnt_minus[9]=0
Refinement input: 18629 bricks
Setting regions...OK (0.007 s)
Refinement result: 18664 bricks (0.018 s)
Collecting and processing rays...OK (0.013 s)
Capturing...OK (0.001 s)
FYI: m_iteration_count = 5
FYI: level1 statistics:
     level1_cnt_plus[1]=6557;		level1_cnt_minus[1]=0
     level1_cnt_plus[2]=10200;		level1_cnt_minus[2]=0
     level1_cnt_plus[3]=0;		level1_cnt_minus[3]=0
     level1_cnt_plus[4]=0;		level1_cnt_minus[4]=0
     level1_cnt_plus[5]=0;		level1_cnt_minus[5]=0
     level1_cnt_plus[6]=0;		level1_cnt_minus[6]=0
     level1_cnt_plus[7]=0;		level1_cnt_minus[7]=0
     level1_cnt_plus[8]=0;		level1_cnt_minus[8]=0
     level1_cnt_plus[9]=0;		level1_cnt_minus[9]=0
FYI: m_iteration_count = 6
FYI: level1 statistics:
     level1_cnt_plus[1]=6557;		level1_cnt_minus[1]=0
     level1_cnt_plus[2]=10200;		level1_cnt_minus[2]=0
     level1_cnt_plus[3]=0;		level1_cnt_minus[3]=0
     level1_cnt_plus[4]=0;		level1_cnt_minus[4]=0
     level1_cnt_plus[5]=0;		level1_cnt_minus[5]=0
     level1_cnt_plus[6]=0;		level1_cnt_minus[6]=0
     level1_cnt_plus[7]=0;		level1_cnt_minus[7]=0
     level1_cnt_plus[8]=0;		level1_cnt_minus[8]=0
     level1_cnt_plus[9]=0;		level1_cnt_minus[9]=0
FYI: level1 statistics:
     level1_cnt_plus[1]=6557;		level1_cnt_minus[1]=0
     level1_cnt_plus[2]=10200;		level1_cnt_minus[2]=0
     level1_cnt_plus[3]=0;		level1_cnt_minus[3]=0
     level1_cnt_plus[4]=0;		level1_cnt_minus[4]=0
     level1_cnt_plus[5]=0;		level1_cnt_minus[5]=0
     level1_cnt_plus[6]=0;		level1_cnt_minus[6]=0
     level1_cnt_plus[7]=0;		level1_cnt_minus[7]=0
     level1_cnt_plus[8]=0;		level1_cnt_minus[8]=0
     level1_cnt_plus[9]=0;		level1_cnt_minus[9]=0
	CNarrowChannelRefiner::ChannelsResolution            function_total                0      = 0.548606 sec

-----------------------------------------------------------------------
U-shapes refinement...
Refinement input: 18664 bricks
Setting regions...OK (0.007 s)
Refinement result: 18720 bricks (0.026 s)
Collecting and processing rays...OK (0.016 s)
Capturing...OK (0.002 s)
-----------------------------------------------------------------------

-----------------------------------------------------------------------
Equi Distant Refiner:
Equi Distant Refiner takes 0.00 s
-----------------------------------------------------------------------
Building geometry takes 0.718 s
Geometry Fluid.0.
Total		18720
Partial	5831
Fluid		8814
Solid		4075
Bad		0

/-Ray Intersection---------------/ Time	0.122 s
Calls			3424
CorrectRay Calls	0


Building geometry Solid.1.(1)...
Collecting and processing rays...OK (0.140 s)
Capturing...OK (0.012 s)
Collecting and processing rays...OK (0.016 s)
Capturing...OK (0.003 s)

-----------------------------------------------------------------------
Base mesh 1 Refining...
Refinement input: 18720 bricks
Refinement result: 18720 bricks (0.011 s)
Collecting and processing rays...OK (0.018 s)
Capturing...OK (0.002 s)
-----------------------------------------------------------------------
Building geometry takes 0.226 s
Geometry Solid.1.
Total		18720
Partial	6921
Fluid		1448
Solid		10114
Bad		237

/-Ray Intersection---------------/ Time	0.153 s
Calls			3424
CorrectRay Calls	0


Building geometry Void.2.(2)...
Collecting and processing rays...OK (0.089 s)
Capturing...OK (0.012 s)
Collecting and processing rays...OK (0.017 s)
Capturing...OK (0.002 s)

-----------------------------------------------------------------------
Base mesh 1 Refining...
Refinement input: 18720 bricks
Refinement result: 18720 bricks (0.007 s)
Collecting and processing rays...OK (0.015 s)
Capturing...OK (0.001 s)
-----------------------------------------------------------------------
Building geometry takes 0.171 s
Geometry Void.2.
Total		18720
Partial	1723
Fluid		1268
Solid		15729
Bad		0

/-Ray Intersection---------------/ Time	0.062 s
Calls			3424
CorrectRay Calls	0


Building geometries takes 1.12 s
-----------------------------------------------------------------------

-----------------------------------------------------------------------
PostBuilding geometries:
PostBuilding geometry Fluid.0.(0)...
Collecting and processing rays...OK (0.013 s)
Capturing...OK (0.001 s)
PostBuilding geometry takes 0.03 s
Geometry Fluid.0.
Total		18720
Partial	5831
Fluid		8814
Solid		4075
Bad		0
PostBuilding geometry Solid.1.(1)...
Collecting and processing rays...OK (0.012 s)
Capturing...OK (0.001 s)
PostBuilding geometry takes 0.031 s
Geometry Solid.1.
Total		18720
Partial	6921
Fluid		1448
Solid		10114
Bad		237
PostBuilding geometries takes 0.083 s
-----------------------------------------------------------------------
Defect ray count	0
FYI: CNarrowChannelRefiner::RedistributeLevel1_step_1: is finished
FYI: level1 statistics:
     level1_cnt_plus[1]=2470;		level1_cnt_minus[1]=0
     level1_cnt_plus[2]=14283;		level1_cnt_minus[2]=0
     level1_cnt_plus[3]=0;		level1_cnt_minus[3]=0
     level1_cnt_plus[4]=0;		level1_cnt_minus[4]=0
     level1_cnt_plus[5]=0;		level1_cnt_minus[5]=0
     level1_cnt_plus[6]=0;		level1_cnt_minus[6]=0
     level1_cnt_plus[7]=0;		level1_cnt_minus[7]=0
     level1_cnt_plus[8]=0;		level1_cnt_minus[8]=0
     level1_cnt_plus[9]=0;		level1_cnt_minus[9]=0
FYI: CNarrowChannelRefiner::RedistributeLevel1_step_2: is started
FYI: CNarrowChannelRefiner::RedistributeLevel1_step_2: is finished
FYI: level1 statistics:
     level1_cnt_plus[1]=2847;		level1_cnt_minus[1]=0
     level1_cnt_plus[2]=14435;		level1_cnt_minus[2]=0
     level1_cnt_plus[3]=0;		level1_cnt_minus[3]=0
     level1_cnt_plus[4]=0;		level1_cnt_minus[4]=0
     level1_cnt_plus[5]=0;		level1_cnt_minus[5]=0
     level1_cnt_plus[6]=0;		level1_cnt_minus[6]=0
     level1_cnt_plus[7]=0;		level1_cnt_minus[7]=0
     level1_cnt_plus[8]=0;		level1_cnt_minus[8]=0
     level1_cnt_plus[9]=0;		level1_cnt_minus[9]=0
FYI: CNarrowChannelRefiner::RedistributeLevel1_step_3: is started
FYI: CNarrowChannelRefiner::RedistributeLevel1_step_3: is finished
RedistributeLevel1 takes:
	CNarrowChannelRefiner::RedistributeLevel1            function_total                0      = 0.133732 sec
FYI: level1 statistics:
     level1_cnt_plus[1]=2847;		level1_cnt_minus[1]=2
     level1_cnt_plus[2]=14435;		level1_cnt_minus[2]=1
     level1_cnt_plus[3]=0;		level1_cnt_minus[3]=0
     level1_cnt_plus[4]=0;		level1_cnt_minus[4]=0
     level1_cnt_plus[5]=0;		level1_cnt_minus[5]=0
     level1_cnt_plus[6]=0;		level1_cnt_minus[6]=0
     level1_cnt_plus[7]=0;		level1_cnt_minus[7]=0
     level1_cnt_plus[8]=0;		level1_cnt_minus[8]=0
     level1_cnt_plus[9]=0;		level1_cnt_minus[9]=0
-----------------------------------------------------------------------
BCF-Builder Iteration: 0
Memory Working Set Current = 37.71 Mb, Memory Working Set Peak = 52.25 Mb
Loading geometries triangulation & x-stacks...OK
	Sub-mesh 0:
		Total  brick(s) 5634
		Native brick(s) 4681
		Inner  brick(s) 3742
		Outer  brick(s) 939
		Ghost  brick(s) 953
	Sub-mesh 1:
		Total  brick(s) 6570
		Native brick(s) 4681
		Inner  brick(s) 2807
		Outer  brick(s) 1874
		Ghost  brick(s) 1889
	Sub-mesh 2:
		Total  brick(s) 6575
		Native brick(s) 4723
		Inner  brick(s) 2875
		Outer  brick(s) 1848
		Ghost  brick(s) 1852
	Sub-mesh 3:
		Total  brick(s) 5545
		Native brick(s) 4635
		Inner  brick(s) 3727
		Outer  brick(s) 908
		Ghost  brick(s) 910
	Total brick(s) 18720

-----------------------------------------------------------------------
MSH (Real Geometry) format constructor:
Getting submesh brick sets...OK (0.003 s)
Level 2
	Inner time 0.286 s
	Outer Time 0.155 s
	Level Time 0.441 s
Level 1
	Inner time 0.164 s
	Outer Time 0.095 s
	Level Time 0.260 s
Level 0
	Inner time 0.090 s
	Outer Time 0.006 s
	Level Time 0.096 s

Brick parser time info:
	2.153 s - time_Run
		0.118 s - time_ConstructPoints
			0.103 s - time_ConstructPointsAddFind2
		0.096 s - time_ConstructPointsAndConnectsFromNb
		0.027 s - time_AddRibConnects
		0.366 s - time_ConstructBrickFacets
			0.044 s - time_CalculateQpoints
				0.008 s - time_AddFacetPoint_GetFacesQpoint
					0.000 s - time_GetFacesQpoint_UShaped
						0.000 s - time_GetFacesQpoint2
					0.000 s - time_GetFacesQpoint_AddEdgesToList
					0.008 s - time_Edge_GetClosestPointOn
					0.003 s - time_Edge_NewtonMethod
					0.000 s - time_GetFacesQpoint_ManyFinds
				0.017 s - time_AddFacetPoint_AddQPoint
					0.023 s - time_PointReverseEvaluate
				0.014 s - time_AddFacetPoint_AddFind2
		0.000 s - time_RemoveOddConnects
		0.035 s - time_TestConnectivity
		0.005 s - time_ValidateXeps
		0.108 s - time_ConstructFaceAs
		0.013 s - time_ConstructCvs
		0.011 s - time_ConstructFaceWs
		0.017 s - time_RealGeomAddQPoints
		0.010 s - time_RealGeomAddNewFaces
		0.003 s - time_RealGeomInitOppositeGeomFaceInd
		0.078 s - time_RealGeomApproxCurveFaces
		0.000 s - time_Enum1
		0.000 s - time_Enum2
		0.004 s - time_RealGeomCheckInvalidConnects
		1.077 s - time_RealGeomParameters
			0.789 s - time_CalculateParametersOfCv
			0.259 s - time_CalculateParametersOfFace
				0.079 s - time_CalculateRR
				0.177 s - time_CalculateRefFaceData
				0.001 s - time_CalculateLambdaProjection
			0.026 s - time_SetFacesOrientation
Result:
	Bricks number:                        18720

	Memory usage:                         3.817 MB
	Memory usage (per brick):             0.209 KB
	Construction time:                    0.821 s

	Topology features:
	------------------
	- High quality bricks                 100.00 % (18720)
	- Medium quality bricks                 0.00 % (0)
	- Bad quality bricks                    0.00 % (0)
	- Ribs corrected bricks                 0.00 % (0)
	- Points with geom-info (bricks)        0.00 % (0)
	- Points with closest-info (bricks)     0.00 % (0)
	- Triangulated by center (bricks)       0.00 % (0)
	- Facet w-faces mergings (bricks)       0.00 % (0)
	- To refine (bricks)                    0.00 % (0)

Memory Working Set Current = 49.99 Mb, Memory Working Set Peak = 57.67 Mb
-----------------------------------------------------------------------
-----------------------------------------------------------------------
MSH --> BCF format (Iteration 0)...
BCF collector...
	(2) Bcf collect time 0.170 s (8887 avs, 2350 fws)
	(1) Bcf collect time 0.172 s (8859 avs, 2509 fws)
	(0) Bcf collect time 0.177 s (8123 avs, 4093 fws)
	(3) Bcf collect time 0.179 s (7968 avs, 3081 fws)
	(0) Remove defect avs time 0.019 s
	(1) Remove defect avs time 0.019 s
	(2) Remove defect avs time 0.019 s
	(3) Remove defect avs time 0.019 s
Defect subdomain detector...
		1 subdomain(s) of gi=0 (real bodies = 1).
			Subdomain 0: 14645 av
		Get real subdoms time 0.000 s
		Mark defect subdomains by closed av...
		Mark by closed av time 0.000 s
		Mark defect subdomains by real bodies...
		0 defect subdomain(s) of gi=0.
		1 subdomain(s) of gi=1 (real bodies = 1).
			Subdomain 0: 8638 av
		Get real subdoms time 0.000 s
		Mark defect subdomains by real bodies...
		0 defect subdomain(s) of gi=1.
		1 subdomain(s) of gi=2 (real bodies = 1).
			Subdomain 0: 2991 av
		Get real subdoms time 0.000 s
		Mark defect subdomains by real bodies...
		0 defect subdomain(s) of gi=2.
	(2) Remove defect subdoms time 0.009 s
	(1) Remove defect subdoms time 0.009 s
	(3) Remove defect subdoms time 0.009 s
	(0) Remove defect subdoms time 0.009 s
NB-faces collector & conservator...
Sub-mesh 0.
	Conservated total=2 (bb-faces=0)
Sub-mesh 1.
	Conservated total=0 (bb-faces=0)
Sub-mesh 2.
	Conservated total=0 (bb-faces=0)
Sub-mesh 3.
	Conservated total=0 (bb-faces=0)
	(2) Bcf calc time 0.019 s
	(1) Bcf calc time 0.020 s
	(3) Bcf calc time 0.081 s
	(0) Bcf calc time 0.101 s
FACE_W optimizer ...
Sub-mesh 0.
	Before optimization total=7007 (fs=2708, ff=0, ss=1385)
	After  optimization total=6186 (fs=2286, ff=0, ss=986)
Sub-mesh 1.
	Before optimization total=6271 (fs=2187, ff=0, ss=322)
	After  optimization total=6271 (fs=2187, ff=0, ss=322)
Sub-mesh 2.
	Before optimization total=6168 (fs=1985, ff=0, ss=365)
	After  optimization total=6168 (fs=1985, ff=0, ss=365)
Sub-mesh 3.
	Before optimization total=5596 (fs=2284, ff=0, ss=797)
	After  optimization total=5582 (fs=2284, ff=0, ss=783)
-----------------------------------------------------------------------
-----------------------------------------------------------------------
Merging BCF...
Merging bricks trees...OK (0.02 s)
Merging av data...OK (0.01 s)
Merging a-faces data (fluid)...
	New a-face count   41534
	Bound a-face count 2488 (5.99 %)
Merging a-faces data takes 0.01 s
Merging a-faces data (solid)...
	New a-face count   30979
	Bound a-face count 1416 (4.57 %)
Merging a-faces data takes 0.01 s
Merging w-faces data...
	New w-face count   12201
	Bound w-face count 0 (0.00 %)
	Need fw-nb         5460 (44.75 %)
Merging w-faces data takes 0.04 s
Merging BCF takes (0.11 s)
-----------------------------------------------------------------------

-----------------------------------------------------------------------
Geometrical diagonal nb-faces collector (cpu_num=4)...
	Time=0.035s.
-----------------------------------------------------------------------
Fluid Subdom Constructor: 1 subdom(s).
	Remove nb-fw from diff subdomains (fs)...
		Diff subdomains cases         0

-----------------------------------------------------------------------
BCF CHECKSUM DATA (Mesh 0):

FACE_A Area Sum:   G.Fluid        0.0211820005347489
FACE_A Area Sum:   G.Solid        0.0254731071868382
FACE_W Area Sum:                  0.0113184659779897
FACE_W Nb   Sum:                  80204
FACE_W min curvatures sum:        -479913.79007721
FACE_W max curvatures sum:        244409.74725342
AV Max Disbalance: G.Fluid        1.57116e-012 (cid=14350, avid=11753, pid=4481)
AV Max Disbalance: G.Solid        1.90272e-012 (cid=15116, avid=23666, pid=7345)
BRICK-AV Volume Disbalance:       0 (cid=0)
-----------------------------------------------------------------------


-----------------------------------------------------------------------
MESHER TOPOLOGY DATA (Mesh 0):

BRICKS: Total                 18720
BRICKS: 1-CV                  11530
BRICKS: 2-CV                  6826
BRICKS: 3-CV                  364
BRICKS: Bad                   0

AV:     G.Total               26274
AV:     G.Fluid               14645
AV:     G.Solid               11629

AV:     G.Fluid Thin Profile    0.00 % (0)
AV:     G.Solid Thin Profile    3.13 % (364)

AV:     G.Fluid Thin For Mega   0.00 % (0)
AV:     G.Solid Thin For Mega   2.85 % (331)

AV:     G.Fluid Non-Convex      2.33 % (341)
AV:     G.Solid Non-Convex     10.77 % (1253)

FACE_A: G.Fluid          (af) 41534 (partially opened 11850)
FACE_A: G.Solid          (as) 30979 (partially opened 18401)

FACE_W: G.Total                 12201       Brick/Bound
FACE_W: G.Fluid/Solid    (fs_g) 6902        0           
FACE_W: G.Fluid/Fluid    (ff_g) 0           0           
FACE_W: G.Solid/Solid    (ss_g) 2121        0           
FACE_W: G.Fluid/External (fe_g) 0
FACE_W: G.Solid/External (se_g) 3178

AV max fa count:                17
AV max fw count:                10
AV max fw poly count:           10

MEMORY: Total                   9.265 MB
MEMORY: Per Brick               0.507 KB
-----------------------------------------------------------------------

-----------------------------------------------------------------------
Mega-cv constructor for fluid...
	 0 av's is treated as thin
Relative size generator (threshold = 0.05)...OK
	 289 mega-cv's generated
	 0 mega-cv's removed
Convert clusters:
	 289 mega-cv's total
Mega-cv count: 289
-----------------------------------------------------------------------
-----------------------------------------------------------------------
Mega-cv constructor for solid...
Mega-cv count: 0
-----------------------------------------------------------------------
Mixing plane rotation regions: NO.
Sliding mesh rotation regions: NO.
Fluid/fluid faces: NO.
----------------------------------------------------------
BCF --> BCF.GEOMSUBDOM (bridge arrays) (cpu_num=4):
MESH (0):
	Fluid Subdom Constructor: 1 subdom(s).
	Solid Subdom Constructor: 2 subdom(s).
	Net Asm Subdom Constructor: 0 subdom(s).
	GEOMSUBDOM (0): gi=0 fluid av=14645 cv=14354 fa=41534 fw=6902 V=8.343097e-006
	GEOMSUBDOM (1): gi=2 solid av=2991 cv=2991 fa=8045 fw=3383 V=1.431708e-005
	GEOMSUBDOM (2): gi=1 solid av=8638 cv=8638 fa=22934 fw=10939 V=2.636576e-006
	Setting nb of w-faces...OK.

MESH (0) checking:
	GEOMSUBDOM (0):fa_s=0.0211820005347484 fw_s=0.0034230489639746 fw_nb=58596
	GEOMSUBDOM (1):fa_s=0.0180617100723221 fw_s=0.0068601818417052 fw_nb=13548
	GEOMSUBDOM (2):fa_s=0.0074113971145160 fw_s=0.0067516711606341 fw_nb=74692
MESH (0) checking: OK.
----------------------------------------------------------
-----------------------------------------------------------------------
Calculating curvature and tolerance criteria...
Curvature: min=0 max=2.31862
Tolerance: min=0 max=0.000807803
Calculating curvature and tolerance criteria takes 0.036 s
-----------------------------------------------------------------------
Current CPU = 3 sec

Nx=8
Ny=20
Nz=12
Max_RL=2
12. Saving initial mesh in: C:\Users\pawle\Desktop\Solidworks\ДКР_гепарди\ДКР ДАША\25122016\1\1.fld .
Storing results...
Estimated CPT size=4.462 MB.
OK
Memory Working Set Current = 69.92 Mb, Memory Working Set Peak = 77.54 Mb
Cleaning memory...
Free Geometry DB takes 0.002 s
Copying... OK

------------------------------------------------------------------------------------------------------------
CPU report:
Function                                             CPU           descriptor                    nproc     
------------------------------------------------------------------------------------------------------------
GetGeometryFromSW                                    0.250 sec   function_total               
GetGeometryFromSW                                    0.045 sec   InitGeometryTriangles        
CMesh::PrepareMappedTriangles                        0.083 sec   function_total               
SwapGeometries                                       0.137 sec   function_total               
SwapGeometries                                       0.000 sec   function_total               
SwapGeometries                                       0.000 sec   function_total               
SwapGeometries                                       0.000 sec   function_total               
CMesh::PreBuild                                      0.006 sec   function_total               
SetBrickRegion                                       0.038 sec   function_total               
CMesh::Build                                         1.217 sec   function_total               
CMesh::BuildGeometry                                 1.115 sec   function_total               
ActivateAllCellsParameters                           0.101 sec   function_total               
RefineByTriangles                                    0.081 sec   function_total               
CaptureRefined                                       0.639 sec   function_total               
GetMultiRaysIntersections                            0.120 sec   full                         
CRayCollector::CorrectRays2                          0.400 sec   full                         
CRayCollector::CorrectRays2                          0.200 sec   collect_undefined            
CRayCollector::CorrectRays2                          0.151 sec   stage_2                      
RefinePeculiarSurfaces                               0.013 sec   function_total               
CNarrowChannelRefiner::ChannelsResolution            0.549 sec   function_total               
CNarrowChannelRefiner::RefineChannels_PRLL           0.535 sec   function_total               
CNarrowChannelRefiner::GetMainNormals                0.111 sec   function_total               
CNarrowChannelRefiner::GetMainNormals                0.057 sec   function_total               
CNarrowChannelRefiner::GetMainNormals                0.052 sec   function_total               
CNarrowChannelRefiner::GetMainNormals                0.057 sec   function_total               
CNarrowChannelRefiner::facade_bricks_of_brick_dirv   0.071 sec   function_total               
CNarrowChannelRefiner::facade_bricks_of_brick_dirv   0.048 sec   function_total               
CNarrowChannelRefiner::facade_bricks_of_brick_dirv   0.044 sec   function_total               
CNarrowChannelRefiner::facade_bricks_of_brick_dirv   0.054 sec   function_total               
CNarrowChannelRefiner::next_brick_on_ray             0.066 sec   function_total               
CNarrowChannelRefiner::next_brick_on_ray             0.044 sec   function_total               
CNarrowChannelRefiner::next_brick_on_ray             0.041 sec   function_total               
CNarrowChannelRefiner::next_brick_on_ray             0.052 sec   function_total               
CNarrowChannelRefiner::RefineChannels_PRLL           0.290 sec   NCR_execute_refinement       
CMesh::BuildGeometry                                 0.000 sec   equidistant_refiner          
PostCaptureGeometry                                  0.060 sec   function_total               
CNarrowChannelRefiner::RedistributeLevel1            0.136 sec   function_total               
CTPBuilder::build_bcf                                1.414 sec   function_total               
CTPBuilder::bcf_builder                              1.325 sec   function_total               
LoadTrianglesAndXSL                                  0.011 sec   function_total               
CTPBuilder::collect_msh_format                       0.823 sec   function_total               
CTPBuilder::Run                                      0.309 sec   bcf_collect                  
CTPBuilder::Run                                      0.177 sec   bcf_merge                    
CTPBuilder::build_bcf                                0.032 sec   collect_mega_cv              
CTPBuilder::build_bcf                                0.055 sec   convert_to_mds_function      
CMesh::CalculateCurvatureAndToleranceCriteria        0.036 sec   function_total               
Store_Res_2                                          0.218 sec   function_total               
Freemem_CPT                                          0.045 sec   function_total               
------------------------------------------------------------------------------------------------------------

Mesh generation normally finished at	27.12.2016	0:6:27
Mesher CPU = 3 sec
Mesher is finished at	27.12.2016	0:6:27
