Number of used processors (NPROC): 4.
Number of partitions for one processor (NPART): 4.
Total Physical Memory = 7.96 Gb, Available Physical Memory = 4.52 Gb
Mesh generation started:	19.12.2016	1:2:16
-----------------------------------------------------------------------
Allocating meshes:
	CPU count: 4
	MESH 0:
		Sub-meshes count: 4
-----------------------------------------------------------------------
Current CPU = 0 sec
-----------------------------------------------------------------------
Geometries initialization:

Geometry database loading ...OK
Number of geometries: 2
Geometry(0):
	Fluid..
	1 Body.
	1 Real body.
	Tolerance=1.39642e-006.
	14 Face(s).
		14 of b-spline type.
	44 Triangle(s).
	14 Face(s) that have no ref faces
	14 Plane surface(s).
	36 Edge(s).
		36 of b-spline type.
	Geometry reading: 0.002 s.
	14 Reference Face(s).
	44 Reference Triangles.
	GeometryRef reading: 0.001 s.
Geometry(1):
	Solid..
	1 Body.
	1 Real body.
	Tolerance=1.39642e-006.
	20 Face(s).
		20 of b-spline type.
	56 Triangle(s).
	0 Face(s) that have no ref faces
	20 Plane surface(s).
	48 Edge(s).
		48 of b-spline type.
	Geometry reading: 0.001 s.
	14 Reference Face(s).
	44 Reference Triangles.
	GeometryRef reading: 0.000 s.
	Making hash and connectivity for geometry 0...
		CBodyGeom:
		Hash size: {12, 10, 8}.
		Mesh size: {12, 10, 8}.
		Hashing triangles...Ok.
		Making triangles connectivity...Ok. (0.000 s).
		Neighbour triangles: 100.00 % (good connect) - 0.00 % (bad connect). Min: 3. Max: 3.
		Done.
		CBodyGeomRef:
		Hashing triangles...Ok.
		Making triangles connectivity...Ok. (0.000 s).
		Neighbour triangles: Min: 1. Max: 3.
		Done.
	0.001 s.
	Making hash and connectivity for geometry 1...
		CBodyGeom:
		Hash size: {12, 10, 8}.
		Mesh size: {12, 10, 8}.
		Hashing triangles...Ok.
		Making triangles connectivity...Ok. (0.000 s).
		Neighbour triangles: 100.00 % (good connect) - 0.00 % (bad connect). Min: 3. Max: 3.
		Done.
		CBodyGeomRef:
		Hashing triangles...Ok.
		Making triangles connectivity...Ok. (0.000 s).
		Neighbour triangles: Min: 1. Max: 3.
		Done.
	0.001 s.
Geometries reading and preparing has taken 0.006 s.

Mapped triangles:
Hashing geometries triangles
	Triangles num=44
	Triangles box={0  ,0.022  ,0  ,0.014  ,0  ,0.01  }
		3d-hash size is 6320 bytes
		Making triangles connectivity...Ok. (0.000 s).
		Neighbour triangles: 100.00 % (good connect) - 0.00 % (bad connect). Min: 3. Max: 3.
	Triangles num=56
	Triangles box={-0.00571527  ,0.0262976  ,-0.00420442  ,0.0181348  ,-0.00584712  ,0.0154109  }
		3d-hash size is 6320 bytes
		Making triangles connectivity...Ok. (0.000 s).
		Neighbour triangles: 100.00 % (good connect) - 0.00 % (bad connect). Min: 3. Max: 3.
Hashing peculiar surfaces triangles
Mapped triangles processed in 0.002 s.
-----------------------------------------------------------------------

Current CPU = 0 sec
Flow Simulation 2015  x64 / 3058 / MESHER ver. efd_14_1.3058_11.02.2015 

Project: C:\Users\PawlenkoMO\Desktop\SolidWorks_pawl\Rfvftd\Гепарди\15_5\4\4.xmlconfig
Computer name:	DESKTOP-IP0RCRF
Operating system:	 (Build 9200)

SOLIDWORKS 2015 SP3.0

-----------------------------------------------------------------------
Mesh dimensions:
				I[0 ]=12
				I[1 ]=10
				I[2 ]=8
Solver refinement level	I[47]=0

Comp. domain size:
				a[0  ]=-0.00568332
				a[1  ]=0.0262656
				a[2  ]=-0.00418213
				a[3  ]=0.0181125
				a[4  ]=-0.00582591
				a[5  ]=0.0153897
Wall thickness		a[231]=0
Gap size			a[232]=1

Fluid calculated			1
Solid calculated			1
-----------------------------------------------------------------------
MESH: distribute base bricks among sub-meshes...
	Base bricks count               960
	Sub-meshes  count               4
	Base bricks count per sub-mesh  240 (+0)
	Sub-mesh 0: 240 base brick(s), range [0, 2]-[0, 9]-[0, 7]
	Sub-mesh 1: 240 base brick(s), range [3, 5]-[0, 9]-[0, 7]
	Sub-mesh 2: 240 base brick(s), range [6, 8]-[0, 9]-[0, 7]
	Sub-mesh 3: 240 base brick(s), range [9, 11]-[0, 9]-[0, 7]
-----------------------------------------------------------------------
-----------------------------------------------------------------------
MESH: collecting ghosts in sub-meshes...
	Sub-mesh 0:
		Total  brick(s) 320
		Native brick(s) 240
		Inner  brick(s) 160
		Outer  brick(s) 80
		Ghost  brick(s) 80
	Sub-mesh 1:
		Total  brick(s) 400
		Native brick(s) 240
		Inner  brick(s) 80
		Outer  brick(s) 160
		Ghost  brick(s) 160
	Sub-mesh 2:
		Total  brick(s) 400
		Native brick(s) 240
		Inner  brick(s) 80
		Outer  brick(s) 160
		Ghost  brick(s) 160
	Sub-mesh 3:
		Total  brick(s) 320
		Native brick(s) 240
		Inner  brick(s) 160
		Outer  brick(s) 80
		Ghost  brick(s) 80
	Total brick(s) 960
-----------------------------------------------------------------------
Setting regions...OK (0.011 s)
Base mesh info------------------
	2D flag  =0
	Period   =[0, 0, 0]
	Nx=12
		x[0]=-0.00568332
		x[1]=-0.00292235
		x[2]=0.000220987
		x[3]=0.00336421
		x[4]=0.00618735
		x[5]=0.0087231
		x[6]=0.0110007
		x[7]=0.0132784
		x[8]=0.0158143
		x[9]=0.0186377
		x[10]=0.021781
		x[11]=0.0249242
		x[12]=0.0262656
	Ny=10
		y[0]=-0.00418213
		y[1]=-0.00223458
		y[2]=0.000140645
		y[3]=0.00251575
		y[4]=0.00480127
		y[5]=0.0070006
		y[6]=0.00919995
		y[7]=0.0114855
		y[8]=0.0138606
		y[9]=0.0162358
		y[10]=0.0181125
	Nz=8
		z[0]=-0.00582591
		z[1]=-0.0027993
		z[2]=0.000226603
		z[3]=0.00280439
		z[4]=0.00500051
		z[5]=0.00719671
		z[6]=0.00964122
		z[7]=0.012362
		z[8]=0.0153897
End of base mesh info---------
Input_mesh_settings--------------------------------
Settings 0----------------
	Scope: GLOBAL
	Type:	------MESHER_SETTINGS----------
	RefAllCells           =0
	RefFluidCells         =0
	RefPartCells          =0
	RefSolidCells         =0
	l_SSFR(Capture crit)  =1
	l_curv(Curvature crit)=0
	l_tol(Tolerance crit) =0
	UseChannelRef         =1
	  l_NCR               =1
	  N_gap               =5
	  Use d_NCR_min       =0
	  Use d_NCR_max       =0
	--END_OF_MESHER_SETTINGS-------
End of input mesh settings-------------------------

-----------------------------------------------------------------------
Building geometries:
Building geometry Fluid.0.(0)...

-----------------------------------------------------------------------
Refining by triangulation...
Refinement input: 960 bricks
Setting regions...OK (0.026 s)
	Re-balancing...
	Send and create bricks on destination sub meshes...
	Collecting ghosts...
	Balancing finished.
Refinement result: 1184 bricks (0.031 s)
Refinement input: 1184 bricks
Refinement result: 1184 bricks (0.001 s)
Collecting and processing rays...OK (0.040 s)
Capturing...OK (0.004 s)
Refining by triangulation takes 0.133 s
-----------------------------------------------------------------------

-----------------------------------------------------------------------
Refining peculiar surfaces...
0 surfaces refined
Refining peculiar surfaces takes 0 s
-----------------------------------------------------------------------
Collecting and processing rays...OK (0.022 s)
Capturing...OK (0.002 s)
Collecting and processing rays...OK (0.028 s)
Capturing...OK (0.013 s)
Collecting and processing rays...OK (0.016 s)
Capturing...OK (0.001 s)

-----------------------------------------------------------------------
Base mesh 1 Refining...
Refinement input: 1184 bricks
Refinement result: 1184 bricks (0.003 s)
Collecting and processing rays...OK (0.014 s)
Capturing...OK (0.001 s)
-----------------------------------------------------------------------
Refining channels...
FYI: CNarrowChannelRefiner::RefineChannels_PRLL: m_submesh_count=4
Refinement input: 1184 bricks
Setting regions...OK (0.089 s)
	Re-balancing...
	Send and create bricks on destination sub meshes...
	Collecting ghosts...
	Balancing finished.
Refinement result: 1968 bricks (0.119 s)
Collecting and processing rays...OK (0.074 s)
Capturing...OK (0.002 s)
FYI: m_iteration_count = 0
FYI: level1 statistics:
     level1_cnt_plus[1]=896;		level1_cnt_minus[1]=0
     level1_cnt_plus[2]=0;		level1_cnt_minus[2]=0
     level1_cnt_plus[3]=0;		level1_cnt_minus[3]=0
     level1_cnt_plus[4]=0;		level1_cnt_minus[4]=0
     level1_cnt_plus[5]=0;		level1_cnt_minus[5]=0
     level1_cnt_plus[6]=0;		level1_cnt_minus[6]=0
     level1_cnt_plus[7]=0;		level1_cnt_minus[7]=0
     level1_cnt_plus[8]=0;		level1_cnt_minus[8]=0
     level1_cnt_plus[9]=0;		level1_cnt_minus[9]=0
FYI: m_iteration_count = 1
FYI: level1 statistics:
     level1_cnt_plus[1]=896;		level1_cnt_minus[1]=0
     level1_cnt_plus[2]=0;		level1_cnt_minus[2]=0
     level1_cnt_plus[3]=0;		level1_cnt_minus[3]=0
     level1_cnt_plus[4]=0;		level1_cnt_minus[4]=0
     level1_cnt_plus[5]=0;		level1_cnt_minus[5]=0
     level1_cnt_plus[6]=0;		level1_cnt_minus[6]=0
     level1_cnt_plus[7]=0;		level1_cnt_minus[7]=0
     level1_cnt_plus[8]=0;		level1_cnt_minus[8]=0
     level1_cnt_plus[9]=0;		level1_cnt_minus[9]=0
FYI: level1 statistics:
     level1_cnt_plus[1]=896;		level1_cnt_minus[1]=0
     level1_cnt_plus[2]=0;		level1_cnt_minus[2]=0
     level1_cnt_plus[3]=0;		level1_cnt_minus[3]=0
     level1_cnt_plus[4]=0;		level1_cnt_minus[4]=0
     level1_cnt_plus[5]=0;		level1_cnt_minus[5]=0
     level1_cnt_plus[6]=0;		level1_cnt_minus[6]=0
     level1_cnt_plus[7]=0;		level1_cnt_minus[7]=0
     level1_cnt_plus[8]=0;		level1_cnt_minus[8]=0
     level1_cnt_plus[9]=0;		level1_cnt_minus[9]=0
	CNarrowChannelRefiner::ChannelsResolution            function_total                0      = 0.216765 sec

-----------------------------------------------------------------------
U-shapes refinement...
Refinement input: 1968 bricks
Refinement result: 1968 bricks (0.001 s)
Collecting and processing rays...OK (0.015 s)
Capturing...OK (0.001 s)
-----------------------------------------------------------------------
Building geometry takes 0.557 s
Geometry Fluid.0.
Total		1968
Partial	204
Fluid		1732
Solid		32
Bad		0

/-Ray Intersection---------------/ Time	0.002 s
Calls			643
CorrectRay Calls	0


Building geometry Solid.1.(1)...

-----------------------------------------------------------------------
Refining by triangulation...
Refinement input: 1968 bricks
Refinement result: 1968 bricks (0.001 s)
Refinement input: 1968 bricks
Refinement result: 1968 bricks (0.000 s)
Collecting and processing rays...OK (0.028 s)
Capturing...OK (0.002 s)
Refining by triangulation takes 0.033 s
-----------------------------------------------------------------------
Collecting and processing rays...OK (0.007 s)
Capturing...OK (0.002 s)
Collecting and processing rays...OK (0.002 s)
Capturing...OK (0.001 s)

-----------------------------------------------------------------------
Base mesh 1 Refining...
Refinement input: 1968 bricks
Refinement result: 1968 bricks (0.003 s)
Collecting and processing rays...OK (0.005 s)
Capturing...OK (0.001 s)
-----------------------------------------------------------------------
Building geometry takes 0.068 s
Geometry Solid.1.
Total		1968
Partial	204
Fluid		32
Solid		1732
Bad		0

/-Ray Intersection---------------/ Time	0.003 s
Calls			643
CorrectRay Calls	0


Building geometries takes 0.631 s
-----------------------------------------------------------------------

-----------------------------------------------------------------------
PostBuilding geometries:
PostBuilding geometry Fluid.0.(0)...
Collecting and processing rays...OK (0.003 s)
Capturing...OK (0.001 s)
PostBuilding geometry takes 0.013 s
Geometry Fluid.0.
Total		1968
Partial	204
Fluid		1732
Solid		32
Bad		0
PostBuilding geometries takes 0.019 s
-----------------------------------------------------------------------
Defect ray count	0
FYI: CNarrowChannelRefiner::RedistributeLevel1_step_1: is finished
FYI: level1 statistics:
     level1_cnt_plus[1]=896;		level1_cnt_minus[1]=0
     level1_cnt_plus[2]=0;		level1_cnt_minus[2]=0
     level1_cnt_plus[3]=0;		level1_cnt_minus[3]=0
     level1_cnt_plus[4]=0;		level1_cnt_minus[4]=0
     level1_cnt_plus[5]=0;		level1_cnt_minus[5]=0
     level1_cnt_plus[6]=0;		level1_cnt_minus[6]=0
     level1_cnt_plus[7]=0;		level1_cnt_minus[7]=0
     level1_cnt_plus[8]=0;		level1_cnt_minus[8]=0
     level1_cnt_plus[9]=0;		level1_cnt_minus[9]=0
FYI: CNarrowChannelRefiner::RedistributeLevel1_step_2: is started
FYI: CNarrowChannelRefiner::RedistributeLevel1_step_2: is finished
FYI: level1 statistics:
     level1_cnt_plus[1]=956;		level1_cnt_minus[1]=0
     level1_cnt_plus[2]=0;		level1_cnt_minus[2]=0
     level1_cnt_plus[3]=0;		level1_cnt_minus[3]=0
     level1_cnt_plus[4]=0;		level1_cnt_minus[4]=0
     level1_cnt_plus[5]=0;		level1_cnt_minus[5]=0
     level1_cnt_plus[6]=0;		level1_cnt_minus[6]=0
     level1_cnt_plus[7]=0;		level1_cnt_minus[7]=0
     level1_cnt_plus[8]=0;		level1_cnt_minus[8]=0
     level1_cnt_plus[9]=0;		level1_cnt_minus[9]=0
FYI: CNarrowChannelRefiner::RedistributeLevel1_step_3: is started
FYI: CNarrowChannelRefiner::RedistributeLevel1_step_3: is finished
RedistributeLevel1 takes:
	CNarrowChannelRefiner::RedistributeLevel1            function_total                0      = 0.0183839 sec
FYI: level1 statistics:
     level1_cnt_plus[1]=956;		level1_cnt_minus[1]=196
     level1_cnt_plus[2]=0;		level1_cnt_minus[2]=0
     level1_cnt_plus[3]=0;		level1_cnt_minus[3]=0
     level1_cnt_plus[4]=0;		level1_cnt_minus[4]=0
     level1_cnt_plus[5]=0;		level1_cnt_minus[5]=0
     level1_cnt_plus[6]=0;		level1_cnt_minus[6]=0
     level1_cnt_plus[7]=0;		level1_cnt_minus[7]=0
     level1_cnt_plus[8]=0;		level1_cnt_minus[8]=0
     level1_cnt_plus[9]=0;		level1_cnt_minus[9]=0
-----------------------------------------------------------------------
BCF-Builder Iteration: 0
Memory Working Set Current = 16.32 Mb, Memory Working Set Peak = 16.71 Mb
Loading geometries triangulation & x-stacks...OK
	Sub-mesh 0:
		Total  brick(s) 691
		Native brick(s) 492
		Inner  brick(s) 346
		Outer  brick(s) 146
		Ghost  brick(s) 199
	Sub-mesh 1:
		Total  brick(s) 826
		Native brick(s) 492
		Inner  brick(s) 134
		Outer  brick(s) 358
		Ghost  brick(s) 334
	Sub-mesh 2:
		Total  brick(s) 831
		Native brick(s) 492
		Inner  brick(s) 119
		Outer  brick(s) 373
		Ghost  brick(s) 339
	Sub-mesh 3:
		Total  brick(s) 692
		Native brick(s) 492
		Inner  brick(s) 341
		Outer  brick(s) 151
		Ghost  brick(s) 200
	Total brick(s) 1968

-----------------------------------------------------------------------
MSH (Real Geometry) format constructor:
Getting submesh brick sets...OK (0.001 s)
Level 1
	Inner time 0.102 s
	Outer Time 0.108 s
	Level Time 0.212 s
Level 0
	Inner time 0.046 s
	Outer Time 0.040 s
	Level Time 0.087 s

Brick parser time info:
	0.244 s - time_Run
		0.022 s - time_ConstructPoints
			0.016 s - time_ConstructPointsAddFind2
		0.012 s - time_ConstructPointsAndConnectsFromNb
		0.002 s - time_AddRibConnects
		0.051 s - time_ConstructBrickFacets
			0.022 s - time_CalculateQpoints
				0.005 s - time_AddFacetPoint_GetFacesQpoint
					0.000 s - time_GetFacesQpoint_UShaped
						0.000 s - time_GetFacesQpoint2
					0.000 s - time_GetFacesQpoint_AddEdgesToList
					0.005 s - time_Edge_GetClosestPointOn
					0.000 s - time_Edge_NewtonMethod
					0.000 s - time_GetFacesQpoint_ManyFinds
				0.007 s - time_AddFacetPoint_AddQPoint
					0.022 s - time_PointReverseEvaluate
				0.007 s - time_AddFacetPoint_AddFind2
		0.000 s - time_RemoveOddConnects
		0.002 s - time_TestConnectivity
		0.000 s - time_ValidateXeps
		0.006 s - time_ConstructFaceAs
		0.003 s - time_ConstructCvs
		0.004 s - time_ConstructFaceWs
		0.017 s - time_RealGeomAddQPoints
		0.004 s - time_RealGeomAddNewFaces
		0.000 s - time_RealGeomInitOppositeGeomFaceInd
		0.002 s - time_RealGeomApproxCurveFaces
		0.000 s - time_Enum1
		0.000 s - time_Enum2
		0.002 s - time_RealGeomCheckInvalidConnects
		0.090 s - time_RealGeomParameters
			0.059 s - time_CalculateParametersOfCv
			0.031 s - time_CalculateParametersOfFace
				0.021 s - time_CalculateRR
				0.009 s - time_CalculateRefFaceData
				0.000 s - time_CalculateLambdaProjection
			0.000 s - time_SetFacesOrientation
Result:
	Bricks number:                        1968

	Memory usage:                         0.253 MB
	Memory usage (per brick):             0.131 KB
	Construction time:                    0.321 s

	Topology features:
	------------------
	- Successfully captured bricks        100.00 % (1968)
	- Normally captured bricks              0.00 % (0)
	- Badly captured bricks                 0.00 % (0)
	- Ribs corrected bricks                 0.00 % (0)
	- Points with geom-info (bricks)        0.00 % (0)
	- Points with closest-info (bricks)     0.00 % (0)
	- Triangulated by center (bricks)       0.00 % (0)
	- Facet w-faces mergings (bricks)       0.00 % (0)
	- To refine (bricks)                    0.00 % (0)

Memory Working Set Current = 17.54 Mb, Memory Working Set Peak = 25.00 Mb
-----------------------------------------------------------------------
-----------------------------------------------------------------------
MSH --> BCF format (Iteration 0)...
BCF collector...
	(2) Bcf collect time 0.017 s (1099 avs, 368 fws)
	(0) Bcf collect time 0.020 s (899 avs, 290 fws)
	(3) Bcf collect time 0.026 s (864 avs, 248 fws)
	(1) Bcf collect time 0.019 s (1070 avs, 338 fws)
	(1) Remove defect cvs time 0.000 s
	(0) Remove defect cvs time 0.001 s
	(3) Remove defect cvs time 0.000 s
	(2) Remove defect cvs time 0.000 s
Defect subdomain detector...
		1 subdomain(s) of gi=0 (real bodies = 1).
			Subdomain 0: 2096 av
		Get real subdoms time 0.000 s
		Mark defect subdomains by closed av...
		Mark by closed av time 0.001 s
		Mark defect subdomains by real bodies...
		0 defect subdomain(s) of gi=0.
		1 subdomain(s) of gi=1 (real bodies = 1).
			Subdomain 0: 436 av
		Get real subdoms time 0.000 s
		Mark defect subdomains by real bodies...
		0 defect subdomain(s) of gi=1.
	(3) Remove defect subdoms time 0.003 s
	(1) Remove defect subdoms time 0.002 s
	(2) Remove defect subdoms time 0.003 s
	(0) Remove defect subdoms time 0.003 s
Sub-mesh 0. NB-faces collector & conservator...
		Total                    0
		For bb-faces             0
Sub-mesh 1. NB-faces collector & conservator...
		Total                    0
		For bb-faces             0
Sub-mesh 2. NB-faces collector & conservator...
		Total                    0
		For bb-faces             0
Sub-mesh 3. NB-faces collector & conservator...
		Total                    0
		For bb-faces             0
	(3) Bcf calc time 0.002 s
	(2) Bcf calc time 0.002 s
	(0) Bcf calc time 0.006 s
	(1) Bcf calc time 0.006 s
Sub-mesh 0. FACE_W optimizer...
		Before optimization      869
		        fs               290
		        ff               0
		        ss               0
		After optimization       869
		        fs               290
		        ff               0
		        ss               0
Sub-mesh 1. FACE_W optimizer...
		Before optimization      916
		        fs               338
		        ff               0
		        ss               0
		After optimization       916
		        fs               338
		        ff               0
		        ss               0
Sub-mesh 2. FACE_W optimizer...
		Before optimization      951
		        fs               368
		        ff               0
		        ss               0
		After optimization       951
		        fs               368
		        ff               0
		        ss               0
Sub-mesh 3. FACE_W optimizer...
		Before optimization      831
		        fs               248
		        ff               0
		        ss               0
		After optimization       831
		        fs               248
		        ff               0
		        ss               0
-----------------------------------------------------------------------
-----------------------------------------------------------------------
Merging BCF...
Merging bricks trees...OK (0.00 s)
Merging av data...OK (0.00 s)
Merging a-faces data (fluid)...
	New a-face count   6012
	Bound a-face count 630 (10.48 %)
Merging a-faces data takes 0.00 s
Merging a-faces data (solid)...
	New a-face count   980
	Bound a-face count 88 (8.98 %)
Merging a-faces data takes 0.00 s
Merging w-faces data...
	New w-face count   1392
	Bound w-face count 0 (0.00 %)
	Need fw-nb         904 (64.94 %)
Merging w-faces data takes 0.01 s
Merging BCF takes (0.01 s)
-----------------------------------------------------------------------

-----------------------------------------------------------------------
Geometrical diagonal nb-faces collector (cpu_num=4)...
	Time=0.011s.
-----------------------------------------------------------------------
Fluid Subdom Constructor: 1 subdom(s).
	Remove nb-fw from diff subdomains (fs)...
		Diff subdomains cases         0

-----------------------------------------------------------------------
BCF CHECKSUM DATA (Mesh 0):

FACE_A Area Sum:   G.Fluid        0.0173135832075556
FACE_A Area Sum:   G.Solid        0.0014760173179360
FACE_W Area Sum:                  0.0048421989198387
FACE_W Nb   Sum:                  11056
FACE_W min curvatures sum:        -0.00000000
FACE_W max curvatures sum:        0.00000000
AV Max Disbalance: G.Fluid        1.78073e-016 (cid=1336, avid=1429)
AV Max Disbalance: G.Solid        1.73096e-015 (cid=1576, avid=2481)
BRICK-AV Volume Disbalance:       1.06559e-015 (cid=609)
-----------------------------------------------------------------------


-----------------------------------------------------------------------
MESHER TOPOLOGY DATA (Mesh 0):

BRICKS: Total                 1968
BRICKS: 1-CV                  1564
BRICKS: 2-CV                  244
BRICKS: 3-CV                  160
BRICKS: Bad                   0

AV:     G.Total               2532
AV:     G.Fluid               2096
AV:     G.Solid               436

AV:     G.Fluid Thin Profile    0.00 % (0)
AV:     G.Solid Thin Profile   36.70 % (160)

AV:     G.Fluid Thin For Mega   0.00 % (0)
AV:     G.Solid Thin For Mega  33.03 % (144)

AV:     G.Fluid Non-Convex      5.92 % (124)
AV:     G.Solid Non-Convex      4.59 % (20)

FACE_A: G.Fluid          (af) 6012 (partially opened 1133)
FACE_A: G.Solid          (as) 980 (partially opened 792)

FACE_W: G.Total                 1392        Brick/Bound
FACE_W: G.Fluid/Solid    (fs_g) 800         0           
FACE_W: G.Fluid/Fluid    (ff_g) 0           0           
FACE_W: G.Solid/Solid    (ss_g) 0           0           
FACE_W: G.Fluid/External (fe_g) 592
FACE_W: G.Solid/External (se_g) 0

AV max fa count:                9
AV max fw count:                5
AV max fw poly count:           5

MEMORY: Total                   0.895 MB
MEMORY: Per Brick               0.466 KB
-----------------------------------------------------------------------

-----------------------------------------------------------------------
Mega-cv constructor for fluid...
	 0 av's is treated as thin
Relative size generator (threshold = 0.05)...OK
	 160 mega-cv's generated
	 0 mega-cv's removed
Convert clusters:
	 160 mega-cv's total
-----------------------------------------------------------------------
-----------------------------------------------------------------------
Mega-cv constructor for solid...
-----------------------------------------------------------------------
Mixing plane rotation regions: NO.
Sliding mesh rotation regions: NO.
Fluid/fluid faces: NO.
Current CPU = 1 sec

Nx=12
Ny=10
Nz=8
Max_RL=1
12. Saving initial mesh in: C:\Users\PawlenkoMO\Desktop\SolidWorks_pawl\Rfvftd\Гепарди\15_5\4\4.fld .
Storing results...
Estimated CPT size=0.393 MB.
OK
Memory Working Set Current = 20.87 Mb, Memory Working Set Peak = 25.00 Mb
Cleaning memory...
Free Geometry DB takes 0.001 s
Copying... OK

------------------------------------------------------------------------------------------------------------
CPU report:
Function                                             CPU           descriptor                    nproc     
------------------------------------------------------------------------------------------------------------
GetGeometryFromSW                                    0.015 sec   function_total               
GetGeometryFromSW                                    0.003 sec   InitGeometryTriangles        
CMesh::PrepareMappedTriangles                        0.002 sec   function_total               
SwapGeometries                                       0.029 sec   function_total               
SwapGeometries                                       0.000 sec   function_total               
SwapGeometries                                       0.000 sec   function_total               
SwapGeometries                                       0.000 sec   function_total               
CMesh::PreBuild                                      0.015 sec   function_total               
SetBrickRegion                                       0.136 sec   function_total               
CMesh::Build                                         0.656 sec   function_total               
CMesh::BuildGeometry                                 0.625 sec   function_total               
ActivateAllCellsParameters                           0.020 sec   function_total               
RefineByTriangles                                    0.166 sec   function_total               
CaptureRefined                                       0.426 sec   function_total               
GetMultiRaysIntersections                            0.050 sec   full                         
CRayCollector::CorrectRays2                          0.190 sec   full                         
CRayCollector::CorrectRays2                          0.101 sec   collect_undefined            
CRayCollector::CorrectRays2                          0.077 sec   stage_2                      
RefinePeculiarSurfaces                               0.053 sec   function_total               
CNarrowChannelRefiner::ChannelsResolution            0.217 sec   function_total               
CNarrowChannelRefiner::RefineChannels_PRLL           0.215 sec   function_total               
CNarrowChannelRefiner::GetMainNormals                0.003 sec   function_total               
CNarrowChannelRefiner::GetMainNormals                0.001 sec   function_total               
CNarrowChannelRefiner::GetMainNormals                0.004 sec   function_total               
CNarrowChannelRefiner::GetMainNormals                0.002 sec   function_total               
CNarrowChannelRefiner::facade_bricks_of_brick_dirv   0.002 sec   function_total               
CNarrowChannelRefiner::facade_bricks_of_brick_dirv   0.001 sec   function_total               
CNarrowChannelRefiner::facade_bricks_of_brick_dirv   0.003 sec   function_total               
CNarrowChannelRefiner::facade_bricks_of_brick_dirv   0.001 sec   function_total               
CNarrowChannelRefiner::next_brick_on_ray             0.001 sec   function_total               
CNarrowChannelRefiner::next_brick_on_ray             0.001 sec   function_total               
CNarrowChannelRefiner::next_brick_on_ray             0.003 sec   function_total               
CNarrowChannelRefiner::next_brick_on_ray             0.001 sec   function_total               
CNarrowChannelRefiner::RefineChannels_PRLL           0.200 sec   NCR_execute_refinement       
PostCaptureGeometry                                  0.014 sec   function_total               
CNarrowChannelRefiner::RedistributeLevel1            0.019 sec   function_total               
CTPBuilder::build_bcf                                0.429 sec   function_total               
CTPBuilder::bcf_builder                              0.420 sec   function_total               
LoadTrianglesAndXSL                                  0.006 sec   function_total               
CTPBuilder::collect_msh_format                       0.322 sec   function_total               
CTPBuilder::Run                                      0.051 sec   bcf_collect                  
CTPBuilder::Run                                      0.038 sec   bcf_merge                    
CTPBuilder::build_bcf                                0.008 sec   collect_mega_cv              
Store_Res_2                                          0.026 sec   function_total               
Freemem_CPT                                          0.011 sec   function_total               
------------------------------------------------------------------------------------------------------------

Mesh generation normally finished at	19.12.2016	1:2:17
Mesher CPU = 1 sec
Mesher is finished at	19.12.2016	1:2:17
