Number of used processors (NPROC): 2.
Number of partitions for one processor (NPART): 2.
Total Physical Memory = 3.88 Gb, Available Physical Memory = 1.88 Gb
Mesh generation started:	19.12.2016	11:20:43
-----------------------------------------------------------------------
Allocating meshes:
	CPU count: 2
	MESH 0:
		Sub-meshes count: 2
-----------------------------------------------------------------------
Current CPU = 0 sec
-----------------------------------------------------------------------
Geometries initialization:

Geometry database loading ...OK
Number of geometries: 1
Geometry(0):
	Fluid..
	1 Body.
	1 Real body.
	Tolerance=3.05e-005.
	13 Face(s).
		13 of b-spline type.
	1076 Triangle(s).
	0 Face(s) that have no ref faces
	10 Plane surface(s).
	3 Cylinder surface(s).
	18 Edge(s).
		18 of b-spline type.
	Geometry reading: 0.004 s.
	7 Reference Face(s).
	1064 Reference Triangles.
	GeometryRef reading: 0.002 s.
Last Geometry:
	Solid.
	Making hash and connectivity for geometry 0...
		CBodyGeom:
		Hash size: {6, 30, 6}.
		Mesh size: {6, 30, 6}.
		Hashing triangles...Ok.
		Making triangles connectivity...Ok. (0.149 s).
		Neighbour triangles: 100.00 % (good connect) - 0.00 % (bad connect). Min: 3. Max: 3.
		Done.
		CBodyGeomRef:
		Hashing triangles...Ok.
		Making triangles connectivity...Ok. (0.011 s).
		Neighbour triangles: Min: 2. Max: 2.
		Done.
	0.190 s.
Geometries reading and preparing has taken 0.205 s.

Mapped triangles:
Hashing geometries triangles
	Triangles num=1076
	Triangles box={-0.0592362  ,0.0592362  ,0.000826828  ,0.589173  ,-0.0592362  ,0.0592362  }
		3d-hash size is 39656 bytes
		Making triangles connectivity...Ok. (0.032 s).
		Neighbour triangles: 100.00 % (good connect) - 0.00 % (bad connect). Min: 3. Max: 3.
Hashing peculiar surfaces triangles
	Triangles num=44
	Triangles box={-0.059  ,0.059  ,0.002  ,0.002  ,-0.059  ,0.059  }
		3d-hash size is 5260 bytes
	Triangles num=44
	Triangles box={-0.059  ,0.059  ,0.588  ,0.588  ,-0.059  ,0.059  }
		3d-hash size is 5260 bytes
Mapped triangles processed in 0.056 s.
-----------------------------------------------------------------------

Current CPU = 1 sec
Flow Simulation 2015  x64 / 3135 / MESHER ver. efd_14_2.3135_29.04.2015 

Project: C:\Users\Admin\Desktop\13_4\2\2.xmlconfig
Computer name:	ADMIN-PC
Operating system:	Windows 7 Service Pack 1 (Build 7601)

SOLIDWORKS 2015 SP4.0

-----------------------------------------------------------------------
Mesh dimensions:
				I[0 ]=6
				I[1 ]=30
				I[2 ]=6
Solver refinement level	I[47]=0

Comp. domain size:
				a[0  ]=-0.059118
				a[1  ]=0.059118
				a[2  ]=0.001414
				a[3  ]=0.588586
				a[4  ]=-0.059118
				a[5  ]=0.059118
Wall thickness		a[231]=0
Gap size			a[232]=1

Fluid calculated			1
Solid calculated			0
-----------------------------------------------------------------------
MESH: distribute base bricks among sub-meshes...
	Base bricks count               1080
	Sub-meshes  count               2
	Base bricks count per sub-mesh  540 (+0)
	Sub-mesh 0: 540 base brick(s), range [0, 5]-[0, 14]-[0, 5]
	Sub-mesh 1: 540 base brick(s), range [0, 5]-[15, 29]-[0, 5]
-----------------------------------------------------------------------
-----------------------------------------------------------------------
MESH: collecting ghosts in sub-meshes...
	Sub-mesh 0:
		Total  brick(s) 576
		Native brick(s) 540
		Inner  brick(s) 504
		Outer  brick(s) 36
		Ghost  brick(s) 36
	Sub-mesh 1:
		Total  brick(s) 576
		Native brick(s) 540
		Inner  brick(s) 504
		Outer  brick(s) 36
		Ghost  brick(s) 36
	Total brick(s) 1080
-----------------------------------------------------------------------
Setting regions...OK (0.001 s)
Base mesh info------------------
	2D flag  =0
	Period   =[0, 0, 0]
	Nx=6
		x[0]=-0.059118
		x[1]=-0.0394058
		x[2]=-0.0196998
		x[3]=6.18888e-006
		x[4]=0.0197122
		x[5]=0.0394182
		x[6]=0.059118
	Ny=30
		y[0]=0.001414
		y[1]=0.0209917
		y[2]=0.0405641
		y[3]=0.0601365
		y[4]=0.0797089
		y[5]=0.0992813
		y[6]=0.118854
		y[7]=0.138426
		y[8]=0.157999
		y[9]=0.177571
		y[10]=0.197143
		y[11]=0.216716
		y[12]=0.236288
		y[13]=0.255861
		y[14]=0.275433
		y[15]=0.295005
		y[16]=0.314578
		y[17]=0.33415
		y[18]=0.353723
		y[19]=0.373295
		y[20]=0.392867
		y[21]=0.41244
		y[22]=0.432012
		y[23]=0.451585
		y[24]=0.471157
		y[25]=0.490729
		y[26]=0.510302
		y[27]=0.529874
		y[28]=0.549447
		y[29]=0.569019
		y[30]=0.588586
	Nz=6
		z[0]=-0.059118
		z[1]=-0.0394075
		z[2]=-0.0197015
		z[3]=4.53643e-006
		z[4]=0.0197105
		z[5]=0.0394165
		z[6]=0.059118
End of base mesh info---------
Input_mesh_settings--------------------------------
Settings 0----------------
	Scope: GLOBAL
	Type:	------MESHER_SETTINGS----------
	RefAllCells           =0
	RefFluidCells         =0
	RefPartCells          =0
	RefSolidCells         =0
	l_SSFR(Capture crit)  =1
	l_curv(Curvature crit)=0
	l_tol(Tolerance crit) =0
	UseChannelRef         =1
	  l_NCR               =1
	  N_gap               =5
	  Use d_NCR_min       =0
	  Use d_NCR_max       =0
	--END_OF_MESHER_SETTINGS-------
End of input mesh settings-------------------------

-----------------------------------------------------------------------
Building geometries:
Building geometry Fluid.0.(0)...

-----------------------------------------------------------------------
Refining by triangulation...
Refinement input: 1080 bricks
Setting regions...OK (0.129 s)
Refinement result: 1164 bricks (0.358 s)
Refinement input: 1164 bricks
Refinement result: 1164 bricks (0.000 s)
Collecting and processing rays...OK (0.187 s)
Capturing...OK (0.011 s)
Refining by triangulation takes 0.561 s
-----------------------------------------------------------------------

-----------------------------------------------------------------------
Refining peculiar surfaces...
0 surfaces refined
Refining peculiar surfaces takes 0 s
-----------------------------------------------------------------------
Collecting and processing rays...OK (0.021 s)
Capturing...OK (0.069 s)
Collecting and processing rays...OK (0.018 s)
Capturing...OK (0.129 s)
Collecting and processing rays...OK (0.007 s)
Capturing...OK (0.001 s)

-----------------------------------------------------------------------
Base mesh 1 Refining...
Refinement input: 1164 bricks
Refinement result: 1164 bricks (0.000 s)
Collecting and processing rays...OK (0.005 s)
Capturing...OK (0.001 s)
-----------------------------------------------------------------------
Refining channels...
FYI: CNarrowChannelRefiner::RefineChannels_PRLL: m_submesh_count=2
Refinement input: 1164 bricks
Setting regions...OK (0.015 s)
	Re-balancing...
	Send and create bricks on destination sub meshes...
	Collecting ghosts...
	Balancing finished.
Refinement result: 2004 bricks (0.047 s)
Collecting and processing rays...OK (0.141 s)
Capturing...OK (0.004 s)
FYI: m_iteration_count = 0
FYI: level1 statistics:
     level1_cnt_plus[1]=960;		level1_cnt_minus[1]=0
     level1_cnt_plus[2]=0;		level1_cnt_minus[2]=0
     level1_cnt_plus[3]=0;		level1_cnt_minus[3]=0
     level1_cnt_plus[4]=0;		level1_cnt_minus[4]=0
     level1_cnt_plus[5]=0;		level1_cnt_minus[5]=0
     level1_cnt_plus[6]=0;		level1_cnt_minus[6]=0
     level1_cnt_plus[7]=0;		level1_cnt_minus[7]=0
     level1_cnt_plus[8]=0;		level1_cnt_minus[8]=0
     level1_cnt_plus[9]=0;		level1_cnt_minus[9]=0
FYI: m_iteration_count = 1
FYI: level1 statistics:
     level1_cnt_plus[1]=960;		level1_cnt_minus[1]=0
     level1_cnt_plus[2]=0;		level1_cnt_minus[2]=0
     level1_cnt_plus[3]=0;		level1_cnt_minus[3]=0
     level1_cnt_plus[4]=0;		level1_cnt_minus[4]=0
     level1_cnt_plus[5]=0;		level1_cnt_minus[5]=0
     level1_cnt_plus[6]=0;		level1_cnt_minus[6]=0
     level1_cnt_plus[7]=0;		level1_cnt_minus[7]=0
     level1_cnt_plus[8]=0;		level1_cnt_minus[8]=0
     level1_cnt_plus[9]=0;		level1_cnt_minus[9]=0
FYI: level1 statistics:
     level1_cnt_plus[1]=960;		level1_cnt_minus[1]=0
     level1_cnt_plus[2]=0;		level1_cnt_minus[2]=0
     level1_cnt_plus[3]=0;		level1_cnt_minus[3]=0
     level1_cnt_plus[4]=0;		level1_cnt_minus[4]=0
     level1_cnt_plus[5]=0;		level1_cnt_minus[5]=0
     level1_cnt_plus[6]=0;		level1_cnt_minus[6]=0
     level1_cnt_plus[7]=0;		level1_cnt_minus[7]=0
     level1_cnt_plus[8]=0;		level1_cnt_minus[8]=0
     level1_cnt_plus[9]=0;		level1_cnt_minus[9]=0
	CNarrowChannelRefiner::ChannelsResolution            function_total                0      = 0.485444 sec

-----------------------------------------------------------------------
U-shapes refinement...
Refinement input: 2004 bricks
Refinement result: 2004 bricks (0.015 s)
Collecting and processing rays...OK (0.089 s)
Capturing...OK (0.000 s)
-----------------------------------------------------------------------
Building geometry takes 1.451 s
Geometry Fluid.0.
Total		2004
Partial	1108
Fluid		800
Solid		96
Bad		0

/-Ray Intersection---------------/ Time	0.084 s
Calls			767
CorrectRay Calls	0


Building geometries takes 1.451 s
-----------------------------------------------------------------------

-----------------------------------------------------------------------
PostBuilding geometries:
PostBuilding geometries takes 0 s
-----------------------------------------------------------------------
Defect ray count	0
FYI: CNarrowChannelRefiner::RedistributeLevel1_step_1: is finished
FYI: level1 statistics:
     level1_cnt_plus[1]=960;		level1_cnt_minus[1]=0
     level1_cnt_plus[2]=0;		level1_cnt_minus[2]=0
     level1_cnt_plus[3]=0;		level1_cnt_minus[3]=0
     level1_cnt_plus[4]=0;		level1_cnt_minus[4]=0
     level1_cnt_plus[5]=0;		level1_cnt_minus[5]=0
     level1_cnt_plus[6]=0;		level1_cnt_minus[6]=0
     level1_cnt_plus[7]=0;		level1_cnt_minus[7]=0
     level1_cnt_plus[8]=0;		level1_cnt_minus[8]=0
     level1_cnt_plus[9]=0;		level1_cnt_minus[9]=0
FYI: CNarrowChannelRefiner::RedistributeLevel1_step_2: is started
FYI: CNarrowChannelRefiner::RedistributeLevel1_step_2: is finished
FYI: level1 statistics:
     level1_cnt_plus[1]=1056;		level1_cnt_minus[1]=0
     level1_cnt_plus[2]=0;		level1_cnt_minus[2]=0
     level1_cnt_plus[3]=0;		level1_cnt_minus[3]=0
     level1_cnt_plus[4]=0;		level1_cnt_minus[4]=0
     level1_cnt_plus[5]=0;		level1_cnt_minus[5]=0
     level1_cnt_plus[6]=0;		level1_cnt_minus[6]=0
     level1_cnt_plus[7]=0;		level1_cnt_minus[7]=0
     level1_cnt_plus[8]=0;		level1_cnt_minus[8]=0
     level1_cnt_plus[9]=0;		level1_cnt_minus[9]=0
FYI: CNarrowChannelRefiner::RedistributeLevel1_step_3: is started
FYI: CNarrowChannelRefiner::RedistributeLevel1_step_3: is finished
RedistributeLevel1 takes:
	CNarrowChannelRefiner::RedistributeLevel1            function_total                0      = 0.461273 sec
FYI: level1 statistics:
     level1_cnt_plus[1]=1056;		level1_cnt_minus[1]=0
     level1_cnt_plus[2]=0;		level1_cnt_minus[2]=0
     level1_cnt_plus[3]=0;		level1_cnt_minus[3]=0
     level1_cnt_plus[4]=0;		level1_cnt_minus[4]=0
     level1_cnt_plus[5]=0;		level1_cnt_minus[5]=0
     level1_cnt_plus[6]=0;		level1_cnt_minus[6]=0
     level1_cnt_plus[7]=0;		level1_cnt_minus[7]=0
     level1_cnt_plus[8]=0;		level1_cnt_minus[8]=0
     level1_cnt_plus[9]=0;		level1_cnt_minus[9]=0
-----------------------------------------------------------------------
BCF-Builder Iteration: 0
Memory Working Set Current = 18.71 Mb, Memory Working Set Peak = 18.71 Mb
Loading geometries triangulation & x-stacks...OK
	Sub-mesh 0:
		Total  brick(s) 1074
		Native brick(s) 1002
		Inner  brick(s) 847
		Outer  brick(s) 155
		Ghost  brick(s) 72
	Sub-mesh 1:
		Total  brick(s) 1157
		Native brick(s) 1002
		Inner  brick(s) 930
		Outer  brick(s) 72
		Ghost  brick(s) 155
	Total brick(s) 2004

-----------------------------------------------------------------------
MSH (Real Geometry) format constructor:
Getting submesh brick sets...OK (0.047 s)
Level 1
	Inner time 0.359 s
	Outer Time 0.281 s
	Level Time 0.687 s
Level 0
	Inner time 0.218 s
	Outer Time 0.047 s
	Level Time 0.265 s

Brick parser time info:
	0.893 s - time_Run
		0.032 s - time_ConstructPoints
			0.032 s - time_ConstructPointsAddFind2
		0.062 s - time_ConstructPointsAndConnectsFromNb
		0.015 s - time_AddRibConnects
		0.141 s - time_ConstructBrickFacets
			0.094 s - time_CalculateQpoints
				0.063 s - time_AddFacetPoint_GetFacesQpoint
					0.000 s - time_GetFacesQpoint_UShaped
						0.000 s - time_GetFacesQpoint2
					0.000 s - time_GetFacesQpoint_AddEdgesToList
					0.063 s - time_Edge_GetClosestPointOn
					0.000 s - time_Edge_NewtonMethod
					0.000 s - time_GetFacesQpoint_ManyFinds
				0.000 s - time_AddFacetPoint_AddQPoint
					0.000 s - time_PointReverseEvaluate
				0.000 s - time_AddFacetPoint_AddFind2
		0.000 s - time_RemoveOddConnects
		0.047 s - time_TestConnectivity
		0.000 s - time_ValidateXeps
		0.063 s - time_ConstructFaceAs
		0.000 s - time_ConstructCvs
		0.031 s - time_ConstructFaceWs
		0.032 s - time_RealGeomAddQPoints
		0.000 s - time_RealGeomAddNewFaces
		0.000 s - time_RealGeomInitOppositeGeomFaceInd
		0.048 s - time_RealGeomApproxCurveFaces
		0.000 s - time_Enum1
		0.000 s - time_Enum2
		0.000 s - time_RealGeomCheckInvalidConnects
		0.438 s - time_RealGeomParameters
			0.299 s - time_CalculateParametersOfCv
			0.109 s - time_CalculateParametersOfFace
				0.077 s - time_CalculateRR
				0.032 s - time_CalculateRefFaceData
				0.000 s - time_CalculateLambdaProjection
			0.030 s - time_SetFacesOrientation
Result:
	Bricks number:                        2004

	Memory usage:                         0.550 MB
	Memory usage (per brick):             0.281 KB
	Construction time:                    1.039 s

	Topology features:
	------------------
	- Successfully captured bricks        100.00 % (2004)
	- Normally captured bricks              0.00 % (0)
	- Badly captured bricks                 0.00 % (0)
	- Ribs corrected bricks                 0.00 % (0)
	- Points with geom-info (bricks)        0.00 % (0)
	- Points with closest-info (bricks)     0.00 % (0)
	- Triangulated by center (bricks)       0.00 % (0)
	- Facet w-faces mergings (bricks)       0.00 % (0)
	- To refine (bricks)                    0.00 % (0)

Memory Working Set Current = 19.77 Mb, Memory Working Set Peak = 21.69 Mb
-----------------------------------------------------------------------
-----------------------------------------------------------------------
MSH --> BCF format (Iteration 0)...
BCF collector...
	(0) Bcf collect time 0.078 s (1642 avs, 915 fws)
	(1) Bcf collect time 0.078 s (1863 avs, 956 fws)
	(1) Remove defect cvs time 0.000 s
	(0) Remove defect cvs time 0.000 s
Defect subdomain detector...
		1 subdomain(s) of gi=0 (real bodies = 1).
			Subdomain 0: 1908 av
		Get real subdoms time 0.000 s
		Mark defect subdomains by closed av...
		Mark by closed av time 0.000 s
		Mark defect subdomains by real bodies...
		0 defect subdomain(s) of gi=0.
	(1) Remove defect subdoms time 0.000 s
	(0) Remove defect subdoms time 0.000 s
Sub-mesh 0. NB-faces collector & conservator...
		Total                    0
		For bb-faces             0
Sub-mesh 1. NB-faces collector & conservator...
		Total                    0
		For bb-faces             0
	(0) Bcf calc time 0.063 s
	(1) Bcf calc time 0.078 s
Sub-mesh 0. FACE_W optimizer...
		Before optimization      1541
		        fs               915
		        ff               0
		        ss               0
		After optimization       1514
		        fs               888
		        ff               0
		        ss               0
Sub-mesh 1. FACE_W optimizer...
		Before optimization      1923
		        fs               956
		        ff               0
		        ss               0
		After optimization       1883
		        fs               916
		        ff               0
		        ss               0
-----------------------------------------------------------------------
-----------------------------------------------------------------------
Merging BCF...
Merging bricks trees...OK (0.00 s)
Merging av data...OK (0.00 s)
Merging a-faces data (fluid)...
	New a-face count   5136
	Bound a-face count 156 (3.04 %)
Merging a-faces data takes 0.02 s
Merging a-faces data (solid)...
	New a-face count   2612
	Bound a-face count 86 (3.29 %)
Merging a-faces data takes 0.00 s
Merging w-faces data...
	New w-face count   2668
	Bound w-face count 0 (0.00 %)
	Need fw-nb         520 (19.49 %)
Merging w-faces data takes 0.02 s
Merging BCF takes (0.03 s)
-----------------------------------------------------------------------

-----------------------------------------------------------------------
Geometrical diagonal nb-faces collector (cpu_num=2)...
	Time=0.031s.
-----------------------------------------------------------------------
Fluid Subdom Constructor: 1 subdom(s).
	Remove nb-fw from diff subdomains (fs)...
		Diff subdomains cases         0

-----------------------------------------------------------------------
BCF CHECKSUM DATA (Mesh 0):

FACE_A Area Sum:   G.Fluid        1.0091418174692424
FACE_A Area Sum:   G.Solid        0.2436086058796887
FACE_W Area Sum:                  0.5580291100959322
FACE_W Nb   Sum:                  17990
FACE_W min curvatures sum:        -20065.43037033
FACE_W max curvatures sum:        0.00000000
AV Max Disbalance: G.Fluid        3.30594e-015 (cid=446, avid=398)
AV Max Disbalance: G.Solid        2.04554e-015 (cid=1712, avid=2844)
-----------------------------------------------------------------------


-----------------------------------------------------------------------
MESHER TOPOLOGY DATA (Mesh 0):

BRICKS: Total                 2004
BRICKS: 1-CV                  896
BRICKS: 2-CV                  1108
BRICKS: Bad                   0

AV:     G.Total               3112
AV:     G.Fluid               1908
AV:     G.Solid               1204

AV:     G.Fluid Thin Profile    0.00 % (0)
AV:     G.Solid Thin Profile    0.00 % (0)

AV:     G.Fluid Thin For Mega   0.00 % (0)
AV:     G.Solid Thin For Mega   0.00 % (0)

AV:     G.Fluid Non-Convex      6.97 % (133)
AV:     G.Solid Non-Convex     16.69 % (201)

FACE_A: G.Fluid          (af) 5136 (partially opened 2232)
FACE_A: G.Solid          (as) 2612 (partially opened 2228)

FACE_W: G.Total                 2668        Brick/Bound
FACE_W: G.Fluid/Solid    (fs_g) 1492        0           
FACE_W: G.Fluid/Fluid    (ff_g) 0           0           
FACE_W: G.Solid/Solid    (ss_g) 0           0           
FACE_W: G.Fluid/External (fe_g) 0
FACE_W: G.Solid/External (se_g) 1176

AV max fa count:                15
AV max fw count:                6
AV max fw poly count:           6

MEMORY: Total                   1.248 MB
MEMORY: Per Brick               0.638 KB
-----------------------------------------------------------------------

-----------------------------------------------------------------------
Mega-cv constructor for fluid...
	 0 av's is treated as thin
Relative size generator (threshold = 0.05)...OK
	 0 mega-cv's generated
	 0 mega-cv's removed
Convert clusters:
	 0 mega-cv's total
-----------------------------------------------------------------------
Mixing plane rotation regions: NO.
Sliding mesh rotation regions: NO.
Fluid/fluid faces: NO.
Current CPU = 4 sec

Nx=6
Ny=30
Nz=6
Max_RL=1
12. Saving initial mesh in: C:\Users\Admin\Desktop\13_4\2\2.fld .
Storing results...
Estimated CPT size=0.610 MB.
OK
Memory Working Set Current = 22.34 Mb, Memory Working Set Peak = 22.34 Mb
Cleaning memory...
Free Geometry DB takes 0.000 s
Copying... OK

------------------------------------------------------------------------------------------------------------
CPU report:
Function                                             CPU           descriptor                    nproc     
------------------------------------------------------------------------------------------------------------
GetGeometryFromSW                                    0.283 sec   function_total               
GetGeometryFromSW                                    0.006 sec   InitGeometryTriangles        
CMesh::PrepareMappedTriangles                        0.055 sec   function_total               
SwapGeometries                                       0.000 sec   function_total               
CMesh::PreBuild                                      0.005 sec   function_total               
SetBrickRegion                                       0.198 sec   function_total               
CMesh::Build                                         1.450 sec   function_total               
CMesh::BuildGeometry                                 1.447 sec   function_total               
ActivateAllCellsParameters                           0.025 sec   function_total               
RefineByTriangles                                    0.564 sec   function_total               
CaptureRefined                                       0.702 sec   function_total               
GetMultiRaysIntersections                            0.076 sec   full                         
CRayCollector::CorrectRays2                          0.365 sec   full                         
CRayCollector::CorrectRays2                          0.195 sec   collect_undefined            
CRayCollector::CorrectRays2                          0.157 sec   stage_2                      
RefinePeculiarSurfaces                               0.098 sec   function_total               
CNarrowChannelRefiner::ChannelsResolution            0.486 sec   function_total               
CNarrowChannelRefiner::RefineChannels_PRLL           0.484 sec   function_total               
CNarrowChannelRefiner::GetMainNormals                0.168 sec   function_total               
CNarrowChannelRefiner::GetMainNormals                0.058 sec   function_total               
CNarrowChannelRefiner::facade_bricks_of_brick_dirv   0.152 sec   function_total               
CNarrowChannelRefiner::facade_bricks_of_brick_dirv   0.026 sec   function_total               
CNarrowChannelRefiner::next_brick_on_ray             0.133 sec   function_total               
CNarrowChannelRefiner::next_brick_on_ray             0.022 sec   function_total               
CNarrowChannelRefiner::RefineChannels_PRLL           0.193 sec   NCR_execute_refinement       
CNarrowChannelRefiner::RedistributeLevel1            0.462 sec   function_total               
CTPBuilder::build_bcf                                1.277 sec   function_total               
CTPBuilder::bcf_builder                              1.270 sec   function_total               
LoadTrianglesAndXSL                                  0.000 sec   function_total               
CTPBuilder::collect_msh_format                       1.041 sec   function_total               
CTPBuilder::Run                                      0.155 sec   bcf_collect                  
CTPBuilder::Run                                      0.072 sec   bcf_merge                    
CTPBuilder::build_bcf                                0.006 sec   collect_mega_cv              
CTPBuilder::build_bcf                                0.000 sec   convert_to_mmm               
Store_Res_2                                          0.063 sec   function_total               
Freemem_CPT                                          0.011 sec   function_total               
------------------------------------------------------------------------------------------------------------

Mesh generation normally finished at	19.12.2016	11:20:47
Mesher CPU = 4 sec
Mesher is finished at	19.12.2016	11:20:47
