Number of used processors (NPROC): 4.
Number of mesh partitions (NPART): 4.
Total Physical Memory = 7.96 Gb, Available Physical Memory = 5.31 Gb
Mesh generation started:	21.12.2016	19:45:13
-----------------------------------------------------------------------
Allocating meshes:
	CPU count: 4
	MESH 0:
		Sub-meshes count: 4
-----------------------------------------------------------------------
Current CPU = 0 sec
-----------------------------------------------------------------------
Geometries initialization:

Geometry database loading ...OK
-----------------------------------------------------------------------
Loading mesh settings (global/local)...
-----------------------------------------------------------------------
Number of geometries: 1
Geometry(0):
	Fluid..
	1 Body.
	1 Real body.
	Tolerance=3.45e-005.
	9 Face(s).
		9 of b-spline type.
	404 Triangle(s).
	0 Face(s) that have no ref faces
	8 Plane surface(s).
	1 Cylinder surface(s).
	14 Edge(s).
		14 of b-spline type.
	Geometry reading: 0.020 s.
	3 Reference Face(s).
	392 Reference Triangles.
	GeometryRef reading: 0.000 s.
Last Geometry:
	Solid.
	Making hash and connectivity for geometry 0...
		CBodyGeom:
		Hash size: {4, 4, 46}.
		Mesh size: {4, 4, 46}.
		Hashing triangles...Ok.
		Making triangles connectivity...Ok. (0.003 s).
		Neighbour triangles: 100.00 % (good connect) - 0.00 % (bad connect). Min: 3. Max: 3.
		Done.
		CBodyGeomRef:
		Hashing triangles...Ok.
		Making triangles connectivity...Ok. (0.002 s).
		Neighbour triangles: Min: 2. Max: 2.
		Done.
	0.007 s.
Geometries reading and preparing has taken 0.027 s.

Mapped triangles:
Hashing geometries triangles
	Triangles num=404
	Triangles box={-0.0326301  ,0.0326301  ,-0.0326301  ,0.0326301  ,0.000706708  ,0.649293  }
		3d-hash size is 43992 bytes
		Making triangles connectivity...Ok. (0.002 s).
		Neighbour triangles: 100.00 % (good connect) - 0.00 % (bad connect). Min: 3. Max: 3.
Hashing peculiar surfaces triangles
	Triangles num=44
	Triangles box={-0.0325  ,0.0325  ,-0.0325  ,0.0325  ,0.002  ,0.002  }
		3d-hash size is 3596 bytes
	Triangles num=44
	Triangles box={-0.0325  ,0.0325  ,-0.0325  ,0.0325  ,0.648  ,0.648  }
		3d-hash size is 3596 bytes
Mapped triangles processed in 0.008 s.
-----------------------------------------------------------------------

Current CPU = 0 sec
Flow Simulation 2017  x64 / 3675 / MESHER ver. efd_16_0.3632_07.09.2016 

Project: C:\Users\pawle\Desktop\Solidworks\4\15\2\2.xmlconfig
Computer name:	DESKTOP-MEK70AJ
Operating system:	Windows 10 (or higher) (Version 10.0.14393)

SOLIDWORKS 2017 SP1.0

-----------------------------------------------------------------------
Mesh dimensions:
				I[0 ]=4
				I[1 ]=4
				I[2 ]=46
Solver refinement level	I[47]=0

Comp. domain size:
				a[0  ]=-0.032565
				a[1  ]=0.032565
				a[2  ]=-0.032565
				a[3  ]=0.032565
				a[4  ]=0.001354
				a[5  ]=0.648646
Wall thickness		a[231]=0
Gap size			a[232]=1

Fluid calculated			1
Solid calculated			0
-----------------------------------------------------------------------
MESH: distribute base bricks among sub-meshes...
	Base bricks count               736
	Sub-meshes  count               4
	Base bricks count per sub-mesh  184 (+0)
	Sub-mesh 0: 184 base brick(s), range [0, 3]-[0, 3]-[0, 11]
	Sub-mesh 1: 184 base brick(s), range [0, 3]-[0, 3]-[11, 22]
	Sub-mesh 2: 184 base brick(s), range [0, 3]-[0, 3]-[23, 34]
	Sub-mesh 3: 184 base brick(s), range [0, 3]-[0, 3]-[34, 45]
-----------------------------------------------------------------------
-----------------------------------------------------------------------
MESH: collecting ghosts in sub-meshes...
	Sub-mesh 0:
		Total  brick(s) 200
		Native brick(s) 184
		Inner  brick(s) 168
		Outer  brick(s) 16
		Ghost  brick(s) 16
	Sub-mesh 1:
		Total  brick(s) 216
		Native brick(s) 184
		Inner  brick(s) 152
		Outer  brick(s) 32
		Ghost  brick(s) 32
	Sub-mesh 2:
		Total  brick(s) 216
		Native brick(s) 184
		Inner  brick(s) 152
		Outer  brick(s) 32
		Ghost  brick(s) 32
	Sub-mesh 3:
		Total  brick(s) 200
		Native brick(s) 184
		Inner  brick(s) 168
		Outer  brick(s) 16
		Ghost  brick(s) 16
	Total brick(s) 736
-----------------------------------------------------------------------
Setting regions...OK (0.000 s)
Base mesh info------------------
	2D flag  =0
	Period   =[0, 0, 0]
	Nx=4
		x[0]=-0.032565
		x[1]=-0.0162774
		x[2]=5.11369e-006
		x[3]=0.0162876
		x[4]=0.032565
	Ny=4
		y[0]=-0.032565
		y[1]=-0.0162781
		y[2]=4.42484e-006
		y[3]=0.0162869
		y[4]=0.032565
	Nz=46
		z[0]=0.001354
		z[1]=0.0154288
		z[2]=0.0295004
		z[3]=0.0435719
		z[4]=0.0576435
		z[5]=0.0717151
		z[6]=0.0857866
		z[7]=0.0998582
		z[8]=0.11393
		z[9]=0.128001
		z[10]=0.142073
		z[11]=0.156144
		z[12]=0.170216
		z[13]=0.184288
		z[14]=0.198359
		z[15]=0.212431
		z[16]=0.226502
		z[17]=0.240574
		z[18]=0.254645
		z[19]=0.268717
		z[20]=0.282789
		z[21]=0.29686
		z[22]=0.310932
		z[23]=0.325003
		z[24]=0.339075
		z[25]=0.353146
		z[26]=0.367218
		z[27]=0.38129
		z[28]=0.395361
		z[29]=0.409433
		z[30]=0.423504
		z[31]=0.437576
		z[32]=0.451647
		z[33]=0.465719
		z[34]=0.47979
		z[35]=0.493862
		z[36]=0.507934
		z[37]=0.522005
		z[38]=0.536077
		z[39]=0.550148
		z[40]=0.56422
		z[41]=0.578291
		z[42]=0.592363
		z[43]=0.606435
		z[44]=0.620506
		z[45]=0.634578
		z[46]=0.648646
End of base mesh info---------
Input_mesh_settings--------------------------------
Settings 0----------------
	Scope: GLOBAL
	Type:	------MESHER_SETTINGS----------
	RefAllCells           =0
	RefFluidCells         =0
	RefPartCells          =0
	RefSolidCells         =0
	l_SSFR(Capture crit)  =1
	l_curv(Curvature crit)=0
	l_tol(Tolerance crit) =0
	UseChannelRef         =1
	  NCR_method          =0
	  l_NCR               =1
	  N_gap               =5
	  Use d_NCR_min       =0
	  Use d_NCR_max       =0
	IgnoreThinChannelsHeight         =0
	--END_OF_MESHER_SETTINGS-------
End of input mesh settings-------------------------

-----------------------------------------------------------------------
Building geometries:
Building geometry Fluid.0.(0)...

-----------------------------------------------------------------------
Refining by triangulation...
Refinement input: 736 bricks
Refinement result: 736 bricks (0.003 s)
Refinement input: 736 bricks
Refinement result: 736 bricks (0.000 s)
Collecting and processing rays...OK (0.024 s)
Capturing...OK (0.001 s)
Refining by triangulation takes 0.029 s
-----------------------------------------------------------------------

-----------------------------------------------------------------------
Refining peculiar surfaces...
0 surfaces refined
Refining peculiar surfaces takes 0.001 s
-----------------------------------------------------------------------
Collecting and processing rays...OK (0.004 s)
Capturing...OK (0.001 s)
Collecting and processing rays...OK (0.008 s)
Capturing...OK (0.000 s)
Collecting and processing rays...OK (0.004 s)
Capturing...OK (0.001 s)

-----------------------------------------------------------------------
Base mesh 1 Refining...
Refinement input: 736 bricks
Refinement result: 736 bricks (0.001 s)
Collecting and processing rays...OK (0.007 s)
Capturing...OK (0.001 s)
-----------------------------------------------------------------------
Refining channels...
FYI: CNarrowChannelRefiner::RefineChannels_PRLL: m_submesh_count=4
Refinement input: 736 bricks
Setting regions...OK (0.004 s)
Refinement result: 4600 bricks (0.007 s)
Collecting and processing rays...OK (0.038 s)
Capturing...OK (0.005 s)
FYI: m_iteration_count = 0
FYI: level1 statistics:
     level1_cnt_plus[1]=4416;		level1_cnt_minus[1]=0
     level1_cnt_plus[2]=0;		level1_cnt_minus[2]=0
     level1_cnt_plus[3]=0;		level1_cnt_minus[3]=0
     level1_cnt_plus[4]=0;		level1_cnt_minus[4]=0
     level1_cnt_plus[5]=0;		level1_cnt_minus[5]=0
     level1_cnt_plus[6]=0;		level1_cnt_minus[6]=0
     level1_cnt_plus[7]=0;		level1_cnt_minus[7]=0
     level1_cnt_plus[8]=0;		level1_cnt_minus[8]=0
     level1_cnt_plus[9]=0;		level1_cnt_minus[9]=0
FYI: m_iteration_count = 1
FYI: level1 statistics:
     level1_cnt_plus[1]=4416;		level1_cnt_minus[1]=0
     level1_cnt_plus[2]=0;		level1_cnt_minus[2]=0
     level1_cnt_plus[3]=0;		level1_cnt_minus[3]=0
     level1_cnt_plus[4]=0;		level1_cnt_minus[4]=0
     level1_cnt_plus[5]=0;		level1_cnt_minus[5]=0
     level1_cnt_plus[6]=0;		level1_cnt_minus[6]=0
     level1_cnt_plus[7]=0;		level1_cnt_minus[7]=0
     level1_cnt_plus[8]=0;		level1_cnt_minus[8]=0
     level1_cnt_plus[9]=0;		level1_cnt_minus[9]=0
FYI: level1 statistics:
     level1_cnt_plus[1]=4416;		level1_cnt_minus[1]=0
     level1_cnt_plus[2]=0;		level1_cnt_minus[2]=0
     level1_cnt_plus[3]=0;		level1_cnt_minus[3]=0
     level1_cnt_plus[4]=0;		level1_cnt_minus[4]=0
     level1_cnt_plus[5]=0;		level1_cnt_minus[5]=0
     level1_cnt_plus[6]=0;		level1_cnt_minus[6]=0
     level1_cnt_plus[7]=0;		level1_cnt_minus[7]=0
     level1_cnt_plus[8]=0;		level1_cnt_minus[8]=0
     level1_cnt_plus[9]=0;		level1_cnt_minus[9]=0
	CNarrowChannelRefiner::ChannelsResolution            function_total                0      = 0.124983 sec

-----------------------------------------------------------------------
U-shapes refinement...
Refinement input: 4600 bricks
Refinement result: 4600 bricks (0.002 s)
Collecting and processing rays...OK (0.007 s)
Capturing...OK (0.000 s)
-----------------------------------------------------------------------

-----------------------------------------------------------------------
Equi Distant Refiner:
Equi Distant Refiner takes 0.00 s
-----------------------------------------------------------------------
Building geometry takes 0.195 s
Geometry Fluid.0.
Total		4600
Partial	2616
Fluid		1616
Solid		368
Bad		0

/-Ray Intersection---------------/ Time	0.043 s
Calls			1747
CorrectRay Calls	0


Building geometries takes 0.196 s
-----------------------------------------------------------------------

-----------------------------------------------------------------------
PostBuilding geometries:
PostBuilding geometries takes 0 s
-----------------------------------------------------------------------
Defect ray count	0
FYI: CNarrowChannelRefiner::RedistributeLevel1_step_1: is finished
FYI: level1 statistics:
     level1_cnt_plus[1]=4416;		level1_cnt_minus[1]=0
     level1_cnt_plus[2]=0;		level1_cnt_minus[2]=0
     level1_cnt_plus[3]=0;		level1_cnt_minus[3]=0
     level1_cnt_plus[4]=0;		level1_cnt_minus[4]=0
     level1_cnt_plus[5]=0;		level1_cnt_minus[5]=0
     level1_cnt_plus[6]=0;		level1_cnt_minus[6]=0
     level1_cnt_plus[7]=0;		level1_cnt_minus[7]=0
     level1_cnt_plus[8]=0;		level1_cnt_minus[8]=0
     level1_cnt_plus[9]=0;		level1_cnt_minus[9]=0
FYI: CNarrowChannelRefiner::RedistributeLevel1_step_2: is started
FYI: CNarrowChannelRefiner::RedistributeLevel1_step_2: is finished
FYI: level1 statistics:
     level1_cnt_plus[1]=4416;		level1_cnt_minus[1]=0
     level1_cnt_plus[2]=0;		level1_cnt_minus[2]=0
     level1_cnt_plus[3]=0;		level1_cnt_minus[3]=0
     level1_cnt_plus[4]=0;		level1_cnt_minus[4]=0
     level1_cnt_plus[5]=0;		level1_cnt_minus[5]=0
     level1_cnt_plus[6]=0;		level1_cnt_minus[6]=0
     level1_cnt_plus[7]=0;		level1_cnt_minus[7]=0
     level1_cnt_plus[8]=0;		level1_cnt_minus[8]=0
     level1_cnt_plus[9]=0;		level1_cnt_minus[9]=0
FYI: CNarrowChannelRefiner::RedistributeLevel1_step_3: is started
FYI: CNarrowChannelRefiner::RedistributeLevel1_step_3: is finished
RedistributeLevel1 takes:
	CNarrowChannelRefiner::RedistributeLevel1            function_total                0      = 0.0635311 sec
FYI: level1 statistics:
     level1_cnt_plus[1]=4416;		level1_cnt_minus[1]=0
     level1_cnt_plus[2]=0;		level1_cnt_minus[2]=0
     level1_cnt_plus[3]=0;		level1_cnt_minus[3]=0
     level1_cnt_plus[4]=0;		level1_cnt_minus[4]=0
     level1_cnt_plus[5]=0;		level1_cnt_minus[5]=0
     level1_cnt_plus[6]=0;		level1_cnt_minus[6]=0
     level1_cnt_plus[7]=0;		level1_cnt_minus[7]=0
     level1_cnt_plus[8]=0;		level1_cnt_minus[8]=0
     level1_cnt_plus[9]=0;		level1_cnt_minus[9]=0
-----------------------------------------------------------------------
BCF-Builder Iteration: 0
Memory Working Set Current = 23.20 Mb, Memory Working Set Peak = 26.20 Mb
Loading geometries triangulation & x-stacks...OK
	Sub-mesh 0:
		Total  brick(s) 1206
		Native brick(s) 1150
		Inner  brick(s) 1094
		Outer  brick(s) 56
		Ghost  brick(s) 56
	Sub-mesh 1:
		Total  brick(s) 1258
		Native brick(s) 1150
		Inner  brick(s) 1042
		Outer  brick(s) 108
		Ghost  brick(s) 108
	Sub-mesh 2:
		Total  brick(s) 1258
		Native brick(s) 1150
		Inner  brick(s) 1042
		Outer  brick(s) 108
		Ghost  brick(s) 108
	Sub-mesh 3:
		Total  brick(s) 1206
		Native brick(s) 1150
		Inner  brick(s) 1094
		Outer  brick(s) 56
		Ghost  brick(s) 56
	Total brick(s) 4600

-----------------------------------------------------------------------
MSH (Real Geometry) format constructor:
Getting submesh brick sets...OK (0.001 s)
Level 1
	Inner time 0.228 s
	Outer Time 0.051 s
	Level Time 0.279 s
Level 0
	Inner time 0.011 s
	Outer Time 0.003 s
	Level Time 0.014 s

Brick parser time info:
	0.630 s - time_Run
		0.011 s - time_ConstructPoints
			0.010 s - time_ConstructPointsAddFind2
		0.023 s - time_ConstructPointsAndConnectsFromNb
		0.016 s - time_AddRibConnects
		0.065 s - time_ConstructBrickFacets
			0.005 s - time_CalculateQpoints
				0.001 s - time_AddFacetPoint_GetFacesQpoint
					0.000 s - time_GetFacesQpoint_UShaped
						0.000 s - time_GetFacesQpoint2
					0.000 s - time_GetFacesQpoint_AddEdgesToList
					0.001 s - time_Edge_GetClosestPointOn
					0.001 s - time_Edge_NewtonMethod
					0.000 s - time_GetFacesQpoint_ManyFinds
				0.002 s - time_AddFacetPoint_AddQPoint
					0.002 s - time_PointReverseEvaluate
				0.000 s - time_AddFacetPoint_AddFind2
		0.000 s - time_RemoveOddConnects
		0.016 s - time_TestConnectivity
		0.000 s - time_ValidateXeps
		0.034 s - time_ConstructFaceAs
		0.007 s - time_ConstructCvs
		0.007 s - time_ConstructFaceWs
		0.004 s - time_RealGeomAddQPoints
		0.006 s - time_RealGeomAddNewFaces
		0.000 s - time_RealGeomInitOppositeGeomFaceInd
		0.005 s - time_RealGeomApproxCurveFaces
		0.000 s - time_Enum1
		0.000 s - time_Enum2
		0.003 s - time_RealGeomCheckInvalidConnects
		0.402 s - time_RealGeomParameters
			0.297 s - time_CalculateParametersOfCv
			0.094 s - time_CalculateParametersOfFace
				0.023 s - time_CalculateRR
				0.067 s - time_CalculateRefFaceData
				0.001 s - time_CalculateLambdaProjection
			0.010 s - time_SetFacesOrientation
Result:
	Bricks number:                        4600

	Memory usage:                         1.252 MB
	Memory usage (per brick):             0.279 KB
	Construction time:                    0.309 s

	Topology features:
	------------------
	- High quality bricks                 100.00 % (4600)
	- Medium quality bricks                 0.00 % (0)
	- Bad quality bricks                    0.00 % (0)
	- Ribs corrected bricks                 0.00 % (0)
	- Points with geom-info (bricks)        0.00 % (0)
	- Points with closest-info (bricks)     0.00 % (0)
	- Triangulated by center (bricks)       0.00 % (0)
	- Facet w-faces mergings (bricks)       0.00 % (0)
	- To refine (bricks)                    0.00 % (0)

Memory Working Set Current = 26.35 Mb, Memory Working Set Peak = 33.55 Mb
-----------------------------------------------------------------------
-----------------------------------------------------------------------
MSH --> BCF format (Iteration 0)...
BCF collector...
	(2) Bcf collect time 0.049 s (1960 avs, 702 fws)
	(1) Bcf collect time 0.048 s (1960 avs, 702 fws)
	(0) Bcf collect time 0.052 s (1900 avs, 750 fws)
	(3) Bcf collect time 0.053 s (1900 avs, 750 fws)
	(3) Remove defect avs time 0.006 s
	(1) Remove defect avs time 0.006 s
	(0) Remove defect avs time 0.004 s
	(2) Remove defect avs time 0.006 s
Defect subdomain detector...
		1 subdomain(s) of gi=0 (real bodies = 1).
			Subdomain 0: 4232 av
		Get real subdoms time 0.000 s
		Mark defect subdomains by closed av...
		Mark by closed av time 0.000 s
		Mark defect subdomains by real bodies...
		0 defect subdomain(s) of gi=0.
	(1) Remove defect subdoms time 0.001 s
	(0) Remove defect subdoms time 0.001 s
	(3) Remove defect subdoms time 0.001 s
	(2) Remove defect subdoms time 0.001 s
NB-faces collector & conservator...
Sub-mesh 0.
	Conservated total=0 (bb-faces=0)
Sub-mesh 1.
	Conservated total=0 (bb-faces=0)
Sub-mesh 2.
	Conservated total=0 (bb-faces=0)
Sub-mesh 3.
	Conservated total=0 (bb-faces=0)
	(0) Bcf calc time 0.004 s
	(3) Bcf calc time 0.004 s
	(2) Bcf calc time 0.005 s
	(1) Bcf calc time 0.005 s
FACE_W optimizer ...
Sub-mesh 0.
	Before optimization total=1680 (fs=750, ff=0, ss=0)
	After  optimization total=1680 (fs=750, ff=0, ss=0)
Sub-mesh 1.
	Before optimization total=1708 (fs=702, ff=0, ss=0)
	After  optimization total=1708 (fs=702, ff=0, ss=0)
Sub-mesh 2.
	Before optimization total=1708 (fs=702, ff=0, ss=0)
	After  optimization total=1708 (fs=702, ff=0, ss=0)
Sub-mesh 3.
	Before optimization total=1680 (fs=750, ff=0, ss=0)
	After  optimization total=1680 (fs=750, ff=0, ss=0)
-----------------------------------------------------------------------
-----------------------------------------------------------------------
Merging BCF...
Merging bricks trees...OK (0.01 s)
Merging av data...OK (0.00 s)
Merging a-faces data (fluid)...
	New a-face count   11728
	Bound a-face count 164 (1.40 %)
Merging a-faces data takes 0.00 s
Merging a-faces data (solid)...
	New a-face count   6336
	Bound a-face count 104 (1.64 %)
Merging a-faces data takes 0.00 s
Merging w-faces data...
	New w-face count   5776
	Bound w-face count 0 (0.00 %)
	Need fw-nb         784 (13.57 %)
Merging w-faces data takes 0.01 s
Merging BCF takes (0.03 s)
-----------------------------------------------------------------------

-----------------------------------------------------------------------
Geometrical diagonal nb-faces collector (cpu_num=4)...
	Time=0.014s.
-----------------------------------------------------------------------
Fluid Subdom Constructor: 1 subdom(s).
	Remove nb-fw from diff subdomains (fs)...
		Diff subdomains cases         0

-----------------------------------------------------------------------
BCF CHECKSUM DATA (Mesh 0):

FACE_A Area Sum:   G.Fluid        0.6689250432268282
FACE_A Area Sum:   G.Solid        0.1742048936883821
FACE_W Area Sum:                  0.3152918420721894
FACE_W Nb   Sum:                  34400
FACE_W min curvatures sum:        -80972.23374939
FACE_W max curvatures sum:        0.00000000
AV Max Disbalance: G.Fluid        3.69507e-015 (cid=4565, avid=4201, pid=2589)
AV Max Disbalance: G.Solid        4.52096e-015 (cid=4565, avid=7185, pid=2589)
-----------------------------------------------------------------------


-----------------------------------------------------------------------
MESHER TOPOLOGY DATA (Mesh 0):

BRICKS: Total                 4600
BRICKS: 1-CV                  1984
BRICKS: 2-CV                  2616
BRICKS: Bad                   0

AV:     G.Total               7216
AV:     G.Fluid               4232
AV:     G.Solid               2984

AV:     G.Fluid Thin Profile    0.00 % (0)
AV:     G.Solid Thin Profile    0.00 % (0)

AV:     G.Fluid Thin For Mega   0.00 % (0)
AV:     G.Solid Thin For Mega   0.00 % (0)

AV:     G.Fluid Non-Convex      0.80 % (34)
AV:     G.Solid Non-Convex      1.88 % (56)

FACE_A: G.Fluid          (af) 11728 (partially opened 5236)
FACE_A: G.Solid          (as) 6336 (partially opened 5236)

FACE_W: G.Total                 5776        Brick/Bound
FACE_W: G.Fluid/Solid    (fs_g) 2728        0           
FACE_W: G.Fluid/Fluid    (ff_g) 0           0           
FACE_W: G.Solid/Solid    (ss_g) 0           0           
FACE_W: G.Fluid/External (fe_g) 0
FACE_W: G.Solid/External (se_g) 3048

AV max fa count:                12
AV max fw count:                5
AV max fw poly count:           5

MEMORY: Total                   2.805 MB
MEMORY: Per Brick               0.624 KB
-----------------------------------------------------------------------

-----------------------------------------------------------------------
Mega-cv constructor for fluid...
	 0 av's is treated as thin
Relative size generator (threshold = 0.05)...OK
	 0 mega-cv's generated
	 0 mega-cv's removed
Convert clusters:
	 0 mega-cv's total
Mega-cv count: 0
-----------------------------------------------------------------------
Mixing plane rotation regions: NO.
Sliding mesh rotation regions: NO.
Fluid/fluid faces: NO.
----------------------------------------------------------
BCF --> BCF.GEOMSUBDOM (bridge arrays) (cpu_num=4):
MESH (0):
	Fluid Subdom Constructor: 1 subdom(s).
	Solid Subdom Constructor: 1 subdom(s).
	Net Asm Subdom Constructor: 0 subdom(s).
	GEOMSUBDOM (0): gi=0 fluid av=4232 cv=4232 fa=11728 fw=2728 V=2.123288e-003
	GEOMSUBDOM (1): gi=1 solid av=2984 cv=2984 fa=6336 fw=5776 V=6.224704e-004
	Setting nb of w-faces...OK.

MESH (0) checking:
	GEOMSUBDOM (0):fa_s=0.6689250432268239 fw_s=0.1381754964321884 fw_nb=22192
	GEOMSUBDOM (1):fa_s=0.1742048936883824 fw_s=0.3152918420721892 fw_nb=34400
MESH (0) checking: OK.
----------------------------------------------------------
-----------------------------------------------------------------------
Calculating curvature and tolerance criteria...
Curvature: min=0 max=1.5708
Tolerance: min=0 max=0.00516135
Calculating curvature and tolerance criteria takes 0.019 s
-----------------------------------------------------------------------
Current CPU = 0 sec

Nx=4
Ny=4
Nz=46
Max_RL=1
12. Saving initial mesh in: C:\Users\pawle\Desktop\Solidworks\4\15\2\2.fld .
Storing results...
Estimated CPT size=1.377 MB.
OK
Memory Working Set Current = 33.34 Mb, Memory Working Set Peak = 34.54 Mb
Cleaning memory...
Free Geometry DB takes 0.001 s
Copying... OK

------------------------------------------------------------------------------------------------------------
CPU report:
Function                                             CPU           descriptor                    nproc     
------------------------------------------------------------------------------------------------------------
GetGeometryFromSW                                    0.083 sec   function_total               
GetGeometryFromSW                                    0.020 sec   InitGeometryTriangles        
CMesh::PrepareMappedTriangles                        0.008 sec   function_total               
SwapGeometries                                       0.000 sec   function_total               
CMesh::PreBuild                                      0.003 sec   function_total               
SetBrickRegion                                       0.004 sec   function_total               
CMesh::Build                                         0.197 sec   function_total               
CMesh::BuildGeometry                                 0.196 sec   function_total               
ActivateAllCellsParameters                           0.001 sec   function_total               
RefineByTriangles                                    0.029 sec   function_total               
CaptureRefined                                       0.105 sec   function_total               
GetMultiRaysIntersections                            0.023 sec   full                         
CRayCollector::CorrectRays2                          0.064 sec   full                         
CRayCollector::CorrectRays2                          0.034 sec   collect_undefined            
CRayCollector::CorrectRays2                          0.026 sec   stage_2                      
RefinePeculiarSurfaces                               0.006 sec   function_total               
CNarrowChannelRefiner::ChannelsResolution            0.125 sec   function_total               
CNarrowChannelRefiner::RefineChannels_PRLL           0.124 sec   function_total               
CNarrowChannelRefiner::GetMainNormals                0.034 sec   function_total               
CNarrowChannelRefiner::GetMainNormals                0.029 sec   function_total               
CNarrowChannelRefiner::GetMainNormals                0.030 sec   function_total               
CNarrowChannelRefiner::GetMainNormals                0.032 sec   function_total               
CNarrowChannelRefiner::facade_bricks_of_brick_dirv   0.025 sec   function_total               
CNarrowChannelRefiner::facade_bricks_of_brick_dirv   0.020 sec   function_total               
CNarrowChannelRefiner::facade_bricks_of_brick_dirv   0.021 sec   function_total               
CNarrowChannelRefiner::facade_bricks_of_brick_dirv   0.021 sec   function_total               
CNarrowChannelRefiner::next_brick_on_ray             0.023 sec   function_total               
CNarrowChannelRefiner::next_brick_on_ray             0.019 sec   function_total               
CNarrowChannelRefiner::next_brick_on_ray             0.020 sec   function_total               
CNarrowChannelRefiner::next_brick_on_ray             0.020 sec   function_total               
CNarrowChannelRefiner::RefineChannels_PRLL           0.051 sec   NCR_execute_refinement       
CMesh::BuildGeometry                                 0.000 sec   equidistant_refiner          
CNarrowChannelRefiner::RedistributeLevel1            0.065 sec   function_total               
CTPBuilder::build_bcf                                0.454 sec   function_total               
CTPBuilder::bcf_builder                              0.434 sec   function_total               
LoadTrianglesAndXSL                                  0.000 sec   function_total               
CTPBuilder::collect_msh_format                       0.310 sec   function_total               
CTPBuilder::Run                                      0.066 sec   bcf_collect                  
CTPBuilder::Run                                      0.056 sec   bcf_merge                    
CTPBuilder::build_bcf                                0.006 sec   collect_mega_cv              
CTPBuilder::build_bcf                                0.014 sec   convert_to_mds_function      
CMesh::CalculateCurvatureAndToleranceCriteria        0.019 sec   function_total               
Store_Res_2                                          0.073 sec   function_total               
Freemem_CPT                                          0.014 sec   function_total               
------------------------------------------------------------------------------------------------------------

Mesh generation normally finished at	21.12.2016	19:45:14
Mesher CPU = 0 sec
Mesher is finished at	21.12.2016	19:45:14
