Number of used processors (NPROC): 4.
Number of partitions for one processor (NPART): 4.
Total Physical Memory = 7.96 Gb, Available Physical Memory = 4.63 Gb
Mesh generation started:	19.12.2016	0:43:7
-----------------------------------------------------------------------
Allocating meshes:
	CPU count: 4
	MESH 0:
		Sub-meshes count: 4
-----------------------------------------------------------------------
Current CPU = 0 sec
-----------------------------------------------------------------------
Geometries initialization:

Geometry database loading ...OK
Number of geometries: 2
Geometry(0):
	Fluid..
	1 Body.
	1 Real body.
	Tolerance=1.39642e-006.
	14 Face(s).
		14 of b-spline type.
	44 Triangle(s).
	14 Face(s) that have no ref faces
	14 Plane surface(s).
	36 Edge(s).
		36 of b-spline type.
	Geometry reading: 0.002 s.
	14 Reference Face(s).
	44 Reference Triangles.
	GeometryRef reading: 0.000 s.
Geometry(1):
	Solid..
	1 Body.
	1 Real body.
	Tolerance=1.39642e-006.
	20 Face(s).
		20 of b-spline type.
	56 Triangle(s).
	0 Face(s) that have no ref faces
	20 Plane surface(s).
	48 Edge(s).
		48 of b-spline type.
	Geometry reading: 0.001 s.
	14 Reference Face(s).
	44 Reference Triangles.
	GeometryRef reading: 0.000 s.
	Making hash and connectivity for geometry 0...
		CBodyGeom:
		Hash size: {14, 10, 7}.
		Mesh size: {14, 10, 7}.
		Hashing triangles...Ok.
		Making triangles connectivity...Ok. (0.000 s).
		Neighbour triangles: 100.00 % (good connect) - 0.00 % (bad connect). Min: 3. Max: 3.
		Done.
		CBodyGeomRef:
		Hashing triangles...Ok.
		Making triangles connectivity...Ok. (0.000 s).
		Neighbour triangles: Min: 1. Max: 3.
		Done.
	0.001 s.
	Making hash and connectivity for geometry 1...
		CBodyGeom:
		Hash size: {14, 10, 7}.
		Mesh size: {14, 10, 7}.
		Hashing triangles...Ok.
		Making triangles connectivity...Ok. (0.000 s).
		Neighbour triangles: 100.00 % (good connect) - 0.00 % (bad connect). Min: 3. Max: 3.
		Done.
		CBodyGeomRef:
		Hashing triangles...Ok.
		Making triangles connectivity...Ok. (0.000 s).
		Neighbour triangles: Min: 1. Max: 3.
		Done.
	0.001 s.
Geometries reading and preparing has taken 0.005 s.

Mapped triangles:
Hashing geometries triangles
	Triangles num=44
	Triangles box={0  ,0.022  ,0  ,0.014  ,0  ,0.01  }
		3d-hash size is 6012 bytes
		Making triangles connectivity...Ok. (0.000 s).
		Neighbour triangles: 100.00 % (good connect) - 0.00 % (bad connect). Min: 3. Max: 3.
	Triangles num=56
	Triangles box={-0.00661419  ,0.0269569  ,-0.00536394  ,0.0152317  ,-0.00705423  ,0.0181244  }
		3d-hash size is 6012 bytes
		Making triangles connectivity...Ok. (0.000 s).
		Neighbour triangles: 100.00 % (good connect) - 0.00 % (bad connect). Min: 3. Max: 3.
Hashing peculiar surfaces triangles
Mapped triangles processed in 0.001 s.
-----------------------------------------------------------------------

Current CPU = 0 sec
Flow Simulation 2015  x64 / 3058 / MESHER ver. efd_14_1.3058_11.02.2015 

Project: C:\Users\PawlenkoMO\Desktop\SolidWorks_pawl\Rfvftd\Гепарди\15_5\3\3.xmlconfig
Computer name:	DESKTOP-IP0RCRF
Operating system:	 (Build 9200)

SOLIDWORKS 2015 SP3.0

-----------------------------------------------------------------------
Mesh dimensions:
				I[0 ]=14
				I[1 ]=10
				I[2 ]=7
Solver refinement level	I[47]=0

Comp. domain size:
				a[0  ]=-0.00658068
				a[1  ]=0.0269234
				a[2  ]=-0.00534339
				a[3  ]=0.0152111
				a[4  ]=-0.00702911
				a[5  ]=0.0180992
Wall thickness		a[231]=0
Gap size			a[232]=1

Fluid calculated			1
Solid calculated			1
-----------------------------------------------------------------------
MESH: distribute base bricks among sub-meshes...
	Base bricks count               980
	Sub-meshes  count               4
	Base bricks count per sub-mesh  245 (+0)
	Sub-mesh 0: 245 base brick(s), range [0, 3]-[0, 9]-[0, 6]
	Sub-mesh 1: 245 base brick(s), range [3, 6]-[0, 9]-[0, 6]
	Sub-mesh 2: 245 base brick(s), range [7, 10]-[0, 9]-[0, 6]
	Sub-mesh 3: 245 base brick(s), range [10, 13]-[0, 9]-[0, 6]
-----------------------------------------------------------------------
-----------------------------------------------------------------------
MESH: collecting ghosts in sub-meshes...
	Sub-mesh 0:
		Total  brick(s) 315
		Native brick(s) 245
		Inner  brick(s) 175
		Outer  brick(s) 70
		Ghost  brick(s) 70
	Sub-mesh 1:
		Total  brick(s) 385
		Native brick(s) 245
		Inner  brick(s) 105
		Outer  brick(s) 140
		Ghost  brick(s) 140
	Sub-mesh 2:
		Total  brick(s) 385
		Native brick(s) 245
		Inner  brick(s) 105
		Outer  brick(s) 140
		Ghost  brick(s) 140
	Sub-mesh 3:
		Total  brick(s) 315
		Native brick(s) 245
		Inner  brick(s) 175
		Outer  brick(s) 70
		Ghost  brick(s) 70
	Total brick(s) 980
-----------------------------------------------------------------------
Setting regions...OK (0.000 s)
Base mesh info------------------
	2D flag  =0
	Period   =[0, 0, 0]
	Nx=14
		x[0]=-0.00658068
		x[1]=-0.00394524
		x[2]=-0.00169738
		x[3]=0.000220602
		x[4]=0.00213869
		x[5]=0.00416901
		x[6]=0.0063181
		x[7]=0.0085929
		x[8]=0.0110008
		x[9]=0.0134086
		x[10]=0.0159985
		x[11]=0.0187844
		x[12]=0.0217809
		x[13]=0.0247774
		x[14]=0.0269234
	Ny=10
		y[0]=-0.00534339
		y[1]=-0.00306389
		y[2]=0.000140871
		y[3]=0.00334538
		y[4]=0.00552191
		y[5]=0.0070004
		y[6]=0.00847909
		y[7]=0.0100354
		y[8]=0.0116733
		y[9]=0.0133972
		y[10]=0.0152111
	Nz=7
		z[0]=-0.00702911
		z[1]=-0.00279903
		z[2]=0.00143008
		z[3]=0.00500082
		z[4]=0.00857172
		z[5]=0.0119374
		z[6]=0.0151098
		z[7]=0.0180992
End of base mesh info---------
Input_mesh_settings--------------------------------
Settings 0----------------
	Scope: GLOBAL
	Type:	------MESHER_SETTINGS----------
	RefAllCells           =0
	RefFluidCells         =0
	RefPartCells          =0
	RefSolidCells         =0
	l_SSFR(Capture crit)  =1
	l_curv(Curvature crit)=0
	l_tol(Tolerance crit) =0
	UseChannelRef         =1
	  l_NCR               =1
	  N_gap               =5
	  Use d_NCR_min       =0
	  Use d_NCR_max       =0
	--END_OF_MESHER_SETTINGS-------
End of input mesh settings-------------------------

-----------------------------------------------------------------------
Building geometries:
Building geometry Fluid.0.(0)...

-----------------------------------------------------------------------
Refining by triangulation...
Refinement input: 980 bricks
Setting regions...OK (0.004 s)
	Re-balancing...
	Send and create bricks on destination sub meshes...
	Collecting ghosts...
	Balancing finished.
Refinement result: 1232 bricks (0.007 s)
Refinement input: 1232 bricks
Refinement result: 1232 bricks (0.000 s)
Collecting and processing rays...OK (0.016 s)
Capturing...OK (0.001 s)
Refining by triangulation takes 0.024 s
-----------------------------------------------------------------------

-----------------------------------------------------------------------
Refining peculiar surfaces...
0 surfaces refined
Refining peculiar surfaces takes 0 s
-----------------------------------------------------------------------
Collecting and processing rays...OK (0.004 s)
Capturing...OK (0.001 s)
Collecting and processing rays...OK (0.008 s)
Capturing...OK (0.001 s)
Collecting and processing rays...OK (0.007 s)
Capturing...OK (0.001 s)

-----------------------------------------------------------------------
Base mesh 1 Refining...
Refinement input: 1232 bricks
Refinement result: 1232 bricks (0.000 s)
Collecting and processing rays...OK (0.008 s)
Capturing...OK (0.000 s)
-----------------------------------------------------------------------
Refining channels...
FYI: CNarrowChannelRefiner::RefineChannels_PRLL: m_submesh_count=4
Refinement input: 1232 bricks
Setting regions...OK (0.004 s)
	Re-balancing...
	Send and create bricks on destination sub meshes...
	Collecting ghosts...
	Balancing finished.
Refinement result: 1876 bricks (0.007 s)
Collecting and processing rays...OK (0.016 s)
Capturing...OK (0.001 s)
FYI: m_iteration_count = 0
FYI: level1 statistics:
     level1_cnt_plus[1]=736;		level1_cnt_minus[1]=0
     level1_cnt_plus[2]=0;		level1_cnt_minus[2]=0
     level1_cnt_plus[3]=0;		level1_cnt_minus[3]=0
     level1_cnt_plus[4]=0;		level1_cnt_minus[4]=0
     level1_cnt_plus[5]=0;		level1_cnt_minus[5]=0
     level1_cnt_plus[6]=0;		level1_cnt_minus[6]=0
     level1_cnt_plus[7]=0;		level1_cnt_minus[7]=0
     level1_cnt_plus[8]=0;		level1_cnt_minus[8]=0
     level1_cnt_plus[9]=0;		level1_cnt_minus[9]=0
FYI: m_iteration_count = 1
FYI: level1 statistics:
     level1_cnt_plus[1]=736;		level1_cnt_minus[1]=0
     level1_cnt_plus[2]=0;		level1_cnt_minus[2]=0
     level1_cnt_plus[3]=0;		level1_cnt_minus[3]=0
     level1_cnt_plus[4]=0;		level1_cnt_minus[4]=0
     level1_cnt_plus[5]=0;		level1_cnt_minus[5]=0
     level1_cnt_plus[6]=0;		level1_cnt_minus[6]=0
     level1_cnt_plus[7]=0;		level1_cnt_minus[7]=0
     level1_cnt_plus[8]=0;		level1_cnt_minus[8]=0
     level1_cnt_plus[9]=0;		level1_cnt_minus[9]=0
FYI: level1 statistics:
     level1_cnt_plus[1]=736;		level1_cnt_minus[1]=0
     level1_cnt_plus[2]=0;		level1_cnt_minus[2]=0
     level1_cnt_plus[3]=0;		level1_cnt_minus[3]=0
     level1_cnt_plus[4]=0;		level1_cnt_minus[4]=0
     level1_cnt_plus[5]=0;		level1_cnt_minus[5]=0
     level1_cnt_plus[6]=0;		level1_cnt_minus[6]=0
     level1_cnt_plus[7]=0;		level1_cnt_minus[7]=0
     level1_cnt_plus[8]=0;		level1_cnt_minus[8]=0
     level1_cnt_plus[9]=0;		level1_cnt_minus[9]=0
	CNarrowChannelRefiner::ChannelsResolution            function_total                0      = 0.0299345 sec

-----------------------------------------------------------------------
U-shapes refinement...
Refinement input: 1876 bricks
Refinement result: 1876 bricks (0.001 s)
Collecting and processing rays...OK (0.006 s)
Capturing...OK (0.001 s)
-----------------------------------------------------------------------
Building geometry takes 0.097 s
Geometry Fluid.0.
Total		1876
Partial	136
Fluid		1708
Solid		32
Bad		0

/-Ray Intersection---------------/ Time	0.001 s
Calls			645
CorrectRay Calls	0


Building geometry Solid.1.(1)...

-----------------------------------------------------------------------
Refining by triangulation...
Refinement input: 1876 bricks
Refinement result: 1876 bricks (0.001 s)
Refinement input: 1876 bricks
Refinement result: 1876 bricks (0.000 s)
Collecting and processing rays...OK (0.024 s)
Capturing...OK (0.001 s)
Refining by triangulation takes 0.027 s
-----------------------------------------------------------------------
Collecting and processing rays...OK (0.010 s)
Capturing...OK (0.000 s)
Collecting and processing rays...OK (0.004 s)
Capturing...OK (0.000 s)

-----------------------------------------------------------------------
Base mesh 1 Refining...
Refinement input: 1876 bricks
Refinement result: 1876 bricks (0.006 s)
Collecting and processing rays...OK (0.010 s)
Capturing...OK (0.001 s)
-----------------------------------------------------------------------
Building geometry takes 0.064 s
Geometry Solid.1.
Total		1876
Partial	136
Fluid		32
Solid		1708
Bad		0

/-Ray Intersection---------------/ Time	0.004 s
Calls			645
CorrectRay Calls	0


Building geometries takes 0.162 s
-----------------------------------------------------------------------

-----------------------------------------------------------------------
PostBuilding geometries:
PostBuilding geometry Fluid.0.(0)...
Collecting and processing rays...OK (0.009 s)
Capturing...OK (0.000 s)
PostBuilding geometry takes 0.012 s
Geometry Fluid.0.
Total		1876
Partial	136
Fluid		1708
Solid		32
Bad		0
PostBuilding geometries takes 0.014 s
-----------------------------------------------------------------------
Defect ray count	0
FYI: CNarrowChannelRefiner::RedistributeLevel1_step_1: is finished
FYI: level1 statistics:
     level1_cnt_plus[1]=736;		level1_cnt_minus[1]=0
     level1_cnt_plus[2]=0;		level1_cnt_minus[2]=0
     level1_cnt_plus[3]=0;		level1_cnt_minus[3]=0
     level1_cnt_plus[4]=0;		level1_cnt_minus[4]=0
     level1_cnt_plus[5]=0;		level1_cnt_minus[5]=0
     level1_cnt_plus[6]=0;		level1_cnt_minus[6]=0
     level1_cnt_plus[7]=0;		level1_cnt_minus[7]=0
     level1_cnt_plus[8]=0;		level1_cnt_minus[8]=0
     level1_cnt_plus[9]=0;		level1_cnt_minus[9]=0
FYI: CNarrowChannelRefiner::RedistributeLevel1_step_2: is started
FYI: CNarrowChannelRefiner::RedistributeLevel1_step_2: is finished
FYI: level1 statistics:
     level1_cnt_plus[1]=800;		level1_cnt_minus[1]=0
     level1_cnt_plus[2]=0;		level1_cnt_minus[2]=0
     level1_cnt_plus[3]=0;		level1_cnt_minus[3]=0
     level1_cnt_plus[4]=0;		level1_cnt_minus[4]=0
     level1_cnt_plus[5]=0;		level1_cnt_minus[5]=0
     level1_cnt_plus[6]=0;		level1_cnt_minus[6]=0
     level1_cnt_plus[7]=0;		level1_cnt_minus[7]=0
     level1_cnt_plus[8]=0;		level1_cnt_minus[8]=0
     level1_cnt_plus[9]=0;		level1_cnt_minus[9]=0
FYI: CNarrowChannelRefiner::RedistributeLevel1_step_3: is started
FYI: CNarrowChannelRefiner::RedistributeLevel1_step_3: is finished
RedistributeLevel1 takes:
	CNarrowChannelRefiner::RedistributeLevel1            function_total                0      = 0.00804119 sec
FYI: level1 statistics:
     level1_cnt_plus[1]=800;		level1_cnt_minus[1]=224
     level1_cnt_plus[2]=0;		level1_cnt_minus[2]=0
     level1_cnt_plus[3]=0;		level1_cnt_minus[3]=0
     level1_cnt_plus[4]=0;		level1_cnt_minus[4]=0
     level1_cnt_plus[5]=0;		level1_cnt_minus[5]=0
     level1_cnt_plus[6]=0;		level1_cnt_minus[6]=0
     level1_cnt_plus[7]=0;		level1_cnt_minus[7]=0
     level1_cnt_plus[8]=0;		level1_cnt_minus[8]=0
     level1_cnt_plus[9]=0;		level1_cnt_minus[9]=0
-----------------------------------------------------------------------
BCF-Builder Iteration: 0
Memory Working Set Current = 16.27 Mb, Memory Working Set Peak = 16.27 Mb
Loading geometries triangulation & x-stacks...OK
	Sub-mesh 0:
		Total  brick(s) 643
		Native brick(s) 469
		Inner  brick(s) 379
		Outer  brick(s) 90
		Ghost  brick(s) 174
	Sub-mesh 1:
		Total  brick(s) 733
		Native brick(s) 469
		Inner  brick(s) 144
		Outer  brick(s) 325
		Ghost  brick(s) 264
	Sub-mesh 2:
		Total  brick(s) 787
		Native brick(s) 469
		Inner  brick(s) 131
		Outer  brick(s) 338
		Ghost  brick(s) 318
	Sub-mesh 3:
		Total  brick(s) 644
		Native brick(s) 469
		Inner  brick(s) 325
		Outer  brick(s) 144
		Ghost  brick(s) 175
	Total brick(s) 1876

-----------------------------------------------------------------------
MSH (Real Geometry) format constructor:
Getting submesh brick sets...OK (0.000 s)
Level 1
	Inner time 0.058 s
	Outer Time 0.072 s
	Level Time 0.130 s
Level 0
	Inner time 0.035 s
	Outer Time 0.033 s
	Level Time 0.069 s

Brick parser time info:
	0.160 s - time_Run
		0.012 s - time_ConstructPoints
			0.008 s - time_ConstructPointsAddFind2
		0.014 s - time_ConstructPointsAndConnectsFromNb
		0.000 s - time_AddRibConnects
		0.031 s - time_ConstructBrickFacets
			0.015 s - time_CalculateQpoints
				0.002 s - time_AddFacetPoint_GetFacesQpoint
					0.000 s - time_GetFacesQpoint_UShaped
						0.000 s - time_GetFacesQpoint2
					0.000 s - time_GetFacesQpoint_AddEdgesToList
					0.002 s - time_Edge_GetClosestPointOn
					0.000 s - time_Edge_NewtonMethod
					0.000 s - time_GetFacesQpoint_ManyFinds
				0.006 s - time_AddFacetPoint_AddQPoint
					0.012 s - time_PointReverseEvaluate
				0.005 s - time_AddFacetPoint_AddFind2
		0.000 s - time_RemoveOddConnects
		0.002 s - time_TestConnectivity
		0.000 s - time_ValidateXeps
		0.007 s - time_ConstructFaceAs
		0.003 s - time_ConstructCvs
		0.000 s - time_ConstructFaceWs
		0.006 s - time_RealGeomAddQPoints
		0.000 s - time_RealGeomAddNewFaces
		0.000 s - time_RealGeomInitOppositeGeomFaceInd
		0.001 s - time_RealGeomApproxCurveFaces
		0.000 s - time_Enum1
		0.000 s - time_Enum2
		0.000 s - time_RealGeomCheckInvalidConnects
		0.054 s - time_RealGeomParameters
			0.040 s - time_CalculateParametersOfCv
			0.013 s - time_CalculateParametersOfFace
				0.010 s - time_CalculateRR
				0.003 s - time_CalculateRefFaceData
				0.000 s - time_CalculateLambdaProjection
			0.000 s - time_SetFacesOrientation
Result:
	Bricks number:                        1876

	Memory usage:                         0.190 MB
	Memory usage (per brick):             0.104 KB
	Construction time:                    0.218 s

	Topology features:
	------------------
	- Successfully captured bricks        100.00 % (1876)
	- Normally captured bricks              0.00 % (0)
	- Badly captured bricks                 0.00 % (0)
	- Ribs corrected bricks                 0.00 % (0)
	- Points with geom-info (bricks)        0.00 % (0)
	- Points with closest-info (bricks)     0.00 % (0)
	- Triangulated by center (bricks)       0.00 % (0)
	- Facet w-faces mergings (bricks)       0.00 % (0)
	- To refine (bricks)                    0.00 % (0)

Memory Working Set Current = 17.01 Mb, Memory Working Set Peak = 24.55 Mb
-----------------------------------------------------------------------
-----------------------------------------------------------------------
MSH --> BCF format (Iteration 0)...
BCF collector...
	(0) Bcf collect time 0.013 s (721 avs, 130 fws)
	(2) Bcf collect time 0.021 s (1003 avs, 334 fws)
	(3) Bcf collect time 0.011 s (784 avs, 218 fws)
	(1) Bcf collect time 0.019 s (913 avs, 272 fws)
	(1) Remove defect cvs time 0.000 s
	(0) Remove defect cvs time 0.001 s
	(2) Remove defect cvs time 0.000 s
	(3) Remove defect cvs time 0.000 s
Defect subdomain detector...
		1 subdomain(s) of gi=0 (real bodies = 1).
			Subdomain 0: 1948 av
		Get real subdoms time 0.000 s
		Mark defect subdomains by closed av...
		Mark by closed av time 0.000 s
		Mark defect subdomains by real bodies...
		0 defect subdomain(s) of gi=0.
		1 subdomain(s) of gi=1 (real bodies = 1).
			Subdomain 0: 324 av
		Get real subdoms time 0.000 s
		Mark defect subdomains by real bodies...
		0 defect subdomain(s) of gi=1.
	(1) Remove defect subdoms time 0.002 s
	(0) Remove defect subdoms time 0.001 s
	(2) Remove defect subdoms time 0.001 s
	(3) Remove defect subdoms time 0.003 s
Sub-mesh 0. NB-faces collector & conservator...
		Total                    0
		For bb-faces             0
Sub-mesh 1. NB-faces collector & conservator...
		Total                    0
		For bb-faces             0
Sub-mesh 2. NB-faces collector & conservator...
		Total                    0
		For bb-faces             0
Sub-mesh 3. NB-faces collector & conservator...
		Total                    0
		For bb-faces             0
	(0) Bcf calc time 0.002 s
	(3) Bcf calc time 0.002 s
	(1) Bcf calc time 0.001 s
	(2) Bcf calc time 0.002 s
Sub-mesh 0. FACE_W optimizer...
		Before optimization      702
		        fs               130
		        ff               0
		        ss               0
		After optimization       702
		        fs               130
		        ff               0
		        ss               0
Sub-mesh 1. FACE_W optimizer...
		Before optimization      760
		        fs               272
		        ff               0
		        ss               0
		After optimization       760
		        fs               272
		        ff               0
		        ss               0
Sub-mesh 2. FACE_W optimizer...
		Before optimization      921
		        fs               334
		        ff               0
		        ss               0
		After optimization       921
		        fs               334
		        ff               0
		        ss               0
Sub-mesh 3. FACE_W optimizer...
		Before optimization      747
		        fs               218
		        ff               0
		        ss               0
		After optimization       747
		        fs               218
		        ff               0
		        ss               0
-----------------------------------------------------------------------
-----------------------------------------------------------------------
Merging BCF...
Merging bricks trees...OK (0.00 s)
Merging av data...OK (0.00 s)
Merging a-faces data (fluid)...
	New a-face count   5596
	Bound a-face count 557 (9.95 %)
Merging a-faces data takes 0.00 s
Merging a-faces data (solid)...
	New a-face count   712
	Bound a-face count 62 (8.71 %)
Merging a-faces data takes 0.00 s
Merging w-faces data...
	New w-face count   1280
	Bound w-face count 0 (0.00 %)
	Need fw-nb         800 (62.50 %)
Merging w-faces data takes 0.01 s
Merging BCF takes (0.01 s)
-----------------------------------------------------------------------

-----------------------------------------------------------------------
Geometrical diagonal nb-faces collector (cpu_num=4)...
	Time=0.008s.
-----------------------------------------------------------------------
Fluid Subdom Constructor: 1 subdom(s).
	Remove nb-fw from diff subdomains (fs)...
		Diff subdomains cases         0

-----------------------------------------------------------------------
BCF CHECKSUM DATA (Mesh 0):

FACE_A Area Sum:   G.Fluid        0.0196821499804789
FACE_A Area Sum:   G.Solid        0.0013545249661008
FACE_W Area Sum:                  0.0052101182856526
FACE_W Nb   Sum:                  10144
FACE_W min curvatures sum:        -0.00000000
FACE_W max curvatures sum:        0.00000000
AV Max Disbalance: G.Fluid        5.49844e-016 (cid=909, avid=942)
AV Max Disbalance: G.Solid        1.7954e-016 (cid=1502, avid=2265)
BRICK-AV Volume Disbalance:       1.38064e-015 (cid=1224)
-----------------------------------------------------------------------


-----------------------------------------------------------------------
MESHER TOPOLOGY DATA (Mesh 0):

BRICKS: Total                 1876
BRICKS: 1-CV                  1584
BRICKS: 2-CV                  188
BRICKS: 3-CV                  104
BRICKS: Bad                   0

AV:     G.Total               2272
AV:     G.Fluid               1948
AV:     G.Solid               324

AV:     G.Fluid Thin Profile    0.00 % (0)
AV:     G.Solid Thin Profile   32.10 % (104)

AV:     G.Fluid Thin For Mega   0.00 % (0)
AV:     G.Solid Thin For Mega  29.63 % (96)

AV:     G.Fluid Non-Convex      6.16 % (120)
AV:     G.Solid Non-Convex      3.70 % (12)

FACE_A: G.Fluid          (af) 5596 (partially opened 799)
FACE_A: G.Solid          (as) 712 (partially opened 562)

FACE_W: G.Total                 1280        Brick/Bound
FACE_W: G.Fluid/Solid    (fs_g) 616         0           
FACE_W: G.Fluid/Fluid    (ff_g) 0           0           
FACE_W: G.Solid/Solid    (ss_g) 0           0           
FACE_W: G.Fluid/External (fe_g) 664
FACE_W: G.Solid/External (se_g) 0

AV max fa count:                9
AV max fw count:                5
AV max fw poly count:           5

MEMORY: Total                   0.804 MB
MEMORY: Per Brick               0.439 KB
-----------------------------------------------------------------------

-----------------------------------------------------------------------
Mega-cv constructor for fluid...
	 0 av's is treated as thin
Relative size generator (threshold = 0.05)...OK
	 52 mega-cv's generated
	 0 mega-cv's removed
Convert clusters:
	 52 mega-cv's total
-----------------------------------------------------------------------
-----------------------------------------------------------------------
Mega-cv constructor for solid...
-----------------------------------------------------------------------
Mixing plane rotation regions: NO.
Sliding mesh rotation regions: NO.
Fluid/fluid faces: NO.
Current CPU = 0 sec

Nx=14
Ny=10
Nz=7
Max_RL=1
12. Saving initial mesh in: C:\Users\PawlenkoMO\Desktop\SolidWorks_pawl\Rfvftd\Гепарди\15_5\3\3.fld .
Storing results...
Estimated CPT size=0.341 MB.
OK
Memory Working Set Current = 20.17 Mb, Memory Working Set Peak = 24.55 Mb
Cleaning memory...
Free Geometry DB takes 0.001 s
Copying... OK

------------------------------------------------------------------------------------------------------------
CPU report:
Function                                             CPU           descriptor                    nproc     
------------------------------------------------------------------------------------------------------------
GetGeometryFromSW                                    0.012 sec   function_total               
GetGeometryFromSW                                    0.003 sec   InitGeometryTriangles        
CMesh::PrepareMappedTriangles                        0.001 sec   function_total               
SwapGeometries                                       0.015 sec   function_total               
SwapGeometries                                       0.000 sec   function_total               
SwapGeometries                                       0.000 sec   function_total               
SwapGeometries                                       0.000 sec   function_total               
CMesh::PreBuild                                      0.002 sec   function_total               
SetBrickRegion                                       0.009 sec   function_total               
CMesh::Build                                         0.179 sec   function_total               
CMesh::BuildGeometry                                 0.161 sec   function_total               
ActivateAllCellsParameters                           0.008 sec   function_total               
RefineByTriangles                                    0.051 sec   function_total               
CaptureRefined                                       0.134 sec   function_total               
GetMultiRaysIntersections                            0.012 sec   full                         
CRayCollector::CorrectRays2                          0.102 sec   full                         
CRayCollector::CorrectRays2                          0.046 sec   collect_undefined            
CRayCollector::CorrectRays2                          0.052 sec   stage_2                      
RefinePeculiarSurfaces                               0.006 sec   function_total               
CNarrowChannelRefiner::ChannelsResolution            0.030 sec   function_total               
CNarrowChannelRefiner::RefineChannels_PRLL           0.030 sec   function_total               
CNarrowChannelRefiner::GetMainNormals                0.001 sec   function_total               
CNarrowChannelRefiner::GetMainNormals                0.002 sec   function_total               
CNarrowChannelRefiner::GetMainNormals                0.002 sec   function_total               
CNarrowChannelRefiner::GetMainNormals                0.001 sec   function_total               
CNarrowChannelRefiner::facade_bricks_of_brick_dirv   0.001 sec   function_total               
CNarrowChannelRefiner::facade_bricks_of_brick_dirv   0.002 sec   function_total               
CNarrowChannelRefiner::facade_bricks_of_brick_dirv   0.001 sec   function_total               
CNarrowChannelRefiner::facade_bricks_of_brick_dirv   0.001 sec   function_total               
CNarrowChannelRefiner::next_brick_on_ray             0.000 sec   function_total               
CNarrowChannelRefiner::next_brick_on_ray             0.001 sec   function_total               
CNarrowChannelRefiner::next_brick_on_ray             0.001 sec   function_total               
CNarrowChannelRefiner::next_brick_on_ray             0.001 sec   function_total               
CNarrowChannelRefiner::RefineChannels_PRLL           0.023 sec   NCR_execute_refinement       
PostCaptureGeometry                                  0.012 sec   function_total               
CNarrowChannelRefiner::RedistributeLevel1            0.009 sec   function_total               
CTPBuilder::build_bcf                                0.302 sec   function_total               
CTPBuilder::bcf_builder                              0.296 sec   function_total               
LoadTrianglesAndXSL                                  0.003 sec   function_total               
CTPBuilder::collect_msh_format                       0.221 sec   function_total               
CTPBuilder::Run                                      0.046 sec   bcf_collect                  
CTPBuilder::Run                                      0.026 sec   bcf_merge                    
CTPBuilder::build_bcf                                0.005 sec   collect_mega_cv              
CTPBuilder::build_bcf                                0.000 sec   convert_to_mmm               
Store_Res_2                                          0.021 sec   function_total               
Freemem_CPT                                          0.009 sec   function_total               
------------------------------------------------------------------------------------------------------------

Mesh generation normally finished at	19.12.2016	0:43:7
Mesher CPU = 0 sec
Mesher is finished at	19.12.2016	0:43:7
