Number of used processors (NPROC): 4.
Number of partitions for one processor (NPART): 4.
Total Physical Memory = 7.96 Gb, Available Physical Memory = 4.60 Gb
Mesh generation started:	19.12.2016	1:32:29
-----------------------------------------------------------------------
Allocating meshes:
	CPU count: 4
	MESH 0:
		Sub-meshes count: 4
-----------------------------------------------------------------------
Current CPU = 0 sec
-----------------------------------------------------------------------
Geometries initialization:

Geometry database loading ...OK
Number of geometries: 2
Geometry(0):
	Fluid..
	1 Body.
	1 Real body.
	Tolerance=1.18743e-006.
	14 Face(s).
		14 of b-spline type.
	44 Triangle(s).
	14 Face(s) that have no ref faces
	14 Plane surface(s).
	36 Edge(s).
		36 of b-spline type.
	Geometry reading: 0.001 s.
	14 Reference Face(s).
	44 Reference Triangles.
	GeometryRef reading: 0.000 s.
Geometry(1):
	Solid.Steel (Mild).
	1 Body.
	1 Real body.
	Tolerance=1.18743e-006.
	20 Face(s).
		20 of b-spline type.
	56 Triangle(s).
	0 Face(s) that have no ref faces
	20 Plane surface(s).
	48 Edge(s).
		48 of b-spline type.
	Geometry reading: 0.001 s.
	14 Reference Face(s).
	44 Reference Triangles.
	GeometryRef reading: 0.000 s.
	Making hash and connectivity for geometry 0...
		CBodyGeom:
		Hash size: {15, 15, 9}.
		Mesh size: {15, 15, 9}.
		Hashing triangles...Ok.
		Making triangles connectivity...Ok. (0.000 s).
		Neighbour triangles: 100.00 % (good connect) - 0.00 % (bad connect). Min: 3. Max: 3.
		Done.
		CBodyGeomRef:
		Hashing triangles...Ok.
		Making triangles connectivity...Ok. (0.000 s).
		Neighbour triangles: Min: 1. Max: 3.
		Done.
	0.001 s.
	Making hash and connectivity for geometry 1...
		CBodyGeom:
		Hash size: {15, 15, 9}.
		Mesh size: {15, 15, 9}.
		Hashing triangles...Ok.
		Making triangles connectivity...Ok. (0.000 s).
		Neighbour triangles: 100.00 % (good connect) - 0.00 % (bad connect). Min: 3. Max: 3.
		Done.
		CBodyGeomRef:
		Hashing triangles...Ok.
		Making triangles connectivity...Ok. (0.000 s).
		Neighbour triangles: Min: 1. Max: 3.
		Done.
	0.001 s.
Geometries reading and preparing has taken 0.005 s.

Mapped triangles:
Hashing geometries triangles
	Triangles num=44
	Triangles box={0  ,0.02  ,0  ,0.008  ,0  ,0.01  }
		3d-hash size is 10964 bytes
		Making triangles connectivity...Ok. (0.000 s).
		Neighbour triangles: 100.00 % (good connect) - 0.00 % (bad connect). Min: 3. Max: 3.
	Triangles num=56
	Triangles box={-0.00375635  ,0.0227724  ,-0.00808216  ,0.0147046  ,-0.00394961  ,0.0135784  }
		3d-hash size is 10964 bytes
		Making triangles connectivity...Ok. (0.000 s).
		Neighbour triangles: 100.00 % (good connect) - 0.00 % (bad connect). Min: 3. Max: 3.
Hashing peculiar surfaces triangles
Mapped triangles processed in 0.002 s.
-----------------------------------------------------------------------

Current CPU = 0 sec
Flow Simulation 2015  x64 / 3058 / MESHER ver. efd_14_1.3058_11.02.2015 

Project: C:\Users\PawlenkoMO\Desktop\SolidWorks_pawl\Rfvftd\Гепарди\16_5\4\4.xmlconfig
Computer name:	DESKTOP-IP0RCRF
Operating system:	 (Build 9200)

SOLIDWORKS 2015 SP3.0

-----------------------------------------------------------------------
Mesh dimensions:
				I[0 ]=15
				I[1 ]=15
				I[2 ]=9
Solver refinement level	I[47]=0

Comp. domain size:
				a[0  ]=-0.00372987
				a[1  ]=0.0227459
				a[2  ]=-0.00805942
				a[3  ]=0.0146818
				a[4  ]=-0.00393212
				a[5  ]=0.0135609
Wall thickness		a[231]=0
Gap size			a[232]=1

Fluid calculated			1
Solid calculated			1
-----------------------------------------------------------------------
MESH: distribute base bricks among sub-meshes...
	Base bricks count               2025
	Sub-meshes  count               4
	Base bricks count per sub-mesh  506 (+1)
	Sub-mesh 0: 506 base brick(s), range [0, 14]-[0, 3]-[0, 8]
	Sub-mesh 1: 506 base brick(s), range [0, 14]-[3, 7]-[0, 8]
	Sub-mesh 2: 506 base brick(s), range [0, 14]-[7, 11]-[0, 8]
	Sub-mesh 3: 507 base brick(s), range [0, 14]-[11, 14]-[0, 8]
-----------------------------------------------------------------------
-----------------------------------------------------------------------
MESH: collecting ghosts in sub-meshes...
	Sub-mesh 0:
		Total  brick(s) 641
		Native brick(s) 506
		Inner  brick(s) 371
		Outer  brick(s) 135
		Ghost  brick(s) 135
	Sub-mesh 1:
		Total  brick(s) 776
		Native brick(s) 506
		Inner  brick(s) 236
		Outer  brick(s) 270
		Ghost  brick(s) 270
	Sub-mesh 2:
		Total  brick(s) 776
		Native brick(s) 506
		Inner  brick(s) 236
		Outer  brick(s) 270
		Ghost  brick(s) 270
	Sub-mesh 3:
		Total  brick(s) 642
		Native brick(s) 507
		Inner  brick(s) 372
		Outer  brick(s) 135
		Ghost  brick(s) 135
	Total brick(s) 2025
-----------------------------------------------------------------------
Setting regions...OK (0.006 s)
Base mesh info------------------
	2D flag  =0
	Period   =[0, 0, 0]
	Nx=15
		x[0]=-0.00372987
		x[1]=-0.00190845
		x[2]=0.000200662
		x[3]=0.00230969
		x[4]=0.00434139
		x[5]=0.00629864
		x[6]=0.00818415
		x[7]=0.0100006
		x[8]=0.011817
		x[9]=0.0135559
		x[10]=0.0152206
		x[11]=0.0168143
		x[12]=0.0183399
		x[13]=0.0198005
		x[14]=0.021261
		x[15]=0.0227459
	Ny=15
		y[0]=-0.00805942
		y[1]=-0.00634189
		y[2]=-0.00467064
		y[3]=-0.00304396
		y[4]=-0.00146066
		y[5]=8.04188e-005
		y[6]=0.0016215
		y[7]=0.00291483
		y[8]=0.00400029
		y[9]=0.00508581
		y[10]=0.00637927
		y[11]=0.00792042
		y[12]=0.0094615
		y[13]=0.0110982
		y[14]=0.0128364
		y[15]=0.0146818
	Nz=9
		z[0]=-0.00393212
		z[1]=-0.00159946
		z[2]=0.000732654
		z[3]=0.00293003
		z[4]=0.00500048
		z[5]=0.00707095
		z[6]=0.00894437
		z[7]=0.0106395
		z[8]=0.0121734
		z[9]=0.0135609
End of base mesh info---------
Input_mesh_settings--------------------------------
Settings 0----------------
	Scope: GLOBAL
	Type:	------MESHER_SETTINGS----------
	RefAllCells           =0
	RefFluidCells         =0
	RefPartCells          =0
	RefSolidCells         =0
	l_SSFR(Capture crit)  =1
	l_curv(Curvature crit)=0
	l_tol(Tolerance crit) =0
	UseChannelRef         =1
	  l_NCR               =1
	  N_gap               =5
	  Use d_NCR_min       =0
	  Use d_NCR_max       =0
	--END_OF_MESHER_SETTINGS-------
End of input mesh settings-------------------------

-----------------------------------------------------------------------
Building geometries:
Building geometry Fluid.0.(0)...

-----------------------------------------------------------------------
Refining by triangulation...
Refinement input: 2025 bricks
Setting regions...OK (0.007 s)
Refinement result: 2123 bricks (0.009 s)
Refinement input: 2123 bricks
Refinement result: 2123 bricks (0.000 s)
Collecting and processing rays...OK (0.019 s)
Capturing...OK (0.002 s)
Refining by triangulation takes 0.031 s
-----------------------------------------------------------------------

-----------------------------------------------------------------------
Refining peculiar surfaces...
0 surfaces refined
Refining peculiar surfaces takes 0 s
-----------------------------------------------------------------------
Collecting and processing rays...OK (0.007 s)
Capturing...OK (0.001 s)
Collecting and processing rays...OK (0.003 s)
Capturing...OK (0.000 s)
Collecting and processing rays...OK (0.002 s)
Capturing...OK (0.001 s)

-----------------------------------------------------------------------
Base mesh 1 Refining...
Refinement input: 2123 bricks
Refinement result: 2123 bricks (0.004 s)
Collecting and processing rays...OK (0.002 s)
Capturing...OK (0.001 s)
-----------------------------------------------------------------------
Refining channels...
FYI: CNarrowChannelRefiner::RefineChannels_PRLL: m_submesh_count=4
FYI: m_iteration_count = 0
FYI: level1 statistics:
     level1_cnt_plus[1]=0;		level1_cnt_minus[1]=0
     level1_cnt_plus[2]=0;		level1_cnt_minus[2]=0
     level1_cnt_plus[3]=0;		level1_cnt_minus[3]=0
     level1_cnt_plus[4]=0;		level1_cnt_minus[4]=0
     level1_cnt_plus[5]=0;		level1_cnt_minus[5]=0
     level1_cnt_plus[6]=0;		level1_cnt_minus[6]=0
     level1_cnt_plus[7]=0;		level1_cnt_minus[7]=0
     level1_cnt_plus[8]=0;		level1_cnt_minus[8]=0
     level1_cnt_plus[9]=0;		level1_cnt_minus[9]=0
FYI: level1 statistics:
     level1_cnt_plus[1]=0;		level1_cnt_minus[1]=0
     level1_cnt_plus[2]=0;		level1_cnt_minus[2]=0
     level1_cnt_plus[3]=0;		level1_cnt_minus[3]=0
     level1_cnt_plus[4]=0;		level1_cnt_minus[4]=0
     level1_cnt_plus[5]=0;		level1_cnt_minus[5]=0
     level1_cnt_plus[6]=0;		level1_cnt_minus[6]=0
     level1_cnt_plus[7]=0;		level1_cnt_minus[7]=0
     level1_cnt_plus[8]=0;		level1_cnt_minus[8]=0
     level1_cnt_plus[9]=0;		level1_cnt_minus[9]=0
	CNarrowChannelRefiner::ChannelsResolution            function_total                0      = 0.0128455 sec

-----------------------------------------------------------------------
U-shapes refinement...
Refinement input: 2123 bricks
Refinement result: 2123 bricks (0.002 s)
Collecting and processing rays...OK (0.007 s)
Capturing...OK (0.001 s)
-----------------------------------------------------------------------
Building geometry takes 0.084 s
Geometry Fluid.0.
Total		2123
Partial	340
Fluid		1695
Solid		88
Bad		0

/-Ray Intersection---------------/ Time	0.001 s
Calls			679
CorrectRay Calls	0


Building geometry Solid.1.Steel (Mild)(1)...

-----------------------------------------------------------------------
Refining by triangulation...
Refinement input: 2123 bricks
Refinement result: 2123 bricks (0.000 s)
Refinement input: 2123 bricks
Refinement result: 2123 bricks (0.001 s)
Collecting and processing rays...OK (0.021 s)
Capturing...OK (0.001 s)
Refining by triangulation takes 0.024 s
-----------------------------------------------------------------------
Collecting and processing rays...OK (0.010 s)
Capturing...OK (0.001 s)
Collecting and processing rays...OK (0.009 s)
Capturing...OK (0.000 s)

-----------------------------------------------------------------------
Base mesh 1 Refining...
Refinement input: 2123 bricks
Refinement result: 2123 bricks (0.001 s)
Collecting and processing rays...OK (0.010 s)
Capturing...OK (0.000 s)
-----------------------------------------------------------------------
Building geometry takes 0.06 s
Geometry Solid.1.Steel (Mild)
Total		2123
Partial	340
Fluid		88
Solid		1695
Bad		0

/-Ray Intersection---------------/ Time	0.002 s
Calls			679
CorrectRay Calls	0


Building geometries takes 0.146 s
-----------------------------------------------------------------------

-----------------------------------------------------------------------
PostBuilding geometries:
PostBuilding geometry Fluid.0.(0)...
Collecting and processing rays...OK (0.007 s)
Capturing...OK (0.000 s)
PostBuilding geometry takes 0.011 s
Geometry Fluid.0.
Total		2123
Partial	340
Fluid		1695
Solid		88
Bad		0
PostBuilding geometries takes 0.016 s
-----------------------------------------------------------------------
Defect ray count	0
FYI: CNarrowChannelRefiner::RedistributeLevel1_step_1: is finished
FYI: level1 statistics:
     level1_cnt_plus[1]=0;		level1_cnt_minus[1]=0
     level1_cnt_plus[2]=0;		level1_cnt_minus[2]=0
     level1_cnt_plus[3]=0;		level1_cnt_minus[3]=0
     level1_cnt_plus[4]=0;		level1_cnt_minus[4]=0
     level1_cnt_plus[5]=0;		level1_cnt_minus[5]=0
     level1_cnt_plus[6]=0;		level1_cnt_minus[6]=0
     level1_cnt_plus[7]=0;		level1_cnt_minus[7]=0
     level1_cnt_plus[8]=0;		level1_cnt_minus[8]=0
     level1_cnt_plus[9]=0;		level1_cnt_minus[9]=0
FYI: CNarrowChannelRefiner::RedistributeLevel1_step_2: is started
FYI: CNarrowChannelRefiner::RedistributeLevel1_step_2: is finished
FYI: level1 statistics:
     level1_cnt_plus[1]=0;		level1_cnt_minus[1]=0
     level1_cnt_plus[2]=0;		level1_cnt_minus[2]=0
     level1_cnt_plus[3]=0;		level1_cnt_minus[3]=0
     level1_cnt_plus[4]=0;		level1_cnt_minus[4]=0
     level1_cnt_plus[5]=0;		level1_cnt_minus[5]=0
     level1_cnt_plus[6]=0;		level1_cnt_minus[6]=0
     level1_cnt_plus[7]=0;		level1_cnt_minus[7]=0
     level1_cnt_plus[8]=0;		level1_cnt_minus[8]=0
     level1_cnt_plus[9]=0;		level1_cnt_minus[9]=0
FYI: CNarrowChannelRefiner::RedistributeLevel1_step_3: is started
FYI: CNarrowChannelRefiner::RedistributeLevel1_step_3: is finished
RedistributeLevel1 takes:
	CNarrowChannelRefiner::RedistributeLevel1            function_total                0      = 0.00951806 sec
FYI: level1 statistics:
     level1_cnt_plus[1]=0;		level1_cnt_minus[1]=0
     level1_cnt_plus[2]=0;		level1_cnt_minus[2]=0
     level1_cnt_plus[3]=0;		level1_cnt_minus[3]=0
     level1_cnt_plus[4]=0;		level1_cnt_minus[4]=0
     level1_cnt_plus[5]=0;		level1_cnt_minus[5]=0
     level1_cnt_plus[6]=0;		level1_cnt_minus[6]=0
     level1_cnt_plus[7]=0;		level1_cnt_minus[7]=0
     level1_cnt_plus[8]=0;		level1_cnt_minus[8]=0
     level1_cnt_plus[9]=0;		level1_cnt_minus[9]=0
-----------------------------------------------------------------------
BCF-Builder Iteration: 0
Memory Working Set Current = 16.34 Mb, Memory Working Set Peak = 16.34 Mb
Loading geometries triangulation & x-stacks...OK
	Sub-mesh 0:
		Total  brick(s) 641
		Native brick(s) 506
		Inner  brick(s) 371
		Outer  brick(s) 135
		Ghost  brick(s) 135
	Sub-mesh 1:
		Total  brick(s) 796
		Native brick(s) 520
		Inner  brick(s) 244
		Outer  brick(s) 276
		Ghost  brick(s) 276
	Sub-mesh 2:
		Total  brick(s) 865
		Native brick(s) 583
		Inner  brick(s) 278
		Outer  brick(s) 305
		Ghost  brick(s) 282
	Sub-mesh 3:
		Total  brick(s) 678
		Native brick(s) 514
		Inner  brick(s) 373
		Outer  brick(s) 141
		Ghost  brick(s) 164
	Total brick(s) 2123

-----------------------------------------------------------------------
MSH (Real Geometry) format constructor:
Getting submesh brick sets...OK (0.000 s)
Level 1
	Inner time 0.018 s
	Outer Time 0.016 s
	Level Time 0.034 s
Level 0
	Inner time 0.055 s
	Outer Time 0.096 s
	Level Time 0.152 s

Brick parser time info:
	0.169 s - time_Run
		0.009 s - time_ConstructPoints
			0.007 s - time_ConstructPointsAddFind2
		0.004 s - time_ConstructPointsAndConnectsFromNb
		0.002 s - time_AddRibConnects
		0.033 s - time_ConstructBrickFacets
			0.015 s - time_CalculateQpoints
				0.004 s - time_AddFacetPoint_GetFacesQpoint
					0.000 s - time_GetFacesQpoint_UShaped
						0.000 s - time_GetFacesQpoint2
					0.000 s - time_GetFacesQpoint_AddEdgesToList
					0.004 s - time_Edge_GetClosestPointOn
					0.001 s - time_Edge_NewtonMethod
					0.000 s - time_GetFacesQpoint_ManyFinds
				0.008 s - time_AddFacetPoint_AddQPoint
					0.011 s - time_PointReverseEvaluate
				0.003 s - time_AddFacetPoint_AddFind2
		0.000 s - time_RemoveOddConnects
		0.005 s - time_TestConnectivity
		0.000 s - time_ValidateXeps
		0.005 s - time_ConstructFaceAs
		0.002 s - time_ConstructCvs
		0.002 s - time_ConstructFaceWs
		0.003 s - time_RealGeomAddQPoints
		0.002 s - time_RealGeomAddNewFaces
		0.000 s - time_RealGeomInitOppositeGeomFaceInd
		0.001 s - time_RealGeomApproxCurveFaces
		0.000 s - time_Enum1
		0.000 s - time_Enum2
		0.000 s - time_RealGeomCheckInvalidConnects
		0.058 s - time_RealGeomParameters
			0.047 s - time_CalculateParametersOfCv
			0.011 s - time_CalculateParametersOfFace
				0.006 s - time_CalculateRR
				0.005 s - time_CalculateRefFaceData
				0.000 s - time_CalculateLambdaProjection
			0.000 s - time_SetFacesOrientation
Result:
	Bricks number:                        2123

	Memory usage:                         0.200 MB
	Memory usage (per brick):             0.096 KB
	Construction time:                    0.209 s

	Topology features:
	------------------
	- Successfully captured bricks        100.00 % (2123)
	- Normally captured bricks              0.00 % (0)
	- Badly captured bricks                 0.00 % (0)
	- Ribs corrected bricks                 0.00 % (0)
	- Points with geom-info (bricks)        0.00 % (0)
	- Points with closest-info (bricks)     0.00 % (0)
	- Triangulated by center (bricks)       0.00 % (0)
	- Facet w-faces mergings (bricks)       0.00 % (0)
	- To refine (bricks)                    0.00 % (0)

Memory Working Set Current = 16.92 Mb, Memory Working Set Peak = 24.50 Mb
-----------------------------------------------------------------------
-----------------------------------------------------------------------
MSH --> BCF format (Iteration 0)...
BCF collector...
	(0) Bcf collect time 0.007 s (702 avs, 88 fws)
	(3) Bcf collect time 0.009 s (720 avs, 81 fws)
	(1) Bcf collect time 0.018 s (1048 avs, 372 fws)
	(2) Bcf collect time 0.018 s (1098 avs, 373 fws)
	(2) Remove defect cvs time 0.001 s
	(3) Remove defect cvs time 0.000 s
	(1) Remove defect cvs time 0.000 s
	(0) Remove defect cvs time 0.000 s
Defect subdomain detector...
		1 subdomain(s) of gi=0 (real bodies = 1).
			Subdomain 0: 2051 av
		Get real subdoms time 0.000 s
		Mark defect subdomains by closed av...
		Mark by closed av time 0.000 s
		Mark defect subdomains by real bodies...
		0 defect subdomain(s) of gi=0.
		1 subdomain(s) of gi=1 (real bodies = 1).
			Subdomain 0: 440 av
		Get real subdoms time 0.000 s
		Mark defect subdomains by real bodies...
		0 defect subdomain(s) of gi=1.
	(1) Remove defect subdoms time 0.001 s
	(3) Remove defect subdoms time 0.002 s
	(2) Remove defect subdoms time 0.001 s
	(0) Remove defect subdoms time 0.001 s
Sub-mesh 0. NB-faces collector & conservator...
		Total                    0
		For bb-faces             0
Sub-mesh 1. NB-faces collector & conservator...
		Total                    0
		For bb-faces             0
Sub-mesh 2. NB-faces collector & conservator...
		Total                    0
		For bb-faces             0
Sub-mesh 3. NB-faces collector & conservator...
		Total                    0
		For bb-faces             0
	(0) Bcf calc time 0.002 s
	(3) Bcf calc time 0.000 s
	(2) Bcf calc time 0.002 s
	(1) Bcf calc time 0.001 s
Sub-mesh 0. FACE_W optimizer...
		Before optimization      624
		        fs               88
		        ff               0
		        ss               0
		After optimization       624
		        fs               88
		        ff               0
		        ss               0
Sub-mesh 1. FACE_W optimizer...
		Before optimization      994
		        fs               372
		        ff               0
		        ss               0
		After optimization       994
		        fs               372
		        ff               0
		        ss               0
Sub-mesh 2. FACE_W optimizer...
		Before optimization      1022
		        fs               373
		        ff               0
		        ss               0
		After optimization       1022
		        fs               373
		        ff               0
		        ss               0
Sub-mesh 3. FACE_W optimizer...
		Before optimization      666
		        fs               81
		        ff               0
		        ss               0
		After optimization       666
		        fs               81
		        ff               0
		        ss               0
-----------------------------------------------------------------------
-----------------------------------------------------------------------
Merging BCF...
Merging bricks trees...OK (0.00 s)
Merging av data...OK (0.00 s)
Merging a-faces data (fluid)...
	New a-face count   5621
	Bound a-face count 462 (8.22 %)
Merging a-faces data takes 0.00 s
Merging a-faces data (solid)...
	New a-face count   1086
	Bound a-face count 74 (6.81 %)
Merging a-faces data takes 0.00 s
Merging w-faces data...
	New w-face count   1552
	Bound w-face count 0 (0.00 %)
	Need fw-nb         888 (57.22 %)
Merging w-faces data takes 0.01 s
Merging BCF takes (0.01 s)
-----------------------------------------------------------------------

-----------------------------------------------------------------------
Geometrical diagonal nb-faces collector (cpu_num=4)...
	Time=0.009s.
-----------------------------------------------------------------------
Fluid Subdom Constructor: 1 subdom(s).
	Remove nb-fw from diff subdomains (fs)...
		Diff subdomains cases         0

-----------------------------------------------------------------------
BCF CHECKSUM DATA (Mesh 0):

FACE_A Area Sum:   G.Fluid        0.0155434752919238
FACE_A Area Sum:   G.Solid        0.0014623917218586
FACE_W Area Sum:                  0.0037260967648556
FACE_W Nb   Sum:                  12324
FACE_W min curvatures sum:        -0.00000000
FACE_W max curvatures sum:        0.00000000
AV Max Disbalance: G.Fluid        2.06753e-016 (cid=1528, avid=1456)
AV Max Disbalance: G.Solid        6.10816e-016 (cid=1528, avid=2444)
BRICK-AV Volume Disbalance:       8.2955e-016 (cid=294)
-----------------------------------------------------------------------


-----------------------------------------------------------------------
MESHER TOPOLOGY DATA (Mesh 0):

BRICKS: Total                 2123
BRICKS: 1-CV                  1771
BRICKS: 2-CV                  336
BRICKS: 3-CV                  16
BRICKS: Bad                   0

AV:     G.Total               2491
AV:     G.Fluid               2051
AV:     G.Solid               440

AV:     G.Fluid Thin Profile    0.00 % (0)
AV:     G.Solid Thin Profile    3.64 % (16)

AV:     G.Fluid Thin For Mega   0.00 % (0)
AV:     G.Solid Thin For Mega   2.73 % (12)

AV:     G.Fluid Non-Convex      7.41 % (152)
AV:     G.Solid Non-Convex      5.00 % (22)

FACE_A: G.Fluid          (af) 5621 (partially opened 748)
FACE_A: G.Solid          (as) 1086 (partially opened 723)

FACE_W: G.Total                 1552        Brick/Bound
FACE_W: G.Fluid/Solid    (fs_g) 562         0           
FACE_W: G.Fluid/Fluid    (ff_g) 0           0           
FACE_W: G.Solid/Solid    (ss_g) 0           0           
FACE_W: G.Fluid/External (fe_g) 990
FACE_W: G.Solid/External (se_g) 0

AV max fa count:                10
AV max fw count:                4
AV max fw poly count:           4

MEMORY: Total                   0.897 MB
MEMORY: Per Brick               0.433 KB
-----------------------------------------------------------------------

-----------------------------------------------------------------------
Mega-cv constructor for fluid...
	 0 av's is treated as thin
Relative size generator (threshold = 0.05)...OK
	 0 mega-cv's generated
	 0 mega-cv's removed
Convert clusters:
	 0 mega-cv's total
-----------------------------------------------------------------------
-----------------------------------------------------------------------
Mega-cv constructor for solid...
-----------------------------------------------------------------------
Mixing plane rotation regions: NO.
Sliding mesh rotation regions: NO.
Fluid/fluid faces: NO.
Current CPU = 0 sec

Nx=15
Ny=15
Nz=9
Max_RL=1
12. Saving initial mesh in: C:\Users\PawlenkoMO\Desktop\SolidWorks_pawl\Rfvftd\Гепарди\16_5\4\4.fld .
Storing results...
Estimated CPT size=0.377 MB.
OK
Memory Working Set Current = 19.88 Mb, Memory Working Set Peak = 24.50 Mb
Cleaning memory...
Free Geometry DB takes 0.001 s
Copying... OK

------------------------------------------------------------------------------------------------------------
CPU report:
Function                                             CPU           descriptor                    nproc     
------------------------------------------------------------------------------------------------------------
GetGeometryFromSW                                    0.012 sec   function_total               
GetGeometryFromSW                                    0.003 sec   InitGeometryTriangles        
CMesh::PrepareMappedTriangles                        0.002 sec   function_total               
SwapGeometries                                       0.018 sec   function_total               
SwapGeometries                                       0.000 sec   function_total               
SwapGeometries                                       0.000 sec   function_total               
SwapGeometries                                       0.000 sec   function_total               
CMesh::PreBuild                                      0.009 sec   function_total               
SetBrickRegion                                       0.013 sec   function_total               
CMesh::Build                                         0.165 sec   function_total               
CMesh::BuildGeometry                                 0.145 sec   function_total               
ActivateAllCellsParameters                           0.010 sec   function_total               
RefineByTriangles                                    0.055 sec   function_total               
CaptureRefined                                       0.109 sec   function_total               
GetMultiRaysIntersections                            0.005 sec   full                         
CRayCollector::CorrectRays2                          0.083 sec   full                         
CRayCollector::CorrectRays2                          0.040 sec   collect_undefined            
CRayCollector::CorrectRays2                          0.040 sec   stage_2                      
RefinePeculiarSurfaces                               0.008 sec   function_total               
CNarrowChannelRefiner::ChannelsResolution            0.013 sec   function_total               
CNarrowChannelRefiner::RefineChannels_PRLL           0.008 sec   function_total               
CNarrowChannelRefiner::GetMainNormals                0.003 sec   function_total               
CNarrowChannelRefiner::GetMainNormals                0.002 sec   function_total               
CNarrowChannelRefiner::GetMainNormals                0.000 sec   function_total               
CNarrowChannelRefiner::facade_bricks_of_brick_dirv   0.000 sec   function_total               
CNarrowChannelRefiner::facade_bricks_of_brick_dirv   0.001 sec   function_total               
CNarrowChannelRefiner::facade_bricks_of_brick_dirv   0.001 sec   function_total               
CNarrowChannelRefiner::facade_bricks_of_brick_dirv   0.001 sec   function_total               
CNarrowChannelRefiner::next_brick_on_ray             0.000 sec   function_total               
CNarrowChannelRefiner::next_brick_on_ray             0.001 sec   function_total               
CNarrowChannelRefiner::next_brick_on_ray             0.001 sec   function_total               
CNarrowChannelRefiner::next_brick_on_ray             0.001 sec   function_total               
PostCaptureGeometry                                  0.012 sec   function_total               
CNarrowChannelRefiner::RedistributeLevel1            0.010 sec   function_total               
CTPBuilder::build_bcf                                0.302 sec   function_total               
CTPBuilder::bcf_builder                              0.296 sec   function_total               
LoadTrianglesAndXSL                                  0.003 sec   function_total               
CTPBuilder::collect_msh_format                       0.211 sec   function_total               
CTPBuilder::Run                                      0.050 sec   bcf_collect                  
CTPBuilder::Run                                      0.029 sec   bcf_merge                    
CTPBuilder::build_bcf                                0.004 sec   collect_mega_cv              
Store_Res_2                                          0.023 sec   function_total               
Freemem_CPT                                          0.008 sec   function_total               
------------------------------------------------------------------------------------------------------------

Mesh generation normally finished at	19.12.2016	1:32:29
Mesher CPU = 0 sec
Mesher is finished at	19.12.2016	1:32:29
