Number of used processors (NPROC): 4.
Number of partitions for one processor (NPART): 4.
Total Physical Memory = 7.96 Gb, Available Physical Memory = 4.90 Gb
Mesh generation started:	19.12.2016	0:10:42
-----------------------------------------------------------------------
Allocating meshes:
	CPU count: 4
	MESH 0:
		Sub-meshes count: 4
-----------------------------------------------------------------------
Current CPU = 0 sec
-----------------------------------------------------------------------
Geometries initialization:

Geometry database loading ...OK
Number of geometries: 2
Geometry(0):
	Fluid..
	1 Body.
	1 Real body.
	Tolerance=1.39642e-006.
	14 Face(s).
		14 of b-spline type.
	44 Triangle(s).
	14 Face(s) that have no ref faces
	14 Plane surface(s).
	36 Edge(s).
		36 of b-spline type.
	Geometry reading: 0.002 s.
	14 Reference Face(s).
	44 Reference Triangles.
	GeometryRef reading: 0.000 s.
Geometry(1):
	Solid..
	1 Body.
	1 Real body.
	Tolerance=1.39642e-006.
	20 Face(s).
		20 of b-spline type.
	56 Triangle(s).
	0 Face(s) that have no ref faces
	20 Plane surface(s).
	48 Edge(s).
		48 of b-spline type.
	Geometry reading: 0.001 s.
	14 Reference Face(s).
	44 Reference Triangles.
	GeometryRef reading: 0.000 s.
	Making hash and connectivity for geometry 0...
		CBodyGeom:
		Hash size: {10, 9, 12}.
		Mesh size: {10, 9, 12}.
		Hashing triangles...Ok.
		Making triangles connectivity...Ok. (0.000 s).
		Neighbour triangles: 100.00 % (good connect) - 0.00 % (bad connect). Min: 3. Max: 3.
		Done.
		CBodyGeomRef:
		Hashing triangles...Ok.
		Making triangles connectivity...Ok. (0.000 s).
		Neighbour triangles: Min: 1. Max: 3.
		Done.
	0.001 s.
	Making hash and connectivity for geometry 1...
		CBodyGeom:
		Hash size: {10, 9, 12}.
		Mesh size: {10, 9, 12}.
		Hashing triangles...Ok.
		Making triangles connectivity...Ok. (0.000 s).
		Neighbour triangles: 100.00 % (good connect) - 0.00 % (bad connect). Min: 3. Max: 3.
		Done.
		CBodyGeomRef:
		Hashing triangles...Ok.
		Making triangles connectivity...Ok. (0.000 s).
		Neighbour triangles: Min: 1. Max: 3.
		Done.
	0.001 s.
Geometries reading and preparing has taken 0.006 s.

Mapped triangles:
Hashing geometries triangles
	Triangles num=44
	Triangles box={0  ,0.022  ,0  ,0.014  ,0  ,0.01  }
		3d-hash size is 5932 bytes
		Making triangles connectivity...Ok. (0.000 s).
		Neighbour triangles: 100.00 % (good connect) - 0.00 % (bad connect). Min: 3. Max: 3.
	Triangles num=56
	Triangles box={-0.00633385  ,0.024829  ,-0.00620227  ,0.0221605  ,-0.0104371  ,0.021175  }
		3d-hash size is 5932 bytes
		Making triangles connectivity...Ok. (0.000 s).
		Neighbour triangles: 100.00 % (good connect) - 0.00 % (bad connect). Min: 3. Max: 3.
Hashing peculiar surfaces triangles
Mapped triangles processed in 0.002 s.
-----------------------------------------------------------------------

Current CPU = 0 sec
Flow Simulation 2015  x64 / 3058 / MESHER ver. efd_14_1.3058_11.02.2015 

Project: C:\Users\PawlenkoMO\Desktop\SolidWorks_pawl\Rfvftd\Гепарди\15_5\2\2.xmlconfig
Computer name:	DESKTOP-IP0RCRF
Operating system:	 (Build 9200)

SOLIDWORKS 2015 SP3.0

-----------------------------------------------------------------------
Mesh dimensions:
				I[0 ]=10
				I[1 ]=9
				I[2 ]=12
Solver refinement level	I[47]=0

Comp. domain size:
				a[0  ]=-0.00630275
				a[1  ]=0.0247979
				a[2  ]=-0.00617397
				a[3  ]=0.0221322
				a[4  ]=-0.0104055
				a[5  ]=0.0211435
Wall thickness		a[231]=0
Gap size			a[232]=1

Fluid calculated			1
Solid calculated			1
-----------------------------------------------------------------------
MESH: distribute base bricks among sub-meshes...
	Base bricks count               1080
	Sub-meshes  count               4
	Base bricks count per sub-mesh  270 (+0)
	Sub-mesh 0: 270 base brick(s), range [0, 9]-[0, 8]-[0, 2]
	Sub-mesh 1: 270 base brick(s), range [0, 9]-[0, 8]-[3, 5]
	Sub-mesh 2: 270 base brick(s), range [0, 9]-[0, 8]-[6, 8]
	Sub-mesh 3: 270 base brick(s), range [0, 9]-[0, 8]-[9, 11]
-----------------------------------------------------------------------
-----------------------------------------------------------------------
MESH: collecting ghosts in sub-meshes...
	Sub-mesh 0:
		Total  brick(s) 360
		Native brick(s) 270
		Inner  brick(s) 180
		Outer  brick(s) 90
		Ghost  brick(s) 90
	Sub-mesh 1:
		Total  brick(s) 450
		Native brick(s) 270
		Inner  brick(s) 90
		Outer  brick(s) 180
		Ghost  brick(s) 180
	Sub-mesh 2:
		Total  brick(s) 450
		Native brick(s) 270
		Inner  brick(s) 90
		Outer  brick(s) 180
		Ghost  brick(s) 180
	Sub-mesh 3:
		Total  brick(s) 360
		Native brick(s) 270
		Inner  brick(s) 180
		Outer  brick(s) 90
		Ghost  brick(s) 90
	Total brick(s) 1080
-----------------------------------------------------------------------
Setting regions...OK (0.001 s)
Base mesh info------------------
	2D flag  =0
	Period   =[0, 0, 0]
	Nx=10
		x[0]=-0.00630275
		x[1]=-0.00346122
		x[2]=0.000221156
		x[3]=0.00390326
		x[4]=0.00749584
		x[5]=0.0110011
		x[6]=0.0145064
		x[7]=0.0174042
		x[8]=0.0197999
		x[9]=0.0217806
		x[10]=0.0247979
	Ny=9
		y[0]=-0.00617397
		y[1]=-0.00325068
		y[2]=0.000140922
		y[3]=0.0035324
		y[4]=0.00700094
		y[5]=0.0104695
		y[6]=0.0138609
		y[7]=0.0172524
		y[8]=0.0199643
		y[9]=0.0221322
	Nz=12
		z[0]=-0.0104055
		z[1]=-0.00779572
		z[2]=-0.00526128
		z[3]=-0.00279943
		z[4]=-0.000337572
		z[5]=0.00225997
		z[6]=0.00500063
		z[7]=0.00774126
		z[8]=0.0104617
		z[9]=0.013162
		z[10]=0.0158424
		z[11]=0.0185031
		z[12]=0.0211435
End of base mesh info---------
Input_mesh_settings--------------------------------
Settings 0----------------
	Scope: GLOBAL
	Type:	------MESHER_SETTINGS----------
	RefAllCells           =0
	RefFluidCells         =0
	RefPartCells          =0
	RefSolidCells         =0
	l_SSFR(Capture crit)  =1
	l_curv(Curvature crit)=0
	l_tol(Tolerance crit) =0
	UseChannelRef         =1
	  l_NCR               =1
	  N_gap               =5
	  Use d_NCR_min       =0
	  Use d_NCR_max       =0
	--END_OF_MESHER_SETTINGS-------
End of input mesh settings-------------------------

-----------------------------------------------------------------------
Building geometries:
Building geometry Fluid.0.(0)...

-----------------------------------------------------------------------
Refining by triangulation...
Refinement input: 1080 bricks
Setting regions...OK (0.000 s)
Refinement result: 1248 bricks (0.003 s)
Refinement input: 1248 bricks
Refinement result: 1248 bricks (0.001 s)
Collecting and processing rays...OK (0.029 s)
Capturing...OK (0.001 s)
Refining by triangulation takes 0.035 s
-----------------------------------------------------------------------

-----------------------------------------------------------------------
Refining peculiar surfaces...
0 surfaces refined
Refining peculiar surfaces takes 0 s
-----------------------------------------------------------------------
Collecting and processing rays...OK (0.011 s)
Capturing...OK (0.000 s)
Collecting and processing rays...OK (0.005 s)
Capturing...OK (0.000 s)
Collecting and processing rays...OK (0.002 s)
Capturing...OK (0.000 s)

-----------------------------------------------------------------------
Base mesh 1 Refining...
Refinement input: 1248 bricks
Refinement result: 1248 bricks (0.001 s)
Collecting and processing rays...OK (0.002 s)
Capturing...OK (0.000 s)
-----------------------------------------------------------------------
Refining channels...
FYI: CNarrowChannelRefiner::RefineChannels_PRLL: m_submesh_count=4
Refinement input: 1248 bricks
Setting regions...OK (0.005 s)
	Re-balancing...
	Send and create bricks on destination sub meshes...
	Collecting ghosts...
	Balancing finished.
Refinement result: 1360 bricks (0.014 s)
Collecting and processing rays...OK (0.002 s)
Capturing...OK (0.001 s)
FYI: m_iteration_count = 0
FYI: level1 statistics:
     level1_cnt_plus[1]=128;		level1_cnt_minus[1]=0
     level1_cnt_plus[2]=0;		level1_cnt_minus[2]=0
     level1_cnt_plus[3]=0;		level1_cnt_minus[3]=0
     level1_cnt_plus[4]=0;		level1_cnt_minus[4]=0
     level1_cnt_plus[5]=0;		level1_cnt_minus[5]=0
     level1_cnt_plus[6]=0;		level1_cnt_minus[6]=0
     level1_cnt_plus[7]=0;		level1_cnt_minus[7]=0
     level1_cnt_plus[8]=0;		level1_cnt_minus[8]=0
     level1_cnt_plus[9]=0;		level1_cnt_minus[9]=0
FYI: m_iteration_count = 1
FYI: level1 statistics:
     level1_cnt_plus[1]=128;		level1_cnt_minus[1]=0
     level1_cnt_plus[2]=0;		level1_cnt_minus[2]=0
     level1_cnt_plus[3]=0;		level1_cnt_minus[3]=0
     level1_cnt_plus[4]=0;		level1_cnt_minus[4]=0
     level1_cnt_plus[5]=0;		level1_cnt_minus[5]=0
     level1_cnt_plus[6]=0;		level1_cnt_minus[6]=0
     level1_cnt_plus[7]=0;		level1_cnt_minus[7]=0
     level1_cnt_plus[8]=0;		level1_cnt_minus[8]=0
     level1_cnt_plus[9]=0;		level1_cnt_minus[9]=0
FYI: level1 statistics:
     level1_cnt_plus[1]=128;		level1_cnt_minus[1]=0
     level1_cnt_plus[2]=0;		level1_cnt_minus[2]=0
     level1_cnt_plus[3]=0;		level1_cnt_minus[3]=0
     level1_cnt_plus[4]=0;		level1_cnt_minus[4]=0
     level1_cnt_plus[5]=0;		level1_cnt_minus[5]=0
     level1_cnt_plus[6]=0;		level1_cnt_minus[6]=0
     level1_cnt_plus[7]=0;		level1_cnt_minus[7]=0
     level1_cnt_plus[8]=0;		level1_cnt_minus[8]=0
     level1_cnt_plus[9]=0;		level1_cnt_minus[9]=0
	CNarrowChannelRefiner::ChannelsResolution            function_total                0      = 0.0385875 sec

-----------------------------------------------------------------------
U-shapes refinement...
Refinement input: 1360 bricks
Refinement result: 1360 bricks (0.002 s)
Collecting and processing rays...OK (0.001 s)
Capturing...OK (0.000 s)
-----------------------------------------------------------------------
Building geometry takes 0.107 s
Geometry Fluid.0.
Total		1360
Partial	104
Fluid		1232
Solid		24
Bad		0

/-Ray Intersection---------------/ Time	0.002 s
Calls			519
CorrectRay Calls	0


Building geometry Solid.1.(1)...

-----------------------------------------------------------------------
Refining by triangulation...
Refinement input: 1360 bricks
Refinement result: 1360 bricks (0.001 s)
Refinement input: 1360 bricks
Refinement result: 1360 bricks (0.002 s)
Collecting and processing rays...OK (0.010 s)
Capturing...OK (0.003 s)
Refining by triangulation takes 0.016 s
-----------------------------------------------------------------------
Collecting and processing rays...OK (0.001 s)
Capturing...OK (0.000 s)
Collecting and processing rays...OK (0.002 s)
Capturing...OK (0.000 s)

-----------------------------------------------------------------------
Base mesh 1 Refining...
Refinement input: 1360 bricks
Refinement result: 1360 bricks (0.001 s)
Collecting and processing rays...OK (0.001 s)
Capturing...OK (0.000 s)
-----------------------------------------------------------------------
Building geometry takes 0.029 s
Geometry Solid.1.
Total		1360
Partial	104
Fluid		24
Solid		1232
Bad		0

/-Ray Intersection---------------/ Time	0.001 s
Calls			519
CorrectRay Calls	0


Building geometries takes 0.138 s
-----------------------------------------------------------------------

-----------------------------------------------------------------------
PostBuilding geometries:
PostBuilding geometry Fluid.0.(0)...
Collecting and processing rays...OK (0.001 s)
Capturing...OK (0.000 s)
PostBuilding geometry takes 0.004 s
Geometry Fluid.0.
Total		1360
Partial	104
Fluid		1232
Solid		24
Bad		0
PostBuilding geometries takes 0.008 s
-----------------------------------------------------------------------
Defect ray count	0
FYI: CNarrowChannelRefiner::RedistributeLevel1_step_1: is finished
FYI: level1 statistics:
     level1_cnt_plus[1]=128;		level1_cnt_minus[1]=0
     level1_cnt_plus[2]=0;		level1_cnt_minus[2]=0
     level1_cnt_plus[3]=0;		level1_cnt_minus[3]=0
     level1_cnt_plus[4]=0;		level1_cnt_minus[4]=0
     level1_cnt_plus[5]=0;		level1_cnt_minus[5]=0
     level1_cnt_plus[6]=0;		level1_cnt_minus[6]=0
     level1_cnt_plus[7]=0;		level1_cnt_minus[7]=0
     level1_cnt_plus[8]=0;		level1_cnt_minus[8]=0
     level1_cnt_plus[9]=0;		level1_cnt_minus[9]=0
FYI: CNarrowChannelRefiner::RedistributeLevel1_step_2: is started
FYI: CNarrowChannelRefiner::RedistributeLevel1_step_2: is finished
FYI: level1 statistics:
     level1_cnt_plus[1]=128;		level1_cnt_minus[1]=0
     level1_cnt_plus[2]=0;		level1_cnt_minus[2]=0
     level1_cnt_plus[3]=0;		level1_cnt_minus[3]=0
     level1_cnt_plus[4]=0;		level1_cnt_minus[4]=0
     level1_cnt_plus[5]=0;		level1_cnt_minus[5]=0
     level1_cnt_plus[6]=0;		level1_cnt_minus[6]=0
     level1_cnt_plus[7]=0;		level1_cnt_minus[7]=0
     level1_cnt_plus[8]=0;		level1_cnt_minus[8]=0
     level1_cnt_plus[9]=0;		level1_cnt_minus[9]=0
FYI: CNarrowChannelRefiner::RedistributeLevel1_step_3: is started
FYI: CNarrowChannelRefiner::RedistributeLevel1_step_3: is finished
RedistributeLevel1 takes:
	CNarrowChannelRefiner::RedistributeLevel1            function_total                0      = 0.0127278 sec
FYI: level1 statistics:
     level1_cnt_plus[1]=128;		level1_cnt_minus[1]=184
     level1_cnt_plus[2]=0;		level1_cnt_minus[2]=0
     level1_cnt_plus[3]=0;		level1_cnt_minus[3]=0
     level1_cnt_plus[4]=0;		level1_cnt_minus[4]=0
     level1_cnt_plus[5]=0;		level1_cnt_minus[5]=0
     level1_cnt_plus[6]=0;		level1_cnt_minus[6]=0
     level1_cnt_plus[7]=0;		level1_cnt_minus[7]=0
     level1_cnt_plus[8]=0;		level1_cnt_minus[8]=0
     level1_cnt_plus[9]=0;		level1_cnt_minus[9]=0
-----------------------------------------------------------------------
BCF-Builder Iteration: 0
Memory Working Set Current = 19.70 Mb, Memory Working Set Peak = 19.70 Mb
Loading geometries triangulation & x-stacks...OK
	Sub-mesh 0:
		Total  brick(s) 460
		Native brick(s) 340
		Inner  brick(s) 250
		Outer  brick(s) 90
		Ghost  brick(s) 120
	Sub-mesh 1:
		Total  brick(s) 550
		Native brick(s) 340
		Inner  brick(s) 100
		Outer  brick(s) 240
		Ghost  brick(s) 210
	Sub-mesh 2:
		Total  brick(s) 550
		Native brick(s) 340
		Inner  brick(s) 100
		Outer  brick(s) 240
		Ghost  brick(s) 210
	Sub-mesh 3:
		Total  brick(s) 460
		Native brick(s) 340
		Inner  brick(s) 250
		Outer  brick(s) 90
		Ghost  brick(s) 120
	Total brick(s) 1360

-----------------------------------------------------------------------
MSH (Real Geometry) format constructor:
Getting submesh brick sets...OK (0.001 s)
Level 1
	Inner time 0.034 s
	Outer Time 0.047 s
	Level Time 0.081 s
Level 0
	Inner time 0.010 s
	Outer Time 0.036 s
	Level Time 0.047 s

Brick parser time info:
	0.109 s - time_Run
		0.007 s - time_ConstructPoints
			0.006 s - time_ConstructPointsAddFind2
		0.006 s - time_ConstructPointsAndConnectsFromNb
		0.001 s - time_AddRibConnects
		0.011 s - time_ConstructBrickFacets
			0.006 s - time_CalculateQpoints
				0.001 s - time_AddFacetPoint_GetFacesQpoint
					0.000 s - time_GetFacesQpoint_UShaped
						0.000 s - time_GetFacesQpoint2
					0.000 s - time_GetFacesQpoint_AddEdgesToList
					0.001 s - time_Edge_GetClosestPointOn
					0.001 s - time_Edge_NewtonMethod
					0.000 s - time_GetFacesQpoint_ManyFinds
				0.004 s - time_AddFacetPoint_AddQPoint
					0.009 s - time_PointReverseEvaluate
				0.000 s - time_AddFacetPoint_AddFind2
		0.000 s - time_RemoveOddConnects
		0.001 s - time_TestConnectivity
		0.000 s - time_ValidateXeps
		0.003 s - time_ConstructFaceAs
		0.002 s - time_ConstructCvs
		0.000 s - time_ConstructFaceWs
		0.010 s - time_RealGeomAddQPoints
		0.001 s - time_RealGeomAddNewFaces
		0.001 s - time_RealGeomInitOppositeGeomFaceInd
		0.001 s - time_RealGeomApproxCurveFaces
		0.000 s - time_Enum1
		0.000 s - time_Enum2
		0.000 s - time_RealGeomCheckInvalidConnects
		0.055 s - time_RealGeomParameters
			0.041 s - time_CalculateParametersOfCv
			0.010 s - time_CalculateParametersOfFace
				0.009 s - time_CalculateRR
				0.001 s - time_CalculateRefFaceData
				0.000 s - time_CalculateLambdaProjection
			0.002 s - time_SetFacesOrientation
Result:
	Bricks number:                        1360

	Memory usage:                         0.142 MB
	Memory usage (per brick):             0.107 KB
	Construction time:                    0.154 s

	Topology features:
	------------------
	- Successfully captured bricks        100.00 % (1360)
	- Normally captured bricks              0.00 % (0)
	- Badly captured bricks                 0.00 % (0)
	- Ribs corrected bricks                 0.00 % (0)
	- Points with geom-info (bricks)        0.00 % (0)
	- Points with closest-info (bricks)     0.00 % (0)
	- Triangulated by center (bricks)       0.00 % (0)
	- Facet w-faces mergings (bricks)       0.00 % (0)
	- To refine (bricks)                    0.00 % (0)

Memory Working Set Current = 22.59 Mb, Memory Working Set Peak = 29.82 Mb
-----------------------------------------------------------------------
-----------------------------------------------------------------------
MSH --> BCF format (Iteration 0)...
BCF collector...
	(2) Bcf collect time 0.016 s (748 avs, 298 fws)
	(0) Bcf collect time 0.016 s (494 avs, 88 fws)
	(1) Bcf collect time 0.014 s (748 avs, 298 fws)
	(3) Bcf collect time 0.012 s (495 avs, 90 fws)
	(3) Remove defect cvs time 0.001 s
	(1) Remove defect cvs time 0.000 s
	(0) Remove defect cvs time 0.001 s
	(2) Remove defect cvs time 0.000 s
Defect subdomain detector...
		1 subdomain(s) of gi=0 (real bodies = 1).
			Subdomain 0: 1420 av
		Get real subdoms time 0.000 s
		Mark defect subdomains by closed av...
		Mark by closed av time 0.000 s
		Mark defect subdomains by real bodies...
		0 defect subdomain(s) of gi=0.
		1 subdomain(s) of gi=1 (real bodies = 1).
			Subdomain 0: 240 av
		Get real subdoms time 0.000 s
		Mark defect subdomains by real bodies...
		0 defect subdomain(s) of gi=1.
	(3) Remove defect subdoms time 0.002 s
	(0) Remove defect subdoms time 0.002 s
	(2) Remove defect subdoms time 0.002 s
	(1) Remove defect subdoms time 0.002 s
Sub-mesh 0. NB-faces collector & conservator...
		Total                    0
		For bb-faces             0
Sub-mesh 1. NB-faces collector & conservator...
		Total                    0
		For bb-faces             0
Sub-mesh 2. NB-faces collector & conservator...
		Total                    2
		For bb-faces             0
Sub-mesh 3. NB-faces collector & conservator...
		Total                    0
		For bb-faces             0
	(0) Bcf calc time 0.000 s
	(3) Bcf calc time 0.000 s
	(2) Bcf calc time 0.002 s
	(1) Bcf calc time 0.001 s
Sub-mesh 0. FACE_W optimizer...
		Before optimization      560
		        fs               88
		        ff               0
		        ss               0
		After optimization       560
		        fs               88
		        ff               0
		        ss               0
Sub-mesh 1. FACE_W optimizer...
		Before optimization      762
		        fs               298
		        ff               0
		        ss               0
		After optimization       762
		        fs               298
		        ff               0
		        ss               0
Sub-mesh 2. FACE_W optimizer...
		Before optimization      762
		        fs               298
		        ff               0
		        ss               0
		After optimization       762
		        fs               298
		        ff               0
		        ss               0
Sub-mesh 3. FACE_W optimizer...
		Before optimization      564
		        fs               90
		        ff               0
		        ss               0
		After optimization       564
		        fs               90
		        ff               0
		        ss               0
-----------------------------------------------------------------------
-----------------------------------------------------------------------
Merging BCF...
Merging bricks trees...OK (0.00 s)
Merging av data...OK (0.00 s)
Merging a-faces data (fluid)...
	New a-face count   3942
	Bound a-face count 390 (9.89 %)
Merging a-faces data takes 0.00 s
Merging a-faces data (solid)...
	New a-face count   538
	Bound a-face count 38 (7.06 %)
Merging a-faces data takes 0.00 s
Merging w-faces data...
	New w-face count   1112
	Bound w-face count 0 (0.00 %)
	Need fw-nb         712 (64.03 %)
Merging w-faces data takes 0.00 s
Merging BCF takes (0.01 s)
-----------------------------------------------------------------------

-----------------------------------------------------------------------
Geometrical diagonal nb-faces collector (cpu_num=4)...
	Time=0.007s.
-----------------------------------------------------------------------
Fluid Subdom Constructor: 1 subdom(s).
	Remove nb-fw from diff subdomains (fs)...
		Diff subdomains cases         0

-----------------------------------------------------------------------
BCF CHECKSUM DATA (Mesh 0):

FACE_A Area Sum:   G.Fluid        0.0256390960583914
FACE_A Area Sum:   G.Solid        0.0011594616913658
FACE_W Area Sum:                  0.0066251339064032
FACE_W Nb   Sum:                  8816
FACE_W min curvatures sum:        -0.00000000
FACE_W max curvatures sum:        0.00000000
AV Max Disbalance: G.Fluid        8.59546e-016 (cid=875, avid=923)
AV Max Disbalance: G.Solid        4.16611e-016 (cid=903, avid=1639)
BRICK-AV Volume Disbalance:       8.98585e-016 (cid=698)
-----------------------------------------------------------------------


-----------------------------------------------------------------------
MESHER TOPOLOGY DATA (Mesh 0):

BRICKS: Total                 1360
BRICKS: 1-CV                  1144
BRICKS: 2-CV                  132
BRICKS: 3-CV                  84
BRICKS: Bad                   0

AV:     G.Total               1660
AV:     G.Fluid               1420
AV:     G.Solid               240

AV:     G.Fluid Thin Profile    0.00 % (0)
AV:     G.Solid Thin Profile   35.00 % (84)

AV:     G.Fluid Thin For Mega   0.00 % (0)
AV:     G.Solid Thin For Mega  30.00 % (72)

AV:     G.Fluid Non-Convex      6.20 % (88)
AV:     G.Solid Non-Convex      6.67 % (16)

FACE_A: G.Fluid          (af) 3942 (partially opened 604)
FACE_A: G.Solid          (as) 538 (partially opened 422)

FACE_W: G.Total                 1112        Brick/Bound
FACE_W: G.Fluid/Solid    (fs_g) 476         0           
FACE_W: G.Fluid/Fluid    (ff_g) 0           0           
FACE_W: G.Solid/Solid    (ss_g) 0           0           
FACE_W: G.Fluid/External (fe_g) 636
FACE_W: G.Solid/External (se_g) 0

AV max fa count:                9
AV max fw count:                5
AV max fw poly count:           5

MEMORY: Total                   0.613 MB
MEMORY: Per Brick               0.462 KB
-----------------------------------------------------------------------

-----------------------------------------------------------------------
Mega-cv constructor for fluid...
	 0 av's is treated as thin
Relative size generator (threshold = 0.05)...OK
	 45 mega-cv's generated
	 13 mega-cv's removed
Convert clusters:
	 32 mega-cv's total
-----------------------------------------------------------------------
-----------------------------------------------------------------------
Mega-cv constructor for solid...
-----------------------------------------------------------------------
Mixing plane rotation regions: NO.
Sliding mesh rotation regions: NO.
Fluid/fluid faces: NO.
Current CPU = 0 sec

Nx=10
Ny=9
Nz=12
Max_RL=1
12. Saving initial mesh in: C:\Users\PawlenkoMO\Desktop\SolidWorks_pawl\Rfvftd\Гепарди\15_5\2\2.fld .
Storing results...
Estimated CPT size=0.259 MB.
OK
Memory Working Set Current = 24.47 Mb, Memory Working Set Peak = 29.82 Mb
Cleaning memory...
Free Geometry DB takes 0.001 s
Copying... OK

------------------------------------------------------------------------------------------------------------
CPU report:
Function                                             CPU           descriptor                    nproc     
------------------------------------------------------------------------------------------------------------
GetGeometryFromSW                                    0.016 sec   function_total               
GetGeometryFromSW                                    0.004 sec   InitGeometryTriangles        
CMesh::PrepareMappedTriangles                        0.002 sec   function_total               
SwapGeometries                                       0.021 sec   function_total               
SwapGeometries                                       0.000 sec   function_total               
SwapGeometries                                       0.000 sec   function_total               
SwapGeometries                                       0.000 sec   function_total               
CMesh::PreBuild                                      0.004 sec   function_total               
SetBrickRegion                                       0.009 sec   function_total               
CMesh::Build                                         0.150 sec   function_total               
CMesh::BuildGeometry                                 0.135 sec   function_total               
ActivateAllCellsParameters                           0.013 sec   function_total               
RefineByTriangles                                    0.052 sec   function_total               
CaptureRefined                                       0.078 sec   function_total               
GetMultiRaysIntersections                            0.008 sec   full                         
CRayCollector::CorrectRays2                          0.051 sec   full                         
CRayCollector::CorrectRays2                          0.025 sec   collect_undefined            
CRayCollector::CorrectRays2                          0.023 sec   stage_2                      
RefinePeculiarSurfaces                               0.012 sec   function_total               
CNarrowChannelRefiner::ChannelsResolution            0.039 sec   function_total               
CNarrowChannelRefiner::RefineChannels_PRLL           0.038 sec   function_total               
CNarrowChannelRefiner::GetMainNormals                0.006 sec   function_total               
CNarrowChannelRefiner::GetMainNormals                0.007 sec   function_total               
CNarrowChannelRefiner::facade_bricks_of_brick_dirv   0.000 sec   function_total               
CNarrowChannelRefiner::facade_bricks_of_brick_dirv   0.002 sec   function_total               
CNarrowChannelRefiner::facade_bricks_of_brick_dirv   0.003 sec   function_total               
CNarrowChannelRefiner::facade_bricks_of_brick_dirv   0.000 sec   function_total               
CNarrowChannelRefiner::next_brick_on_ray             0.000 sec   function_total               
CNarrowChannelRefiner::next_brick_on_ray             0.002 sec   function_total               
CNarrowChannelRefiner::next_brick_on_ray             0.002 sec   function_total               
CNarrowChannelRefiner::next_brick_on_ray             0.000 sec   function_total               
CNarrowChannelRefiner::RefineChannels_PRLL           0.017 sec   NCR_execute_refinement       
PostCaptureGeometry                                  0.004 sec   function_total               
CNarrowChannelRefiner::RedistributeLevel1            0.014 sec   function_total               
CTPBuilder::build_bcf                                0.236 sec   function_total               
CTPBuilder::bcf_builder                              0.229 sec   function_total               
LoadTrianglesAndXSL                                  0.004 sec   function_total               
CTPBuilder::collect_msh_format                       0.156 sec   function_total               
CTPBuilder::Run                                      0.040 sec   bcf_collect                  
CTPBuilder::Run                                      0.027 sec   bcf_merge                    
CTPBuilder::build_bcf                                0.005 sec   collect_mega_cv              
Store_Res_2                                          0.022 sec   function_total               
Freemem_CPT                                          0.009 sec   function_total               
------------------------------------------------------------------------------------------------------------

Mesh generation normally finished at	19.12.2016	0:10:42
Mesher CPU = 0 sec
Mesher is finished at	19.12.2016	0:10:42
