Number of used processors (NPROC): 4.
Number of partitions for one processor (NPART): 4.
Total Physical Memory = 7.96 Gb, Available Physical Memory = 4.78 Gb
Mesh generation started:	19.12.2016	0:23:12
-----------------------------------------------------------------------
Allocating meshes:
	CPU count: 4
	MESH 0:
		Sub-meshes count: 4
-----------------------------------------------------------------------
Current CPU = 0 sec
-----------------------------------------------------------------------
Geometries initialization:

Geometry database loading ...OK
Number of geometries: 2
Geometry(0):
	Fluid..
	1 Body.
	1 Real body.
	Tolerance=1.18743e-006.
	14 Face(s).
		14 of b-spline type.
	44 Triangle(s).
	14 Face(s) that have no ref faces
	14 Plane surface(s).
	36 Edge(s).
		36 of b-spline type.
	Geometry reading: 0.002 s.
	14 Reference Face(s).
	44 Reference Triangles.
	GeometryRef reading: 0.000 s.
Geometry(1):
	Solid.Steel (Mild).
	1 Body.
	1 Real body.
	Tolerance=1.18743e-006.
	20 Face(s).
		20 of b-spline type.
	56 Triangle(s).
	0 Face(s) that have no ref faces
	20 Plane surface(s).
	48 Edge(s).
		48 of b-spline type.
	Geometry reading: 0.001 s.
	14 Reference Face(s).
	44 Reference Triangles.
	GeometryRef reading: 0.000 s.
	Making hash and connectivity for geometry 0...
		CBodyGeom:
		Hash size: {17, 16, 12}.
		Mesh size: {17, 16, 12}.
		Hashing triangles...Ok.
		Making triangles connectivity...Ok. (0.000 s).
		Neighbour triangles: 100.00 % (good connect) - 0.00 % (bad connect). Min: 3. Max: 3.
		Done.
		CBodyGeomRef:
		Hashing triangles...Ok.
		Making triangles connectivity...Ok. (0.000 s).
		Neighbour triangles: Min: 1. Max: 3.
		Done.
	0.001 s.
	Making hash and connectivity for geometry 1...
		CBodyGeom:
		Hash size: {17, 16, 12}.
		Mesh size: {17, 16, 12}.
		Hashing triangles...Ok.
		Making triangles connectivity...Ok. (0.000 s).
		Neighbour triangles: 100.00 % (good connect) - 0.00 % (bad connect). Min: 3. Max: 3.
		Done.
		CBodyGeomRef:
		Hashing triangles...Ok.
		Making triangles connectivity...Ok. (0.000 s).
		Neighbour triangles: Min: 1. Max: 3.
		Done.
	0.001 s.
Geometries reading and preparing has taken 0.005 s.

Mapped triangles:
Hashing geometries triangles
	Triangles num=44
	Triangles box={0  ,0.02  ,0  ,0.008  ,0  ,0.01  }
		3d-hash size is 16428 bytes
		Making triangles connectivity...Ok. (0.000 s).
		Neighbour triangles: 100.00 % (good connect) - 0.00 % (bad connect). Min: 3. Max: 3.
	Triangles num=56
	Triangles box={-0.00302954  ,0.0231228  ,-0.00848534  ,0.0135961  ,-0.00425764  ,0.01376  }
		3d-hash size is 16428 bytes
		Making triangles connectivity...Ok. (0.000 s).
		Neighbour triangles: 100.00 % (good connect) - 0.00 % (bad connect). Min: 3. Max: 3.
Hashing peculiar surfaces triangles
Mapped triangles processed in 0.002 s.
-----------------------------------------------------------------------

Current CPU = 0 sec
Flow Simulation 2015  x64 / 3058 / MESHER ver. efd_14_1.3058_11.02.2015 

Project: C:\Users\PawlenkoMO\Desktop\SolidWorks_pawl\Rfvftd\Гепарди\16_5\2\2.xmlconfig
Computer name:	DESKTOP-IP0RCRF
Operating system:	 (Build 9200)

SOLIDWORKS 2015 SP3.0

-----------------------------------------------------------------------
Mesh dimensions:
				I[0 ]=17
				I[1 ]=16
				I[2 ]=12
Solver refinement level	I[47]=0

Comp. domain size:
				a[0  ]=-0.00300344
				a[1  ]=0.0230967
				a[2  ]=-0.0084633
				a[3  ]=0.013574
				a[4  ]=-0.00423966
				a[5  ]=0.013742
Wall thickness		a[231]=0
Gap size			a[232]=1

Fluid calculated			1
Solid calculated			1
-----------------------------------------------------------------------
MESH: distribute base bricks among sub-meshes...
	Base bricks count               3264
	Sub-meshes  count               4
	Base bricks count per sub-mesh  816 (+0)
	Sub-mesh 0: 816 base brick(s), range [0, 4]-[0, 15]-[0, 11]
	Sub-mesh 1: 816 base brick(s), range [4, 8]-[0, 15]-[0, 11]
	Sub-mesh 2: 816 base brick(s), range [8, 12]-[0, 15]-[0, 11]
	Sub-mesh 3: 816 base brick(s), range [12, 16]-[0, 15]-[0, 11]
-----------------------------------------------------------------------
-----------------------------------------------------------------------
MESH: collecting ghosts in sub-meshes...
	Sub-mesh 0:
		Total  brick(s) 1008
		Native brick(s) 816
		Inner  brick(s) 624
		Outer  brick(s) 192
		Ghost  brick(s) 192
	Sub-mesh 1:
		Total  brick(s) 1200
		Native brick(s) 816
		Inner  brick(s) 432
		Outer  brick(s) 384
		Ghost  brick(s) 384
	Sub-mesh 2:
		Total  brick(s) 1200
		Native brick(s) 816
		Inner  brick(s) 432
		Outer  brick(s) 384
		Ghost  brick(s) 384
	Sub-mesh 3:
		Total  brick(s) 1008
		Native brick(s) 816
		Inner  brick(s) 624
		Outer  brick(s) 192
		Ghost  brick(s) 192
	Total brick(s) 3264
-----------------------------------------------------------------------
Setting regions...OK (0.003 s)
Base mesh info------------------
	2D flag  =0
	Period   =[0, 0, 0]
	Nx=17
		x[0]=-0.00300344
		x[1]=-0.00156387
		x[2]=0.000200554
		x[3]=0.00196488
		x[4]=0.00367458
		x[5]=0.00533139
		x[6]=0.00693692
		x[7]=0.00849277
		x[8]=0.0100005
		x[9]=0.0115082
		x[10]=0.0129785
		x[11]=0.0144123
		x[12]=0.0158105
		x[13]=0.017174
		x[14]=0.0185037
		x[15]=0.0198004
		x[16]=0.0210971
		x[17]=0.0230967
	Ny=16
		y[0]=-0.0084633
		y[1]=-0.00697716
		y[2]=-0.00551674
		y[3]=-0.00408119
		y[4]=-0.0026701
		y[5]=-0.00128305
		y[6]=8.03705e-005
		y[7]=0.0014438
		y[8]=0.00274964
		y[9]=0.00400034
		y[10]=0.00525105
		y[11]=0.00655693
		y[12]=0.00792037
		y[13]=0.0092838
		y[14]=0.0106801
		y[15]=0.01211
		y[16]=0.013574
	Nz=12
		z[0]=-0.00423966
		z[1]=-0.00262767
		z[2]=-0.00159976
		z[3]=-0.000571721
		z[4]=0.000585155
		z[5]=0.00188698
		z[6]=0.00335191
		z[7]=0.00500038
		z[8]=0.00664881
		z[9]=0.00834579
		z[10]=0.0100927
		z[11]=0.0118911
		z[12]=0.013742
End of base mesh info---------
Input_mesh_settings--------------------------------
Settings 0----------------
	Scope: GLOBAL
	Type:	------MESHER_SETTINGS----------
	RefAllCells           =0
	RefFluidCells         =0
	RefPartCells          =0
	RefSolidCells         =0
	l_SSFR(Capture crit)  =1
	l_curv(Curvature crit)=0
	l_tol(Tolerance crit) =0
	UseChannelRef         =1
	  l_NCR               =1
	  N_gap               =5
	  Use d_NCR_min       =0
	  Use d_NCR_max       =0
	--END_OF_MESHER_SETTINGS-------
End of input mesh settings-------------------------

-----------------------------------------------------------------------
Building geometries:
Building geometry Fluid.0.(0)...

-----------------------------------------------------------------------
Refining by triangulation...
Refinement input: 3264 bricks
Setting regions...OK (0.004 s)
Refinement result: 3369 bricks (0.007 s)
Refinement input: 3369 bricks
Refinement result: 3369 bricks (0.001 s)
Collecting and processing rays...OK (0.022 s)
Capturing...OK (0.002 s)
Refining by triangulation takes 0.033 s
-----------------------------------------------------------------------

-----------------------------------------------------------------------
Refining peculiar surfaces...
0 surfaces refined
Refining peculiar surfaces takes 0 s
-----------------------------------------------------------------------
Collecting and processing rays...OK (0.008 s)
Capturing...OK (0.000 s)
Collecting and processing rays...OK (0.004 s)
Capturing...OK (0.001 s)
Collecting and processing rays...OK (0.003 s)
Capturing...OK (0.001 s)

-----------------------------------------------------------------------
Base mesh 1 Refining...
Refinement input: 3369 bricks
Refinement result: 3369 bricks (0.007 s)
Collecting and processing rays...OK (0.009 s)
Capturing...OK (0.000 s)
-----------------------------------------------------------------------
Refining channels...
FYI: CNarrowChannelRefiner::RefineChannels_PRLL: m_submesh_count=4
FYI: m_iteration_count = 0
FYI: level1 statistics:
     level1_cnt_plus[1]=0;		level1_cnt_minus[1]=0
     level1_cnt_plus[2]=0;		level1_cnt_minus[2]=0
     level1_cnt_plus[3]=0;		level1_cnt_minus[3]=0
     level1_cnt_plus[4]=0;		level1_cnt_minus[4]=0
     level1_cnt_plus[5]=0;		level1_cnt_minus[5]=0
     level1_cnt_plus[6]=0;		level1_cnt_minus[6]=0
     level1_cnt_plus[7]=0;		level1_cnt_minus[7]=0
     level1_cnt_plus[8]=0;		level1_cnt_minus[8]=0
     level1_cnt_plus[9]=0;		level1_cnt_minus[9]=0
FYI: level1 statistics:
     level1_cnt_plus[1]=0;		level1_cnt_minus[1]=0
     level1_cnt_plus[2]=0;		level1_cnt_minus[2]=0
     level1_cnt_plus[3]=0;		level1_cnt_minus[3]=0
     level1_cnt_plus[4]=0;		level1_cnt_minus[4]=0
     level1_cnt_plus[5]=0;		level1_cnt_minus[5]=0
     level1_cnt_plus[6]=0;		level1_cnt_minus[6]=0
     level1_cnt_plus[7]=0;		level1_cnt_minus[7]=0
     level1_cnt_plus[8]=0;		level1_cnt_minus[8]=0
     level1_cnt_plus[9]=0;		level1_cnt_minus[9]=0
	CNarrowChannelRefiner::ChannelsResolution            function_total                0      = 0.00495683 sec

-----------------------------------------------------------------------
U-shapes refinement...
Refinement input: 3369 bricks
Refinement result: 3369 bricks (0.002 s)
Collecting and processing rays...OK (0.008 s)
Capturing...OK (0.000 s)
-----------------------------------------------------------------------
Building geometry takes 0.09 s
Geometry Fluid.0.
Total		3369
Partial	436
Fluid		2803
Solid		130
Bad		0

/-Ray Intersection---------------/ Time	0.001 s
Calls			872
CorrectRay Calls	0


Building geometry Solid.1.Steel (Mild)(1)...

-----------------------------------------------------------------------
Refining by triangulation...
Refinement input: 3369 bricks
Refinement result: 3369 bricks (0.002 s)
Refinement input: 3369 bricks
Refinement result: 3369 bricks (0.000 s)
Collecting and processing rays...OK (0.023 s)
Capturing...OK (0.003 s)
Refining by triangulation takes 0.028 s
-----------------------------------------------------------------------
Collecting and processing rays...OK (0.009 s)
Capturing...OK (0.000 s)
Collecting and processing rays...OK (0.008 s)
Capturing...OK (0.000 s)

-----------------------------------------------------------------------
Base mesh 1 Refining...
Refinement input: 3369 bricks
Refinement result: 3369 bricks (0.001 s)
Collecting and processing rays...OK (0.007 s)
Capturing...OK (0.002 s)
-----------------------------------------------------------------------
Building geometry takes 0.06 s
Geometry Solid.1.Steel (Mild)
Total		3369
Partial	436
Fluid		130
Solid		2803
Bad		0

/-Ray Intersection---------------/ Time	0.003 s
Calls			872
CorrectRay Calls	0


Building geometries takes 0.151 s
-----------------------------------------------------------------------

-----------------------------------------------------------------------
PostBuilding geometries:
PostBuilding geometry Fluid.0.(0)...
Collecting and processing rays...OK (0.009 s)
Capturing...OK (0.001 s)
PostBuilding geometry takes 0.013 s
Geometry Fluid.0.
Total		3369
Partial	436
Fluid		2803
Solid		130
Bad		0
PostBuilding geometries takes 0.016 s
-----------------------------------------------------------------------
Defect ray count	0
FYI: CNarrowChannelRefiner::RedistributeLevel1_step_1: is finished
FYI: level1 statistics:
     level1_cnt_plus[1]=0;		level1_cnt_minus[1]=0
     level1_cnt_plus[2]=0;		level1_cnt_minus[2]=0
     level1_cnt_plus[3]=0;		level1_cnt_minus[3]=0
     level1_cnt_plus[4]=0;		level1_cnt_minus[4]=0
     level1_cnt_plus[5]=0;		level1_cnt_minus[5]=0
     level1_cnt_plus[6]=0;		level1_cnt_minus[6]=0
     level1_cnt_plus[7]=0;		level1_cnt_minus[7]=0
     level1_cnt_plus[8]=0;		level1_cnt_minus[8]=0
     level1_cnt_plus[9]=0;		level1_cnt_minus[9]=0
FYI: CNarrowChannelRefiner::RedistributeLevel1_step_2: is started
FYI: CNarrowChannelRefiner::RedistributeLevel1_step_2: is finished
FYI: level1 statistics:
     level1_cnt_plus[1]=0;		level1_cnt_minus[1]=0
     level1_cnt_plus[2]=0;		level1_cnt_minus[2]=0
     level1_cnt_plus[3]=0;		level1_cnt_minus[3]=0
     level1_cnt_plus[4]=0;		level1_cnt_minus[4]=0
     level1_cnt_plus[5]=0;		level1_cnt_minus[5]=0
     level1_cnt_plus[6]=0;		level1_cnt_minus[6]=0
     level1_cnt_plus[7]=0;		level1_cnt_minus[7]=0
     level1_cnt_plus[8]=0;		level1_cnt_minus[8]=0
     level1_cnt_plus[9]=0;		level1_cnt_minus[9]=0
FYI: CNarrowChannelRefiner::RedistributeLevel1_step_3: is started
FYI: CNarrowChannelRefiner::RedistributeLevel1_step_3: is finished
RedistributeLevel1 takes:
	CNarrowChannelRefiner::RedistributeLevel1            function_total                0      = 0.00680278 sec
FYI: level1 statistics:
     level1_cnt_plus[1]=0;		level1_cnt_minus[1]=0
     level1_cnt_plus[2]=0;		level1_cnt_minus[2]=0
     level1_cnt_plus[3]=0;		level1_cnt_minus[3]=0
     level1_cnt_plus[4]=0;		level1_cnt_minus[4]=0
     level1_cnt_plus[5]=0;		level1_cnt_minus[5]=0
     level1_cnt_plus[6]=0;		level1_cnt_minus[6]=0
     level1_cnt_plus[7]=0;		level1_cnt_minus[7]=0
     level1_cnt_plus[8]=0;		level1_cnt_minus[8]=0
     level1_cnt_plus[9]=0;		level1_cnt_minus[9]=0
-----------------------------------------------------------------------
BCF-Builder Iteration: 0
Memory Working Set Current = 16.94 Mb, Memory Working Set Peak = 17.35 Mb
Loading geometries triangulation & x-stacks...OK
	Sub-mesh 0:
		Total  brick(s) 1008
		Native brick(s) 816
		Inner  brick(s) 624
		Outer  brick(s) 192
		Ghost  brick(s) 192
	Sub-mesh 1:
		Total  brick(s) 1200
		Native brick(s) 816
		Inner  brick(s) 432
		Outer  brick(s) 384
		Ghost  brick(s) 384
	Sub-mesh 2:
		Total  brick(s) 1291
		Native brick(s) 872
		Inner  brick(s) 460
		Outer  brick(s) 412
		Ghost  brick(s) 419
	Sub-mesh 3:
		Total  brick(s) 1085
		Native brick(s) 865
		Inner  brick(s) 638
		Outer  brick(s) 227
		Ghost  brick(s) 220
	Total brick(s) 3369

-----------------------------------------------------------------------
MSH (Real Geometry) format constructor:
Getting submesh brick sets...OK (0.000 s)
Level 1
	Inner time 0.014 s
	Outer Time 0.029 s
	Level Time 0.043 s
Level 0
	Inner time 0.043 s
	Outer Time 0.065 s
	Level Time 0.108 s

Brick parser time info:
	0.182 s - time_Run
		0.010 s - time_ConstructPoints
			0.009 s - time_ConstructPointsAddFind2
		0.011 s - time_ConstructPointsAndConnectsFromNb
		0.001 s - time_AddRibConnects
		0.026 s - time_ConstructBrickFacets
			0.018 s - time_CalculateQpoints
				0.003 s - time_AddFacetPoint_GetFacesQpoint
					0.000 s - time_GetFacesQpoint_UShaped
						0.000 s - time_GetFacesQpoint2
					0.000 s - time_GetFacesQpoint_AddEdgesToList
					0.003 s - time_Edge_GetClosestPointOn
					0.000 s - time_Edge_NewtonMethod
					0.001 s - time_GetFacesQpoint_ManyFinds
				0.011 s - time_AddFacetPoint_AddQPoint
					0.013 s - time_PointReverseEvaluate
				0.004 s - time_AddFacetPoint_AddFind2
		0.000 s - time_RemoveOddConnects
		0.004 s - time_TestConnectivity
		0.000 s - time_ValidateXeps
		0.007 s - time_ConstructFaceAs
		0.001 s - time_ConstructCvs
		0.002 s - time_ConstructFaceWs
		0.007 s - time_RealGeomAddQPoints
		0.002 s - time_RealGeomAddNewFaces
		0.001 s - time_RealGeomInitOppositeGeomFaceInd
		0.002 s - time_RealGeomApproxCurveFaces
		0.000 s - time_Enum1
		0.000 s - time_Enum2
		0.000 s - time_RealGeomCheckInvalidConnects
		0.081 s - time_RealGeomParameters
			0.061 s - time_CalculateParametersOfCv
			0.019 s - time_CalculateParametersOfFace
				0.012 s - time_CalculateRR
				0.007 s - time_CalculateRefFaceData
				0.000 s - time_CalculateLambdaProjection
			0.001 s - time_SetFacesOrientation
Result:
	Bricks number:                        3369

	Memory usage:                         0.257 MB
	Memory usage (per brick):             0.078 KB
	Construction time:                    0.167 s

	Topology features:
	------------------
	- Successfully captured bricks        100.00 % (3369)
	- Normally captured bricks              0.00 % (0)
	- Badly captured bricks                 0.00 % (0)
	- Ribs corrected bricks                 0.00 % (0)
	- Points with geom-info (bricks)        0.00 % (0)
	- Points with closest-info (bricks)     0.00 % (0)
	- Triangulated by center (bricks)       0.00 % (0)
	- Facet w-faces mergings (bricks)       0.00 % (0)
	- To refine (bricks)                    0.00 % (0)

Memory Working Set Current = 18.13 Mb, Memory Working Set Peak = 25.77 Mb
-----------------------------------------------------------------------
-----------------------------------------------------------------------
MSH --> BCF format (Iteration 0)...
BCF collector...
	(0) Bcf collect time 0.015 s (1146 avs, 216 fws)
	(2) Bcf collect time 0.018 s (1531 avs, 346 fws)
	(1) Bcf collect time 0.019 s (1375 avs, 245 fws)
	(3) Bcf collect time 0.016 s (1264 avs, 275 fws)
	(3) Remove defect cvs time 0.000 s
	(0) Remove defect cvs time 0.000 s
	(2) Remove defect cvs time 0.001 s
	(1) Remove defect cvs time 0.001 s
Defect subdomain detector...
		1 subdomain(s) of gi=0 (real bodies = 1).
			Subdomain 0: 3259 av
		Get real subdoms time 0.000 s
		Mark defect subdomains by closed av...
		Mark by closed av time 0.000 s
		Mark defect subdomains by real bodies...
		0 defect subdomain(s) of gi=0.
		1 subdomain(s) of gi=1 (real bodies = 1).
			Subdomain 0: 581 av
		Get real subdoms time 0.000 s
		Mark defect subdomains by real bodies...
		0 defect subdomain(s) of gi=1.
	(0) Remove defect subdoms time 0.001 s
	(3) Remove defect subdoms time 0.001 s
	(1) Remove defect subdoms time 0.001 s
	(2) Remove defect subdoms time 0.001 s
Sub-mesh 0. NB-faces collector & conservator...
		Total                    0
		For bb-faces             0
Sub-mesh 1. NB-faces collector & conservator...
		Total                    0
		For bb-faces             0
Sub-mesh 2. NB-faces collector & conservator...
		Total                    0
		For bb-faces             0
Sub-mesh 3. NB-faces collector & conservator...
		Total                    0
		For bb-faces             0
	(1) Bcf calc time 0.002 s
	(0) Bcf calc time 0.002 s
	(2) Bcf calc time 0.003 s
	(3) Bcf calc time 0.001 s
Sub-mesh 0. FACE_W optimizer...
		Before optimization      930
		        fs               216
		        ff               0
		        ss               0
		After optimization       930
		        fs               216
		        ff               0
		        ss               0
Sub-mesh 1. FACE_W optimizer...
		Before optimization      1035
		        fs               245
		        ff               0
		        ss               0
		After optimization       1035
		        fs               245
		        ff               0
		        ss               0
Sub-mesh 2. FACE_W optimizer...
		Before optimization      1187
		        fs               346
		        ff               0
		        ss               0
		After optimization       1187
		        fs               346
		        ff               0
		        ss               0
Sub-mesh 3. FACE_W optimizer...
		Before optimization      1081
		        fs               275
		        ff               0
		        ss               0
		After optimization       1081
		        fs               275
		        ff               0
		        ss               0
-----------------------------------------------------------------------
-----------------------------------------------------------------------
Merging BCF...
Merging bricks trees...OK (0.00 s)
Merging av data...OK (0.00 s)
Merging a-faces data (fluid)...
	New a-face count   9032
	Bound a-face count 623 (6.90 %)
Merging a-faces data takes 0.00 s
Merging a-faces data (solid)...
	New a-face count   1454
	Bound a-face count 149 (10.25 %)
Merging a-faces data takes 0.00 s
Merging w-faces data...
	New w-face count   2027
	Bound w-face count 0 (0.00 %)
	Need fw-nb         1136 (56.04 %)
Merging w-faces data takes 0.01 s
Merging BCF takes (0.01 s)
-----------------------------------------------------------------------

-----------------------------------------------------------------------
Geometrical diagonal nb-faces collector (cpu_num=4)...
	Time=0.008s.
-----------------------------------------------------------------------
Fluid Subdom Constructor: 1 subdom(s).
	Remove nb-fw from diff subdomains (fs)...
		Diff subdomains cases         0

-----------------------------------------------------------------------
BCF CHECKSUM DATA (Mesh 0):

FACE_A Area Sum:   G.Fluid        0.0181917465581032
FACE_A Area Sum:   G.Solid        0.0016024138254899
FACE_W Area Sum:                  0.0036815406772638
FACE_W Nb   Sum:                  16120
FACE_W min curvatures sum:        -0.00000000
FACE_W max curvatures sum:        0.00000000
AV Max Disbalance: G.Fluid        5.87021e-016 (cid=2720, avid=2610)
AV Max Disbalance: G.Solid        3.00924e-015 (cid=2618, avid=3751)
BRICK-AV Volume Disbalance:       6.94131e-016 (cid=2696)
-----------------------------------------------------------------------


-----------------------------------------------------------------------
MESHER TOPOLOGY DATA (Mesh 0):

BRICKS: Total                 3369
BRICKS: 1-CV                  2918
BRICKS: 2-CV                  431
BRICKS: 3-CV                  20
BRICKS: Bad                   0

AV:     G.Total               3840
AV:     G.Fluid               3259
AV:     G.Solid               581

AV:     G.Fluid Thin Profile    0.00 % (0)
AV:     G.Solid Thin Profile    3.44 % (20)

AV:     G.Fluid Thin For Mega   0.00 % (0)
AV:     G.Solid Thin For Mega   2.58 % (15)

AV:     G.Fluid Non-Convex      5.28 % (172)
AV:     G.Solid Non-Convex      4.65 % (27)

FACE_A: G.Fluid          (af) 9032 (partially opened 954)
FACE_A: G.Solid          (as) 1454 (partially opened 923)

FACE_W: G.Total                 2027        Brick/Bound
FACE_W: G.Fluid/Solid    (fs_g) 691         0           
FACE_W: G.Fluid/Fluid    (ff_g) 0           0           
FACE_W: G.Solid/Solid    (ss_g) 0           0           
FACE_W: G.Fluid/External (fe_g) 1336
FACE_W: G.Solid/External (se_g) 0

AV max fa count:                10
AV max fw count:                4
AV max fw poly count:           4

MEMORY: Total                   1.318 MB
MEMORY: Per Brick               0.401 KB
-----------------------------------------------------------------------

-----------------------------------------------------------------------
Mega-cv constructor for fluid...
	 0 av's is treated as thin
Relative size generator (threshold = 0.05)...OK
	 0 mega-cv's generated
	 0 mega-cv's removed
Convert clusters:
	 0 mega-cv's total
-----------------------------------------------------------------------
-----------------------------------------------------------------------
Mega-cv constructor for solid...
-----------------------------------------------------------------------
Mixing plane rotation regions: NO.
Sliding mesh rotation regions: NO.
Fluid/fluid faces: NO.
Current CPU = 1 sec

Nx=17
Ny=16
Nz=12
Max_RL=1
12. Saving initial mesh in: C:\Users\PawlenkoMO\Desktop\SolidWorks_pawl\Rfvftd\Гепарди\16_5\2\2.fld .
Storing results...
Estimated CPT size=0.544 MB.
OK
Memory Working Set Current = 22.43 Mb, Memory Working Set Peak = 25.77 Mb
Cleaning memory...
Free Geometry DB takes 0.001 s
Copying... OK

------------------------------------------------------------------------------------------------------------
CPU report:
Function                                             CPU           descriptor                    nproc     
------------------------------------------------------------------------------------------------------------
GetGeometryFromSW                                    0.014 sec   function_total               
GetGeometryFromSW                                    0.003 sec   InitGeometryTriangles        
CMesh::PrepareMappedTriangles                        0.002 sec   function_total               
SwapGeometries                                       0.017 sec   function_total               
SwapGeometries                                       0.000 sec   function_total               
SwapGeometries                                       0.000 sec   function_total               
SwapGeometries                                       0.000 sec   function_total               
CMesh::PreBuild                                      0.006 sec   function_total               
SetBrickRegion                                       0.007 sec   function_total               
CMesh::Build                                         0.169 sec   function_total               
CMesh::BuildGeometry                                 0.150 sec   function_total               
ActivateAllCellsParameters                           0.010 sec   function_total               
RefineByTriangles                                    0.061 sec   function_total               
CaptureRefined                                       0.123 sec   function_total               
GetMultiRaysIntersections                            0.006 sec   full                         
CRayCollector::CorrectRays2                          0.095 sec   full                         
CRayCollector::CorrectRays2                          0.046 sec   collect_undefined            
CRayCollector::CorrectRays2                          0.045 sec   stage_2                      
RefinePeculiarSurfaces                               0.009 sec   function_total               
CNarrowChannelRefiner::ChannelsResolution            0.005 sec   function_total               
CNarrowChannelRefiner::RefineChannels_PRLL           0.004 sec   function_total               
CNarrowChannelRefiner::GetMainNormals                0.001 sec   function_total               
CNarrowChannelRefiner::GetMainNormals                0.001 sec   function_total               
CNarrowChannelRefiner::GetMainNormals                0.002 sec   function_total               
CNarrowChannelRefiner::GetMainNormals                0.001 sec   function_total               
CNarrowChannelRefiner::facade_bricks_of_brick_dirv   0.000 sec   function_total               
CNarrowChannelRefiner::facade_bricks_of_brick_dirv   0.001 sec   function_total               
CNarrowChannelRefiner::facade_bricks_of_brick_dirv   0.001 sec   function_total               
CNarrowChannelRefiner::facade_bricks_of_brick_dirv   0.001 sec   function_total               
CNarrowChannelRefiner::next_brick_on_ray             0.000 sec   function_total               
CNarrowChannelRefiner::next_brick_on_ray             0.000 sec   function_total               
CNarrowChannelRefiner::next_brick_on_ray             0.001 sec   function_total               
CNarrowChannelRefiner::next_brick_on_ray             0.001 sec   function_total               
PostCaptureGeometry                                  0.013 sec   function_total               
CNarrowChannelRefiner::RedistributeLevel1            0.007 sec   function_total               
CTPBuilder::build_bcf                                0.247 sec   function_total               
CTPBuilder::bcf_builder                              0.242 sec   function_total               
LoadTrianglesAndXSL                                  0.003 sec   function_total               
CTPBuilder::collect_msh_format                       0.168 sec   function_total               
CTPBuilder::Run                                      0.038 sec   bcf_collect                  
CTPBuilder::Run                                      0.031 sec   bcf_merge                    
CTPBuilder::build_bcf                                0.005 sec   collect_mega_cv              
CTPBuilder::build_bcf                                0.000 sec   convert_to_mmm               
Store_Res_2                                          0.027 sec   function_total               
Freemem_CPT                                          0.009 sec   function_total               
------------------------------------------------------------------------------------------------------------

Mesh generation normally finished at	19.12.2016	0:23:13
Mesher CPU = 1 sec
Mesher is finished at	19.12.2016	0:23:13
